#
# There is insufficient memory for the Java Runtime Environment to continue.
# Native memory allocation (mmap) failed to map 65536 bytes for Failed to commit metaspace.
# Possible reasons:
#   The system is out of physical RAM or swap space
#   The process is running with CompressedOops enabled, and the Java Heap may be blocking the growth of the native heap
# Possible solutions:
#   Reduce memory load on the system
#   Increase physical memory or swap space
#   Check if swap backing store is full
#   Decrease Java heap size (-Xmx/-Xms)
#   Decrease number of Java threads
#   Decrease Java thread stack sizes (-Xss)
#   Set larger code cache with -XX:ReservedCodeCacheSize=
#   JVM is running with Unscaled Compressed Oops mode in which the Java heap is
#     placed in the first 4GB address space. The Java Heap base address is the
#     maximum limit for the native heap growth. Please use -XX:HeapBaseMinAddress
#     to set the Java Heap base and to place the Java Heap above 4GB virtual address.
# This output file may be truncated or incomplete.
#
#  Out of Memory Error (virtualSpaceNode.cpp:110), pid=10816, tid=15788
#
# JRE version: OpenJDK Runtime Environment Temurin-17.0.5+8 (17.0.5+8) (build 17.0.5+8)
# Java VM: OpenJDK 64-Bit Server VM Temurin-17.0.5+8 (17.0.5+8, mixed mode, tiered, compressed oops, compressed class ptrs, parallel gc, windows-amd64)
# No core dump will be written. Minidumps are not enabled by default on client versions of Windows
#

---------------  S U M M A R Y ------------

Command Line: --add-modules=ALL-SYSTEM --add-opens=java.base/java.util=ALL-UNNAMED --add-opens=java.base/java.lang=ALL-UNNAMED --add-opens=java.base/sun.nio.fs=ALL-UNNAMED -Declipse.application=org.eclipse.jdt.ls.core.id1 -Dosgi.bundles.defaultStartLevel=4 -Declipse.product=org.eclipse.jdt.ls.core.product -Djava.import.generatesMetadataFilesAtProjectRoot=false -Dfile.encoding=utf8 -XX:+UseParallelGC -XX:GCTimeRatio=4 -XX:AdaptiveSizePolicyWeight=90 -Dsun.zip.disableMemoryMapping=true -Xmx1G -Xms100m -Xlog:disable -javaagent:c:\Users\ASUS\.vscode\extensions\redhat.java-1.13.0-win32-x64\lombok\lombok-1.18.24.jar c:\Users\ASUS\.vscode\extensions\redhat.java-1.13.0-win32-x64\server\plugins\org.eclipse.equinox.launcher_1.6.400.v20210924-0641.jar -configuration c:\Users\ASUS\AppData\Roaming\Code\User\globalStorage\redhat.java\1.13.0\config_ss_win -data c:\Users\ASUS\AppData\Roaming\Code\User\workspaceStorage\dc75c2024dce7e6bf4a5bba81795df38\redhat.java\ss_ws

Host: 11th Gen Intel(R) Core(TM) i5-1135G7 @ 2.40GHz, 8 cores, 7G,  Windows 11 , 64 bit Build 22000 (10.0.22000.1219)
Time: Sat Dec  3 17:19:44 2022 SE Asia Standard Time elapsed time: 3.797612 seconds (0d 0h 0m 3s)

---------------  T H R E A D  ---------------

Current thread (0x000002d57a00fec0):  JavaThread "Start Level: Equinox Container: 0fae57c6-3137-4d58-8291-5ecb3ce8aa3c" daemon [_thread_in_vm, id=15788, stack(0x000000dfc2f00000,0x000000dfc3000000)]

Stack: [0x000000dfc2f00000,0x000000dfc3000000]
Native frames: (J=compiled Java code, j=interpreted, Vv=VM code, C=native code)
V  [jvm.dll+0x676b3a]
V  [jvm.dll+0x831444]
V  [jvm.dll+0x832bee]
V  [jvm.dll+0x833253]
V  [jvm.dll+0x244ce5]
V  [jvm.dll+0x82d4db]
V  [jvm.dll+0x61b2f6]
V  [jvm.dll+0x1bfd2e]
V  [jvm.dll+0x61dc41]
V  [jvm.dll+0x61bc96]
V  [jvm.dll+0x23a786]
V  [jvm.dll+0x1ea39d]
V  [jvm.dll+0x1dfdd1]
V  [jvm.dll+0x53be30]
V  [jvm.dll+0x7ac72d]
V  [jvm.dll+0x7ac68a]
V  [jvm.dll+0x40c0c4]
V  [jvm.dll+0x41f8db]
C  [java.dll+0x1657]

Java frames: (J=compiled Java code, j=interpreted, Vv=VM code)
j  java.lang.ClassLoader.defineClass0(Ljava/lang/ClassLoader;Ljava/lang/Class;Ljava/lang/String;[BIILjava/security/ProtectionDomain;ZILjava/lang/Object;)Ljava/lang/Class;+0 java.base@17.0.5
j  java.lang.System$2.defineClass(Ljava/lang/ClassLoader;Ljava/lang/Class;Ljava/lang/String;[BLjava/security/ProtectionDomain;ZILjava/lang/Object;)Ljava/lang/Class;+17 java.base@17.0.5
j  java.lang.invoke.MethodHandles$Lookup$ClassDefiner.defineClass(ZLjava/lang/Object;)Ljava/lang/Class;+54 java.base@17.0.5
j  java.lang.invoke.InvokerBytecodeGenerator.loadMethod([B)Ljava/lang/invoke/MemberName;+16 java.base@17.0.5
j  java.lang.invoke.InvokerBytecodeGenerator.generateCustomizedCode(Ljava/lang/invoke/LambdaForm;Ljava/lang/invoke/MethodType;)Ljava/lang/invoke/MemberName;+30 java.base@17.0.5
j  java.lang.invoke.LambdaForm.compileToBytecode()V+69 java.base@17.0.5
j  java.lang.invoke.DirectMethodHandle.makePreparedLambdaForm(Ljava/lang/invoke/MethodType;I)Ljava/lang/invoke/LambdaForm;+792 java.base@17.0.5
j  java.lang.invoke.DirectMethodHandle.preparedLambdaForm(Ljava/lang/invoke/MethodType;I)Ljava/lang/invoke/LambdaForm;+17 java.base@17.0.5
j  java.lang.invoke.DirectMethodHandle.preparedLambdaForm(Ljava/lang/invoke/MemberName;Z)Ljava/lang/invoke/LambdaForm;+159 java.base@17.0.5
j  java.lang.invoke.DirectMethodHandle.preparedLambdaForm(Ljava/lang/invoke/MemberName;)Ljava/lang/invoke/LambdaForm;+2 java.base@17.0.5
j  java.lang.invoke.DirectMethodHandle.make(BLjava/lang/Class;Ljava/lang/invoke/MemberName;Ljava/lang/Class;)Ljava/lang/invoke/DirectMethodHandle;+163 java.base@17.0.5
j  java.lang.invoke.MethodHandles$Lookup.getDirectMethodCommon(BLjava/lang/Class;Ljava/lang/invoke/MemberName;ZZLjava/lang/invoke/MethodHandles$Lookup;)Ljava/lang/invoke/MethodHandle;+210 java.base@17.0.5
j  java.lang.invoke.MethodHandles$Lookup.getDirectMethodNoSecurityManager(BLjava/lang/Class;Ljava/lang/invoke/MemberName;Ljava/lang/invoke/MethodHandles$Lookup;)Ljava/lang/invoke/MethodHandle;+14 java.base@17.0.5
j  java.lang.invoke.MethodHandles$Lookup.getDirectMethodForConstant(BLjava/lang/Class;Ljava/lang/invoke/MemberName;)Ljava/lang/invoke/MethodHandle;+31 java.base@17.0.5
j  java.lang.invoke.MethodHandles$Lookup.linkMethodHandleConstant(BLjava/lang/Class;Ljava/lang/String;Ljava/lang/Object;)Ljava/lang/invoke/MethodHandle;+152 java.base@17.0.5
j  java.lang.invoke.MethodHandleNatives.linkMethodHandleConstant(Ljava/lang/Class;ILjava/lang/Class;Ljava/lang/String;Ljava/lang/Object;)Ljava/lang/invoke/MethodHandle;+38 java.base@17.0.5
v  ~StubRoutines::call_stub
j  org.eclipse.core.internal.properties.PropertyBucket$PropertyEntry.<clinit>()V+0
v  ~StubRoutines::call_stub
j  org.eclipse.core.internal.properties.PropertyBucket.getEntry(Lorg/eclipse/core/runtime/IPath;)Lorg/eclipse/core/internal/properties/PropertyBucket$PropertyEntry;+22
j  org.eclipse.core.internal.properties.PropertyBucket.getProperty(Lorg/eclipse/core/runtime/IPath;Lorg/eclipse/core/runtime/QualifiedName;)Ljava/lang/String;+2
j  org.eclipse.core.internal.properties.PropertyManager2.getProperty(Lorg/eclipse/core/resources/IResource;Lorg/eclipse/core/runtime/QualifiedName;)Ljava/lang/String;+61
j  org.eclipse.core.internal.resources.Resource.getPersistentProperty(Lorg/eclipse/core/runtime/QualifiedName;)Ljava/lang/String;+12
j  org.eclipse.core.internal.resources.ContentDescriptionManager.getCacheState()B+40
j  org.eclipse.core.internal.resources.ContentDescriptionManager.startup(Lorg/eclipse/core/runtime/IProgressMonitor;)V+35
j  org.eclipse.core.internal.resources.Workspace.startup(Lorg/eclipse/core/runtime/IProgressMonitor;)V+256
j  org.eclipse.core.internal.resources.Workspace.open(Lorg/eclipse/core/runtime/IProgressMonitor;)Lorg/eclipse/core/runtime/IStatus;+136
j  org.eclipse.core.resources.ResourcesPlugin$WorkspaceInitCustomizer.addingService(Lorg/osgi/framework/ServiceReference;)Lorg/eclipse/core/internal/resources/Workspace;+45
j  org.eclipse.core.resources.ResourcesPlugin$WorkspaceInitCustomizer.addingService(Lorg/osgi/framework/ServiceReference;)Ljava/lang/Object;+5
j  org.osgi.util.tracker.ServiceTracker$Tracked.customizerAdding(Lorg/osgi/framework/ServiceReference;Lorg/osgi/framework/ServiceEvent;)Ljava/lang/Object;+8
j  org.osgi.util.tracker.ServiceTracker$Tracked.customizerAdding(Ljava/lang/Object;Ljava/lang/Object;)Ljava/lang/Object;+9
j  org.osgi.util.tracker.AbstractTracked.trackAdding(Ljava/lang/Object;Ljava/lang/Object;)V+8
j  org.osgi.util.tracker.AbstractTracked.trackInitial()V+90
j  org.osgi.util.tracker.ServiceTracker.open(Z)V+198
j  org.osgi.util.tracker.ServiceTracker.open()V+2
j  org.eclipse.core.resources.ResourcesPlugin.start(Lorg/osgi/framework/BundleContext;)V+106
j  org.eclipse.osgi.internal.framework.BundleContextImpl$2.run()Ljava/lang/Void;+23
j  org.eclipse.osgi.internal.framework.BundleContextImpl$2.run()Ljava/lang/Object;+1
J 1268 c1 java.security.AccessController.executePrivileged(Ljava/security/PrivilegedExceptionAction;Ljava/security/AccessControlContext;Ljava/lang/Class;)Ljava/lang/Object; java.base@17.0.5 (65 bytes) @ 0x000002d5659a9fb4 [0x000002d5659a9e60+0x0000000000000154]
j  java.security.AccessController.doPrivileged(Ljava/security/PrivilegedExceptionAction;)Ljava/lang/Object;+9 java.base@17.0.5
j  org.eclipse.osgi.internal.framework.BundleContextImpl.startActivator(Lorg/osgi/framework/BundleActivator;)V+9
j  org.eclipse.osgi.internal.framework.BundleContextImpl.start()V+134
j  org.eclipse.osgi.internal.framework.EquinoxBundle.startWorker0()V+35
j  org.eclipse.osgi.internal.framework.EquinoxBundle$EquinoxModule.startWorker()V+4
j  org.eclipse.osgi.container.Module.doStart([Lorg/eclipse/osgi/container/Module$StartOptions;)Lorg/eclipse/osgi/container/ModuleContainerAdaptor$ModuleEvent;+190
j  org.eclipse.osgi.container.Module.start([Lorg/eclipse/osgi/container/Module$StartOptions;)V+460
j  org.eclipse.osgi.framework.util.SecureAction.start(Lorg/eclipse/osgi/container/Module;[Lorg/eclipse/osgi/container/Module$StartOptions;)V+8
J 1758 c1 org.eclipse.osgi.internal.hooks.EclipseLazyStarter.postFindLocalClass(Ljava/lang/String;Ljava/lang/Class;Lorg/eclipse/osgi/internal/loader/classpath/ClasspathManager;)V (394 bytes) @ 0x000002d565aa3a5c [0x000002d565aa2ae0+0x0000000000000f7c]
J 1860 c1 org.eclipse.osgi.internal.loader.classpath.ClasspathManager.findLocalClass(Ljava/lang/String;)Ljava/lang/Class; (210 bytes) @ 0x000002d565ada0d4 [0x000002d565ad9120+0x0000000000000fb4]
J 1756 c1 org.eclipse.osgi.internal.loader.BundleLoader.findLocalClass(Ljava/lang/String;)Ljava/lang/Class; (152 bytes) @ 0x000002d565aa0aec [0x000002d565aa02a0+0x000000000000084c]
J 1684 c1 org.eclipse.osgi.internal.loader.BundleLoader.findClass0(Ljava/lang/String;ZZ)Ljava/lang/Class; (466 bytes) @ 0x000002d565a76f94 [0x000002d565a748a0+0x00000000000026f4]
J 1683 c1 org.eclipse.osgi.internal.loader.BundleLoader.findClass(Ljava/lang/String;)Ljava/lang/Class; (8 bytes) @ 0x000002d565a73f9c [0x000002d565a73f20+0x000000000000007c]
J 1686 c1 org.eclipse.osgi.internal.loader.ModuleClassLoader.loadClass(Ljava/lang/String;Z)Ljava/lang/Class; (36 bytes) @ 0x000002d565a7ad3c [0x000002d565a7ab20+0x000000000000021c]
J 835 c1 java.lang.ClassLoader.loadClass(Ljava/lang/String;)Ljava/lang/Class; java.base@17.0.5 (7 bytes) @ 0x000002d5658d4c3c [0x000002d5658d4b40+0x00000000000000fc]
v  ~StubRoutines::call_stub
j  java.lang.Class.getDeclaredConstructors0(Z)[Ljava/lang/reflect/Constructor;+0 java.base@17.0.5
j  java.lang.Class.privateGetDeclaredConstructors(Z)[Ljava/lang/reflect/Constructor;+52 java.base@17.0.5
j  java.lang.Class.getConstructor0([Ljava/lang/Class;I)Ljava/lang/reflect/Constructor;+14 java.base@17.0.5
j  java.lang.Class.getConstructor([Ljava/lang/Class;)Ljava/lang/reflect/Constructor;+24 java.base@17.0.5
j  org.eclipse.osgi.internal.framework.BundleContextImpl.loadBundleActivator()Lorg/osgi/framework/BundleActivator;+105
j  org.eclipse.osgi.internal.framework.BundleContextImpl.start()V+18
j  org.eclipse.osgi.internal.framework.EquinoxBundle.startWorker0()V+35
j  org.eclipse.osgi.internal.framework.EquinoxBundle$EquinoxModule.startWorker()V+4
j  org.eclipse.osgi.container.Module.doStart([Lorg/eclipse/osgi/container/Module$StartOptions;)Lorg/eclipse/osgi/container/ModuleContainerAdaptor$ModuleEvent;+190
j  org.eclipse.osgi.container.Module.start([Lorg/eclipse/osgi/container/Module$StartOptions;)V+460
j  org.eclipse.osgi.container.ModuleContainer$ContainerStartLevel$2.run()V+71
j  org.eclipse.osgi.internal.framework.EquinoxContainerAdaptor$1$1.execute(Ljava/lang/Runnable;)V+1
j  org.eclipse.osgi.container.ModuleContainer$ContainerStartLevel.incStartLevel(ILjava/util/List;Z)V+192
j  org.eclipse.osgi.container.ModuleContainer$ContainerStartLevel.incStartLevel(ILjava/util/List;Ljava/util/List;Ljava/util/List;Ljava/util/List;)V+19
j  org.eclipse.osgi.container.ModuleContainer$ContainerStartLevel.doContainerStartLevel(Lorg/eclipse/osgi/container/Module;I[Lorg/osgi/framework/FrameworkListener;)V+349
j  org.eclipse.osgi.container.ModuleContainer$ContainerStartLevel.dispatchEvent(Lorg/eclipse/osgi/container/Module;[Lorg/osgi/framework/FrameworkListener;ILjava/lang/Integer;)V+32
j  org.eclipse.osgi.container.ModuleContainer$ContainerStartLevel.dispatchEvent(Ljava/lang/Object;Ljava/lang/Object;ILjava/lang/Object;)V+15
j  org.eclipse.osgi.framework.eventmgr.EventManager.dispatchEvent(Ljava/util/Set;Lorg/eclipse/osgi/framework/eventmgr/EventDispatcher;ILjava/lang/Object;)V+48
j  org.eclipse.osgi.framework.eventmgr.EventManager$EventThread.run()V+26
v  ~StubRoutines::call_stub

---------------  P R O C E S S  ---------------

Threads class SMR info:
_java_thread_list=0x000002d57a3ce470, length=19, elements={
0x000002d562533ce0, 0x000002d5763b5030, 0x000002d5763b6090, 0x000002d5763bcfc0,
0x000002d5763bd970, 0x000002d5763be320, 0x000002d577e57f10, 0x000002d577e59f10,
0x000002d577eb91d0, 0x000002d577ec02d0, 0x000002d577fab030, 0x000002d57818d050,
0x000002d57956d050, 0x000002d57a059190, 0x000002d57a00fec0, 0x000002d579591870,
0x000002d57a0e10a0, 0x000002d57a29f7d0, 0x000002d57a29e9a0
}

Java Threads: ( => current thread )
  0x000002d562533ce0 JavaThread "main" [_thread_blocked, id=13364, stack(0x000000dfc1600000,0x000000dfc1700000)]
  0x000002d5763b5030 JavaThread "Reference Handler" daemon [_thread_blocked, id=11188, stack(0x000000dfc1900000,0x000000dfc1a00000)]
  0x000002d5763b6090 JavaThread "Finalizer" daemon [_thread_blocked, id=2012, stack(0x000000dfc1a00000,0x000000dfc1b00000)]
  0x000002d5763bcfc0 JavaThread "Signal Dispatcher" daemon [_thread_blocked, id=12812, stack(0x000000dfc1b00000,0x000000dfc1c00000)]
  0x000002d5763bd970 JavaThread "Attach Listener" daemon [_thread_blocked, id=17280, stack(0x000000dfc1c00000,0x000000dfc1d00000)]
  0x000002d5763be320 JavaThread "Service Thread" daemon [_thread_blocked, id=18380, stack(0x000000dfc1d00000,0x000000dfc1e00000)]
  0x000002d577e57f10 JavaThread "Monitor Deflation Thread" daemon [_thread_blocked, id=14460, stack(0x000000dfc1e00000,0x000000dfc1f00000)]
  0x000002d577e59f10 JavaThread "C2 CompilerThread0" daemon [_thread_blocked, id=18388, stack(0x000000dfc1f00000,0x000000dfc2000000)]
  0x000002d577eb91d0 JavaThread "C1 CompilerThread0" daemon [_thread_blocked, id=18424, stack(0x000000dfc2000000,0x000000dfc2100000)]
  0x000002d577ec02d0 JavaThread "Sweeper thread" daemon [_thread_blocked, id=13076, stack(0x000000dfc2100000,0x000000dfc2200000)]
  0x000002d577fab030 JavaThread "Common-Cleaner" daemon [_thread_blocked, id=8748, stack(0x000000dfc2200000,0x000000dfc2300000)]
  0x000002d57818d050 JavaThread "Notification Thread" daemon [_thread_blocked, id=16268, stack(0x000000dfc2300000,0x000000dfc2400000)]
  0x000002d57956d050 JavaThread "Active Thread: Equinox Container: 0fae57c6-3137-4d58-8291-5ecb3ce8aa3c" [_thread_blocked, id=5504, stack(0x000000dfc2d00000,0x000000dfc2e00000)]
  0x000002d57a059190 JavaThread "Framework Event Dispatcher: Equinox Container: 0fae57c6-3137-4d58-8291-5ecb3ce8aa3c" daemon [_thread_blocked, id=13368, stack(0x000000dfc2e00000,0x000000dfc2f00000)]
=>0x000002d57a00fec0 JavaThread "Start Level: Equinox Container: 0fae57c6-3137-4d58-8291-5ecb3ce8aa3c" daemon [_thread_in_vm, id=15788, stack(0x000000dfc2f00000,0x000000dfc3000000)]
  0x000002d579591870 JavaThread "SCR Component Actor" daemon [_thread_blocked, id=14448, stack(0x000000dfc3000000,0x000000dfc3100000)]
  0x000002d57a0e10a0 JavaThread "SCR Component Registry" daemon [_thread_blocked, id=960, stack(0x000000dfc2600000,0x000000dfc2700000)]
  0x000002d57a29f7d0 JavaThread "Worker-JM" [_thread_blocked, id=14772, stack(0x000000dfc3200000,0x000000dfc3300000)]
  0x000002d57a29e9a0 JavaThread "Worker-0" [_thread_blocked, id=13984, stack(0x000000dfc3300000,0x000000dfc3400000)]

Other Threads:
  0x000002d577e31c30 VMThread "VM Thread" [stack: 0x000000dfc1800000,0x000000dfc1900000] [id=17728]
  0x000002d57818d520 WatcherThread [stack: 0x000000dfc2500000,0x000000dfc2600000] [id=16792]
  0x000002d5625492c0 GCTaskThread "GC Thread#0" [stack: 0x000000dfc1700000,0x000000dfc1800000] [id=17444]
  0x000002d5793cb150 GCTaskThread "GC Thread#1" [stack: 0x000000dfc2700000,0x000000dfc2800000] [id=1568]
  0x000002d5793cb400 GCTaskThread "GC Thread#2" [stack: 0x000000dfc2800000,0x000000dfc2900000] [id=14996]
  0x000002d5793ac0b0 GCTaskThread "GC Thread#3" [stack: 0x000000dfc2900000,0x000000dfc2a00000] [id=14908]
  0x000002d5793ac360 GCTaskThread "GC Thread#4" [stack: 0x000000dfc2a00000,0x000000dfc2b00000] [id=17544]
  0x000002d5793ac610 GCTaskThread "GC Thread#5" [stack: 0x000000dfc2b00000,0x000000dfc2c00000] [id=1592]
  0x000002d5793dd860 GCTaskThread "GC Thread#6" [stack: 0x000000dfc2c00000,0x000000dfc2d00000] [id=7992]
  0x000002d579113540 GCTaskThread "GC Thread#7" [stack: 0x000000dfc3100000,0x000000dfc3200000] [id=7712]

Threads with active compile tasks:

VM state: not at safepoint (normal execution)

VM Mutex/Monitor currently owned by a thread:  ([mutex/lock_event])
[0x000002d56252d570] Metaspace_lock - owner thread: 0x000002d57a00fec0

Heap address: 0x00000000c0000000, size: 1024 MB, Compressed Oops mode: 32-bit

CDS archive(s) not mapped
Compressed class space mapped at: 0x0000000100000000-0x0000000140000000, reserved size: 1073741824
Narrow klass base: 0x0000000000000000, Narrow klass shift: 3, Narrow klass range: 0x140000000

GC Precious Log:
 CPUs: 8 total, 8 available
 Memory: 7873M
 Large Page Support: Disabled
 NUMA Support: Disabled
 Compressed Oops: Enabled (32-bit)
 Alignments: Space 512K, Generation 512K, Heap 2M
 Heap Min Capacity: 100M
 Heap Initial Capacity: 100M
 Heap Max Capacity: 1G
 Pre-touch: Disabled
 Parallel Workers: 8

Heap:
 PSYoungGen      total 29696K, used 5115K [0x00000000eab00000, 0x00000000ecc00000, 0x0000000100000000)
  eden space 25600K, 4% used [0x00000000eab00000,0x00000000eac01970,0x00000000ec400000)
  from space 4096K, 99% used [0x00000000ec400000,0x00000000ec7fd2b0,0x00000000ec800000)
  to   space 4096K, 0% used [0x00000000ec800000,0x00000000ec800000,0x00000000ecc00000)
 ParOldGen       total 68608K, used 2873K [0x00000000c0000000, 0x00000000c4300000, 0x00000000eab00000)
  object space 68608K, 4% used [0x00000000c0000000,0x00000000c02ce7c8,0x00000000c4300000)
 Metaspace       used 20380K, committed 20736K, reserved 1073152K
  class space    used 2076K, committed 2240K, reserved 1048576K

Card table byte_map: [0x000002d561f10000,0x000002d562120000] _byte_map_base: 0x000002d561910000

Marking Bits: (ParMarkBitMap*) 0x00007ffde7fb0dd0
 Begin Bits: [0x000002d5741c0000, 0x000002d5751c0000)
 End Bits:   [0x000002d5751c0000, 0x000002d5761c0000)

Polling page: 0x000002d561d00000

Metaspace:

Usage:
  Non-class:     17.87 MB used.
      Class:      2.03 MB used.
       Both:     19.90 MB used.

Virtual space:
  Non-class space:       24.00 MB reserved,      18.06 MB ( 75%) committed,  3 nodes.
      Class space:        1.00 GB reserved,       2.19 MB ( <1%) committed,  1 nodes.
             Both:        1.02 GB reserved,      20.25 MB (  2%) committed. 

Chunk freelists:
   Non-Class:  1.56 MB
       Class:  1.79 MB
        Both:  3.35 MB

MaxMetaspaceSize: unlimited
CompressedClassSpaceSize: 1.00 GB
Initial GC threshold: 21.00 MB
Current GC threshold: 21.00 MB
CDS: off
MetaspaceReclaimPolicy: balanced
 - commit_granule_bytes: 65536.
 - commit_granule_words: 8192.
 - virtual_space_node_default_size: 1048576.
 - enlarge_chunks_in_place: 1.
 - new_chunks_are_fully_committed: 0.
 - uncommit_free_chunks: 1.
 - use_allocation_guard: 0.
 - handle_deallocations: 1.


Internal statistics:

num_allocs_failed_limit: 0.
num_arena_births: 164.
num_arena_deaths: 0.
num_vsnodes_births: 4.
num_vsnodes_deaths: 0.
num_space_committed: 324.
num_space_uncommitted: 0.
num_chunks_returned_to_freelist: 0.
num_chunks_taken_from_freelist: 605.
num_chunk_merges: 0.
num_chunk_splits: 397.
num_chunks_enlarged: 290.
num_purges: 0.
num_inconsistent_stats: 0.

CodeHeap 'non-profiled nmethods': size=120000Kb used=830Kb max_used=830Kb free=119169Kb
 bounds [0x000002d56cc90000, 0x000002d56cf00000, 0x000002d5741c0000]
CodeHeap 'profiled nmethods': size=120000Kb used=4166Kb max_used=4166Kb free=115833Kb
 bounds [0x000002d565760000, 0x000002d565b80000, 0x000002d56cc90000]
CodeHeap 'non-nmethods': size=5760Kb used=1195Kb max_used=1218Kb free=4565Kb
 bounds [0x000002d5651c0000, 0x000002d565430000, 0x000002d565760000]
 total_blobs=2571 nmethods=2089 adapters=396
 compilation: enabled
              stopped_count=0, restarted_count=0
 full_count=0

Compilation events (20 events):
Event: 3.741 Thread 0x000002d577eb91d0 2078       3       sun.nio.fs.NativeBuffer::release (5 bytes)
Event: 3.741 Thread 0x000002d577eb91d0 nmethod 2078 0x000002d565b6d210 code [0x000002d565b6d3a0, 0x000002d565b6d4c8]
Event: 3.755 Thread 0x000002d577eb91d0 2080       3       java.util.ArrayDeque::toArray (7 bytes)
Event: 3.755 Thread 0x000002d577eb91d0 nmethod 2080 0x000002d565b6d590 code [0x000002d565b6d740, 0x000002d565b6d888]
Event: 3.755 Thread 0x000002d577eb91d0 2082       3       org.eclipse.osgi.internal.hooks.EclipseLazyStarter::shouldActivateFor (123 bytes)
Event: 3.757 Thread 0x000002d577eb91d0 nmethod 2082 0x000002d565b6d910 code [0x000002d565b6db80, 0x000002d565b6e6e8]
Event: 3.757 Thread 0x000002d577eb91d0 2081       3       java.util.ArrayDeque::toArray (99 bytes)
Event: 3.757 Thread 0x000002d577eb91d0 nmethod 2081 0x000002d565b6eb10 code [0x000002d565b6ed00, 0x000002d565b6f2d8]
Event: 3.762 Thread 0x000002d577eb91d0 2083       3       java.lang.invoke.TypeConvertingMethodAdapter::cast (42 bytes)
Event: 3.762 Thread 0x000002d577eb91d0 nmethod 2083 0x000002d565b6f490 code [0x000002d565b6f680, 0x000002d565b6fae8]
Event: 3.768 Thread 0x000002d577eb91d0 2084       3       org.eclipse.osgi.container.ModuleRevision::getBundle (8 bytes)
Event: 3.768 Thread 0x000002d577eb91d0 nmethod 2084 0x000002d565b6fc90 code [0x000002d565b6fe40, 0x000002d565b70068]
Event: 3.768 Thread 0x000002d577eb91d0 2085       3       org.eclipse.osgi.container.ModuleRevisions::getBundle (8 bytes)
Event: 3.768 Thread 0x000002d577eb91d0 nmethod 2085 0x000002d565b70190 code [0x000002d565b70340, 0x000002d565b70508]
Event: 3.775 Thread 0x000002d577eb91d0 2086       3       java.lang.ref.Reference::enqueueFromPending (19 bytes)
Event: 3.775 Thread 0x000002d577eb91d0 nmethod 2086 0x000002d565b70610 code [0x000002d565b707c0, 0x000002d565b709e8]
Event: 3.775 Thread 0x000002d577eb91d0 2087   !   3       java.lang.ref.ReferenceQueue::enqueue (119 bytes)
Event: 3.775 Thread 0x000002d577eb91d0 nmethod 2087 0x000002d565b70a90 code [0x000002d565b70c60, 0x000002d565b71248]
Event: 3.777 Thread 0x000002d577eb91d0 2088       3       java.lang.ref.ReferenceQueue::reallyPoll (65 bytes)
Event: 3.777 Thread 0x000002d577eb91d0 nmethod 2088 0x000002d565b71410 code [0x000002d565b715c0, 0x000002d565b71a18]

GC Heap History (6 events):
Event: 1.686 GC heap before
{Heap before GC invocations=1 (full 0):
 PSYoungGen      total 29696K, used 25600K [0x00000000eab00000, 0x00000000ecc00000, 0x0000000100000000)
  eden space 25600K, 100% used [0x00000000eab00000,0x00000000ec400000,0x00000000ec400000)
  from space 4096K, 0% used [0x00000000ec800000,0x00000000ec800000,0x00000000ecc00000)
  to   space 4096K, 0% used [0x00000000ec400000,0x00000000ec400000,0x00000000ec800000)
 ParOldGen       total 68608K, used 0K [0x00000000c0000000, 0x00000000c4300000, 0x00000000eab00000)
  object space 68608K, 0% used [0x00000000c0000000,0x00000000c0000000,0x00000000c4300000)
 Metaspace       used 10980K, committed 11200K, reserved 1064960K
  class space    used 1091K, committed 1216K, reserved 1048576K
}
Event: 1.967 GC heap after
{Heap after GC invocations=1 (full 0):
 PSYoungGen      total 29696K, used 3713K [0x00000000eab00000, 0x00000000ecc00000, 0x0000000100000000)
  eden space 25600K, 0% used [0x00000000eab00000,0x00000000eab00000,0x00000000ec400000)
  from space 4096K, 90% used [0x00000000ec400000,0x00000000ec7a0690,0x00000000ec800000)
  to   space 4096K, 0% used [0x00000000ec800000,0x00000000ec800000,0x00000000ecc00000)
 ParOldGen       total 68608K, used 0K [0x00000000c0000000, 0x00000000c4300000, 0x00000000eab00000)
  object space 68608K, 0% used [0x00000000c0000000,0x00000000c0000000,0x00000000c4300000)
 Metaspace       used 10980K, committed 11200K, reserved 1064960K
  class space    used 1091K, committed 1216K, reserved 1048576K
}
Event: 2.843 GC heap before
{Heap before GC invocations=2 (full 0):
 PSYoungGen      total 29696K, used 29313K [0x00000000eab00000, 0x00000000ecc00000, 0x0000000100000000)
  eden space 25600K, 100% used [0x00000000eab00000,0x00000000ec400000,0x00000000ec400000)
  from space 4096K, 90% used [0x00000000ec400000,0x00000000ec7a0690,0x00000000ec800000)
  to   space 4096K, 0% used [0x00000000ec800000,0x00000000ec800000,0x00000000ecc00000)
 ParOldGen       total 68608K, used 0K [0x00000000c0000000, 0x00000000c4300000, 0x00000000eab00000)
  object space 68608K, 0% used [0x00000000c0000000,0x00000000c0000000,0x00000000c4300000)
 Metaspace       used 15298K, committed 15616K, reserved 1064960K
  class space    used 1556K, committed 1728K, reserved 1048576K
}
Event: 2.852 GC heap after
{Heap after GC invocations=2 (full 0):
 PSYoungGen      total 29696K, used 4077K [0x00000000eab00000, 0x00000000ecc00000, 0x0000000100000000)
  eden space 25600K, 0% used [0x00000000eab00000,0x00000000eab00000,0x00000000ec400000)
  from space 4096K, 99% used [0x00000000ec800000,0x00000000ecbfb708,0x00000000ecc00000)
  to   space 4096K, 0% used [0x00000000ec400000,0x00000000ec400000,0x00000000ec800000)
 ParOldGen       total 68608K, used 1311K [0x00000000c0000000, 0x00000000c4300000, 0x00000000eab00000)
  object space 68608K, 1% used [0x00000000c0000000,0x00000000c0147ed8,0x00000000c4300000)
 Metaspace       used 15298K, committed 15616K, reserved 1064960K
  class space    used 1556K, committed 1728K, reserved 1048576K
}
Event: 3.769 GC heap before
{Heap before GC invocations=3 (full 0):
 PSYoungGen      total 29696K, used 29677K [0x00000000eab00000, 0x00000000ecc00000, 0x0000000100000000)
  eden space 25600K, 100% used [0x00000000eab00000,0x00000000ec400000,0x00000000ec400000)
  from space 4096K, 99% used [0x00000000ec800000,0x00000000ecbfb708,0x00000000ecc00000)
  to   space 4096K, 0% used [0x00000000ec400000,0x00000000ec400000,0x00000000ec800000)
 ParOldGen       total 68608K, used 1311K [0x00000000c0000000, 0x00000000c4300000, 0x00000000eab00000)
  object space 68608K, 1% used [0x00000000c0000000,0x00000000c0147ed8,0x00000000c4300000)
 Metaspace       used 20306K, committed 20672K, reserved 1073152K
  class space    used 2068K, committed 2240K, reserved 1048576K
}
Event: 3.773 GC heap after
{Heap after GC invocations=3 (full 0):
 PSYoungGen      total 29696K, used 4084K [0x00000000eab00000, 0x00000000ecc00000, 0x0000000100000000)
  eden space 25600K, 0% used [0x00000000eab00000,0x00000000eab00000,0x00000000ec400000)
  from space 4096K, 99% used [0x00000000ec400000,0x00000000ec7fd2b0,0x00000000ec800000)
  to   space 4096K, 0% used [0x00000000ec800000,0x00000000ec800000,0x00000000ecc00000)
 ParOldGen       total 68608K, used 2873K [0x00000000c0000000, 0x00000000c4300000, 0x00000000eab00000)
  object space 68608K, 4% used [0x00000000c0000000,0x00000000c02ce7c8,0x00000000c4300000)
 Metaspace       used 20306K, committed 20672K, reserved 1073152K
  class space    used 2068K, committed 2240K, reserved 1048576K
}

Dll operation events (9 events):
Event: 0.007 Loaded shared library c:\Users\ASUS\.vscode\extensions\redhat.java-1.13.0-win32-x64\jre\17.0.5-win32-x86_64\bin\java.dll
Event: 0.347 Loaded shared library c:\Users\ASUS\.vscode\extensions\redhat.java-1.13.0-win32-x64\jre\17.0.5-win32-x86_64\bin\zip.dll
Event: 0.353 Loaded shared library C:\Users\ASUS\.vscode\extensions\redhat.java-1.13.0-win32-x64\jre\17.0.5-win32-x86_64\bin\instrument.dll
Event: 0.369 Loaded shared library C:\Users\ASUS\.vscode\extensions\redhat.java-1.13.0-win32-x64\jre\17.0.5-win32-x86_64\bin\net.dll
Event: 0.371 Loaded shared library C:\Users\ASUS\.vscode\extensions\redhat.java-1.13.0-win32-x64\jre\17.0.5-win32-x86_64\bin\nio.dll
Event: 0.390 Loaded shared library C:\Users\ASUS\.vscode\extensions\redhat.java-1.13.0-win32-x64\jre\17.0.5-win32-x86_64\bin\zip.dll
Event: 0.418 Loaded shared library C:\Users\ASUS\.vscode\extensions\redhat.java-1.13.0-win32-x64\jre\17.0.5-win32-x86_64\bin\jimage.dll
Event: 0.506 Loaded shared library c:\Users\ASUS\.vscode\extensions\redhat.java-1.13.0-win32-x64\jre\17.0.5-win32-x86_64\bin\verify.dll
Event: 2.591 Loaded shared library C:\Users\ASUS\AppData\Roaming\Code\User\globalStorage\redhat.java\1.13.0\config_ss_win\org.eclipse.equinox.launcher\org.eclipse.equinox.launcher.win32.win32.x86_64_1.2.600.v20220720-1916\eclipse_11700.dll

Deoptimization events (20 events):
Event: 3.624 Thread 0x000002d57a00fec0 Uncommon trap: trap_request=0xffffffc6 fr.pc=0x000002d56cd473d0 relative=0x0000000000002190
Event: 3.624 Thread 0x000002d57a00fec0 Uncommon trap: reason=bimorphic_or_optimized_type_check action=maybe_recompile pc=0x000002d56cd473d0 method=java.io.DataInputStream.readUnsignedShort()I @ 4 c2
Event: 3.624 Thread 0x000002d57a00fec0 DEOPT PACKING pc=0x000002d56cd473d0 sp=0x000000dfc2ff9530
Event: 3.624 Thread 0x000002d57a00fec0 DEOPT UNPACKING pc=0x000002d5652158a3 sp=0x000000dfc2ff94a8 mode 2
Event: 3.627 Thread 0x000002d57a00fec0 Uncommon trap: trap_request=0xffffffc6 fr.pc=0x000002d56cd473d0 relative=0x0000000000002190
Event: 3.627 Thread 0x000002d57a00fec0 Uncommon trap: reason=bimorphic_or_optimized_type_check action=maybe_recompile pc=0x000002d56cd473d0 method=java.io.DataInputStream.readUnsignedShort()I @ 4 c2
Event: 3.627 Thread 0x000002d57a00fec0 DEOPT PACKING pc=0x000002d56cd473d0 sp=0x000000dfc2ff91f0
Event: 3.627 Thread 0x000002d57a00fec0 DEOPT UNPACKING pc=0x000002d5652158a3 sp=0x000000dfc2ff9168 mode 2
Event: 3.627 Thread 0x000002d57a00fec0 Uncommon trap: trap_request=0xffffffc6 fr.pc=0x000002d56cd473d0 relative=0x0000000000002190
Event: 3.627 Thread 0x000002d57a00fec0 Uncommon trap: reason=bimorphic_or_optimized_type_check action=maybe_recompile pc=0x000002d56cd473d0 method=java.io.DataInputStream.readUnsignedShort()I @ 4 c2
Event: 3.627 Thread 0x000002d57a00fec0 DEOPT PACKING pc=0x000002d56cd473d0 sp=0x000000dfc2ff9130
Event: 3.627 Thread 0x000002d57a00fec0 DEOPT UNPACKING pc=0x000002d5652158a3 sp=0x000000dfc2ff90a8 mode 2
Event: 3.627 Thread 0x000002d57a00fec0 Uncommon trap: trap_request=0xffffffc6 fr.pc=0x000002d56cd473d0 relative=0x0000000000002190
Event: 3.627 Thread 0x000002d57a00fec0 Uncommon trap: reason=bimorphic_or_optimized_type_check action=maybe_recompile pc=0x000002d56cd473d0 method=java.io.DataInputStream.readUnsignedShort()I @ 4 c2
Event: 3.627 Thread 0x000002d57a00fec0 DEOPT PACKING pc=0x000002d56cd473d0 sp=0x000000dfc2ff9080
Event: 3.627 Thread 0x000002d57a00fec0 DEOPT UNPACKING pc=0x000002d5652158a3 sp=0x000000dfc2ff8ff8 mode 2
Event: 3.694 Thread 0x000002d57a00fec0 Uncommon trap: trap_request=0xffffff45 fr.pc=0x000002d56cd1ac40 relative=0x0000000000000040
Event: 3.694 Thread 0x000002d57a00fec0 Uncommon trap: reason=unstable_if action=reinterpret pc=0x000002d56cd1ac40 method=sun.nio.fs.WindowsPathParser.isSlash(C)Z @ 9 c2
Event: 3.694 Thread 0x000002d57a00fec0 DEOPT PACKING pc=0x000002d56cd1ac40 sp=0x000000dfc2ff8f10
Event: 3.694 Thread 0x000002d57a00fec0 DEOPT UNPACKING pc=0x000002d5652158a3 sp=0x000000dfc2ff8e98 mode 2

Classes unloaded (0 events):
No events

Classes redefined (0 events):
No events

Internal exceptions (20 events):
Event: 2.058 Thread 0x000002d562533ce0 Exception <a 'java/lang/NoSuchMethodError'{0x00000000eab243e0}: 'int java.lang.invoke.DirectMethodHandle$Holder.invokeStaticInit(java.lang.Object, java.lang.Object)'> (0x00000000eab243e0) 
thrown [s\src\hotspot\share\interpreter\linkResolver.cpp, line 759]
Event: 2.102 Thread 0x000002d562533ce0 Exception <a 'java/lang/NoSuchMethodError'{0x00000000eac89ce0}: 'void java.lang.invoke.DirectMethodHandle$Holder.invokeSpecial(java.lang.Object, java.lang.Object, java.lang.Object)'> (0x00000000eac89ce0) 
thrown [s\src\hotspot\share\interpreter\linkResolver.cpp, line 759]
Event: 2.388 Thread 0x000002d562533ce0 Exception <a 'java/lang/NoSuchMethodError'{0x00000000eb839f88}: 'java.lang.Object java.lang.invoke.DirectMethodHandle$Holder.newInvokeSpecial(java.lang.Object, int, java.lang.Object)'> (0x00000000eb839f88) 
thrown [s\src\hotspot\share\interpreter\linkResolver.cpp, line 759]
Event: 2.580 Thread 0x000002d562533ce0 Exception <a 'java/lang/UnsatisfiedLinkError'{0x00000000ebd627a8}: 'void org.eclipse.equinox.launcher.JNIBridge._update_splash()'> (0x00000000ebd627a8) 
thrown [s\src\hotspot\share\prims\nativeLookup.cpp, line 543]
Event: 2.676 Thread 0x000002d57a00fec0 Exception <a 'java/lang/NoSuchMethodError'{0x00000000ebfd13e8}: 'java.lang.Object java.lang.invoke.DirectMethodHandle$Holder.invokeStaticInit(java.lang.Object)'> (0x00000000ebfd13e8) 
thrown [s\src\hotspot\share\interpreter\linkResolver.cpp, line 759]
Event: 3.056 Thread 0x000002d57a00fec0 Exception <a 'java/io/FileNotFoundException'{0x00000000eb2ec8e8}> (0x00000000eb2ec8e8) 
thrown [s\src\hotspot\share\prims\jni.cpp, line 516]
Event: 3.069 Thread 0x000002d57a00fec0 Exception <a 'java/lang/NullPointerException'{0x00000000eb33e398}> (0x00000000eb33e398) 
thrown [s\src\hotspot\share\interpreter\linkResolver.cpp, line 1350]
Event: 3.069 Thread 0x000002d57a00fec0 Exception <a 'java/lang/NullPointerException'{0x00000000eb33ebc0}> (0x00000000eb33ebc0) 
thrown [s\src\hotspot\share\interpreter\linkResolver.cpp, line 1350]
Event: 3.111 Thread 0x000002d57a00fec0 Exception <a 'java/lang/NoSuchMethodError'{0x00000000eb4633e0}: 'java.lang.Object java.lang.invoke.Invokers$Holder.invokeExact_MT(java.lang.Object, java.lang.Object, java.lang.Object, java.lang.Object, java.lang.Object, java.lang.Object)'> (0x00000000eb4633e0) 
thrown [s\src\hotspot\share\interpreter\linkResolver.cpp, line 759]
Event: 3.266 Thread 0x000002d57a00fec0 Exception <a 'java/lang/NoSuchMethodError'{0x00000000eb872b18}: 'void java.lang.invoke.DirectMethodHandle$Holder.invokeInterface(java.lang.Object, java.lang.Object, java.lang.Object)'> (0x00000000eb872b18) 
thrown [s\src\hotspot\share\interpreter\linkResolver.cpp, line 759]
Event: 3.360 Thread 0x000002d57a00fec0 Exception <a 'java/lang/NoSuchMethodError'{0x00000000ebc67f68}: 'java.lang.Object java.lang.invoke.DirectMethodHandle$Holder.invokeStatic(java.lang.Object, java.lang.Object, int)'> (0x00000000ebc67f68) 
thrown [s\src\hotspot\share\interpreter\linkResolver.cpp, line 759]
Event: 3.361 Thread 0x000002d57a00fec0 Exception <a 'java/lang/NoSuchMethodError'{0x00000000ebc6cb18}: 'void java.lang.invoke.DirectMethodHandle$Holder.invokeStatic(java.lang.Object, java.lang.Object, int, java.lang.Object)'> (0x00000000ebc6cb18) 
thrown [s\src\hotspot\share\interpreter\linkResolver.cpp, line 759]
Event: 3.362 Thread 0x000002d57a00fec0 Exception <a 'java/lang/NoSuchMethodError'{0x00000000ebc74248}: 'void java.lang.invoke.DelegatingMethodHandle$Holder.delegate(java.lang.Object, java.lang.Object, int, java.lang.Object)'> (0x00000000ebc74248) 
thrown [s\src\hotspot\share\interpreter\linkResolver.cpp, line 759]
Event: 3.362 Thread 0x000002d57a00fec0 Exception <a 'java/lang/NoSuchMethodError'{0x00000000ebc78630}: 'int java.lang.invoke.DirectMethodHandle$Holder.invokeSpecial(java.lang.Object, java.lang.Object, java.lang.Object)'> (0x00000000ebc78630) 
thrown [s\src\hotspot\share\interpreter\linkResolver.cpp, line 759]
Event: 3.364 Thread 0x000002d57a00fec0 Exception <a 'java/lang/NoSuchMethodError'{0x00000000ebc88e88}: 'int java.lang.invoke.DirectMethodHandle$Holder.invokeStatic(java.lang.Object, java.lang.Object, int)'> (0x00000000ebc88e88) 
thrown [s\src\hotspot\share\interpreter\linkResolver.cpp, line 759]
Event: 3.365 Thread 0x000002d57a00fec0 Exception <a 'java/lang/NoSuchMethodError'{0x00000000ebc8ceb0}: 'int java.lang.invoke.DirectMethodHandle$Holder.invokeSpecial(java.lang.Object, java.lang.Object, java.lang.Object, int)'> (0x00000000ebc8ceb0) 
thrown [s\src\hotspot\share\interpreter\linkResolver.cpp, line 759]
Event: 3.367 Thread 0x000002d57a00fec0 Exception <a 'java/lang/NoSuchMethodError'{0x00000000ebca7930}: 'java.lang.Object java.lang.invoke.DirectMethodHandle$Holder.invokeStatic(java.lang.Object, java.lang.Object, java.lang.Object, java.lang.Object, int)'> (0x00000000ebca7930) 
thrown [s\src\hotspot\share\interpreter\linkResolver.cpp, line 759]
Event: 3.372 Thread 0x000002d57a00fec0 Exception <a 'java/lang/NoSuchMethodError'{0x00000000ebcb3fa8}: 'java.lang.Object java.lang.invoke.DelegatingMethodHandle$Holder.reinvoke_L(java.lang.Object, java.lang.Object, java.lang.Object, java.lang.Object, int, int)'> (0x00000000ebcb3fa8) 
thrown [s\src\hotspot\share\interpreter\linkResolver.cpp, line 759]
Event: 3.379 Thread 0x000002d57a00fec0 Exception <a 'java/lang/NoSuchMethodError'{0x00000000ebccbd68}: 'java.lang.Object java.lang.invoke.Invokers$Holder.invokeExact_MT(java.lang.Object, java.lang.Object, java.lang.Object, java.lang.Object)'> (0x00000000ebccbd68) 
thrown [s\src\hotspot\share\interpreter\linkResolver.cpp, line 759]
Event: 3.794 Thread 0x000002d57a00fec0 Exception <a 'java/lang/NoSuchMethodError'{0x00000000eab739c8}: 'int java.lang.invoke.DirectMethodHandle$Holder.invokeStaticInit(java.lang.Object, java.lang.Object, java.lang.Object)'> (0x00000000eab739c8) 
thrown [s\src\hotspot\share\interpreter\linkResolver.cpp, line 759]

VM Operations (20 events):
Event: 2.359 Executing VM operation: HandshakeAllThreads
Event: 2.359 Executing VM operation: HandshakeAllThreads done
Event: 2.359 Executing VM operation: HandshakeAllThreads
Event: 2.359 Executing VM operation: HandshakeAllThreads done
Event: 2.366 Executing VM operation: HandshakeAllThreads
Event: 2.366 Executing VM operation: HandshakeAllThreads done
Event: 2.707 Executing VM operation: HandshakeAllThreads
Event: 2.707 Executing VM operation: HandshakeAllThreads done
Event: 2.843 Executing VM operation: ParallelGCFailedAllocation
Event: 2.852 Executing VM operation: ParallelGCFailedAllocation done
Event: 3.200 Executing VM operation: HandshakeAllThreads
Event: 3.200 Executing VM operation: HandshakeAllThreads done
Event: 3.230 Executing VM operation: HandshakeAllThreads
Event: 3.230 Executing VM operation: HandshakeAllThreads done
Event: 3.238 Executing VM operation: HandshakeAllThreads
Event: 3.238 Executing VM operation: HandshakeAllThreads done
Event: 3.359 Executing VM operation: HandshakeAllThreads
Event: 3.359 Executing VM operation: HandshakeAllThreads done
Event: 3.768 Executing VM operation: ParallelGCFailedAllocation
Event: 3.773 Executing VM operation: ParallelGCFailedAllocation done

Events (20 events):
Event: 3.645 loading class java/nio/file/FileSystemException
Event: 3.645 loading class java/nio/file/FileSystemException done
Event: 3.645 loading class java/nio/file/FileAlreadyExistsException done
Event: 3.645 loading class java/nio/file/AccessDeniedException
Event: 3.645 loading class java/nio/file/AccessDeniedException done
Event: 3.645 loading class java/nio/file/NoSuchFileException
Event: 3.645 loading class java/nio/file/NoSuchFileException done
Event: 3.645 loading class java/nio/file/DirectoryNotEmptyException
Event: 3.645 loading class java/nio/file/DirectoryNotEmptyException done
Event: 3.679 loading class java/nio/file/attribute/DosFileAttributeView
Event: 3.680 loading class java/nio/file/attribute/DosFileAttributeView done
Event: 3.680 loading class sun/nio/fs/WindowsFileAttributeViews$Dos
Event: 3.680 loading class sun/nio/fs/WindowsFileAttributeViews$Dos done
Event: 3.694 loading class sun/nio/fs/WindowsUriSupport
Event: 3.694 loading class sun/nio/fs/WindowsUriSupport done
Event: 3.725 loading class org/xml/sax/SAXParseException
Event: 3.725 loading class org/xml/sax/SAXParseException done
Event: 3.777 loading class java/util/function/LongUnaryOperator
Event: 3.777 loading class java/util/function/LongUnaryOperator done
Event: 3.786 Thread 0x000002d57a29e9a0 Thread added: 0x000002d57a29e9a0


Dynamic libraries:
0x00007ff6f4030000 - 0x00007ff6f403e000 	c:\Users\ASUS\.vscode\extensions\redhat.java-1.13.0-win32-x64\jre\17.0.5-win32-x86_64\bin\java.exe
0x00007ffe83860000 - 0x00007ffe83a69000 	C:\WINDOWS\SYSTEM32\ntdll.dll
0x00007ffe818a0000 - 0x00007ffe8195e000 	C:\WINDOWS\System32\KERNEL32.DLL
0x00007ffe80e50000 - 0x00007ffe811cb000 	C:\WINDOWS\System32\KERNELBASE.dll
0x00007ffe81240000 - 0x00007ffe81351000 	C:\WINDOWS\System32\ucrtbase.dll
0x00007ffe692f0000 - 0x00007ffe69309000 	c:\Users\ASUS\.vscode\extensions\redhat.java-1.13.0-win32-x64\jre\17.0.5-win32-x86_64\bin\VCRUNTIME140.dll
0x00007ffe72a30000 - 0x00007ffe72a47000 	c:\Users\ASUS\.vscode\extensions\redhat.java-1.13.0-win32-x64\jre\17.0.5-win32-x86_64\bin\jli.dll
0x00007ffe82db0000 - 0x00007ffe82f5d000 	C:\WINDOWS\System32\USER32.dll
0x00007ffe815f0000 - 0x00007ffe81616000 	C:\WINDOWS\System32\win32u.dll
0x00007ffe69040000 - 0x00007ffe692e5000 	C:\WINDOWS\WinSxS\amd64_microsoft.windows.common-controls_6595b64144ccf1df_6.0.22000.120_none_9d947278b86cc467\COMCTL32.dll
0x00007ffe82f60000 - 0x00007ffe83003000 	C:\WINDOWS\System32\msvcrt.dll
0x00007ffe81ee0000 - 0x00007ffe81f09000 	C:\WINDOWS\System32\GDI32.dll
0x00007ffe80d30000 - 0x00007ffe80e48000 	C:\WINDOWS\System32\gdi32full.dll
0x00007ffe81360000 - 0x00007ffe813fd000 	C:\WINDOWS\System32\msvcp_win.dll
0x00007ffe81980000 - 0x00007ffe819b2000 	C:\WINDOWS\System32\IMM32.DLL
0x00007ffe77b10000 - 0x00007ffe77b1c000 	c:\Users\ASUS\.vscode\extensions\redhat.java-1.13.0-win32-x64\jre\17.0.5-win32-x86_64\bin\vcruntime140_1.dll
0x00007ffe35b10000 - 0x00007ffe35ba1000 	c:\Users\ASUS\.vscode\extensions\redhat.java-1.13.0-win32-x64\jre\17.0.5-win32-x86_64\bin\msvcp140.dll
0x00007ffde7430000 - 0x00007ffde8074000 	c:\Users\ASUS\.vscode\extensions\redhat.java-1.13.0-win32-x64\jre\17.0.5-win32-x86_64\bin\server\jvm.dll
0x00007ffe81e30000 - 0x00007ffe81ede000 	C:\WINDOWS\System32\ADVAPI32.dll
0x00007ffe81d90000 - 0x00007ffe81e2e000 	C:\WINDOWS\System32\sechost.dll
0x00007ffe819d0000 - 0x00007ffe81af0000 	C:\WINDOWS\System32\RPCRT4.dll
0x00007ffe792c0000 - 0x00007ffe792c9000 	C:\WINDOWS\SYSTEM32\WSOCK32.dll
0x00007ffe837a0000 - 0x00007ffe8380f000 	C:\WINDOWS\System32\WS2_32.dll
0x00007ffe78d90000 - 0x00007ffe78dc3000 	C:\WINDOWS\SYSTEM32\WINMM.dll
0x00007ffe77dd0000 - 0x00007ffe77dda000 	C:\WINDOWS\SYSTEM32\VERSION.dll
0x00007ffe7fea0000 - 0x00007ffe7feb8000 	C:\WINDOWS\SYSTEM32\kernel.appcore.dll
0x00007ffe72d40000 - 0x00007ffe72d4a000 	c:\Users\ASUS\.vscode\extensions\redhat.java-1.13.0-win32-x64\jre\17.0.5-win32-x86_64\bin\jimage.dll
0x00007ffe7e6f0000 - 0x00007ffe7e911000 	C:\WINDOWS\SYSTEM32\DBGHELP.DLL
0x00007ffe72ce0000 - 0x00007ffe72d11000 	C:\WINDOWS\SYSTEM32\dbgcore.DLL
0x00007ffe81570000 - 0x00007ffe815ef000 	C:\WINDOWS\System32\bcryptPrimitives.dll
0x00007ffe68b10000 - 0x00007ffe68b1e000 	c:\Users\ASUS\.vscode\extensions\redhat.java-1.13.0-win32-x64\jre\17.0.5-win32-x86_64\bin\instrument.dll
0x00007ffe4ea10000 - 0x00007ffe4ea35000 	c:\Users\ASUS\.vscode\extensions\redhat.java-1.13.0-win32-x64\jre\17.0.5-win32-x86_64\bin\java.dll
0x00007ffe60e70000 - 0x00007ffe60e88000 	c:\Users\ASUS\.vscode\extensions\redhat.java-1.13.0-win32-x64\jre\17.0.5-win32-x86_64\bin\zip.dll
0x00007ffe82450000 - 0x00007ffe82c08000 	C:\WINDOWS\System32\SHELL32.dll
0x00007ffe7ee30000 - 0x00007ffe7f695000 	C:\WINDOWS\SYSTEM32\windows.storage.dll
0x00007ffe81fa0000 - 0x00007ffe82318000 	C:\WINDOWS\System32\combase.dll
0x00007ffe7ecc0000 - 0x00007ffe7ee26000 	C:\WINDOWS\SYSTEM32\wintypes.dll
0x00007ffe81af0000 - 0x00007ffe81bda000 	C:\WINDOWS\System32\SHCORE.dll
0x00007ffe823e0000 - 0x00007ffe8243d000 	C:\WINDOWS\System32\shlwapi.dll
0x00007ffe80c60000 - 0x00007ffe80c81000 	C:\WINDOWS\SYSTEM32\profapi.dll
0x00007ffe3de00000 - 0x00007ffe3de19000 	C:\Users\ASUS\.vscode\extensions\redhat.java-1.13.0-win32-x64\jre\17.0.5-win32-x86_64\bin\net.dll
0x00007ffe7a220000 - 0x00007ffe7a334000 	C:\WINDOWS\SYSTEM32\WINHTTP.dll
0x00007ffe80340000 - 0x00007ffe803a7000 	C:\WINDOWS\system32\mswsock.dll
0x00007ffe3d3a0000 - 0x00007ffe3d3b5000 	C:\Users\ASUS\.vscode\extensions\redhat.java-1.13.0-win32-x64\jre\17.0.5-win32-x86_64\bin\nio.dll
0x00007ffe41ae0000 - 0x00007ffe41af0000 	c:\Users\ASUS\.vscode\extensions\redhat.java-1.13.0-win32-x64\jre\17.0.5-win32-x86_64\bin\verify.dll
0x00007ffe79600000 - 0x00007ffe7963e000 	C:\Users\ASUS\AppData\Roaming\Code\User\globalStorage\redhat.java\1.13.0\config_ss_win\org.eclipse.equinox.launcher\org.eclipse.equinox.launcher.win32.win32.x86_64_1.2.600.v20220720-1916\eclipse_11700.dll
0x00007ffe83510000 - 0x00007ffe836aa000 	C:\WINDOWS\System32\ole32.dll

dbghelp: loaded successfully - version: 4.0.5 - missing functions: none
symbol engine: initialized successfully - sym options: 0x614 - pdb path: .;c:\Users\ASUS\.vscode\extensions\redhat.java-1.13.0-win32-x64\jre\17.0.5-win32-x86_64\bin;C:\WINDOWS\SYSTEM32;C:\WINDOWS\WinSxS\amd64_microsoft.windows.common-controls_6595b64144ccf1df_6.0.22000.120_none_9d947278b86cc467;c:\Users\ASUS\.vscode\extensions\redhat.java-1.13.0-win32-x64\jre\17.0.5-win32-x86_64\bin\server;C:\Users\ASUS\AppData\Roaming\Code\User\globalStorage\redhat.java\1.13.0\config_ss_win\org.eclipse.equinox.launcher\org.eclipse.equinox.launcher.win32.win32.x86_64_1.2.600.v20220720-1916

VM Arguments:
jvm_args: --add-modules=ALL-SYSTEM --add-opens=java.base/java.util=ALL-UNNAMED --add-opens=java.base/java.lang=ALL-UNNAMED --add-opens=java.base/sun.nio.fs=ALL-UNNAMED -Declipse.application=org.eclipse.jdt.ls.core.id1 -Dosgi.bundles.defaultStartLevel=4 -Declipse.product=org.eclipse.jdt.ls.core.product -Djava.import.generatesMetadataFilesAtProjectRoot=false -Dfile.encoding=utf8 -XX:+UseParallelGC -XX:GCTimeRatio=4 -XX:AdaptiveSizePolicyWeight=90 -Dsun.zip.disableMemoryMapping=true -Xmx1G -Xms100m -Xlog:disable -javaagent:c:\Users\ASUS\.vscode\extensions\redhat.java-1.13.0-win32-x64\lombok\lombok-1.18.24.jar 
java_command: c:\Users\ASUS\.vscode\extensions\redhat.java-1.13.0-win32-x64\server\plugins\org.eclipse.equinox.launcher_1.6.400.v20210924-0641.jar -configuration c:\Users\ASUS\AppData\Roaming\Code\User\globalStorage\redhat.java\1.13.0\config_ss_win -data c:\Users\ASUS\AppData\Roaming\Code\User\workspaceStorage\dc75c2024dce7e6bf4a5bba81795df38\redhat.java\ss_ws
java_class_path (initial): c:\Users\ASUS\.vscode\extensions\redhat.java-1.13.0-win32-x64\server\plugins\org.eclipse.equinox.launcher_1.6.400.v20210924-0641.jar
Launcher Type: SUN_STANDARD

[Global flags]
    uintx AdaptiveSizePolicyWeight                 = 90                                        {product} {command line}
     intx CICompilerCount                          = 4                                         {product} {ergonomic}
    uintx GCTimeRatio                              = 4                                         {product} {command line}
   size_t InitialHeapSize                          = 104857600                                 {product} {command line}
   size_t MaxHeapSize                              = 1073741824                                {product} {command line}
   size_t MaxNewSize                               = 357564416                                 {product} {ergonomic}
   size_t MinHeapDeltaBytes                        = 524288                                    {product} {ergonomic}
   size_t MinHeapSize                              = 104857600                                 {product} {command line}
   size_t NewSize                                  = 34603008                                  {product} {ergonomic}
    uintx NonNMethodCodeHeapSize                   = 5839372                                {pd product} {ergonomic}
    uintx NonProfiledCodeHeapSize                  = 122909434                              {pd product} {ergonomic}
   size_t OldSize                                  = 70254592                                  {product} {ergonomic}
    uintx ProfiledCodeHeapSize                     = 122909434                              {pd product} {ergonomic}
    uintx ReservedCodeCacheSize                    = 251658240                              {pd product} {ergonomic}
     bool SegmentedCodeCache                       = true                                      {product} {ergonomic}
   size_t SoftMaxHeapSize                          = 1073741824                             {manageable} {ergonomic}
     bool UseCompressedClassPointers               = true                           {product lp64_product} {ergonomic}
     bool UseCompressedOops                        = true                           {product lp64_product} {ergonomic}
     bool UseLargePagesIndividualAllocation        = false                                  {pd product} {ergonomic}
     bool UseParallelGC                            = true                                      {product} {command line}

Logging:
Log output configuration:
 #0: stdout all=off uptime,level,tags
 #1: stderr all=off uptime,level,tags

Environment Variables:
JAVA_HOME=C:\Program Files\OpenJDK\openjdk-11.0.16_8
PATH=C:\Program Files (x86)\Common Files\Oracle\Java\javapath;C:\Program Files\Common Files\Oracle\Java\javapath;C:\Windows\system32;C:\Windows;C:\Windows\System32\Wbem;C:\Windows\System32\WindowsPowerShell\v1.0\;C:\Windows\System32\OpenSSH\;C:\Program Files (x86)\NVIDIA Corporation\PhysX\Common;C:\Program Files\dotnet\;C:\Program Files\Microsoft SQL Server\130\Tools\Binn\;C:\Program Files\Microsoft SQL Server\Client SDK\ODBC\170\Tools\Binn\;C:\Program Files (x86)\Microsoft SQL Server\150\Tools\Binn\;C:\Program Files\Microsoft SQL Server\150\Tools\Binn\;C:\Program Files\Microsoft SQL Server\150\DTS\Binn\;C:\Program Files (x86)\Microsoft SQL Server\150\DTS\Binn\;C:\Program Files (x86)\dotnet\;D:\Temp\bin;C:\Program Files\OpenJDK\openjdk-11.0.16_8\bin;C:\hadoop\hadoop-2.6.0;C:\hadoop\hadoop-2.6.0\bin;C:\hadoop\hadoop-2.6.0\sbin;C:\WINDOWS\system32;C:\WINDOWS;C:\WINDOWS\System32\Wbem;C:\WINDOWS\System32\WindowsPowerShell\v1.0\;C:\WINDOWS\System32\OpenSSH\;C:\Program Files\Git\cmd;C:\ProgramData\chocolatey\bin;C:\Program Files\nodejs\;C:\xampp\php;C:\composer;C:\Program Files (x86)\STMicroelectronics\STM32 ST-LINK Utility\ST-LINK Utility;C:\Users\ASUS\AppData\Local\Programs\Python\Python310\Scripts\;C:\Users\ASUS\AppData\Local\Programs\Python\Python310\;C:\Program Files\MySQL\MySQL Shell 8.0\bin\;C:\Users\ASUS\AppData\Local\Microsoft\WindowsApps;C:\Users\ASUS\AppData\Local\Programs\Microsoft VS Code\bin;C:\Users\ASUS\.dotnet\tools;C:\Program Files\Azure Data Studio\bin;C:\Users\ASUS\AppData\Local\Android\sdk\platform-tools;C:\Program Files\Java\jdk-11.0.15;C:\Users\ASUS\AppData\Roaming\npm;C:\Users\ASUS\AppData\Roaming\Composer\vendor\bin
USERNAME=ASUS
OS=Windows_NT
PROCESSOR_IDENTIFIER=Intel64 Family 6 Model 140 Stepping 1, GenuineIntel
TMP=C:\Users\ASUS\AppData\Local\Temp
TEMP=C:\Users\ASUS\AppData\Local\Temp



---------------  S Y S T E M  ---------------

OS:
 Windows 11 , 64 bit Build 22000 (10.0.22000.1219)
OS uptime: 0 days 1:37 hours

CPU: total 8 (initial active 8) (4 cores per cpu, 2 threads per core) family 6 model 140 stepping 1 microcode 0x86, cx8, cmov, fxsr, ht, mmx, 3dnowpref, sse, sse2, sse3, ssse3, sse4.1, sse4.2, popcnt, lzcnt, tsc, tscinvbit, avx, avx2, aes, erms, clmul, bmi1, bmi2, adx, avx512f, avx512dq, avx512cd, avx512bw, avx512vl, sha, fma, vzeroupper, avx512_vpopcntdq, avx512_vpclmulqdq, avx512_vaes, avx512_vnni, clflush, clflushopt, clwb, avx512_vbmi2, avx512_vbmi

Memory: 4k page, system-wide physical 7873M (494M free)
TotalPageFile size 13519M (AvailPageFile size 5M)
current process WorkingSet (physical memory assigned to process): 102M, peak: 102M
current process commit charge ("private bytes"): 215M, peak: 215M

vm_info: OpenJDK 64-Bit Server VM (17.0.5+8) for windows-amd64 JRE (17.0.5+8), built on Oct 19 2022 04:48:13 by "temurin" with MS VC++ 16.7 (VS2019)

END.
