#
# There is insufficient memory for the Java Runtime Environment to continue.
# Native memory allocation (malloc) failed to allocate 535216 bytes for Chunk::new
# Possible reasons:
#   The system is out of physical RAM or swap space
#   The process is running with CompressedOops enabled, and the Java Heap may be blocking the growth of the native heap
# Possible solutions:
#   Reduce memory load on the system
#   Increase physical memory or swap space
#   Check if swap backing store is full
#   Decrease Java heap size (-Xmx/-Xms)
#   Decrease number of Java threads
#   Decrease Java thread stack sizes (-Xss)
#   Set larger code cache with -XX:ReservedCodeCacheSize=
#   JVM is running with Unscaled Compressed Oops mode in which the Java heap is
#     placed in the first 4GB address space. The Java Heap base address is the
#     maximum limit for the native heap growth. Please use -XX:HeapBaseMinAddress
#     to set the Java Heap base and to place the Java Heap above 4GB virtual address.
# This output file may be truncated or incomplete.
#
#  Out of Memory Error (arena.cpp:189), pid=12572, tid=3332
#
# JRE version: OpenJDK Runtime Environment Temurin-17.0.5+8 (17.0.5+8) (build 17.0.5+8)
# Java VM: OpenJDK 64-Bit Server VM Temurin-17.0.5+8 (17.0.5+8, mixed mode, tiered, compressed oops, compressed class ptrs, parallel gc, windows-amd64)
# No core dump will be written. Minidumps are not enabled by default on client versions of Windows
#

---------------  S U M M A R Y ------------

Command Line: --add-modules=ALL-SYSTEM --add-opens=java.base/java.util=ALL-UNNAMED --add-opens=java.base/java.lang=ALL-UNNAMED --add-opens=java.base/sun.nio.fs=ALL-UNNAMED -Declipse.application=org.eclipse.jdt.ls.core.id1 -Dosgi.bundles.defaultStartLevel=4 -Declipse.product=org.eclipse.jdt.ls.core.product -Djava.import.generatesMetadataFilesAtProjectRoot=false -Dfile.encoding=utf8 -XX:+UseParallelGC -XX:GCTimeRatio=4 -XX:AdaptiveSizePolicyWeight=90 -Dsun.zip.disableMemoryMapping=true -Xmx1G -Xms100m -Xlog:disable -javaagent:c:\Users\ASUS\.vscode\extensions\redhat.java-1.13.0-win32-x64\lombok\lombok-1.18.24.jar c:\Users\ASUS\.vscode\extensions\redhat.java-1.13.0-win32-x64\server\plugins\org.eclipse.equinox.launcher_1.6.400.v20210924-0641.jar -configuration c:\Users\ASUS\AppData\Roaming\Code\User\globalStorage\redhat.java\1.13.0\config_ss_win -data c:\Users\ASUS\AppData\Roaming\Code\User\workspaceStorage\dc75c2024dce7e6bf4a5bba81795df38\redhat.java\ss_ws

Host: 11th Gen Intel(R) Core(TM) i5-1135G7 @ 2.40GHz, 8 cores, 7G,  Windows 11 , 64 bit Build 22000 (10.0.22000.1219)
Time: Sat Dec  3 17:20:24 2022 SE Asia Standard Time elapsed time: 0.873432 seconds (0d 0h 0m 0s)

---------------  T H R E A D  ---------------

Current thread (0x00000183ba897330):  JavaThread "C2 CompilerThread1" daemon [_thread_in_native, id=3332, stack(0x0000001678e00000,0x0000001678f00000)]


Current CompileTask:
C2:    873  828   !   4       java.util.jar.Attributes::read (498 bytes)

Stack: [0x0000001678e00000,0x0000001678f00000]
Native frames: (J=compiled Java code, j=interpreted, Vv=VM code, C=native code)
V  [jvm.dll+0x676b3a]
V  [jvm.dll+0x831444]
V  [jvm.dll+0x832bee]
V  [jvm.dll+0x833253]
V  [jvm.dll+0x244ce5]
V  [jvm.dll+0xabbac]
V  [jvm.dll+0xac17c]
V  [jvm.dll+0x362d02]
V  [jvm.dll+0x32d591]
V  [jvm.dll+0x32ca3a]
V  [jvm.dll+0x217b51]
V  [jvm.dll+0x216f71]
V  [jvm.dll+0x1a343d]
V  [jvm.dll+0x22698a]
V  [jvm.dll+0x224ac5]
V  [jvm.dll+0x7e727b]
V  [jvm.dll+0x7e17ea]
V  [jvm.dll+0x6759e5]
C  [ucrtbase.dll+0x26c0c]
C  [KERNEL32.DLL+0x15550]
C  [ntdll.dll+0x485b]


---------------  P R O C E S S  ---------------

Threads class SMR info:
_java_thread_list=0x00000183b8aebf30, length=13, elements={
0x00000183a4c62a60, 0x00000183ba542ec0, 0x00000183ba543a70, 0x00000183b8aee430,
0x00000183ba574020, 0x00000183ba575280, 0x00000183ba577b50, 0x00000183ba57c4d0,
0x00000183ba585ee0, 0x00000183ba597860, 0x00000183ba667460, 0x00000183ba863fb0,
0x00000183ba897330
}

Java Threads: ( => current thread )
  0x00000183a4c62a60 JavaThread "main" [_thread_in_vm, id=12776, stack(0x0000001677f00000,0x0000001678000000)]
  0x00000183ba542ec0 JavaThread "Reference Handler" daemon [_thread_blocked, id=3756, stack(0x0000001678200000,0x0000001678300000)]
  0x00000183ba543a70 JavaThread "Finalizer" daemon [_thread_blocked, id=7344, stack(0x0000001678300000,0x0000001678400000)]
  0x00000183b8aee430 JavaThread "Signal Dispatcher" daemon [_thread_blocked, id=8020, stack(0x0000001678400000,0x0000001678500000)]
  0x00000183ba574020 JavaThread "Attach Listener" daemon [_thread_blocked, id=13380, stack(0x0000001678500000,0x0000001678600000)]
  0x00000183ba575280 JavaThread "Service Thread" daemon [_thread_blocked, id=6340, stack(0x0000001678600000,0x0000001678700000)]
  0x00000183ba577b50 JavaThread "Monitor Deflation Thread" daemon [_thread_blocked, id=14296, stack(0x0000001678700000,0x0000001678800000)]
  0x00000183ba57c4d0 JavaThread "C2 CompilerThread0" daemon [_thread_in_native, id=15572, stack(0x0000001678800000,0x0000001678900000)]
  0x00000183ba585ee0 JavaThread "C1 CompilerThread0" daemon [_thread_in_native, id=17988, stack(0x0000001678900000,0x0000001678a00000)]
  0x00000183ba597860 JavaThread "Sweeper thread" daemon [_thread_blocked, id=7976, stack(0x0000001678a00000,0x0000001678b00000)]
  0x00000183ba667460 JavaThread "Common-Cleaner" daemon [_thread_blocked, id=16712, stack(0x0000001678b00000,0x0000001678c00000)]
  0x00000183ba863fb0 JavaThread "Notification Thread" daemon [_thread_blocked, id=18040, stack(0x0000001678c00000,0x0000001678d00000)]
=>0x00000183ba897330 JavaThread "C2 CompilerThread1" daemon [_thread_in_native, id=3332, stack(0x0000001678e00000,0x0000001678f00000)]

Other Threads:
  0x00000183b89a8a60 VMThread "VM Thread" [stack: 0x0000001678100000,0x0000001678200000] [id=16608]
  0x00000183ba890660 WatcherThread [stack: 0x0000001678d00000,0x0000001678e00000] [id=1780]
  0x00000183a4c75e30 GCTaskThread "GC Thread#0" [stack: 0x0000001678000000,0x0000001678100000] [id=15080]

Threads with active compile tasks:
C2 CompilerThread0      890  880       4       java.util.StringTokenizer::scanToken (179 bytes)
C2 CompilerThread1      890  828   !   4       java.util.jar.Attributes::read (498 bytes)

VM state: not at safepoint (normal execution)

VM Mutex/Monitor currently owned by a thread: None

Heap address: 0x00000000c0000000, size: 1024 MB, Compressed Oops mode: 32-bit

CDS archive(s) not mapped
Compressed class space mapped at: 0x0000000100000000-0x0000000140000000, reserved size: 1073741824
Narrow klass base: 0x0000000000000000, Narrow klass shift: 3, Narrow klass range: 0x140000000

GC Precious Log:
 CPUs: 8 total, 8 available
 Memory: 7873M
 Large Page Support: Disabled
 NUMA Support: Disabled
 Compressed Oops: Enabled (32-bit)
 Alignments: Space 512K, Generation 512K, Heap 2M
 Heap Min Capacity: 100M
 Heap Initial Capacity: 100M
 Heap Max Capacity: 1G
 Pre-touch: Disabled
 Parallel Workers: 8

Heap:
 PSYoungGen      total 29696K, used 23104K [0x00000000eab00000, 0x00000000ecc00000, 0x0000000100000000)
  eden space 25600K, 90% used [0x00000000eab00000,0x00000000ec190378,0x00000000ec400000)
  from space 4096K, 0% used [0x00000000ec800000,0x00000000ec800000,0x00000000ecc00000)
  to   space 4096K, 0% used [0x00000000ec400000,0x00000000ec400000,0x00000000ec800000)
 ParOldGen       total 68608K, used 0K [0x00000000c0000000, 0x00000000c4300000, 0x00000000eab00000)
  object space 68608K, 0% used [0x00000000c0000000,0x00000000c0000000,0x00000000c4300000)
 Metaspace       used 10280K, committed 10432K, reserved 1064960K
  class space    used 1023K, committed 1088K, reserved 1048576K

Card table byte_map: [0x00000183a4610000,0x00000183a4820000] _byte_map_base: 0x00000183a4010000

Marking Bits: (ParMarkBitMap*) 0x00007ffde7fb0dd0
 Begin Bits: [0x00000183b68f0000, 0x00000183b78f0000)
 End Bits:   [0x00000183b78f0000, 0x00000183b88f0000)

Polling page: 0x00000183a2c00000

Metaspace:

Usage:
  Non-class:      9.04 MB used.
      Class:   1023.35 KB used.
       Both:     10.04 MB used.

Virtual space:
  Non-class space:       16.00 MB reserved,       9.12 MB ( 57%) committed,  2 nodes.
      Class space:        1.00 GB reserved,       1.06 MB ( <1%) committed,  1 nodes.
             Both:        1.02 GB reserved,      10.19 MB ( <1%) committed. 

Chunk freelists:
   Non-Class:  2.55 MB
       Class:  2.98 MB
        Both:  5.53 MB

MaxMetaspaceSize: unlimited
CompressedClassSpaceSize: 1.00 GB
Initial GC threshold: 21.00 MB
Current GC threshold: 21.00 MB
CDS: off
MetaspaceReclaimPolicy: balanced
 - commit_granule_bytes: 65536.
 - commit_granule_words: 8192.
 - virtual_space_node_default_size: 1048576.
 - enlarge_chunks_in_place: 1.
 - new_chunks_are_fully_committed: 0.
 - uncommit_free_chunks: 1.
 - use_allocation_guard: 0.
 - handle_deallocations: 1.


Internal statistics:

num_allocs_failed_limit: 0.
num_arena_births: 18.
num_arena_deaths: 0.
num_vsnodes_births: 3.
num_vsnodes_deaths: 0.
num_space_committed: 164.
num_space_uncommitted: 0.
num_chunks_returned_to_freelist: 0.
num_chunks_taken_from_freelist: 73.
num_chunk_merges: 0.
num_chunk_splits: 43.
num_chunks_enlarged: 36.
num_purges: 0.
num_inconsistent_stats: 0.

CodeHeap 'non-profiled nmethods': size=120000Kb used=326Kb max_used=326Kb free=119673Kb
 bounds [0x00000183af3c0000, 0x00000183af630000, 0x00000183b68f0000]
CodeHeap 'profiled nmethods': size=120000Kb used=1520Kb max_used=1520Kb free=118480Kb
 bounds [0x00000183a7e90000, 0x00000183a8100000, 0x00000183af3c0000]
CodeHeap 'non-nmethods': size=5760Kb used=1148Kb max_used=1176Kb free=4612Kb
 bounds [0x00000183a78f0000, 0x00000183a7b60000, 0x00000183a7e90000]
 total_blobs=1313 nmethods=887 adapters=341
 compilation: enabled
              stopped_count=0, restarted_count=0
 full_count=0

Compilation events (20 events):
Event: 0.859 Thread 0x00000183ba585ee0  869       3       org.eclipse.osgi.internal.util.Tokenizer::skipWhiteSpace (58 bytes)
Event: 0.859 Thread 0x00000183ba585ee0 nmethod 869 0x00000183a7fff210 code [0x00000183a7fff3c0, 0x00000183a7fff6b8]
Event: 0.859 Thread 0x00000183ba585ee0  870       3       java.util.AbstractCollection::addAll (42 bytes)
Event: 0.859 Thread 0x00000183ba585ee0 nmethod 870 0x00000183a7fff810 code [0x00000183a7fffa00, 0x00000183a7ffff18]
Event: 0.859 Thread 0x00000183ba585ee0  871       3       jdk.internal.jimage.ImageStringsReader::stringFromByteBufferMatches (138 bytes)
Event: 0.861 Thread 0x00000183ba585ee0 nmethod 871 0x00000183a8000090 code [0x00000183a8000380, 0x00000183a80014e8]
Event: 0.861 Thread 0x00000183ba585ee0  873       3       jdk.internal.jimage.BasicImageReader::getLocationIndex (52 bytes)
Event: 0.861 Thread 0x00000183ba585ee0 nmethod 873 0x00000183a8001c90 code [0x00000183a8001e80, 0x00000183a8002318]
Event: 0.861 Thread 0x00000183ba585ee0  874       3       jdk.internal.jimage.ImageStringsReader::hashCode (8 bytes)
Event: 0.861 Thread 0x00000183ba585ee0 nmethod 874 0x00000183a8002590 code [0x00000183a8002740, 0x00000183a80028f8]
Event: 0.861 Thread 0x00000183ba585ee0  872       3       jdk.internal.jimage.ImageLocation::verifyName (161 bytes)
Event: 0.863 Thread 0x00000183ba585ee0 nmethod 872 0x00000183a8002a10 code [0x00000183a8002d40, 0x00000183a80042f8]
Event: 0.863 Thread 0x00000183ba585ee0  875       3       jdk.internal.module.SystemModuleFinders$SystemModuleReader::find (59 bytes)
Event: 0.864 Thread 0x00000183ba585ee0 nmethod 875 0x00000183a8004c90 code [0x00000183a8004f40, 0x00000183a80059e8]
Event: 0.864 Thread 0x00000183ba585ee0  876       3       jdk.internal.module.SystemModuleFinders$SystemModuleReader::containsImageLocation (42 bytes)
Event: 0.864 Thread 0x00000183ba585ee0 nmethod 876 0x00000183a8005e10 code [0x00000183a8006020, 0x00000183a80066b8]
Event: 0.864 Thread 0x00000183ba585ee0  878       1       java.nio.Buffer::position (5 bytes)
Event: 0.864 Thread 0x00000183ba585ee0 nmethod 878 0x00000183af40f790 code [0x00000183af40f920, 0x00000183af40f9f8]
Event: 0.864 Thread 0x00000183ba585ee0  879       1       java.security.CodeSource::getLocationNoFragString (5 bytes)
Event: 0.864 Thread 0x00000183ba585ee0 nmethod 879 0x00000183af40fa90 code [0x00000183af40fc20, 0x00000183af40fcf8]

GC Heap History (0 events):
No events

Dll operation events (8 events):
Event: 0.015 Loaded shared library c:\Users\ASUS\.vscode\extensions\redhat.java-1.13.0-win32-x64\jre\17.0.5-win32-x86_64\bin\java.dll
Event: 0.212 Loaded shared library c:\Users\ASUS\.vscode\extensions\redhat.java-1.13.0-win32-x64\jre\17.0.5-win32-x86_64\bin\zip.dll
Event: 0.216 Loaded shared library C:\Users\ASUS\.vscode\extensions\redhat.java-1.13.0-win32-x64\jre\17.0.5-win32-x86_64\bin\instrument.dll
Event: 0.233 Loaded shared library C:\Users\ASUS\.vscode\extensions\redhat.java-1.13.0-win32-x64\jre\17.0.5-win32-x86_64\bin\net.dll
Event: 0.235 Loaded shared library C:\Users\ASUS\.vscode\extensions\redhat.java-1.13.0-win32-x64\jre\17.0.5-win32-x86_64\bin\nio.dll
Event: 0.246 Loaded shared library C:\Users\ASUS\.vscode\extensions\redhat.java-1.13.0-win32-x64\jre\17.0.5-win32-x86_64\bin\zip.dll
Event: 0.264 Loaded shared library C:\Users\ASUS\.vscode\extensions\redhat.java-1.13.0-win32-x64\jre\17.0.5-win32-x86_64\bin\jimage.dll
Event: 0.319 Loaded shared library c:\Users\ASUS\.vscode\extensions\redhat.java-1.13.0-win32-x64\jre\17.0.5-win32-x86_64\bin\verify.dll

Deoptimization events (20 events):
Event: 0.755 Thread 0x00000183a4c62a60 DEOPT PACKING pc=0x00000183a7f753da sp=0x0000001677ffe350
Event: 0.755 Thread 0x00000183a4c62a60 DEOPT UNPACKING pc=0x00000183a79463e3 sp=0x0000001677ffd7a8 mode 0
Event: 0.755 Thread 0x00000183a4c62a60 DEOPT PACKING pc=0x00000183a7f753da sp=0x0000001677ffe350
Event: 0.755 Thread 0x00000183a4c62a60 DEOPT UNPACKING pc=0x00000183a79463e3 sp=0x0000001677ffd7a8 mode 0
Event: 0.756 Thread 0x00000183a4c62a60 DEOPT PACKING pc=0x00000183a7f753da sp=0x0000001677ffe350
Event: 0.756 Thread 0x00000183a4c62a60 DEOPT UNPACKING pc=0x00000183a79463e3 sp=0x0000001677ffd7a8 mode 0
Event: 0.756 Thread 0x00000183a4c62a60 DEOPT PACKING pc=0x00000183a7f753da sp=0x0000001677ffe350
Event: 0.756 Thread 0x00000183a4c62a60 DEOPT UNPACKING pc=0x00000183a79463e3 sp=0x0000001677ffd7a8 mode 0
Event: 0.833 Thread 0x00000183a4c62a60 Uncommon trap: trap_request=0xffffff45 fr.pc=0x00000183af3fee68 relative=0x0000000000000628
Event: 0.833 Thread 0x00000183a4c62a60 Uncommon trap: reason=unstable_if action=reinterpret pc=0x00000183af3fee68 method=java.util.jar.Manifest$FastInputStream.readLine([BII)I @ 130 c2
Event: 0.833 Thread 0x00000183a4c62a60 DEOPT PACKING pc=0x00000183af3fee68 sp=0x0000001677ffd2a0
Event: 0.833 Thread 0x00000183a4c62a60 DEOPT UNPACKING pc=0x00000183a79458a3 sp=0x0000001677ffd240 mode 2
Event: 0.844 Thread 0x00000183a4c62a60 DEOPT PACKING pc=0x00000183a7fc3489 sp=0x0000001677ffcec0
Event: 0.844 Thread 0x00000183a4c62a60 DEOPT UNPACKING pc=0x00000183a79463e3 sp=0x0000001677ffc348 mode 0
Event: 0.844 Thread 0x00000183a4c62a60 DEOPT PACKING pc=0x00000183a7fc3489 sp=0x0000001677ffcec0
Event: 0.844 Thread 0x00000183a4c62a60 DEOPT UNPACKING pc=0x00000183a79463e3 sp=0x0000001677ffc348 mode 0
Event: 0.844 Thread 0x00000183a4c62a60 DEOPT PACKING pc=0x00000183a7fc3489 sp=0x0000001677ffcec0
Event: 0.844 Thread 0x00000183a4c62a60 DEOPT UNPACKING pc=0x00000183a79463e3 sp=0x0000001677ffc348 mode 0
Event: 0.846 Thread 0x00000183a4c62a60 DEOPT PACKING pc=0x00000183a7fc3489 sp=0x0000001677ffcec0
Event: 0.846 Thread 0x00000183a4c62a60 DEOPT UNPACKING pc=0x00000183a79463e3 sp=0x0000001677ffc348 mode 0

Classes unloaded (0 events):
No events

Classes redefined (0 events):
No events

Internal exceptions (9 events):
Event: 0.185 Thread 0x00000183a4c62a60 Exception <a 'java/lang/NoSuchMethodError'{0x00000000eacb2760}: 'void java.lang.invoke.DirectMethodHandle$Holder.invokeStatic(java.lang.Object, java.lang.Object, java.lang.Object)'> (0x00000000eacb2760) 
thrown [s\src\hotspot\share\interpreter\linkResolver.cpp, line 759]
Event: 0.341 Thread 0x00000183a4c62a60 Exception <a 'java/lang/reflect/InvocationTargetException'{0x00000000eaf77ff0}> (0x00000000eaf77ff0) 
thrown [s\src\hotspot\share\runtime\reflection.cpp, line 1121]
Event: 0.653 Thread 0x00000183a4c62a60 Exception <a 'java/lang/ClassNotFoundException'{0x00000000eb8db020}: sun/net/www/protocol/c/Handler> (0x00000000eb8db020) 
thrown [s\src\hotspot\share\classfile\systemDictionary.cpp, line 256]
Event: 0.658 Thread 0x00000183a4c62a60 Exception <a 'java/io/FileNotFoundException'{0x00000000eb8eeac8}> (0x00000000eb8eeac8) 
thrown [s\src\hotspot\share\prims\jni.cpp, line 516]
Event: 0.659 Thread 0x00000183a4c62a60 Exception <a 'java/io/FileNotFoundException'{0x00000000eb8ef7d8}> (0x00000000eb8ef7d8) 
thrown [s\src\hotspot\share\prims\jni.cpp, line 516]
Event: 0.659 Thread 0x00000183a4c62a60 Exception <a 'java/io/FileNotFoundException'{0x00000000eb8f04c8}> (0x00000000eb8f04c8) 
thrown [s\src\hotspot\share\prims\jni.cpp, line 516]
Event: 0.659 Thread 0x00000183a4c62a60 Exception <a 'java/io/FileNotFoundException'{0x00000000eb8f1188}> (0x00000000eb8f1188) 
thrown [s\src\hotspot\share\prims\jni.cpp, line 516]
Event: 0.664 Thread 0x00000183a4c62a60 Implicit null exception at 0x00000183af3e0972 to 0x00000183af3e0ee8
Event: 0.666 Thread 0x00000183a4c62a60 Exception <a 'java/io/FileNotFoundException'{0x00000000eb931ca0}> (0x00000000eb931ca0) 
thrown [s\src\hotspot\share\prims\jni.cpp, line 516]

VM Operations (6 events):
Event: 0.191 Executing VM operation: HandshakeAllThreads
Event: 0.192 Executing VM operation: HandshakeAllThreads done
Event: 0.631 Executing VM operation: HandshakeAllThreads
Event: 0.631 Executing VM operation: HandshakeAllThreads done
Event: 0.648 Executing VM operation: HandshakeAllThreads
Event: 0.648 Executing VM operation: HandshakeAllThreads done

Events (20 events):
Event: 0.855 loading class java/io/BufferedReader
Event: 0.855 loading class java/io/BufferedReader done
Event: 0.855 loading class sun/nio/cs/StreamDecoder
Event: 0.856 loading class sun/nio/cs/StreamDecoder done
Event: 0.856 loading class sun/nio/cs/UTF_8$Decoder
Event: 0.856 loading class sun/nio/cs/UTF_8$Decoder done
Event: 0.856 loading class java/nio/charset/CoderResult
Event: 0.856 loading class java/nio/charset/CoderResult done
Event: 0.867 loading class java/util/Random
Event: 0.867 loading class java/util/random/RandomGenerator
Event: 0.867 loading class java/util/random/RandomGenerator done
Event: 0.867 loading class java/util/Random done
Event: 0.868 loading class java/util/UUID
Event: 0.868 loading class java/util/UUID done
Event: 0.868 loading class java/util/concurrent/atomic/AtomicBoolean
Event: 0.868 loading class java/util/concurrent/atomic/AtomicBoolean done
Event: 0.869 loading class java/lang/invoke/VarHandleInts$FieldInstanceReadWrite
Event: 0.869 loading class java/lang/invoke/VarHandleInts$FieldInstanceReadOnly
Event: 0.869 loading class java/lang/invoke/VarHandleInts$FieldInstanceReadOnly done
Event: 0.869 loading class java/lang/invoke/VarHandleInts$FieldInstanceReadWrite done


Dynamic libraries:
0x00007ff6f4030000 - 0x00007ff6f403e000 	c:\Users\ASUS\.vscode\extensions\redhat.java-1.13.0-win32-x64\jre\17.0.5-win32-x86_64\bin\java.exe
0x00007ffe83860000 - 0x00007ffe83a69000 	C:\WINDOWS\SYSTEM32\ntdll.dll
0x00007ffe818a0000 - 0x00007ffe8195e000 	C:\WINDOWS\System32\KERNEL32.DLL
0x00007ffe80e50000 - 0x00007ffe811cb000 	C:\WINDOWS\System32\KERNELBASE.dll
0x00007ffe81240000 - 0x00007ffe81351000 	C:\WINDOWS\System32\ucrtbase.dll
0x00007ffe72a30000 - 0x00007ffe72a47000 	c:\Users\ASUS\.vscode\extensions\redhat.java-1.13.0-win32-x64\jre\17.0.5-win32-x86_64\bin\jli.dll
0x00007ffe692f0000 - 0x00007ffe69309000 	c:\Users\ASUS\.vscode\extensions\redhat.java-1.13.0-win32-x64\jre\17.0.5-win32-x86_64\bin\VCRUNTIME140.dll
0x00007ffe82db0000 - 0x00007ffe82f5d000 	C:\WINDOWS\System32\USER32.dll
0x00007ffe69040000 - 0x00007ffe692e5000 	C:\WINDOWS\WinSxS\amd64_microsoft.windows.common-controls_6595b64144ccf1df_6.0.22000.120_none_9d947278b86cc467\COMCTL32.dll
0x00007ffe82f60000 - 0x00007ffe83003000 	C:\WINDOWS\System32\msvcrt.dll
0x00007ffe815f0000 - 0x00007ffe81616000 	C:\WINDOWS\System32\win32u.dll
0x00007ffe81ee0000 - 0x00007ffe81f09000 	C:\WINDOWS\System32\GDI32.dll
0x00007ffe80d30000 - 0x00007ffe80e48000 	C:\WINDOWS\System32\gdi32full.dll
0x00007ffe81360000 - 0x00007ffe813fd000 	C:\WINDOWS\System32\msvcp_win.dll
0x00007ffe81980000 - 0x00007ffe819b2000 	C:\WINDOWS\System32\IMM32.DLL
0x00007ffe77b10000 - 0x00007ffe77b1c000 	c:\Users\ASUS\.vscode\extensions\redhat.java-1.13.0-win32-x64\jre\17.0.5-win32-x86_64\bin\vcruntime140_1.dll
0x00007ffe35b10000 - 0x00007ffe35ba1000 	c:\Users\ASUS\.vscode\extensions\redhat.java-1.13.0-win32-x64\jre\17.0.5-win32-x86_64\bin\msvcp140.dll
0x00007ffde7430000 - 0x00007ffde8074000 	c:\Users\ASUS\.vscode\extensions\redhat.java-1.13.0-win32-x64\jre\17.0.5-win32-x86_64\bin\server\jvm.dll
0x00007ffe81e30000 - 0x00007ffe81ede000 	C:\WINDOWS\System32\ADVAPI32.dll
0x00007ffe81d90000 - 0x00007ffe81e2e000 	C:\WINDOWS\System32\sechost.dll
0x00007ffe819d0000 - 0x00007ffe81af0000 	C:\WINDOWS\System32\RPCRT4.dll
0x00007ffe78d90000 - 0x00007ffe78dc3000 	C:\WINDOWS\SYSTEM32\WINMM.dll
0x00007ffe792c0000 - 0x00007ffe792c9000 	C:\WINDOWS\SYSTEM32\WSOCK32.dll
0x00007ffe837a0000 - 0x00007ffe8380f000 	C:\WINDOWS\System32\WS2_32.dll
0x00007ffe77dd0000 - 0x00007ffe77dda000 	C:\WINDOWS\SYSTEM32\VERSION.dll
0x00007ffe7fea0000 - 0x00007ffe7feb8000 	C:\WINDOWS\SYSTEM32\kernel.appcore.dll
0x00007ffe72d40000 - 0x00007ffe72d4a000 	c:\Users\ASUS\.vscode\extensions\redhat.java-1.13.0-win32-x64\jre\17.0.5-win32-x86_64\bin\jimage.dll
0x00007ffe7e6f0000 - 0x00007ffe7e911000 	C:\WINDOWS\SYSTEM32\DBGHELP.DLL
0x00007ffe72ce0000 - 0x00007ffe72d11000 	C:\WINDOWS\SYSTEM32\dbgcore.DLL
0x00007ffe81570000 - 0x00007ffe815ef000 	C:\WINDOWS\System32\bcryptPrimitives.dll
0x00007ffe68b10000 - 0x00007ffe68b1e000 	c:\Users\ASUS\.vscode\extensions\redhat.java-1.13.0-win32-x64\jre\17.0.5-win32-x86_64\bin\instrument.dll
0x00007ffe4ea10000 - 0x00007ffe4ea35000 	c:\Users\ASUS\.vscode\extensions\redhat.java-1.13.0-win32-x64\jre\17.0.5-win32-x86_64\bin\java.dll
0x00007ffe60e70000 - 0x00007ffe60e88000 	c:\Users\ASUS\.vscode\extensions\redhat.java-1.13.0-win32-x64\jre\17.0.5-win32-x86_64\bin\zip.dll
0x00007ffe82450000 - 0x00007ffe82c08000 	C:\WINDOWS\System32\SHELL32.dll
0x00007ffe7ee30000 - 0x00007ffe7f695000 	C:\WINDOWS\SYSTEM32\windows.storage.dll
0x00007ffe81fa0000 - 0x00007ffe82318000 	C:\WINDOWS\System32\combase.dll
0x00007ffe7ecc0000 - 0x00007ffe7ee26000 	C:\WINDOWS\SYSTEM32\wintypes.dll
0x00007ffe81af0000 - 0x00007ffe81bda000 	C:\WINDOWS\System32\SHCORE.dll
0x00007ffe823e0000 - 0x00007ffe8243d000 	C:\WINDOWS\System32\shlwapi.dll
0x00007ffe80c60000 - 0x00007ffe80c81000 	C:\WINDOWS\SYSTEM32\profapi.dll
0x00007ffe3de00000 - 0x00007ffe3de19000 	C:\Users\ASUS\.vscode\extensions\redhat.java-1.13.0-win32-x64\jre\17.0.5-win32-x86_64\bin\net.dll
0x00007ffe7a220000 - 0x00007ffe7a334000 	C:\WINDOWS\SYSTEM32\WINHTTP.dll
0x00007ffe80340000 - 0x00007ffe803a7000 	C:\WINDOWS\system32\mswsock.dll
0x00007ffe3d3a0000 - 0x00007ffe3d3b5000 	C:\Users\ASUS\.vscode\extensions\redhat.java-1.13.0-win32-x64\jre\17.0.5-win32-x86_64\bin\nio.dll
0x00007ffe41ae0000 - 0x00007ffe41af0000 	c:\Users\ASUS\.vscode\extensions\redhat.java-1.13.0-win32-x64\jre\17.0.5-win32-x86_64\bin\verify.dll

dbghelp: loaded successfully - version: 4.0.5 - missing functions: none
symbol engine: initialized successfully - sym options: 0x614 - pdb path: .;c:\Users\ASUS\.vscode\extensions\redhat.java-1.13.0-win32-x64\jre\17.0.5-win32-x86_64\bin;C:\WINDOWS\SYSTEM32;C:\WINDOWS\WinSxS\amd64_microsoft.windows.common-controls_6595b64144ccf1df_6.0.22000.120_none_9d947278b86cc467;c:\Users\ASUS\.vscode\extensions\redhat.java-1.13.0-win32-x64\jre\17.0.5-win32-x86_64\bin\server

VM Arguments:
jvm_args: --add-modules=ALL-SYSTEM --add-opens=java.base/java.util=ALL-UNNAMED --add-opens=java.base/java.lang=ALL-UNNAMED --add-opens=java.base/sun.nio.fs=ALL-UNNAMED -Declipse.application=org.eclipse.jdt.ls.core.id1 -Dosgi.bundles.defaultStartLevel=4 -Declipse.product=org.eclipse.jdt.ls.core.product -Djava.import.generatesMetadataFilesAtProjectRoot=false -Dfile.encoding=utf8 -XX:+UseParallelGC -XX:GCTimeRatio=4 -XX:AdaptiveSizePolicyWeight=90 -Dsun.zip.disableMemoryMapping=true -Xmx1G -Xms100m -Xlog:disable -javaagent:c:\Users\ASUS\.vscode\extensions\redhat.java-1.13.0-win32-x64\lombok\lombok-1.18.24.jar 
java_command: c:\Users\ASUS\.vscode\extensions\redhat.java-1.13.0-win32-x64\server\plugins\org.eclipse.equinox.launcher_1.6.400.v20210924-0641.jar -configuration c:\Users\ASUS\AppData\Roaming\Code\User\globalStorage\redhat.java\1.13.0\config_ss_win -data c:\Users\ASUS\AppData\Roaming\Code\User\workspaceStorage\dc75c2024dce7e6bf4a5bba81795df38\redhat.java\ss_ws
java_class_path (initial): c:\Users\ASUS\.vscode\extensions\redhat.java-1.13.0-win32-x64\server\plugins\org.eclipse.equinox.launcher_1.6.400.v20210924-0641.jar
Launcher Type: SUN_STANDARD

[Global flags]
    uintx AdaptiveSizePolicyWeight                 = 90                                        {product} {command line}
     intx CICompilerCount                          = 4                                         {product} {ergonomic}
    uintx GCTimeRatio                              = 4                                         {product} {command line}
   size_t InitialHeapSize                          = 104857600                                 {product} {command line}
   size_t MaxHeapSize                              = 1073741824                                {product} {command line}
   size_t MaxNewSize                               = 357564416                                 {product} {ergonomic}
   size_t MinHeapDeltaBytes                        = 524288                                    {product} {ergonomic}
   size_t MinHeapSize                              = 104857600                                 {product} {command line}
   size_t NewSize                                  = 34603008                                  {product} {ergonomic}
    uintx NonNMethodCodeHeapSize                   = 5839372                                {pd product} {ergonomic}
    uintx NonProfiledCodeHeapSize                  = 122909434                              {pd product} {ergonomic}
   size_t OldSize                                  = 70254592                                  {product} {ergonomic}
    uintx ProfiledCodeHeapSize                     = 122909434                              {pd product} {ergonomic}
    uintx ReservedCodeCacheSize                    = 251658240                              {pd product} {ergonomic}
     bool SegmentedCodeCache                       = true                                      {product} {ergonomic}
   size_t SoftMaxHeapSize                          = 1073741824                             {manageable} {ergonomic}
     bool UseCompressedClassPointers               = true                           {product lp64_product} {ergonomic}
     bool UseCompressedOops                        = true                           {product lp64_product} {ergonomic}
     bool UseLargePagesIndividualAllocation        = false                                  {pd product} {ergonomic}
     bool UseParallelGC                            = true                                      {product} {command line}

Logging:
Log output configuration:
 #0: stdout all=off uptime,level,tags
 #1: stderr all=off uptime,level,tags

Environment Variables:
JAVA_HOME=C:\Program Files\OpenJDK\openjdk-11.0.16_8
PATH=C:\Program Files (x86)\Common Files\Oracle\Java\javapath;C:\Program Files\Common Files\Oracle\Java\javapath;C:\Windows\system32;C:\Windows;C:\Windows\System32\Wbem;C:\Windows\System32\WindowsPowerShell\v1.0\;C:\Windows\System32\OpenSSH\;C:\Program Files (x86)\NVIDIA Corporation\PhysX\Common;C:\Program Files\dotnet\;C:\Program Files\Microsoft SQL Server\130\Tools\Binn\;C:\Program Files\Microsoft SQL Server\Client SDK\ODBC\170\Tools\Binn\;C:\Program Files (x86)\Microsoft SQL Server\150\Tools\Binn\;C:\Program Files\Microsoft SQL Server\150\Tools\Binn\;C:\Program Files\Microsoft SQL Server\150\DTS\Binn\;C:\Program Files (x86)\Microsoft SQL Server\150\DTS\Binn\;C:\Program Files (x86)\dotnet\;D:\Temp\bin;C:\Program Files\OpenJDK\openjdk-11.0.16_8\bin;C:\hadoop\hadoop-2.6.0;C:\hadoop\hadoop-2.6.0\bin;C:\hadoop\hadoop-2.6.0\sbin;C:\WINDOWS\system32;C:\WINDOWS;C:\WINDOWS\System32\Wbem;C:\WINDOWS\System32\WindowsPowerShell\v1.0\;C:\WINDOWS\System32\OpenSSH\;C:\Program Files\Git\cmd;C:\ProgramData\chocolatey\bin;C:\Program Files\nodejs\;C:\xampp\php;C:\composer;C:\Program Files (x86)\STMicroelectronics\STM32 ST-LINK Utility\ST-LINK Utility;C:\Users\ASUS\AppData\Local\Programs\Python\Python310\Scripts\;C:\Users\ASUS\AppData\Local\Programs\Python\Python310\;C:\Program Files\MySQL\MySQL Shell 8.0\bin\;C:\Users\ASUS\AppData\Local\Microsoft\WindowsApps;C:\Users\ASUS\AppData\Local\Programs\Microsoft VS Code\bin;C:\Users\ASUS\.dotnet\tools;C:\Program Files\Azure Data Studio\bin;C:\Users\ASUS\AppData\Local\Android\sdk\platform-tools;C:\Program Files\Java\jdk-11.0.15;C:\Users\ASUS\AppData\Roaming\npm;C:\Users\ASUS\AppData\Roaming\Composer\vendor\bin
USERNAME=ASUS
OS=Windows_NT
PROCESSOR_IDENTIFIER=Intel64 Family 6 Model 140 Stepping 1, GenuineIntel
TMP=C:\Users\ASUS\AppData\Local\Temp
TEMP=C:\Users\ASUS\AppData\Local\Temp



---------------  S Y S T E M  ---------------

OS:
 Windows 11 , 64 bit Build 22000 (10.0.22000.1219)
OS uptime: 0 days 1:37 hours

CPU: total 8 (initial active 8) (4 cores per cpu, 2 threads per core) family 6 model 140 stepping 1 microcode 0x86, cx8, cmov, fxsr, ht, mmx, 3dnowpref, sse, sse2, sse3, ssse3, sse4.1, sse4.2, popcnt, lzcnt, tsc, tscinvbit, avx, avx2, aes, erms, clmul, bmi1, bmi2, adx, avx512f, avx512dq, avx512cd, avx512bw, avx512vl, sha, fma, vzeroupper, avx512_vpopcntdq, avx512_vpclmulqdq, avx512_vaes, avx512_vnni, clflush, clflushopt, clwb, avx512_vbmi2, avx512_vbmi

Memory: 4k page, system-wide physical 7873M (434M free)
TotalPageFile size 13519M (AvailPageFile size 10M)
current process WorkingSet (physical memory assigned to process): 70M, peak: 70M
current process commit charge ("private bytes"): 198M, peak: 199M

vm_info: OpenJDK 64-Bit Server VM (17.0.5+8) for windows-amd64 JRE (17.0.5+8), built on Oct 19 2022 04:48:13 by "temurin" with MS VC++ 16.7 (VS2019)

END.
