#
# There is insufficient memory for the Java Runtime Environment to continue.
# Native memory allocation (malloc) failed to allocate 1048576 bytes for AllocateHeap
# Possible reasons:
#   The system is out of physical RAM or swap space
#   The process is running with CompressedOops enabled, and the Java Heap may be blocking the growth of the native heap
# Possible solutions:
#   Reduce memory load on the system
#   Increase physical memory or swap space
#   Check if swap backing store is full
#   Decrease Java heap size (-Xmx/-Xms)
#   Decrease number of Java threads
#   Decrease Java thread stack sizes (-Xss)
#   Set larger code cache with -XX:ReservedCodeCacheSize=
#   JVM is running with Unscaled Compressed Oops mode in which the Java heap is
#     placed in the first 4GB address space. The Java Heap base address is the
#     maximum limit for the native heap growth. Please use -XX:HeapBaseMinAddress
#     to set the Java Heap base and to place the Java Heap above 4GB virtual address.
# This output file may be truncated or incomplete.
#
#  Out of Memory Error (./src/hotspot/share/memory/allocation.cpp:46), pid=10064, tid=4336
#
# JRE version:  (11.0.16+8) (build )
# Java VM: OpenJDK 64-Bit Server VM (11.0.16+8, mixed mode, sharing, tiered, compressed oops, g1 gc, windows-amd64)
# No core dump will be written. Minidumps are not enabled by default on client versions of Windows
#

---------------  S U M M A R Y ------------

Command Line: -Xmx64m -Xms64m -Dorg.gradle.appname=gradlew org.gradle.wrapper.GradleWrapperMain app:installDebug -PreactNativeDevServerPort=8081

Host: 11th Gen Intel(R) Core(TM) i5-1135G7 @ 2.40GHz, 8 cores, 7G,  Windows 11 , 64 bit Build 22000 (10.0.22000.708)
Time: Sat Nov  5 09:03:02 2022 SE Asia Standard Time elapsed time: 0.010415 seconds (0d 0h 0m 0s)

---------------  T H R E A D  ---------------

Current thread (0x000001fa74f42800):  JavaThread "Unknown thread" [_thread_in_vm, id=4336, stack(0x00000069c6e00000,0x00000069c6f00000)]

Stack: [0x00000069c6e00000,0x00000069c6f00000]
Native frames: (J=compiled Java code, j=interpreted, Vv=VM code, C=native code)
V  [jvm.dll+0x61a63a]
V  [jvm.dll+0x757439]
V  [jvm.dll+0x758b28]
V  [jvm.dll+0x759203]
V  [jvm.dll+0x24d9a8]
V  [jvm.dll+0xb8454]
V  [jvm.dll+0x2dddc8]
V  [jvm.dll+0x731407]
V  [jvm.dll+0x732b9f]
V  [jvm.dll+0x35cb99]
V  [jvm.dll+0x7142b0]
V  [jvm.dll+0x3ca5ef]
V  [jvm.dll+0x3cc7a1]
C  [jli.dll+0x5207]
C  [ucrtbase.dll+0x26c0c]
C  [KERNEL32.DLL+0x154e0]
C  [ntdll.dll+0x485b]


---------------  P R O C E S S  ---------------

Threads class SMR info:
_java_thread_list=0x000001fa72cb82a0, length=0, elements={
}

Java Threads: ( => current thread )

Other Threads:

=>0x000001fa74f42800 (exited) JavaThread "Unknown thread" [_thread_in_vm, id=4336, stack(0x00000069c6e00000,0x00000069c6f00000)]

Threads with active compile tasks:

VM state:not at safepoint (not fully initialized)

VM Mutex/Monitor currently owned by a thread: None


[error occurred during error reporting (printing compressed oops mode), id 0xc0000005, EXCEPTION_ACCESS_VIOLATION (0xc0000005) at pc=0x00007ff9c6c621e7]

GC Heap History (0 events):
No events

Deoptimization events (0 events):
No events

Classes redefined (0 events):
No events

Internal exceptions (0 events):
No events

Events (1 events):
Event: 0.005 Loaded shared library C:\Program Files\OpenJDK\openjdk-11.0.16_8\bin\zip.dll


Dynamic libraries:
0x00007ff6c2680000 - 0x00007ff6c268d000 	C:\Program Files\OpenJDK\openjdk-11.0.16_8\bin\java.exe
0x00007ffa64d60000 - 0x00007ffa64f69000 	C:\WINDOWS\SYSTEM32\ntdll.dll
0x00007ffa63330000 - 0x00007ffa633ed000 	C:\WINDOWS\System32\KERNEL32.DLL
0x00007ffa622f0000 - 0x00007ffa6266b000 	C:\WINDOWS\System32\KERNELBASE.dll
0x00007ffa62950000 - 0x00007ffa62a61000 	C:\WINDOWS\System32\ucrtbase.dll
0x00007ffa41ca0000 - 0x00007ffa41cb5000 	C:\Program Files\OpenJDK\openjdk-11.0.16_8\bin\VCRUNTIME140.dll
0x00007ffa41c80000 - 0x00007ffa41c97000 	C:\Program Files\OpenJDK\openjdk-11.0.16_8\bin\jli.dll
0x00007ffa630f0000 - 0x00007ffa6329d000 	C:\WINDOWS\System32\USER32.dll
0x00007ffa475b0000 - 0x00007ffa47855000 	C:\WINDOWS\WinSxS\amd64_microsoft.windows.common-controls_6595b64144ccf1df_6.0.22000.120_none_9d947278b86cc467\COMCTL32.dll
0x00007ffa62670000 - 0x00007ffa62696000 	C:\WINDOWS\System32\win32u.dll
0x00007ffa636f0000 - 0x00007ffa63793000 	C:\WINDOWS\System32\msvcrt.dll
0x00007ffa64cd0000 - 0x00007ffa64cf9000 	C:\WINDOWS\System32\GDI32.dll
0x00007ffa626a0000 - 0x00007ffa627b8000 	C:\WINDOWS\System32\gdi32full.dll
0x00007ffa627c0000 - 0x00007ffa6285d000 	C:\WINDOWS\System32\msvcp_win.dll
0x00007ffa64c90000 - 0x00007ffa64cc1000 	C:\WINDOWS\System32\IMM32.DLL
0x00007ff9fdc90000 - 0x00007ff9fdd2b000 	C:\Program Files\OpenJDK\openjdk-11.0.16_8\bin\msvcp140.dll
0x00007ff9c6530000 - 0x00007ff9c703e000 	C:\Program Files\OpenJDK\openjdk-11.0.16_8\bin\server\jvm.dll
0x00007ffa637a0000 - 0x00007ffa6384e000 	C:\WINDOWS\System32\ADVAPI32.dll
0x00007ffa64990000 - 0x00007ffa64a2e000 	C:\WINDOWS\System32\sechost.dll
0x00007ffa64a30000 - 0x00007ffa64b50000 	C:\WINDOWS\System32\RPCRT4.dll
0x00007ffa62d10000 - 0x00007ffa62d18000 	C:\WINDOWS\System32\PSAPI.DLL
0x00007ffa594e0000 - 0x00007ffa594e9000 	C:\WINDOWS\SYSTEM32\WSOCK32.dll
0x00007ffa59310000 - 0x00007ffa5931a000 	C:\WINDOWS\SYSTEM32\VERSION.dll
0x00007ffa62ca0000 - 0x00007ffa62d0f000 	C:\WINDOWS\System32\WS2_32.dll
0x00007ffa59f90000 - 0x00007ffa59fc3000 	C:\WINDOWS\SYSTEM32\WINMM.dll
0x00007ffa613a0000 - 0x00007ffa613b8000 	C:\WINDOWS\SYSTEM32\kernel.appcore.dll
0x00007ffa59da0000 - 0x00007ffa59db0000 	C:\Program Files\OpenJDK\openjdk-11.0.16_8\bin\verify.dll
0x00007ffa5fbf0000 - 0x00007ffa5fe11000 	C:\WINDOWS\SYSTEM32\DBGHELP.DLL
0x00007ffa54250000 - 0x00007ffa54281000 	C:\WINDOWS\SYSTEM32\dbgcore.DLL
0x00007ffa62860000 - 0x00007ffa628df000 	C:\WINDOWS\System32\bcryptPrimitives.dll
0x00007ffa11570000 - 0x00007ffa11598000 	C:\Program Files\OpenJDK\openjdk-11.0.16_8\bin\java.dll
0x00007ffa52860000 - 0x00007ffa5286a000 	C:\Program Files\OpenJDK\openjdk-11.0.16_8\bin\jimage.dll
0x00007ffa11550000 - 0x00007ffa11568000 	C:\Program Files\OpenJDK\openjdk-11.0.16_8\bin\zip.dll

dbghelp: loaded successfully - version: 4.0.5 - missing functions: none
symbol engine: initialized successfully - sym options: 0x614 - pdb path: .;C:\Program Files\OpenJDK\openjdk-11.0.16_8\bin;C:\WINDOWS\SYSTEM32;C:\WINDOWS\WinSxS\amd64_microsoft.windows.common-controls_6595b64144ccf1df_6.0.22000.120_none_9d947278b86cc467;C:\Program Files\OpenJDK\openjdk-11.0.16_8\bin\server

VM Arguments:
jvm_args: -Xmx64m -Xms64m -Dorg.gradle.appname=gradlew 
java_command: org.gradle.wrapper.GradleWrapperMain app:installDebug -PreactNativeDevServerPort=8081
java_class_path (initial): C:\Users\ASUS\Documents\React-Native\PBL_6_Mobile\android\\gradle\wrapper\gradle-wrapper.jar
Launcher Type: SUN_STANDARD

[Global flags]
     intx CICompilerCount                          = 4                                         {product} {ergonomic}
     uint G1ConcRefinementThreads                  = 8                                         {product} {ergonomic}
   size_t G1HeapRegionSize                         = 1048576                                   {product} {ergonomic}
    uintx GCDrainStackTargetSize                   = 64                                        {product} {ergonomic}
   size_t InitialHeapSize                          = 67108864                                  {product} {command line}
   size_t MaxHeapSize                              = 67108864                                  {product} {command line}
   size_t MinHeapDeltaBytes                        = 1048576                                   {product} {ergonomic}
    uintx NonNMethodCodeHeapSize                   = 5836300                                {pd product} {ergonomic}
    uintx NonProfiledCodeHeapSize                  = 122910970                              {pd product} {ergonomic}
    uintx ProfiledCodeHeapSize                     = 122910970                              {pd product} {ergonomic}
    uintx ReservedCodeCacheSize                    = 251658240                              {pd product} {ergonomic}
     bool SegmentedCodeCache                       = true                                      {product} {ergonomic}
     bool UseCompressedClassPointers               = true                                 {lp64_product} {ergonomic}
     bool UseCompressedOops                        = true                                 {lp64_product} {ergonomic}
     bool UseG1GC                                  = true                                      {product} {ergonomic}
     bool UseLargePagesIndividualAllocation        = false                                  {pd product} {ergonomic}

Logging:
Log output configuration:
 #0: stdout all=warning uptime,level,tags
 #1: stderr all=off uptime,level,tags

Environment Variables:
JAVA_HOME=C:\Program Files\OpenJDK\openjdk-11.0.16_8
CLASSPATH=C:\Users\ASUS\Documents\React-Native\PBL_6_Mobile\android\\gradle\wrapper\gradle-wrapper.jar
PATH=C:\Users\ASUS\Documents\React-Native\PBL_6_Mobile\android\node_modules\.bin;C:\Users\ASUS\Documents\React-Native\PBL_6_Mobile\node_modules\.bin;C:\Users\ASUS\Documents\React-Native\node_modules\.bin;C:\Users\ASUS\Documents\node_modules\.bin;C:\Users\ASUS\node_modules\.bin;C:\Users\node_modules\.bin;C:\node_modules\.bin;C:\Program Files\nodejs;C:\Users\ASUS\Documents\React-Native\PBL_6_Mobile\node_modules\.bin;C:\Users\ASUS\Documents\React-Native\node_modules\.bin;C:\Users\ASUS\Documents\node_modules\.bin;C:\Users\ASUS\node_modules\.bin;C:\Users\node_modules\.bin;C:\node_modules\.bin;C:\Program Files\nodejs\node_modules\npm\node_modules\@npmcli\run-script\lib\node-gyp-bin;C:\Program Files (x86)\Common Files\Oracle\Java\javapath;C:\Program Files\Common Files\Oracle\Java\javapath;C:\Windows\system32;C:\Windows;C:\Windows\System32\Wbem;C:\Windows\System32\WindowsPowerShell\v1.0\;C:\Windows\System32\OpenSSH\;C:\Program Files (x86)\NVIDIA Corporation\PhysX\Common;C:\Program Files\dotnet\;C:\Program Files\Microsoft SQL Server\130\Tools\Binn\;C:\Program Files\Microsoft SQL Server\Client SDK\ODBC\170\Tools\Binn\;C:\Program Files (x86)\Microsoft SQL Server\150\Tools\Binn\;C:\Program Files\Microsoft SQL Server\150\Tools\Binn\;C:\Program Files\Microsoft SQL Server\150\DTS\Binn\;C:\Program Files (x86)\Microsoft SQL Server\150\DTS\Binn\;C:\Program Files (x86)\dotnet\;D:\Temp\bin;C:\Program Files\OpenJDK\openjdk-11.0.16_8\bin;C:\hadoop\hadoop-2.6.0;C:\hadoop\hadoop-2.6.0\bin;C:\hadoop\hadoop-2.6.0\sbin;C:\WINDOWS\system32;C:\WINDOWS;C:\WINDOWS\System32\Wbem;C:\WINDOWS\System32\WindowsPowerShell\v1.0\;C:\WINDOWS\System32\OpenSSH\;C:\Program Files\Git\cmd;C:\ProgramData\chocolatey\bin;C:\Program Files\nodejs\;C:\xampp\php;C:\composer;C:\Users\ASUS\AppData\Local\Programs\Python\Python310\Scripts\;C:\Users\ASUS\AppData\Local\Programs\Python\Python310\;C:\Program Files\MySQL\MySQL Shell 8.0\bin\;C:\Users\ASUS\AppData\Local\Microsoft\WindowsApps;C:\Users\ASUS\AppData\Local\Programs\Mi
USERNAME=ASUS
LANG=en_US.UTF-8
OS=Windows_NT
PROCESSOR_IDENTIFIER=Intel64 Family 6 Model 140 Stepping 1, GenuineIntel
TMP=C:\Users\ASUS\AppData\Local\Temp
TEMP=C:\Users\ASUS\AppData\Local\Temp



---------------  S Y S T E M  ---------------

OS: Windows 11 , 64 bit Build 22000 (10.0.22000.708)
OS uptime: 7 days 9:00 hours

CPU:total 8 (initial active 8) (4 cores per cpu, 2 threads per core) family 6 model 140 stepping 1 microcode 0x86, cmov, cx8, fxsr, mmx, sse, sse2, sse3, ssse3, sse4.1, sse4.2, popcnt, avx, avx2, aes, clmul, erms, 3dnowpref, lzcnt, ht, tsc, tscinvbit, bmi1, bmi2, adx, evex, sha, fma

Memory: 4k page, system-wide physical 7873M (574M free)
TotalPageFile size 13519M (AvailPageFile size 4M)
current process WorkingSet (physical memory assigned to process): 9M, peak: 9M
current process commit charge ("private bytes"): 12M, peak: 13M

vm_info: OpenJDK 64-Bit Server VM (11.0.16+8) for windows-amd64 JRE (11.0.16+8), built on Jul 17 2022 01:33:05 by "tester" with MS VC++ 15.9 (VS2017)

END.
