#
# There is insufficient memory for the Java Runtime Environment to continue.
# Native memory allocation (malloc) failed to allocate 1048576 bytes for AllocateHeap
# Possible reasons:
#   The system is out of physical RAM or swap space
#   The process is running with CompressedOops enabled, and the Java Heap may be blocking the growth of the native heap
# Possible solutions:
#   Reduce memory load on the system
#   Increase physical memory or swap space
#   Check if swap backing store is full
#   Decrease Java heap size (-Xmx/-Xms)
#   Decrease number of Java threads
#   Decrease Java thread stack sizes (-Xss)
#   Set larger code cache with -XX:ReservedCodeCacheSize=
#   JVM is running with Unscaled Compressed Oops mode in which the Java heap is
#     placed in the first 4GB address space. The Java Heap base address is the
#     maximum limit for the native heap growth. Please use -XX:HeapBaseMinAddress
#     to set the Java Heap base and to place the Java Heap above 4GB virtual address.
# This output file may be truncated or incomplete.
#
#  Out of Memory Error (./src/hotspot/share/memory/allocation.cpp:46), pid=14312, tid=23372
#
# JRE version: OpenJDK Runtime Environment 18.9 (11.0.16+8) (build 11.0.16+8)
# Java VM: OpenJDK 64-Bit Server VM 18.9 (11.0.16+8, mixed mode, tiered, compressed oops, g1 gc, windows-amd64)
# No core dump will be written. Minidumps are not enabled by default on client versions of Windows
#

---------------  S U M M A R Y ------------

Command Line: -XX:MaxMetaspaceSize=512m --add-opens=java.base/java.util=ALL-UNNAMED --add-opens=java.base/java.lang=ALL-UNNAMED --add-opens=java.base/java.lang.invoke=ALL-UNNAMED --add-opens=java.base/java.util=ALL-UNNAMED --add-opens=java.prefs/java.util.prefs=ALL-UNNAMED --add-opens=java.prefs/java.util.prefs=ALL-UNNAMED --add-opens=java.base/java.nio.charset=ALL-UNNAMED --add-opens=java.base/java.net=ALL-UNNAMED --add-opens=java.base/java.util.concurrent.atomic=ALL-UNNAMED -Xmx2048m -Dfile.encoding=windows-1252 -Duser.country=US -Duser.language=en -Duser.variant org.gradle.launcher.daemon.bootstrap.GradleDaemon 7.5.1

Host: 11th Gen Intel(R) Core(TM) i5-1135G7 @ 2.40GHz, 8 cores, 7G,  Windows 11 , 64 bit Build 22000 (10.0.22000.708)
Time: Wed Nov 23 09:28:10 2022 SE Asia Standard Time elapsed time: 5224.403474 seconds (0d 1h 27m 4s)

---------------  T H R E A D  ---------------

Current thread (0x00000285ac7f9000):  VMThread "VM Thread" [stack: 0x000000d80a100000,0x000000d80a200000] [id=23372]

Stack: [0x000000d80a100000,0x000000d80a200000]
[error occurred during error reporting (printing stack bounds), id 0xc0000005, EXCEPTION_ACCESS_VIOLATION (0xc0000005) at pc=0x00000285956d12e7]

Native frames: (J=compiled Java code, j=interpreted, Vv=VM code, C=native code)
V  [jvm.dll+0x61a63a]
V  [jvm.dll+0x757439]
V  [jvm.dll+0x758b28]
V  [jvm.dll+0x759165]
V  [jvm.dll+0x75911b]
V  [jvm.dll+0x6199c7]
V  [jvm.dll+0x61a0d8]
C  [ntdll.dll+0xa8b1f]
C  [ntdll.dll+0x35b9a]
C  [ntdll.dll+0xa7b2e]
C  0x00000285956d12e7

VM_Operation (0x000000d80acf8e90): CollectForMetadataAllocation, mode: safepoint, requested by thread 0x00000285b36b3000


---------------  P R O C E S S  ---------------

Threads class SMR info:
_java_thread_list=0x00000285b4d5f530, length=46, elements={
0x000002858b7a5800, 0x00000285ac7fc000, 0x00000285ac806800, 0x00000285ac81f000,
0x00000285ac821800, 0x00000285ac822800, 0x00000285ac823800, 0x00000285ac828800,
0x00000285ac82a800, 0x00000285ad2eb000, 0x00000285afd4a000, 0x00000285af307800,
0x00000285b04ca800, 0x00000285af18d000, 0x00000285af190800, 0x00000285af18e000,
0x00000285af192000, 0x00000285af18f800, 0x00000285af191000, 0x00000285b10a2800,
0x00000285b10a5000, 0x00000285b10a0000, 0x00000285b10a6800, 0x00000285b10a1000,
0x00000285b10a7800, 0x00000285b10a1800, 0x00000285b10a8800, 0x00000285b36b4800,
0x00000285b2837000, 0x00000285b1433000, 0x00000285b2ee4000, 0x00000285b2ee6800,
0x00000285b2ee9000, 0x00000285b2ee3000, 0x00000285ae37d800, 0x00000285b36b4000,
0x00000285b36b3000, 0x00000285b1436000, 0x00000285baf6e000, 0x00000285baf65800,
0x00000285baf66800, 0x00000285baf61800, 0x00000285baf65000, 0x00000285baf68000,
0x00000285baf63000, 0x00000285baf62800
}

Java Threads: ( => current thread )
  0x000002858b7a5800 JavaThread "main" [_thread_blocked, id=2012, stack(0x000000d809b00000,0x000000d809c00000)]
  0x00000285ac7fc000 JavaThread "Reference Handler" daemon [_thread_blocked, id=16232, stack(0x000000d80a200000,0x000000d80a300000)]
  0x00000285ac806800 JavaThread "Finalizer" daemon [_thread_blocked, id=4196, stack(0x000000d80a300000,0x000000d80a400000)]
  0x00000285ac81f000 JavaThread "Signal Dispatcher" daemon [_thread_blocked, id=16868, stack(0x000000d80a400000,0x000000d80a500000)]
  0x00000285ac821800 JavaThread "Attach Listener" daemon [_thread_blocked, id=11292, stack(0x000000d80a500000,0x000000d80a600000)]
  0x00000285ac822800 JavaThread "Service Thread" daemon [_thread_blocked, id=23316, stack(0x000000d80a600000,0x000000d80a700000)]
  0x00000285ac823800 JavaThread "C2 CompilerThread0" daemon [_thread_blocked, id=20524, stack(0x000000d80a700000,0x000000d80a800000)]
  0x00000285ac828800 JavaThread "C1 CompilerThread0" daemon [_thread_blocked, id=9996, stack(0x000000d80a800000,0x000000d80a900000)]
  0x00000285ac82a800 JavaThread "Sweeper thread" daemon [_thread_blocked, id=24456, stack(0x000000d80a900000,0x000000d80aa00000)]
  0x00000285ad2eb000 JavaThread "Common-Cleaner" daemon [_thread_blocked, id=19828, stack(0x000000d80aa00000,0x000000d80ab00000)]
  0x00000285afd4a000 JavaThread "Daemon health stats" [_thread_blocked, id=3928, stack(0x000000d80af00000,0x000000d80b000000)]
  0x00000285af307800 JavaThread "Incoming local TCP Connector on port 55361" [_thread_in_native, id=17628, stack(0x000000d80ae00000,0x000000d80af00000)]
  0x00000285b04ca800 JavaThread "Daemon periodic checks" [_thread_blocked, id=16344, stack(0x000000d80b000000,0x000000d80b100000)]
  0x00000285af18d000 JavaThread "Cache worker for journal cache (C:\Users\ASUS\.gradle\caches\journal-1)" [_thread_blocked, id=5968, stack(0x000000d80bf00000,0x000000d80c000000)]
  0x00000285af190800 JavaThread "File lock request listener" [_thread_in_native, id=16060, stack(0x000000d80c000000,0x000000d80c100000)]
  0x00000285af18e000 JavaThread "Cache worker for file hash cache (C:\Users\ASUS\.gradle\caches\7.5.1\fileHashes)" [_thread_blocked, id=11652, stack(0x000000d80c100000,0x000000d80c200000)]
  0x00000285af192000 JavaThread "File watcher server" daemon [_thread_blocked, id=23680, stack(0x000000d80b500000,0x000000d80b600000)]
  0x00000285af18f800 JavaThread "File watcher consumer" daemon [_thread_blocked, id=9436, stack(0x000000d80c300000,0x000000d80c400000)]
  0x00000285af191000 JavaThread "Cache worker for file content cache (C:\Users\ASUS\.gradle\caches\7.5.1\fileContent)" [_thread_blocked, id=20912, stack(0x000000d80c600000,0x000000d80c700000)]
  0x00000285b10a2800 JavaThread "Cache worker for execution history cache (C:\Users\ASUS\.gradle\caches\7.5.1\executionHistory)" [_thread_blocked, id=17828, stack(0x000000d80c900000,0x000000d80ca00000)]
  0x00000285b10a5000 JavaThread "jar transforms" [_thread_blocked, id=11460, stack(0x000000d80cb00000,0x000000d80cc00000)]
  0x00000285b10a0000 JavaThread "jar transforms Thread 2" [_thread_blocked, id=11472, stack(0x000000d80cc00000,0x000000d80cd00000)]
  0x00000285b10a6800 JavaThread "jar transforms Thread 3" [_thread_blocked, id=19508, stack(0x000000d80cd00000,0x000000d80ce00000)]
  0x00000285b10a1000 JavaThread "jar transforms Thread 4" [_thread_blocked, id=20644, stack(0x000000d80ce00000,0x000000d80cf00000)]
  0x00000285b10a7800 JavaThread "Cache worker for kotlin-dsl (C:\Users\ASUS\.gradle\caches\7.5.1\kotlin-dsl)" [_thread_blocked, id=2812, stack(0x000000d80cf00000,0x000000d80d000000)]
  0x00000285b10a1800 JavaThread "jar transforms Thread 5" [_thread_blocked, id=18244, stack(0x000000d80d000000,0x000000d80d100000)]
  0x00000285b10a8800 JavaThread "jar transforms Thread 6" [_thread_blocked, id=12152, stack(0x000000d80d100000,0x000000d80d200000)]
  0x00000285b36b4800 JavaThread "jar transforms Thread 7" [_thread_blocked, id=23052, stack(0x000000d80d300000,0x000000d80d400000)]
  0x00000285b2837000 JavaThread "jar transforms Thread 8" [_thread_blocked, id=6560, stack(0x000000d80f800000,0x000000d80f900000)]
  0x00000285b1433000 JavaThread "Memory manager" [_thread_blocked, id=2724, stack(0x000000d80b200000,0x000000d80b300000)]
  0x00000285b2ee4000 JavaThread "pool-3-thread-1" [_thread_blocked, id=16680, stack(0x000000d813400000,0x000000d813500000)]
  0x00000285b2ee6800 JavaThread "Monitor" [_thread_in_native, id=10028, stack(0x000000d813200000,0x000000d813300000)]
  0x00000285b2ee9000 JavaThread "JdwpProxyConnection" [_thread_in_native, id=22756, stack(0x000000d813700000,0x000000d813800000)]
  0x00000285b2ee3000 JavaThread "Device List Monitor" [_thread_in_native, id=23348, stack(0x000000d813800000,0x000000d813900000)]
  0x00000285ae37d800 JavaThread "pool-6-thread-1" [_thread_blocked, id=18116, stack(0x000000d813100000,0x000000d813200000)]
  0x00000285b36b4000 JavaThread "Daemon Thread 4" [_thread_blocked, id=19924, stack(0x000000d809800000,0x000000d809900000)]
  0x00000285b36b3000 JavaThread "Daemon worker Thread 4" [_thread_blocked, id=660, stack(0x000000d80ac00000,0x000000d80ad00000)]
  0x00000285b1436000 JavaThread "included builds" [_thread_blocked, id=24032, stack(0x000000d80f900000,0x000000d80fa00000)]
  0x00000285baf6e000 JavaThread "pool-9-thread-1" [_thread_blocked, id=21604, stack(0x000000d813500000,0x000000d813600000)]
  0x00000285baf65800 JavaThread "Handler for socket connection from /127.0.0.1:55361 to /127.0.0.1:51050" [_thread_in_native, id=20780, stack(0x000000d809900000,0x000000d809a00000)]
  0x00000285baf66800 JavaThread "Cancel handler" [_thread_blocked, id=12820, stack(0x000000d809a00000,0x000000d809b00000)]
  0x00000285baf61800 JavaThread "Asynchronous log dispatcher for DefaultDaemonConnection: socket connection from /127.0.0.1:55361 to /127.0.0.1:51050" [_thread_blocked, id=21924, stack(0x000000d80b100000,0x000000d80b200000)]
  0x00000285baf65000 JavaThread "Stdin handler" [_thread_blocked, id=7468, stack(0x000000d80b300000,0x000000d80b400000)]
  0x00000285baf68000 JavaThread "Daemon client event forwarder" [_thread_blocked, id=20320, stack(0x000000d80b400000,0x000000d80b500000)]
  0x00000285baf63000 JavaThread "Cache worker for checksums cache (C:\Users\ASUS\Documents\React-Native\PBL_6_Mobile\android\.gradle\7.5.1\checksums)" [_thread_blocked, id=1712, stack(0x000000d80b600000,0x000000d80b700000)]
  0x00000285baf62800 JavaThread "Cache worker for file hash cache (C:\Users\ASUS\Documents\React-Native\PBL_6_Mobile\android\.gradle\7.5.1\fileHashes)" [_thread_blocked, id=20584, stack(0x000000d80c400000,0x000000d80c500000)]

Other Threads:
=>0x00000285ac7f9000 VMThread "VM Thread" [stack: 0x000000d80a100000,0x000000d80a200000] [id=23372]
  0x00000285ad320000 WatcherThread [stack: 0x000000d80ab00000,0x000000d80ac00000] [id=12428]
  0x000002858b7bf800 GCTaskThread "GC Thread#0" [stack: 0x000000d809c00000,0x000000d809d00000] [id=5292]
  0x00000285ae5d8800 GCTaskThread "GC Thread#1" [stack: 0x000000d80ad00000,0x000000d80ae00000] [id=9400]
  0x00000285af199800 GCTaskThread "GC Thread#2" [stack: 0x000000d80b800000,0x000000d80b900000] [id=23004]
  0x00000285afef8800 GCTaskThread "GC Thread#3" [stack: 0x000000d80b900000,0x000000d80ba00000] [id=18552]
  0x00000285b0714000 GCTaskThread "GC Thread#4" [stack: 0x000000d80ba00000,0x000000d80bb00000] [id=22488]
  0x00000285aea8c000 GCTaskThread "GC Thread#5" [stack: 0x000000d80bb00000,0x000000d80bc00000] [id=6152]
  0x00000285af1ca800 GCTaskThread "GC Thread#6" [stack: 0x000000d80bc00000,0x000000d80bd00000] [id=18480]
  0x00000285af1cb000 GCTaskThread "GC Thread#7" [stack: 0x000000d80bd00000,0x000000d80be00000] [id=2384]
  0x000002858b7f1800 ConcurrentGCThread "G1 Main Marker" [stack: 0x000000d809d00000,0x000000d809e00000] [id=23056]
  0x000002858b7f3800 ConcurrentGCThread "G1 Conc#0" [stack: 0x000000d809e00000,0x000000d809f00000] [id=20592]
  0x00000285af530000 ConcurrentGCThread "G1 Conc#1" [stack: 0x000000d80c200000,0x000000d80c300000] [id=1956]
  0x000002858b87d800 ConcurrentGCThread "G1 Refine#0" [stack: 0x000000d809f00000,0x000000d80a000000] [id=17852]
  0x00000285adc35800 ConcurrentGCThread "G1 Refine#1" [stack: 0x000000d80be00000,0x000000d80bf00000] [id=2500]
  0x00000285b72e9000 ConcurrentGCThread "G1 Refine#2" [stack: 0x000000d80f500000,0x000000d80f600000] [id=17116]
  0x00000285ac669800 ConcurrentGCThread "G1 Young RemSet Sampling" [stack: 0x000000d80a000000,0x000000d80a100000] [id=13816]

Threads with active compile tasks:
C2 CompilerThread0  5224431 24069   !   4       java.io.ObjectOutputStream::writeObject0 (619 bytes)

VM state:at safepoint (normal execution)

VM Mutex/Monitor currently owned by a thread:  ([mutex/lock_event])
[0x000002858b7a18b0] Threads_lock - owner thread: 0x00000285ac7f9000
[0x000002858b7a2750] Heap_lock - owner thread: 0x00000285b36b3000

Heap address: 0x0000000080000000, size: 2048 MB, Compressed Oops mode: 32-bit
Narrow klass base: 0x0000000000000000, Narrow klass shift: 3
Compressed class space size: 528482304 Address: 0x0000000100000000

Heap:
 garbage-first heap   total 405504K, used 220404K [0x0000000080000000, 0x0000000100000000)
  region size 1024K, 5 young (5120K), 5 survivors (5120K)
 Metaspace       used 135967K, capacity 141854K, committed 141904K, reserved 647168K
  class space    used 16964K, capacity 19152K, committed 19200K, reserved 516096K
Heap Regions: E=young(eden), S=young(survivor), O=old, HS=humongous(starts), HC=humongous(continues), CS=collection set, F=free, A=archive, TAMS=top-at-mark-start (previous, next)
|   0|0x0000000080000000, 0x0000000080100000, 0x0000000080100000|100%| O|  |TAMS 0x0000000080100000, 0x0000000080000000| Untracked 
|   1|0x0000000080100000, 0x0000000080200000, 0x0000000080200000|100%| O|  |TAMS 0x0000000080200000, 0x0000000080100000| Untracked 
|   2|0x0000000080200000, 0x0000000080300000, 0x0000000080300000|100%| O|  |TAMS 0x0000000080300000, 0x0000000080200000| Untracked 
|   3|0x0000000080300000, 0x0000000080400000, 0x0000000080400000|100%|HS|  |TAMS 0x0000000080400000, 0x0000000080300000| Complete 
|   4|0x0000000080400000, 0x0000000080500000, 0x0000000080500000|100%|HC|  |TAMS 0x0000000080500000, 0x0000000080400000| Complete 
|   5|0x0000000080500000, 0x0000000080600000, 0x0000000080600000|100%|HC|  |TAMS 0x0000000080600000, 0x0000000080500000| Complete 
|   6|0x0000000080600000, 0x0000000080700000, 0x0000000080700000|100%| O|  |TAMS 0x0000000080700000, 0x0000000080600000| Complete 
|   7|0x0000000080700000, 0x0000000080800000, 0x0000000080800000|100%| O|  |TAMS 0x0000000080800000, 0x0000000080700000| Untracked 
|   8|0x0000000080800000, 0x0000000080900000, 0x0000000080900000|100%| O|  |TAMS 0x0000000080900000, 0x0000000080800000| Untracked 
|   9|0x0000000080900000, 0x0000000080a00000, 0x0000000080a00000|100%| O|  |TAMS 0x0000000080a00000, 0x0000000080900000| Untracked 
|  10|0x0000000080a00000, 0x0000000080b00000, 0x0000000080b00000|100%| O|  |TAMS 0x0000000080b00000, 0x0000000080a00000| Untracked 
|  11|0x0000000080b00000, 0x0000000080c00000, 0x0000000080c00000|100%| O|  |TAMS 0x0000000080c00000, 0x0000000080b00000| Untracked 
|  12|0x0000000080c00000, 0x0000000080d00000, 0x0000000080d00000|100%| O|  |TAMS 0x0000000080d00000, 0x0000000080c00000| Untracked 
|  13|0x0000000080d00000, 0x0000000080e00000, 0x0000000080e00000|100%| O|  |TAMS 0x0000000080e00000, 0x0000000080d00000| Untracked 
|  14|0x0000000080e00000, 0x0000000080f00000, 0x0000000080f00000|100%| O|  |TAMS 0x0000000080f00000, 0x0000000080e00000| Complete 
|  15|0x0000000080f00000, 0x0000000081000000, 0x0000000081000000|100%| O|  |TAMS 0x0000000081000000, 0x0000000080f00000| Untracked 
|  16|0x0000000081000000, 0x0000000081100000, 0x0000000081100000|100%| O|  |TAMS 0x0000000081100000, 0x0000000081000000| Complete 
|  17|0x0000000081100000, 0x0000000081200000, 0x0000000081200000|100%| O|  |TAMS 0x0000000081200000, 0x0000000081100000| Complete 
|  18|0x0000000081200000, 0x0000000081300000, 0x0000000081300000|100%| O|  |TAMS 0x0000000081300000, 0x0000000081200000| Complete 
|  19|0x0000000081300000, 0x0000000081400000, 0x0000000081400000|100%| O|  |TAMS 0x0000000081400000, 0x0000000081300000| Complete 
|  20|0x0000000081400000, 0x0000000081500000, 0x0000000081500000|100%| O|  |TAMS 0x0000000081500000, 0x0000000081400000| Complete 
|  21|0x0000000081500000, 0x0000000081600000, 0x0000000081600000|100%| O|  |TAMS 0x0000000081600000, 0x0000000081500000| Complete 
|  22|0x0000000081600000, 0x0000000081700000, 0x0000000081700000|100%| O|  |TAMS 0x0000000081700000, 0x0000000081600000| Complete 
|  23|0x0000000081700000, 0x0000000081800000, 0x0000000081800000|100%| O|  |TAMS 0x0000000081800000, 0x0000000081700000| Complete 
|  24|0x0000000081800000, 0x0000000081900000, 0x0000000081900000|100%| O|  |TAMS 0x0000000081900000, 0x0000000081800000| Complete 
|  25|0x0000000081900000, 0x0000000081a00000, 0x0000000081a00000|100%| O|  |TAMS 0x0000000081a00000, 0x0000000081900000| Untracked 
|  26|0x0000000081a00000, 0x0000000081b00000, 0x0000000081b00000|100%| O|  |TAMS 0x0000000081b00000, 0x0000000081a00000| Untracked 
|  27|0x0000000081b00000, 0x0000000081c00000, 0x0000000081c00000|100%| O|  |TAMS 0x0000000081c00000, 0x0000000081b00000| Complete 
|  28|0x0000000081c00000, 0x0000000081d00000, 0x0000000081d00000|100%| O|  |TAMS 0x0000000081d00000, 0x0000000081c00000| Untracked 
|  29|0x0000000081d00000, 0x0000000081e00000, 0x0000000081e00000|100%| O|  |TAMS 0x0000000081e00000, 0x0000000081d00000| Complete 
|  30|0x0000000081e00000, 0x0000000081f00000, 0x0000000081f00000|100%|HS|  |TAMS 0x0000000081f00000, 0x0000000081e00000| Complete 
|  31|0x0000000081f00000, 0x0000000082000000, 0x0000000082000000|100%|HS|  |TAMS 0x0000000082000000, 0x0000000081f00000| Complete 
|  32|0x0000000082000000, 0x0000000082100000, 0x0000000082100000|100%|HC|  |TAMS 0x0000000082100000, 0x0000000082000000| Complete 
|  33|0x0000000082100000, 0x0000000082200000, 0x0000000082200000|100%|HC|  |TAMS 0x0000000082200000, 0x0000000082100000| Complete 
|  34|0x0000000082200000, 0x0000000082300000, 0x0000000082300000|100%| O|  |TAMS 0x0000000082300000, 0x0000000082200000| Complete 
|  35|0x0000000082300000, 0x0000000082400000, 0x0000000082400000|100%| O|  |TAMS 0x0000000082400000, 0x0000000082300000| Complete 
|  36|0x0000000082400000, 0x0000000082500000, 0x0000000082500000|100%| O|  |TAMS 0x0000000082500000, 0x0000000082400000| Untracked 
|  37|0x0000000082500000, 0x0000000082600000, 0x0000000082600000|100%| O|  |TAMS 0x0000000082600000, 0x0000000082500000| Complete 
|  38|0x0000000082600000, 0x0000000082700000, 0x0000000082700000|100%| O|  |TAMS 0x0000000082700000, 0x0000000082600000| Untracked 
|  39|0x0000000082700000, 0x0000000082800000, 0x0000000082800000|100%| O|  |TAMS 0x0000000082800000, 0x0000000082700000| Complete 
|  40|0x0000000082800000, 0x0000000082800000, 0x0000000082900000|  0%| F|  |TAMS 0x0000000082800000, 0x0000000082800000| Untracked 
|  41|0x0000000082900000, 0x0000000082a00000, 0x0000000082a00000|100%| O|  |TAMS 0x0000000082a00000, 0x0000000082900000| Untracked 
|  42|0x0000000082a00000, 0x0000000082b00000, 0x0000000082b00000|100%| O|  |TAMS 0x0000000082b00000, 0x0000000082a00000| Untracked 
|  43|0x0000000082b00000, 0x0000000082b00000, 0x0000000082c00000|  0%| F|  |TAMS 0x0000000082b00000, 0x0000000082b00000| Untracked 
|  44|0x0000000082c00000, 0x0000000082d00000, 0x0000000082d00000|100%| O|  |TAMS 0x0000000082d00000, 0x0000000082c00000| Complete 
|  45|0x0000000082d00000, 0x0000000082e00000, 0x0000000082e00000|100%| O|  |TAMS 0x0000000082e00000, 0x0000000082d00000| Complete 
|  46|0x0000000082e00000, 0x0000000082f00000, 0x0000000082f00000|100%| O|  |TAMS 0x0000000082f00000, 0x0000000082e00000| Complete 
|  47|0x0000000082f00000, 0x0000000083000000, 0x0000000083000000|100%| O|  |TAMS 0x0000000083000000, 0x0000000082f00000| Complete 
|  48|0x0000000083000000, 0x0000000083100000, 0x0000000083100000|100%| O|  |TAMS 0x0000000083100000, 0x0000000083000000| Complete 
|  49|0x0000000083100000, 0x0000000083200000, 0x0000000083200000|100%|HS|  |TAMS 0x0000000083200000, 0x0000000083100000| Complete 
|  50|0x0000000083200000, 0x0000000083300000, 0x0000000083300000|100%|HS|  |TAMS 0x0000000083300000, 0x0000000083200000| Complete 
|  51|0x0000000083300000, 0x0000000083400000, 0x0000000083400000|100%|HS|  |TAMS 0x0000000083400000, 0x0000000083300000| Complete 
|  52|0x0000000083400000, 0x0000000083500000, 0x0000000083500000|100%|HC|  |TAMS 0x0000000083500000, 0x0000000083400000| Complete 
|  53|0x0000000083500000, 0x0000000083600000, 0x0000000083600000|100%| O|  |TAMS 0x0000000083600000, 0x0000000083500000| Complete 
|  54|0x0000000083600000, 0x0000000083700000, 0x0000000083700000|100%| O|  |TAMS 0x0000000083700000, 0x0000000083600000| Untracked 
|  55|0x0000000083700000, 0x0000000083800000, 0x0000000083800000|100%| O|  |TAMS 0x0000000083800000, 0x0000000083700000| Untracked 
|  56|0x0000000083800000, 0x0000000083900000, 0x0000000083900000|100%| O|  |TAMS 0x0000000083900000, 0x0000000083800000| Untracked 
|  57|0x0000000083900000, 0x0000000083a00000, 0x0000000083a00000|100%| O|  |TAMS 0x0000000083a00000, 0x0000000083900000| Untracked 
|  58|0x0000000083a00000, 0x0000000083b00000, 0x0000000083b00000|100%| O|  |TAMS 0x0000000083b00000, 0x0000000083a00000| Untracked 
|  59|0x0000000083b00000, 0x0000000083c00000, 0x0000000083c00000|100%| O|  |TAMS 0x0000000083c00000, 0x0000000083b00000| Untracked 
|  60|0x0000000083c00000, 0x0000000083d00000, 0x0000000083d00000|100%| O|  |TAMS 0x0000000083d00000, 0x0000000083c00000| Complete 
|  61|0x0000000083d00000, 0x0000000083e00000, 0x0000000083e00000|100%| O|  |TAMS 0x0000000083e00000, 0x0000000083d00000| Complete 
|  62|0x0000000083e00000, 0x0000000083f00000, 0x0000000083f00000|100%| O|  |TAMS 0x0000000083f00000, 0x0000000083e00000| Untracked 
|  63|0x0000000083f00000, 0x0000000084000000, 0x0000000084000000|100%| O|  |TAMS 0x0000000084000000, 0x0000000083f00000| Untracked 
|  64|0x0000000084000000, 0x0000000084100000, 0x0000000084100000|100%| O|  |TAMS 0x0000000084100000, 0x0000000084000000| Complete 
|  65|0x0000000084100000, 0x0000000084200000, 0x0000000084200000|100%| O|  |TAMS 0x0000000084200000, 0x0000000084100000| Untracked 
|  66|0x0000000084200000, 0x0000000084300000, 0x0000000084300000|100%| O|  |TAMS 0x0000000084300000, 0x0000000084200000| Untracked 
|  67|0x0000000084300000, 0x0000000084400000, 0x0000000084400000|100%| O|  |TAMS 0x0000000084400000, 0x0000000084300000| Untracked 
|  68|0x0000000084400000, 0x0000000084500000, 0x0000000084500000|100%| O|  |TAMS 0x0000000084500000, 0x0000000084400000| Complete 
|  69|0x0000000084500000, 0x0000000084600000, 0x0000000084600000|100%| O|  |TAMS 0x0000000084600000, 0x0000000084500000| Complete 
|  70|0x0000000084600000, 0x0000000084700000, 0x0000000084700000|100%| O|  |TAMS 0x0000000084700000, 0x0000000084600000| Complete 
|  71|0x0000000084700000, 0x0000000084800000, 0x0000000084800000|100%| O|  |TAMS 0x0000000084800000, 0x0000000084700000| Untracked 
|  72|0x0000000084800000, 0x0000000084900000, 0x0000000084900000|100%| O|  |TAMS 0x0000000084900000, 0x0000000084800000| Untracked 
|  73|0x0000000084900000, 0x0000000084900000, 0x0000000084a00000|  0%| F|  |TAMS 0x0000000084900000, 0x0000000084900000| Untracked 
|  74|0x0000000084a00000, 0x0000000084b00000, 0x0000000084b00000|100%| O|  |TAMS 0x0000000084b00000, 0x0000000084a00000| Untracked 
|  75|0x0000000084b00000, 0x0000000084c00000, 0x0000000084c00000|100%| O|  |TAMS 0x0000000084c00000, 0x0000000084b00000| Complete 
|  76|0x0000000084c00000, 0x0000000084d00000, 0x0000000084d00000|100%| O|  |TAMS 0x0000000084d00000, 0x0000000084c00000| Complete 
|  77|0x0000000084d00000, 0x0000000084e00000, 0x0000000084e00000|100%| O|  |TAMS 0x0000000084e00000, 0x0000000084d00000| Untracked 
|  78|0x0000000084e00000, 0x0000000084f00000, 0x0000000084f00000|100%| O|  |TAMS 0x0000000084f00000, 0x0000000084e00000| Complete 
|  79|0x0000000084f00000, 0x0000000085000000, 0x0000000085000000|100%| O|  |TAMS 0x0000000085000000, 0x0000000084f00000| Untracked 
|  80|0x0000000085000000, 0x0000000085100000, 0x0000000085100000|100%| O|  |TAMS 0x0000000085100000, 0x0000000085000000| Untracked 
|  81|0x0000000085100000, 0x0000000085100000, 0x0000000085200000|  0%| F|  |TAMS 0x0000000085100000, 0x0000000085100000| Untracked 
|  82|0x0000000085200000, 0x0000000085300000, 0x0000000085300000|100%| O|  |TAMS 0x0000000085300000, 0x0000000085200000| Complete 
|  83|0x0000000085300000, 0x0000000085400000, 0x0000000085400000|100%| O|  |TAMS 0x0000000085400000, 0x0000000085300000| Complete 
|  84|0x0000000085400000, 0x0000000085500000, 0x0000000085500000|100%| O|  |TAMS 0x0000000085500000, 0x0000000085400000| Untracked 
|  85|0x0000000085500000, 0x0000000085500000, 0x0000000085600000|  0%| F|  |TAMS 0x0000000085500000, 0x0000000085500000| Untracked 
|  86|0x0000000085600000, 0x0000000085700000, 0x0000000085700000|100%| O|  |TAMS 0x0000000085700000, 0x0000000085600000| Complete 
|  87|0x0000000085700000, 0x0000000085800000, 0x0000000085800000|100%| O|  |TAMS 0x0000000085800000, 0x0000000085700000| Complete 
|  88|0x0000000085800000, 0x0000000085900000, 0x0000000085900000|100%| O|  |TAMS 0x0000000085900000, 0x0000000085800000| Untracked 
|  89|0x0000000085900000, 0x0000000085a00000, 0x0000000085a00000|100%| O|  |TAMS 0x0000000085a00000, 0x0000000085900000| Untracked 
|  90|0x0000000085a00000, 0x0000000085b00000, 0x0000000085b00000|100%| O|  |TAMS 0x0000000085b00000, 0x0000000085a00000| Complete 
|  91|0x0000000085b00000, 0x0000000085c00000, 0x0000000085c00000|100%| O|  |TAMS 0x0000000085c00000, 0x0000000085b00000| Untracked 
|  92|0x0000000085c00000, 0x0000000085d00000, 0x0000000085d00000|100%| O|  |TAMS 0x0000000085d00000, 0x0000000085c00000| Untracked 
|  93|0x0000000085d00000, 0x0000000085e00000, 0x0000000085e00000|100%|HS|  |TAMS 0x0000000085e00000, 0x0000000085d00000| Complete 
|  94|0x0000000085e00000, 0x0000000085f00000, 0x0000000085f00000|100%|HS|  |TAMS 0x0000000085f00000, 0x0000000085e00000| Complete 
|  95|0x0000000085f00000, 0x0000000086000000, 0x0000000086000000|100%|HC|  |TAMS 0x0000000086000000, 0x0000000085f00000| Complete 
|  96|0x0000000086000000, 0x0000000086100000, 0x0000000086100000|100%|HC|  |TAMS 0x0000000086100000, 0x0000000086000000| Complete 
|  97|0x0000000086100000, 0x0000000086200000, 0x0000000086200000|100%| O|  |TAMS 0x0000000086200000, 0x0000000086100000| Untracked 
|  98|0x0000000086200000, 0x0000000086300000, 0x0000000086300000|100%| O|  |TAMS 0x0000000086300000, 0x0000000086200000| Untracked 
|  99|0x0000000086300000, 0x0000000086400000, 0x0000000086400000|100%| O|  |TAMS 0x0000000086400000, 0x0000000086300000| Untracked 
| 100|0x0000000086400000, 0x0000000086500000, 0x0000000086500000|100%| O|  |TAMS 0x0000000086500000, 0x0000000086400000| Untracked 
| 101|0x0000000086500000, 0x0000000086500000, 0x0000000086600000|  0%| F|  |TAMS 0x0000000086500000, 0x0000000086500000| Untracked 
| 102|0x0000000086600000, 0x0000000086700000, 0x0000000086700000|100%| O|  |TAMS 0x0000000086700000, 0x0000000086600000| Untracked 
| 103|0x0000000086700000, 0x0000000086800000, 0x0000000086800000|100%| O|  |TAMS 0x0000000086800000, 0x0000000086700000| Untracked 
| 104|0x0000000086800000, 0x0000000086900000, 0x0000000086900000|100%| O|  |TAMS 0x0000000086900000, 0x0000000086800000| Complete 
| 105|0x0000000086900000, 0x0000000086a00000, 0x0000000086a00000|100%| O|  |TAMS 0x0000000086a00000, 0x0000000086900000| Untracked 
| 106|0x0000000086a00000, 0x0000000086b00000, 0x0000000086b00000|100%| O|  |TAMS 0x0000000086b00000, 0x0000000086a00000| Untracked 
| 107|0x0000000086b00000, 0x0000000086c00000, 0x0000000086c00000|100%|HS|  |TAMS 0x0000000086c00000, 0x0000000086b00000| Complete 
| 108|0x0000000086c00000, 0x0000000086d00000, 0x0000000086d00000|100%|HS|  |TAMS 0x0000000086d00000, 0x0000000086c00000| Complete 
| 109|0x0000000086d00000, 0x0000000086e00000, 0x0000000086e00000|100%| O|  |TAMS 0x0000000086e00000, 0x0000000086d00000| Complete 
| 110|0x0000000086e00000, 0x0000000086f00000, 0x0000000086f00000|100%| O|  |TAMS 0x0000000086f00000, 0x0000000086e00000| Complete 
| 111|0x0000000086f00000, 0x0000000087000000, 0x0000000087000000|100%| O|  |TAMS 0x0000000087000000, 0x0000000086f00000| Untracked 
| 112|0x0000000087000000, 0x0000000087100000, 0x0000000087100000|100%| O|  |TAMS 0x0000000087100000, 0x0000000087000000| Untracked 
| 113|0x0000000087100000, 0x0000000087200000, 0x0000000087200000|100%| O|  |TAMS 0x0000000087200000, 0x0000000087100000| Untracked 
| 114|0x0000000087200000, 0x0000000087300000, 0x0000000087300000|100%| O|  |TAMS 0x0000000087300000, 0x0000000087200000| Untracked 
| 115|0x0000000087300000, 0x0000000087400000, 0x0000000087400000|100%| O|  |TAMS 0x0000000087400000, 0x0000000087300000| Untracked 
| 116|0x0000000087400000, 0x0000000087500000, 0x0000000087500000|100%| O|  |TAMS 0x0000000087500000, 0x0000000087400000| Untracked 
| 117|0x0000000087500000, 0x0000000087600000, 0x0000000087600000|100%| O|  |TAMS 0x0000000087600000, 0x0000000087500000| Untracked 
| 118|0x0000000087600000, 0x0000000087700000, 0x0000000087700000|100%| O|  |TAMS 0x0000000087700000, 0x0000000087600000| Untracked 
| 119|0x0000000087700000, 0x0000000087800000, 0x0000000087800000|100%| O|  |TAMS 0x0000000087800000, 0x0000000087700000| Complete 
| 120|0x0000000087800000, 0x0000000087900000, 0x0000000087900000|100%|HS|  |TAMS 0x0000000087900000, 0x0000000087800000| Complete 
| 121|0x0000000087900000, 0x0000000087a00000, 0x0000000087a00000|100%| O|  |TAMS 0x0000000087a00000, 0x0000000087900000| Complete 
| 122|0x0000000087a00000, 0x0000000087a00000, 0x0000000087b00000|  0%| F|  |TAMS 0x0000000087a00000, 0x0000000087a00000| Untracked 
| 123|0x0000000087b00000, 0x0000000087c00000, 0x0000000087c00000|100%| O|  |TAMS 0x0000000087c00000, 0x0000000087b00000| Untracked 
| 124|0x0000000087c00000, 0x0000000087c00000, 0x0000000087d00000|  0%| F|  |TAMS 0x0000000087c00000, 0x0000000087c00000| Untracked 
| 125|0x0000000087d00000, 0x0000000087e00000, 0x0000000087e00000|100%| O|  |TAMS 0x0000000087e00000, 0x0000000087d00000| Untracked 
| 126|0x0000000087e00000, 0x0000000087e00000, 0x0000000087f00000|  0%| F|  |TAMS 0x0000000087e00000, 0x0000000087e00000| Untracked 
| 127|0x0000000087f00000, 0x0000000087f00000, 0x0000000088000000|  0%| F|  |TAMS 0x0000000087f00000, 0x0000000087f00000| Untracked 
| 128|0x0000000088000000, 0x0000000088000000, 0x0000000088100000|  0%| F|  |TAMS 0x0000000088000000, 0x0000000088000000| Untracked 
| 129|0x0000000088100000, 0x0000000088200000, 0x0000000088200000|100%|HS|  |TAMS 0x0000000088200000, 0x0000000088100000| Complete 
| 130|0x0000000088200000, 0x0000000088300000, 0x0000000088300000|100%|HC|  |TAMS 0x0000000088300000, 0x0000000088200000| Complete 
| 131|0x0000000088300000, 0x0000000088400000, 0x0000000088400000|100%|HC|  |TAMS 0x0000000088400000, 0x0000000088300000| Complete 
| 132|0x0000000088400000, 0x0000000088500000, 0x0000000088500000|100%| O|  |TAMS 0x0000000088500000, 0x0000000088400000| Untracked 
| 133|0x0000000088500000, 0x0000000088600000, 0x0000000088600000|100%| O|  |TAMS 0x0000000088600000, 0x0000000088500000| Untracked 
| 134|0x0000000088600000, 0x0000000088700000, 0x0000000088700000|100%| O|  |TAMS 0x0000000088700000, 0x0000000088600000| Untracked 
| 135|0x0000000088700000, 0x0000000088800000, 0x0000000088800000|100%| O|  |TAMS 0x0000000088800000, 0x0000000088700000| Complete 
| 136|0x0000000088800000, 0x0000000088900000, 0x0000000088900000|100%| O|  |TAMS 0x0000000088900000, 0x0000000088800000| Untracked 
| 137|0x0000000088900000, 0x0000000088a00000, 0x0000000088a00000|100%| O|  |TAMS 0x0000000088a00000, 0x0000000088900000| Untracked 
| 138|0x0000000088a00000, 0x0000000088b00000, 0x0000000088b00000|100%| O|  |TAMS 0x0000000088b00000, 0x0000000088a00000| Complete 
| 139|0x0000000088b00000, 0x0000000088b00000, 0x0000000088c00000|  0%| F|  |TAMS 0x0000000088b00000, 0x0000000088b00000| Untracked 
| 140|0x0000000088c00000, 0x0000000088d00000, 0x0000000088d00000|100%| O|  |TAMS 0x0000000088d00000, 0x0000000088c00000| Untracked 
| 141|0x0000000088d00000, 0x0000000088e00000, 0x0000000088e00000|100%| O|  |TAMS 0x0000000088e00000, 0x0000000088d00000| Untracked 
| 142|0x0000000088e00000, 0x0000000088f00000, 0x0000000088f00000|100%| O|  |TAMS 0x0000000088f00000, 0x0000000088e00000| Complete 
| 143|0x0000000088f00000, 0x0000000089000000, 0x0000000089000000|100%| O|  |TAMS 0x0000000089000000, 0x0000000088f00000| Untracked 
| 144|0x0000000089000000, 0x0000000089000000, 0x0000000089100000|  0%| F|  |TAMS 0x0000000089000000, 0x0000000089000000| Untracked 
| 145|0x0000000089100000, 0x0000000089100000, 0x0000000089200000|  0%| F|  |TAMS 0x0000000089100000, 0x0000000089100000| Untracked 
| 146|0x0000000089200000, 0x0000000089300000, 0x0000000089300000|100%| O|  |TAMS 0x0000000089300000, 0x0000000089200000| Complete 
| 147|0x0000000089300000, 0x0000000089400000, 0x0000000089400000|100%| O|  |TAMS 0x0000000089400000, 0x0000000089300000| Untracked 
| 148|0x0000000089400000, 0x0000000089500000, 0x0000000089500000|100%| O|  |TAMS 0x0000000089500000, 0x0000000089400000| Untracked 
| 149|0x0000000089500000, 0x0000000089600000, 0x0000000089600000|100%| O|  |TAMS 0x0000000089600000, 0x0000000089500000| Untracked 
| 150|0x0000000089600000, 0x0000000089700000, 0x0000000089700000|100%| O|  |TAMS 0x0000000089700000, 0x0000000089600000| Complete 
| 151|0x0000000089700000, 0x0000000089800000, 0x0000000089800000|100%| O|  |TAMS 0x0000000089800000, 0x0000000089700000| Complete 
| 152|0x0000000089800000, 0x0000000089900000, 0x0000000089900000|100%| O|  |TAMS 0x0000000089900000, 0x0000000089800000| Complete 
| 153|0x0000000089900000, 0x0000000089a00000, 0x0000000089a00000|100%| O|  |TAMS 0x0000000089a00000, 0x0000000089900000| Untracked 
| 154|0x0000000089a00000, 0x0000000089b00000, 0x0000000089b00000|100%| O|  |TAMS 0x0000000089b00000, 0x0000000089a00000| Untracked 
| 155|0x0000000089b00000, 0x0000000089c00000, 0x0000000089c00000|100%| O|  |TAMS 0x0000000089c00000, 0x0000000089b00000| Untracked 
| 156|0x0000000089c00000, 0x0000000089d00000, 0x0000000089d00000|100%| O|  |TAMS 0x0000000089d00000, 0x0000000089c00000| Untracked 
| 157|0x0000000089d00000, 0x0000000089d00000, 0x0000000089e00000|  0%| F|  |TAMS 0x0000000089d00000, 0x0000000089d00000| Untracked 
| 158|0x0000000089e00000, 0x0000000089f00000, 0x0000000089f00000|100%| O|  |TAMS 0x0000000089f00000, 0x0000000089e00000| Untracked 
| 159|0x0000000089f00000, 0x000000008a000000, 0x000000008a000000|100%| O|  |TAMS 0x000000008a000000, 0x0000000089f00000| Untracked 
| 160|0x000000008a000000, 0x000000008a000000, 0x000000008a100000|  0%| F|  |TAMS 0x000000008a000000, 0x000000008a000000| Untracked 
| 161|0x000000008a100000, 0x000000008a200000, 0x000000008a200000|100%| O|  |TAMS 0x000000008a200000, 0x000000008a100000| Untracked 
| 162|0x000000008a200000, 0x000000008a300000, 0x000000008a300000|100%| O|  |TAMS 0x000000008a300000, 0x000000008a200000| Untracked 
| 163|0x000000008a300000, 0x000000008a400000, 0x000000008a400000|100%| O|  |TAMS 0x000000008a400000, 0x000000008a300000| Untracked 
| 164|0x000000008a400000, 0x000000008a400000, 0x000000008a500000|  0%| F|  |TAMS 0x000000008a400000, 0x000000008a400000| Untracked 
| 165|0x000000008a500000, 0x000000008a500000, 0x000000008a600000|  0%| F|  |TAMS 0x000000008a500000, 0x000000008a500000| Untracked 
| 166|0x000000008a600000, 0x000000008a600000, 0x000000008a700000|  0%| F|  |TAMS 0x000000008a600000, 0x000000008a600000| Untracked 
| 167|0x000000008a700000, 0x000000008a700000, 0x000000008a800000|  0%| F|  |TAMS 0x000000008a700000, 0x000000008a700000| Untracked 
| 168|0x000000008a800000, 0x000000008a900000, 0x000000008a900000|100%| O|  |TAMS 0x000000008a900000, 0x000000008a800000| Complete 
| 169|0x000000008a900000, 0x000000008aa00000, 0x000000008aa00000|100%| O|  |TAMS 0x000000008aa00000, 0x000000008a900000| Untracked 
| 170|0x000000008aa00000, 0x000000008aa00000, 0x000000008ab00000|  0%| F|  |TAMS 0x000000008aa00000, 0x000000008aa00000| Untracked 
| 171|0x000000008ab00000, 0x000000008ab00000, 0x000000008ac00000|  0%| F|  |TAMS 0x000000008ab00000, 0x000000008ab00000| Untracked 
| 172|0x000000008ac00000, 0x000000008ac00000, 0x000000008ad00000|  0%| F|  |TAMS 0x000000008ac00000, 0x000000008ac00000| Untracked 
| 173|0x000000008ad00000, 0x000000008ae00000, 0x000000008ae00000|100%| O|  |TAMS 0x000000008ae00000, 0x000000008ad00000| Untracked 
| 174|0x000000008ae00000, 0x000000008ae00000, 0x000000008af00000|  0%| F|  |TAMS 0x000000008ae00000, 0x000000008ae00000| Untracked 
| 175|0x000000008af00000, 0x000000008b000000, 0x000000008b000000|100%| O|  |TAMS 0x000000008b000000, 0x000000008af00000| Untracked 
| 176|0x000000008b000000, 0x000000008b100000, 0x000000008b100000|100%| O|  |TAMS 0x000000008b100000, 0x000000008b000000| Untracked 
| 177|0x000000008b100000, 0x000000008b200000, 0x000000008b200000|100%| O|  |TAMS 0x000000008b200000, 0x000000008b100000| Complete 
| 178|0x000000008b200000, 0x000000008b300000, 0x000000008b300000|100%| O|  |TAMS 0x000000008b300000, 0x000000008b200000| Complete 
| 179|0x000000008b300000, 0x000000008b400000, 0x000000008b400000|100%| O|  |TAMS 0x000000008b400000, 0x000000008b300000| Complete 
| 180|0x000000008b400000, 0x000000008b500000, 0x000000008b500000|100%| O|  |TAMS 0x000000008b500000, 0x000000008b400000| Untracked 
| 181|0x000000008b500000, 0x000000008b600000, 0x000000008b600000|100%| O|  |TAMS 0x000000008b600000, 0x000000008b500000| Untracked 
| 182|0x000000008b600000, 0x000000008b700000, 0x000000008b700000|100%| O|  |TAMS 0x000000008b700000, 0x000000008b600000| Untracked 
| 183|0x000000008b700000, 0x000000008b800000, 0x000000008b800000|100%| O|  |TAMS 0x000000008b800000, 0x000000008b700000| Complete 
| 184|0x000000008b800000, 0x000000008b900000, 0x000000008b900000|100%| O|  |TAMS 0x000000008b900000, 0x000000008b800000| Complete 
| 185|0x000000008b900000, 0x000000008ba00000, 0x000000008ba00000|100%| O|  |TAMS 0x000000008ba00000, 0x000000008b900000| Untracked 
| 186|0x000000008ba00000, 0x000000008bb00000, 0x000000008bb00000|100%| O|  |TAMS 0x000000008bb00000, 0x000000008ba00000| Untracked 
| 187|0x000000008bb00000, 0x000000008bc00000, 0x000000008bc00000|100%| O|  |TAMS 0x000000008bc00000, 0x000000008bb00000| Untracked 
| 188|0x000000008bc00000, 0x000000008bd00000, 0x000000008bd00000|100%| O|  |TAMS 0x000000008bd00000, 0x000000008bc00000| Complete 
| 189|0x000000008bd00000, 0x000000008be00000, 0x000000008be00000|100%| O|  |TAMS 0x000000008be00000, 0x000000008bd00000| Untracked 
| 190|0x000000008be00000, 0x000000008bf00000, 0x000000008bf00000|100%| O|  |TAMS 0x000000008bf00000, 0x000000008be00000| Complete 
| 191|0x000000008bf00000, 0x000000008bf00000, 0x000000008c000000|  0%| F|  |TAMS 0x000000008bf00000, 0x000000008bf00000| Untracked 
| 192|0x000000008c000000, 0x000000008c100000, 0x000000008c100000|100%| O|  |TAMS 0x000000008c100000, 0x000000008c000000| Complete 
| 193|0x000000008c100000, 0x000000008c200000, 0x000000008c200000|100%| O|  |TAMS 0x000000008c200000, 0x000000008c100000| Complete 
| 194|0x000000008c200000, 0x000000008c300000, 0x000000008c300000|100%| O|  |TAMS 0x000000008c300000, 0x000000008c200000| Untracked 
| 195|0x000000008c300000, 0x000000008c400000, 0x000000008c400000|100%| O|  |TAMS 0x000000008c400000, 0x000000008c300000| Untracked 
| 196|0x000000008c400000, 0x000000008c400000, 0x000000008c500000|  0%| F|  |TAMS 0x000000008c400000, 0x000000008c400000| Untracked 
| 197|0x000000008c500000, 0x000000008c500000, 0x000000008c600000|  0%| F|  |TAMS 0x000000008c500000, 0x000000008c500000| Untracked 
| 198|0x000000008c600000, 0x000000008c700000, 0x000000008c700000|100%| O|  |TAMS 0x000000008c700000, 0x000000008c600000| Complete 
| 199|0x000000008c700000, 0x000000008c700000, 0x000000008c800000|  0%| F|  |TAMS 0x000000008c700000, 0x000000008c700000| Untracked 
| 200|0x000000008c800000, 0x000000008c800000, 0x000000008c900000|  0%| F|  |TAMS 0x000000008c800000, 0x000000008c800000| Untracked 
| 201|0x000000008c900000, 0x000000008c900000, 0x000000008ca00000|  0%| F|  |TAMS 0x000000008c900000, 0x000000008c900000| Untracked 
| 202|0x000000008ca00000, 0x000000008cb00000, 0x000000008cb00000|100%| O|  |TAMS 0x000000008cb00000, 0x000000008ca00000| Complete 
| 203|0x000000008cb00000, 0x000000008cb00000, 0x000000008cc00000|  0%| F|  |TAMS 0x000000008cb00000, 0x000000008cb00000| Untracked 
| 204|0x000000008cc00000, 0x000000008cc00000, 0x000000008cd00000|  0%| F|  |TAMS 0x000000008cc00000, 0x000000008cc00000| Untracked 
| 205|0x000000008cd00000, 0x000000008cd00000, 0x000000008ce00000|  0%| F|  |TAMS 0x000000008cd00000, 0x000000008cd00000| Untracked 
| 206|0x000000008ce00000, 0x000000008ce00000, 0x000000008cf00000|  0%| F|  |TAMS 0x000000008ce00000, 0x000000008ce00000| Untracked 
| 207|0x000000008cf00000, 0x000000008d000000, 0x000000008d000000|100%| O|  |TAMS 0x000000008d000000, 0x000000008cf00000| Untracked 
| 208|0x000000008d000000, 0x000000008d100000, 0x000000008d100000|100%| O|  |TAMS 0x000000008d100000, 0x000000008d000000| Complete 
| 209|0x000000008d100000, 0x000000008d100000, 0x000000008d200000|  0%| F|  |TAMS 0x000000008d100000, 0x000000008d100000| Untracked 
| 210|0x000000008d200000, 0x000000008d200000, 0x000000008d300000|  0%| F|  |TAMS 0x000000008d200000, 0x000000008d200000| Untracked 
| 211|0x000000008d300000, 0x000000008d300000, 0x000000008d400000|  0%| F|  |TAMS 0x000000008d300000, 0x000000008d300000| Untracked 
| 212|0x000000008d400000, 0x000000008d500000, 0x000000008d500000|100%| O|  |TAMS 0x000000008d500000, 0x000000008d400000| Complete 
| 213|0x000000008d500000, 0x000000008d500000, 0x000000008d600000|  0%| F|  |TAMS 0x000000008d500000, 0x000000008d500000| Untracked 
| 214|0x000000008d600000, 0x000000008d600000, 0x000000008d700000|  0%| F|  |TAMS 0x000000008d600000, 0x000000008d600000| Untracked 
| 215|0x000000008d700000, 0x000000008d700000, 0x000000008d800000|  0%| F|  |TAMS 0x000000008d700000, 0x000000008d700000| Untracked 
| 216|0x000000008d800000, 0x000000008d900000, 0x000000008d900000|100%| O|  |TAMS 0x000000008d900000, 0x000000008d800000| Untracked 
| 217|0x000000008d900000, 0x000000008da00000, 0x000000008da00000|100%| O|  |TAMS 0x000000008da00000, 0x000000008d900000| Complete 
| 218|0x000000008da00000, 0x000000008db00000, 0x000000008db00000|100%| O|  |TAMS 0x000000008db00000, 0x000000008da00000| Untracked 
| 219|0x000000008db00000, 0x000000008dc00000, 0x000000008dc00000|100%| O|  |TAMS 0x000000008dc00000, 0x000000008db00000| Untracked 
| 220|0x000000008dc00000, 0x000000008dd00000, 0x000000008dd00000|100%| O|  |TAMS 0x000000008dd00000, 0x000000008dc00000| Complete 
| 221|0x000000008dd00000, 0x000000008dd00000, 0x000000008de00000|  0%| F|  |TAMS 0x000000008dd00000, 0x000000008dd00000| Untracked 
| 222|0x000000008de00000, 0x000000008df00000, 0x000000008df00000|100%| O|  |TAMS 0x000000008df00000, 0x000000008de00000| Complete 
| 223|0x000000008df00000, 0x000000008e000000, 0x000000008e000000|100%| O|  |TAMS 0x000000008e000000, 0x000000008df00000| Complete 
| 224|0x000000008e000000, 0x000000008e100000, 0x000000008e100000|100%| O|  |TAMS 0x000000008e100000, 0x000000008e000000| Untracked 
| 225|0x000000008e100000, 0x000000008e200000, 0x000000008e200000|100%| O|  |TAMS 0x000000008e200000, 0x000000008e100000| Complete 
| 226|0x000000008e200000, 0x000000008e300000, 0x000000008e300000|100%| O|  |TAMS 0x000000008e300000, 0x000000008e200000| Untracked 
| 227|0x000000008e300000, 0x000000008e400000, 0x000000008e400000|100%| O|  |TAMS 0x000000008e400000, 0x000000008e300000| Complete 
| 228|0x000000008e400000, 0x000000008e500000, 0x000000008e500000|100%| O|  |TAMS 0x000000008e500000, 0x000000008e400000| Complete 
| 229|0x000000008e500000, 0x000000008e600000, 0x000000008e600000|100%| O|  |TAMS 0x000000008e600000, 0x000000008e500000| Untracked 
| 230|0x000000008e600000, 0x000000008e700000, 0x000000008e700000|100%| O|  |TAMS 0x000000008e700000, 0x000000008e600000| Untracked 
| 231|0x000000008e700000, 0x000000008e700000, 0x000000008e800000|  0%| F|  |TAMS 0x000000008e700000, 0x000000008e700000| Untracked 
| 232|0x000000008e800000, 0x000000008e800000, 0x000000008e900000|  0%| F|  |TAMS 0x000000008e800000, 0x000000008e800000| Untracked 
| 233|0x000000008e900000, 0x000000008e900000, 0x000000008ea00000|  0%| F|  |TAMS 0x000000008e900000, 0x000000008e900000| Untracked 
| 234|0x000000008ea00000, 0x000000008eb00000, 0x000000008eb00000|100%| O|  |TAMS 0x000000008eb00000, 0x000000008ea00000| Untracked 
| 235|0x000000008eb00000, 0x000000008eb00000, 0x000000008ec00000|  0%| F|  |TAMS 0x000000008eb00000, 0x000000008eb00000| Untracked 
| 236|0x000000008ec00000, 0x000000008ed00000, 0x000000008ed00000|100%| O|  |TAMS 0x000000008ed00000, 0x000000008ec00000| Complete 
| 237|0x000000008ed00000, 0x000000008ed00000, 0x000000008ee00000|  0%| F|  |TAMS 0x000000008ed00000, 0x000000008ed00000| Untracked 
| 238|0x000000008ee00000, 0x000000008ee00000, 0x000000008ef00000|  0%| F|  |TAMS 0x000000008ee00000, 0x000000008ee00000| Untracked 
| 239|0x000000008ef00000, 0x000000008ef00000, 0x000000008f000000|  0%| F|  |TAMS 0x000000008ef00000, 0x000000008ef00000| Untracked 
| 240|0x000000008f000000, 0x000000008f000000, 0x000000008f100000|  0%| F|  |TAMS 0x000000008f000000, 0x000000008f000000| Untracked 
| 241|0x000000008f100000, 0x000000008f100000, 0x000000008f200000|  0%| F|  |TAMS 0x000000008f100000, 0x000000008f100000| Untracked 
| 242|0x000000008f200000, 0x000000008f200000, 0x000000008f300000|  0%| F|  |TAMS 0x000000008f200000, 0x000000008f200000| Untracked 
| 243|0x000000008f300000, 0x000000008f300000, 0x000000008f400000|  0%| F|  |TAMS 0x000000008f300000, 0x000000008f300000| Untracked 
| 244|0x000000008f400000, 0x000000008f500000, 0x000000008f500000|100%| O|  |TAMS 0x000000008f500000, 0x000000008f400000| Complete 
| 245|0x000000008f500000, 0x000000008f600000, 0x000000008f600000|100%| O|  |TAMS 0x000000008f600000, 0x000000008f500000| Complete 
| 246|0x000000008f600000, 0x000000008f700000, 0x000000008f700000|100%| O|  |TAMS 0x000000008f700000, 0x000000008f600000| Untracked 
| 247|0x000000008f700000, 0x000000008f800000, 0x000000008f800000|100%| O|  |TAMS 0x000000008f800000, 0x000000008f700000| Complete 
| 248|0x000000008f800000, 0x000000008f900000, 0x000000008f900000|100%| O|  |TAMS 0x000000008f900000, 0x000000008f800000| Complete 
| 249|0x000000008f900000, 0x000000008fa00000, 0x000000008fa00000|100%| O|  |TAMS 0x000000008fa00000, 0x000000008f900000| Untracked 
| 250|0x000000008fa00000, 0x000000008fb00000, 0x000000008fb00000|100%| O|  |TAMS 0x000000008fb00000, 0x000000008fa00000| Untracked 
| 251|0x000000008fb00000, 0x000000008fc00000, 0x000000008fc00000|100%| O|  |TAMS 0x000000008fc00000, 0x000000008fb00000| Untracked 
| 252|0x000000008fc00000, 0x000000008fd00000, 0x000000008fd00000|100%| O|  |TAMS 0x000000008fd00000, 0x000000008fc00000| Untracked 
| 253|0x000000008fd00000, 0x000000008fe00000, 0x000000008fe00000|100%| O|  |TAMS 0x000000008fe00000, 0x000000008fd00000| Complete 
| 254|0x000000008fe00000, 0x000000008ff00000, 0x000000008ff00000|100%| O|  |TAMS 0x000000008ff00000, 0x000000008fe00000| Untracked 
| 255|0x000000008ff00000, 0x0000000090000000, 0x0000000090000000|100%| O|  |TAMS 0x0000000090000000, 0x000000008ff00000| Complete 
| 256|0x0000000090000000, 0x0000000090100000, 0x0000000090100000|100%| O|  |TAMS 0x0000000090100000, 0x0000000090000000| Untracked 
| 257|0x0000000090100000, 0x0000000090200000, 0x0000000090200000|100%| O|  |TAMS 0x0000000090200000, 0x0000000090100000| Complete 
| 258|0x0000000090200000, 0x0000000090300000, 0x0000000090300000|100%| O|  |TAMS 0x0000000090300000, 0x0000000090200000| Complete 
| 259|0x0000000090300000, 0x0000000090400000, 0x0000000090400000|100%| O|  |TAMS 0x0000000090400000, 0x0000000090300000| Complete 
| 260|0x0000000090400000, 0x0000000090500000, 0x0000000090500000|100%| O|  |TAMS 0x0000000090500000, 0x0000000090400000| Complete 
| 261|0x0000000090500000, 0x0000000090600000, 0x0000000090600000|100%| O|  |TAMS 0x0000000090600000, 0x0000000090500000| Complete 
| 262|0x0000000090600000, 0x0000000090700000, 0x0000000090700000|100%| O|  |TAMS 0x0000000090700000, 0x0000000090600000| Complete 
| 263|0x0000000090700000, 0x0000000090700000, 0x0000000090800000|  0%| F|  |TAMS 0x0000000090700000, 0x0000000090700000| Untracked 
| 264|0x0000000090800000, 0x0000000090800000, 0x0000000090900000|  0%| F|  |TAMS 0x0000000090800000, 0x0000000090800000| Untracked 
| 265|0x0000000090900000, 0x0000000090900000, 0x0000000090a00000|  0%| F|  |TAMS 0x0000000090900000, 0x0000000090900000| Untracked 
| 266|0x0000000090a00000, 0x0000000090a00000, 0x0000000090b00000|  0%| F|  |TAMS 0x0000000090a00000, 0x0000000090a00000| Untracked 
| 267|0x0000000090b00000, 0x0000000090b00000, 0x0000000090c00000|  0%| F|  |TAMS 0x0000000090b00000, 0x0000000090b00000| Untracked 
| 268|0x0000000090c00000, 0x0000000090c00000, 0x0000000090d00000|  0%| F|  |TAMS 0x0000000090c00000, 0x0000000090c00000| Untracked 
| 269|0x0000000090d00000, 0x0000000090d00000, 0x0000000090e00000|  0%| F|  |TAMS 0x0000000090d00000, 0x0000000090d00000| Untracked 
| 270|0x0000000090e00000, 0x0000000090e00000, 0x0000000090f00000|  0%| F|  |TAMS 0x0000000090e00000, 0x0000000090e00000| Untracked 
| 271|0x0000000090f00000, 0x0000000090f00000, 0x0000000091000000|  0%| F|  |TAMS 0x0000000090f00000, 0x0000000090f00000| Untracked 
| 272|0x0000000091000000, 0x0000000091000000, 0x0000000091100000|  0%| F|  |TAMS 0x0000000091000000, 0x0000000091000000| Untracked 
| 273|0x0000000091100000, 0x0000000091100000, 0x0000000091200000|  0%| F|  |TAMS 0x0000000091100000, 0x0000000091100000| Untracked 
| 274|0x0000000091200000, 0x0000000091200000, 0x0000000091300000|  0%| F|  |TAMS 0x0000000091200000, 0x0000000091200000| Untracked 
| 275|0x0000000091300000, 0x0000000091300000, 0x0000000091400000|  0%| F|  |TAMS 0x0000000091300000, 0x0000000091300000| Untracked 
| 276|0x0000000091400000, 0x0000000091400000, 0x0000000091500000|  0%| F|  |TAMS 0x0000000091400000, 0x0000000091400000| Untracked 
| 277|0x0000000091500000, 0x0000000091500000, 0x0000000091600000|  0%| F|  |TAMS 0x0000000091500000, 0x0000000091500000| Untracked 
| 278|0x0000000091600000, 0x0000000091600000, 0x0000000091700000|  0%| F|  |TAMS 0x0000000091600000, 0x0000000091600000| Untracked 
| 279|0x0000000091700000, 0x0000000091700000, 0x0000000091800000|  0%| F|  |TAMS 0x0000000091700000, 0x0000000091700000| Untracked 
| 280|0x0000000091800000, 0x0000000091800000, 0x0000000091900000|  0%| F|  |TAMS 0x0000000091800000, 0x0000000091800000| Untracked 
| 281|0x0000000091900000, 0x0000000091900000, 0x0000000091a00000|  0%| F|  |TAMS 0x0000000091900000, 0x0000000091900000| Untracked 
| 282|0x0000000091a00000, 0x0000000091a00000, 0x0000000091b00000|  0%| F|  |TAMS 0x0000000091a00000, 0x0000000091a00000| Untracked 
| 283|0x0000000091b00000, 0x0000000091b00000, 0x0000000091c00000|  0%| F|  |TAMS 0x0000000091b00000, 0x0000000091b00000| Untracked 
| 284|0x0000000091c00000, 0x0000000091c00000, 0x0000000091d00000|  0%| F|  |TAMS 0x0000000091c00000, 0x0000000091c00000| Untracked 
| 285|0x0000000091d00000, 0x0000000091d00000, 0x0000000091e00000|  0%| F|  |TAMS 0x0000000091d00000, 0x0000000091d00000| Untracked 
| 286|0x0000000091e00000, 0x0000000091e00000, 0x0000000091f00000|  0%| F|  |TAMS 0x0000000091e00000, 0x0000000091e00000| Untracked 
| 287|0x0000000091f00000, 0x0000000091f00000, 0x0000000092000000|  0%| F|  |TAMS 0x0000000091f00000, 0x0000000091f00000| Untracked 
| 288|0x0000000092000000, 0x0000000092000000, 0x0000000092100000|  0%| F|  |TAMS 0x0000000092000000, 0x0000000092000000| Untracked 
| 289|0x0000000092100000, 0x0000000092100000, 0x0000000092200000|  0%| F|  |TAMS 0x0000000092100000, 0x0000000092100000| Untracked 
| 290|0x0000000092200000, 0x0000000092200000, 0x0000000092300000|  0%| F|  |TAMS 0x0000000092200000, 0x0000000092200000| Untracked 
| 291|0x0000000092300000, 0x0000000092300000, 0x0000000092400000|  0%| F|  |TAMS 0x0000000092300000, 0x0000000092300000| Untracked 
| 292|0x0000000092400000, 0x0000000092400000, 0x0000000092500000|  0%| F|  |TAMS 0x0000000092400000, 0x0000000092400000| Untracked 
| 293|0x0000000092500000, 0x0000000092500000, 0x0000000092600000|  0%| F|  |TAMS 0x0000000092500000, 0x0000000092500000| Untracked 
| 294|0x0000000092600000, 0x0000000092600000, 0x0000000092700000|  0%| F|  |TAMS 0x0000000092600000, 0x0000000092600000| Untracked 
| 295|0x0000000092700000, 0x0000000092700000, 0x0000000092800000|  0%| F|  |TAMS 0x0000000092700000, 0x0000000092700000| Untracked 
| 296|0x0000000092800000, 0x0000000092800000, 0x0000000092900000|  0%| F|  |TAMS 0x0000000092800000, 0x0000000092800000| Untracked 
| 297|0x0000000092900000, 0x0000000092900000, 0x0000000092a00000|  0%| F|  |TAMS 0x0000000092900000, 0x0000000092900000| Untracked 
| 298|0x0000000092a00000, 0x0000000092a00000, 0x0000000092b00000|  0%| F|  |TAMS 0x0000000092a00000, 0x0000000092a00000| Untracked 
| 299|0x0000000092b00000, 0x0000000092b00000, 0x0000000092c00000|  0%| F|  |TAMS 0x0000000092b00000, 0x0000000092b00000| Untracked 
| 300|0x0000000092c00000, 0x0000000092c00000, 0x0000000092d00000|  0%| F|  |TAMS 0x0000000092c00000, 0x0000000092c00000| Untracked 
| 301|0x0000000092d00000, 0x0000000092d00000, 0x0000000092e00000|  0%| F|  |TAMS 0x0000000092d00000, 0x0000000092d00000| Untracked 
| 302|0x0000000092e00000, 0x0000000092e00000, 0x0000000092f00000|  0%| F|  |TAMS 0x0000000092e00000, 0x0000000092e00000| Untracked 
| 303|0x0000000092f00000, 0x0000000092f00000, 0x0000000093000000|  0%| F|  |TAMS 0x0000000092f00000, 0x0000000092f00000| Untracked 
| 304|0x0000000093000000, 0x0000000093000000, 0x0000000093100000|  0%| F|  |TAMS 0x0000000093000000, 0x0000000093000000| Untracked 
| 305|0x0000000093100000, 0x0000000093100000, 0x0000000093200000|  0%| F|  |TAMS 0x0000000093100000, 0x0000000093100000| Untracked 
| 306|0x0000000093200000, 0x0000000093200000, 0x0000000093300000|  0%| F|  |TAMS 0x0000000093200000, 0x0000000093200000| Untracked 
| 307|0x0000000093300000, 0x0000000093300000, 0x0000000093400000|  0%| F|  |TAMS 0x0000000093300000, 0x0000000093300000| Untracked 
| 308|0x0000000093400000, 0x0000000093400000, 0x0000000093500000|  0%| F|  |TAMS 0x0000000093400000, 0x0000000093400000| Untracked 
| 309|0x0000000093500000, 0x0000000093500000, 0x0000000093600000|  0%| F|  |TAMS 0x0000000093500000, 0x0000000093500000| Untracked 
| 310|0x0000000093600000, 0x0000000093600000, 0x0000000093700000|  0%| F|  |TAMS 0x0000000093600000, 0x0000000093600000| Untracked 
| 311|0x0000000093700000, 0x0000000093700000, 0x0000000093800000|  0%| F|  |TAMS 0x0000000093700000, 0x0000000093700000| Untracked 
| 312|0x0000000093800000, 0x0000000093800000, 0x0000000093900000|  0%| F|  |TAMS 0x0000000093800000, 0x0000000093800000| Untracked 
| 313|0x0000000093900000, 0x0000000093900000, 0x0000000093a00000|  0%| F|  |TAMS 0x0000000093900000, 0x0000000093900000| Untracked 
| 314|0x0000000093a00000, 0x0000000093a00000, 0x0000000093b00000|  0%| F|  |TAMS 0x0000000093a00000, 0x0000000093a00000| Untracked 
| 315|0x0000000093b00000, 0x0000000093b00000, 0x0000000093c00000|  0%| F|  |TAMS 0x0000000093b00000, 0x0000000093b00000| Untracked 
| 316|0x0000000093c00000, 0x0000000093c00000, 0x0000000093d00000|  0%| F|  |TAMS 0x0000000093c00000, 0x0000000093c00000| Untracked 
| 317|0x0000000093d00000, 0x0000000093d00000, 0x0000000093e00000|  0%| F|  |TAMS 0x0000000093d00000, 0x0000000093d00000| Untracked 
| 318|0x0000000093e00000, 0x0000000093e3d038, 0x0000000093f00000| 23%| S|CS|TAMS 0x0000000093e00000, 0x0000000093e00000| Complete 
| 319|0x0000000093f00000, 0x0000000094000000, 0x0000000094000000|100%| S|CS|TAMS 0x0000000093f00000, 0x0000000093f00000| Complete 
| 320|0x0000000094000000, 0x0000000094100000, 0x0000000094100000|100%| S|CS|TAMS 0x0000000094000000, 0x0000000094000000| Complete 
| 321|0x0000000094100000, 0x0000000094200000, 0x0000000094200000|100%| S|CS|TAMS 0x0000000094100000, 0x0000000094100000| Complete 
| 322|0x0000000094200000, 0x0000000094300000, 0x0000000094300000|100%| S|CS|TAMS 0x0000000094200000, 0x0000000094200000| Complete 
| 323|0x0000000094300000, 0x0000000094300000, 0x0000000094400000|  0%| F|  |TAMS 0x0000000094300000, 0x0000000094300000| Untracked 
| 324|0x0000000094400000, 0x0000000094400000, 0x0000000094500000|  0%| F|  |TAMS 0x0000000094400000, 0x0000000094400000| Untracked 
| 325|0x0000000094500000, 0x0000000094500000, 0x0000000094600000|  0%| F|  |TAMS 0x0000000094500000, 0x0000000094500000| Untracked 
| 326|0x0000000094600000, 0x0000000094600000, 0x0000000094700000|  0%| F|  |TAMS 0x0000000094600000, 0x0000000094600000| Untracked 
| 327|0x0000000094700000, 0x0000000094700000, 0x0000000094800000|  0%| F|  |TAMS 0x0000000094700000, 0x0000000094700000| Untracked 
| 328|0x0000000094800000, 0x0000000094800000, 0x0000000094900000|  0%| F|  |TAMS 0x0000000094800000, 0x0000000094800000| Untracked 
| 329|0x0000000094900000, 0x0000000094900000, 0x0000000094a00000|  0%| F|  |TAMS 0x0000000094900000, 0x0000000094900000| Untracked 
| 330|0x0000000094a00000, 0x0000000094a00000, 0x0000000094b00000|  0%| F|  |TAMS 0x0000000094a00000, 0x0000000094a00000| Untracked 
| 331|0x0000000094b00000, 0x0000000094b00000, 0x0000000094c00000|  0%| F|  |TAMS 0x0000000094b00000, 0x0000000094b00000| Untracked 
| 332|0x0000000094c00000, 0x0000000094c00000, 0x0000000094d00000|  0%| F|  |TAMS 0x0000000094c00000, 0x0000000094c00000| Untracked 
| 333|0x0000000094d00000, 0x0000000094d00000, 0x0000000094e00000|  0%| F|  |TAMS 0x0000000094d00000, 0x0000000094d00000| Untracked 
| 334|0x0000000094e00000, 0x0000000094e00000, 0x0000000094f00000|  0%| F|  |TAMS 0x0000000094e00000, 0x0000000094e00000| Untracked 
| 335|0x0000000094f00000, 0x0000000094f00000, 0x0000000095000000|  0%| F|  |TAMS 0x0000000094f00000, 0x0000000094f00000| Untracked 
| 336|0x0000000095000000, 0x0000000095000000, 0x0000000095100000|  0%| F|  |TAMS 0x0000000095000000, 0x0000000095000000| Untracked 
| 337|0x0000000095100000, 0x0000000095100000, 0x0000000095200000|  0%| F|  |TAMS 0x0000000095100000, 0x0000000095100000| Untracked 
| 338|0x0000000095200000, 0x0000000095200000, 0x0000000095300000|  0%| F|  |TAMS 0x0000000095200000, 0x0000000095200000| Untracked 
| 339|0x0000000095300000, 0x0000000095300000, 0x0000000095400000|  0%| F|  |TAMS 0x0000000095300000, 0x0000000095300000| Untracked 
| 340|0x0000000095400000, 0x0000000095400000, 0x0000000095500000|  0%| F|  |TAMS 0x0000000095400000, 0x0000000095400000| Untracked 
| 341|0x0000000095500000, 0x0000000095500000, 0x0000000095600000|  0%| F|  |TAMS 0x0000000095500000, 0x0000000095500000| Untracked 
| 342|0x0000000095600000, 0x0000000095600000, 0x0000000095700000|  0%| F|  |TAMS 0x0000000095600000, 0x0000000095600000| Untracked 
| 343|0x0000000095700000, 0x0000000095700000, 0x0000000095800000|  0%| F|  |TAMS 0x0000000095700000, 0x0000000095700000| Untracked 
| 344|0x0000000095800000, 0x0000000095800000, 0x0000000095900000|  0%| F|  |TAMS 0x0000000095800000, 0x0000000095800000| Untracked 
| 345|0x0000000095900000, 0x0000000095900000, 0x0000000095a00000|  0%| F|  |TAMS 0x0000000095900000, 0x0000000095900000| Untracked 
| 346|0x0000000095a00000, 0x0000000095a00000, 0x0000000095b00000|  0%| F|  |TAMS 0x0000000095a00000, 0x0000000095a00000| Untracked 
| 347|0x0000000095b00000, 0x0000000095b00000, 0x0000000095c00000|  0%| F|  |TAMS 0x0000000095b00000, 0x0000000095b00000| Untracked 
| 348|0x0000000095c00000, 0x0000000095c00000, 0x0000000095d00000|  0%| F|  |TAMS 0x0000000095c00000, 0x0000000095c00000| Untracked 
| 349|0x0000000095d00000, 0x0000000095d00000, 0x0000000095e00000|  0%| F|  |TAMS 0x0000000095d00000, 0x0000000095d00000| Untracked 
| 350|0x0000000095e00000, 0x0000000095e00000, 0x0000000095f00000|  0%| F|  |TAMS 0x0000000095e00000, 0x0000000095e00000| Untracked 
| 351|0x0000000095f00000, 0x0000000095f00000, 0x0000000096000000|  0%| F|  |TAMS 0x0000000095f00000, 0x0000000095f00000| Untracked 
| 352|0x0000000096000000, 0x0000000096000000, 0x0000000096100000|  0%| F|  |TAMS 0x0000000096000000, 0x0000000096000000| Untracked 
| 353|0x0000000096100000, 0x0000000096100000, 0x0000000096200000|  0%| F|  |TAMS 0x0000000096100000, 0x0000000096100000| Untracked 
| 354|0x0000000096200000, 0x0000000096200000, 0x0000000096300000|  0%| F|  |TAMS 0x0000000096200000, 0x0000000096200000| Untracked 
| 355|0x0000000096300000, 0x0000000096300000, 0x0000000096400000|  0%| F|  |TAMS 0x0000000096300000, 0x0000000096300000| Untracked 
| 356|0x0000000096400000, 0x0000000096400000, 0x0000000096500000|  0%| F|  |TAMS 0x0000000096400000, 0x0000000096400000| Untracked 
| 357|0x0000000096500000, 0x0000000096500000, 0x0000000096600000|  0%| F|  |TAMS 0x0000000096500000, 0x0000000096500000| Untracked 
| 358|0x0000000096600000, 0x0000000096600000, 0x0000000096700000|  0%| F|  |TAMS 0x0000000096600000, 0x0000000096600000| Untracked 
| 359|0x0000000096700000, 0x0000000096700000, 0x0000000096800000|  0%| F|  |TAMS 0x0000000096700000, 0x0000000096700000| Untracked 
| 360|0x0000000096800000, 0x0000000096800000, 0x0000000096900000|  0%| F|  |TAMS 0x0000000096800000, 0x0000000096800000| Untracked 
| 361|0x0000000096900000, 0x0000000096900000, 0x0000000096a00000|  0%| F|  |TAMS 0x0000000096900000, 0x0000000096900000| Untracked 
| 362|0x0000000096a00000, 0x0000000096a00000, 0x0000000096b00000|  0%| F|  |TAMS 0x0000000096a00000, 0x0000000096a00000| Untracked 
| 363|0x0000000096b00000, 0x0000000096b00000, 0x0000000096c00000|  0%| F|  |TAMS 0x0000000096b00000, 0x0000000096b00000| Untracked 
| 364|0x0000000096c00000, 0x0000000096c00000, 0x0000000096d00000|  0%| F|  |TAMS 0x0000000096c00000, 0x0000000096c00000| Untracked 
| 365|0x0000000096d00000, 0x0000000096d00000, 0x0000000096e00000|  0%| F|  |TAMS 0x0000000096d00000, 0x0000000096d00000| Untracked 
| 366|0x0000000096e00000, 0x0000000096e00000, 0x0000000096f00000|  0%| F|  |TAMS 0x0000000096e00000, 0x0000000096e00000| Untracked 
| 367|0x0000000096f00000, 0x0000000096f00000, 0x0000000097000000|  0%| F|  |TAMS 0x0000000096f00000, 0x0000000096f00000| Untracked 
| 368|0x0000000097000000, 0x0000000097000000, 0x0000000097100000|  0%| F|  |TAMS 0x0000000097000000, 0x0000000097000000| Untracked 
| 369|0x0000000097100000, 0x0000000097100000, 0x0000000097200000|  0%| F|  |TAMS 0x0000000097100000, 0x0000000097100000| Untracked 
| 370|0x0000000097200000, 0x0000000097200000, 0x0000000097300000|  0%| F|  |TAMS 0x0000000097200000, 0x0000000097200000| Untracked 
| 371|0x0000000097300000, 0x0000000097300000, 0x0000000097400000|  0%| F|  |TAMS 0x0000000097300000, 0x0000000097300000| Untracked 
| 372|0x0000000097400000, 0x0000000097400000, 0x0000000097500000|  0%| F|  |TAMS 0x0000000097400000, 0x0000000097400000| Untracked 
| 373|0x0000000097500000, 0x0000000097500000, 0x0000000097600000|  0%| F|  |TAMS 0x0000000097500000, 0x0000000097500000| Untracked 
| 374|0x0000000097600000, 0x0000000097600000, 0x0000000097700000|  0%| F|  |TAMS 0x0000000097600000, 0x0000000097600000| Untracked 
| 375|0x0000000097700000, 0x0000000097700000, 0x0000000097800000|  0%| F|  |TAMS 0x0000000097700000, 0x0000000097700000| Untracked 
| 376|0x0000000097800000, 0x0000000097800000, 0x0000000097900000|  0%| F|  |TAMS 0x0000000097800000, 0x0000000097800000| Untracked 
| 377|0x0000000097900000, 0x0000000097900000, 0x0000000097a00000|  0%| F|  |TAMS 0x0000000097900000, 0x0000000097900000| Untracked 
| 378|0x0000000097a00000, 0x0000000097a00000, 0x0000000097b00000|  0%| F|  |TAMS 0x0000000097a00000, 0x0000000097a00000| Untracked 
| 379|0x0000000097b00000, 0x0000000097b00000, 0x0000000097c00000|  0%| F|  |TAMS 0x0000000097b00000, 0x0000000097b00000| Untracked 
| 380|0x0000000097c00000, 0x0000000097c00000, 0x0000000097d00000|  0%| F|  |TAMS 0x0000000097c00000, 0x0000000097c00000| Untracked 
| 381|0x0000000097d00000, 0x0000000097d00000, 0x0000000097e00000|  0%| F|  |TAMS 0x0000000097d00000, 0x0000000097d00000| Untracked 
| 382|0x0000000097e00000, 0x0000000097e00000, 0x0000000097f00000|  0%| F|  |TAMS 0x0000000097e00000, 0x0000000097e00000| Untracked 
| 383|0x0000000097f00000, 0x0000000097f00000, 0x0000000098000000|  0%| F|  |TAMS 0x0000000097f00000, 0x0000000097f00000| Untracked 
| 384|0x0000000098000000, 0x0000000098000000, 0x0000000098100000|  0%| F|  |TAMS 0x0000000098000000, 0x0000000098000000| Untracked 
| 385|0x0000000098100000, 0x0000000098100000, 0x0000000098200000|  0%| F|  |TAMS 0x0000000098100000, 0x0000000098100000| Untracked 
| 386|0x0000000098200000, 0x0000000098200000, 0x0000000098300000|  0%| F|  |TAMS 0x0000000098200000, 0x0000000098200000| Untracked 
| 387|0x0000000098300000, 0x0000000098300000, 0x0000000098400000|  0%| F|  |TAMS 0x0000000098300000, 0x0000000098300000| Untracked 
| 388|0x0000000098400000, 0x0000000098400000, 0x0000000098500000|  0%| F|  |TAMS 0x0000000098400000, 0x0000000098400000| Untracked 
| 389|0x0000000098500000, 0x0000000098500000, 0x0000000098600000|  0%| F|  |TAMS 0x0000000098500000, 0x0000000098500000| Untracked 
| 390|0x0000000098600000, 0x0000000098600000, 0x0000000098700000|  0%| F|  |TAMS 0x0000000098600000, 0x0000000098600000| Untracked 
| 391|0x0000000098700000, 0x0000000098700000, 0x0000000098800000|  0%| F|  |TAMS 0x0000000098700000, 0x0000000098700000| Untracked 
| 392|0x0000000098800000, 0x0000000098800000, 0x0000000098900000|  0%| F|  |TAMS 0x0000000098800000, 0x0000000098800000| Untracked 
| 393|0x0000000098900000, 0x0000000098900000, 0x0000000098a00000|  0%| F|  |TAMS 0x0000000098900000, 0x0000000098900000| Untracked 
| 394|0x0000000098a00000, 0x0000000098a00000, 0x0000000098b00000|  0%| F|  |TAMS 0x0000000098a00000, 0x0000000098a00000| Untracked 
| 395|0x0000000098b00000, 0x0000000098b00000, 0x0000000098c00000|  0%| F|  |TAMS 0x0000000098b00000, 0x0000000098b00000| Untracked 

Card table byte_map: [0x00000285a5540000,0x00000285a5940000] _byte_map_base: 0x00000285a5140000

Marking Bits (Prev, Next): (CMBitMap*) 0x000002858b7e8ad0, (CMBitMap*) 0x000002858b7e8a98
 Prev Bits: [0x00000285a7d40000, 0x00000285a9d40000)
 Next Bits: [0x00000285a5d40000, 0x00000285a7d40000)

Polling page: 0x000002858b880000

Metaspace:

Usage:
  Non-class:    119.83 MB capacity,   116.21 MB ( 97%) used,     3.15 MB (  3%) free+waste,   469.06 KB ( <1%) overhead. 
      Class:     18.70 MB capacity,    16.57 MB ( 89%) used,     1.93 MB ( 10%) free+waste,   209.69 KB (  1%) overhead. 
       Both:    138.53 MB capacity,   132.78 MB ( 96%) used,     5.09 MB (  4%) free+waste,   678.75 KB ( <1%) overhead. 

Virtual space:
  Non-class space:      128.00 MB reserved,     119.83 MB ( 94%) committed 
      Class space:      504.00 MB reserved,      18.75 MB (  4%) committed 
             Both:      632.00 MB reserved,     138.58 MB ( 22%) committed 

Chunk freelists:
   Non-Class:  2.00 KB
       Class:  0 bytes
        Both:  2.00 KB

MaxMetaspaceSize: 512.00 MB
CompressedClassSpaceSize: 504.00 MB
Initial GC threshold: 20.80 MB
Current GC threshold: 231.29 MB
CDS: off

CodeHeap 'non-profiled nmethods': size=120000Kb used=17775Kb max_used=18261Kb free=102225Kb
 bounds [0x000002859d1a0000, 0x000002859e380000, 0x00000285a46d0000]
CodeHeap 'profiled nmethods': size=120000Kb used=46502Kb max_used=49094Kb free=73497Kb
 bounds [0x0000028595c70000, 0x0000028598c70000, 0x000002859d1a0000]
CodeHeap 'non-nmethods': size=5760Kb used=2449Kb max_used=2535Kb free=3310Kb
 bounds [0x00000285956d0000, 0x0000028595960000, 0x0000028595c70000]
 total_blobs=22289 nmethods=21318 adapters=882
 compilation: enabled
              stopped_count=0, restarted_count=0
 full_count=0

Compilation events (20 events):
Event: 5224.347 Thread 0x00000285ac828800 24061       3       java.io.ObjectStreamField::getClassSignature (27 bytes)
Event: 5224.347 Thread 0x00000285ac823800 nmethod 24060 0x000002859da7d590 code [0x000002859da7d720, 0x000002859da7d838]
Event: 5224.348 Thread 0x00000285ac828800 nmethod 24061 0x0000028595e3ba10 code [0x0000028595e3bc60, 0x0000028595e3c328]
Event: 5224.350 Thread 0x00000285ac828800 24062       3       java.io.ObjectStreamClass$FieldReflector::getPrimFieldValues (317 bytes)
Event: 5224.351 Thread 0x00000285ac828800 nmethod 24062 0x0000028596a86910 code [0x0000028596a86bc0, 0x0000028596a87af8]
Event: 5224.351 Thread 0x00000285ac828800 24063       3       java.io.ObjectOutputStream$BlockDataOutputStream::write (152 bytes)
Event: 5224.352 Thread 0x00000285ac828800 nmethod 24063 0x0000028595cf2210 code [0x0000028595cf2440, 0x0000028595cf2c58]
Event: 5224.352 Thread 0x00000285ac828800 24064       3       org.gradle.internal.serialize.ExceptionPlaceholder$2::transform (70 bytes)
Event: 5224.354 Thread 0x00000285ac828800 nmethod 24064 0x0000028596490610 code [0x0000028596490820, 0x0000028596490eb8]
Event: 5224.354 Thread 0x00000285ac828800 24065       3       java.util.AbstractList::indexOf (65 bytes)
Event: 5224.355 Thread 0x00000285ac828800 nmethod 24065 0x0000028596211c90 code [0x0000028596211ee0, 0x0000028596212818]
Event: 5224.364 Thread 0x00000285ac823800 24066       4       java.io.ObjectOutputStream$BlockDataOutputStream::drain (45 bytes)
Event: 5224.365 Thread 0x00000285ac828800 24068       3       java.lang.StackTraceElement::equals (122 bytes)
Event: 5224.366 Thread 0x00000285ac823800 nmethod 24066 0x000002859d7e1310 code [0x000002859d7e14c0, 0x000002859d7e1588]
Event: 5224.366 Thread 0x00000285ac823800 24069   !   4       java.io.ObjectOutputStream::writeObject0 (619 bytes)
Event: 5224.366 Thread 0x00000285ac828800 nmethod 24068 0x00000285963b2710 code [0x00000285963b29a0, 0x00000285963b3658]
Event: 5224.366 Thread 0x00000285ac828800 24072       3       java.util.Collections$EmptyList::listIterator (4 bytes)
Event: 5224.366 Thread 0x00000285ac828800 nmethod 24072 0x0000028595e3ad90 code [0x0000028595e3af40, 0x0000028595e3b098]
Event: 5224.382 Thread 0x00000285ac828800 24075       3       java.io.ObjectStreamField::<init> (64 bytes)
Event: 5224.383 Thread 0x00000285ac828800 nmethod 24075 0x00000285964e6290 code [0x00000285964e64c0, 0x00000285964e6b48]

GC Heap History (20 events):
Event: 4012.160 GC heap before
{Heap before GC invocations=88 (full 0):
 garbage-first heap   total 405504K, used 228699K [0x0000000080000000, 0x0000000100000000)
  region size 1024K, 19 young (19456K), 10 survivors (10240K)
 Metaspace       used 134706K, capacity 140476K, committed 140752K, reserved 638976K
  class space    used 16904K, capacity 19046K, committed 19072K, reserved 516096K
}
Event: 4012.186 GC heap after
{Heap after GC invocations=89 (full 0):
 garbage-first heap   total 405504K, used 217813K [0x0000000080000000, 0x0000000100000000)
  region size 1024K, 3 young (3072K), 3 survivors (3072K)
 Metaspace       used 134706K, capacity 140476K, committed 140752K, reserved 638976K
  class space    used 16904K, capacity 19046K, committed 19072K, reserved 516096K
}
Event: 5181.733 GC heap before
{Heap before GC invocations=89 (full 0):
 garbage-first heap   total 405504K, used 321237K [0x0000000080000000, 0x0000000100000000)
  region size 1024K, 104 young (106496K), 3 survivors (3072K)
 Metaspace       used 134976K, capacity 140865K, committed 141008K, reserved 638976K
  class space    used 16914K, capacity 19061K, committed 19072K, reserved 516096K
}
Event: 5181.792 GC heap after
{Heap after GC invocations=90 (full 0):
 garbage-first heap   total 405504K, used 222766K [0x0000000080000000, 0x0000000100000000)
  region size 1024K, 8 young (8192K), 8 survivors (8192K)
 Metaspace       used 134976K, capacity 140865K, committed 141008K, reserved 638976K
  class space    used 16914K, capacity 19061K, committed 19072K, reserved 516096K
}
Event: 5187.874 GC heap before
{Heap before GC invocations=91 (full 0):
 garbage-first heap   total 405504K, used 325166K [0x0000000080000000, 0x0000000100000000)
  region size 1024K, 109 young (111616K), 8 survivors (8192K)
 Metaspace       used 135308K, capacity 141197K, committed 141392K, reserved 638976K
  class space    used 16933K, capacity 19096K, committed 19200K, reserved 516096K
}
Event: 5187.914 GC heap after
{Heap after GC invocations=92 (full 0):
 garbage-first heap   total 405504K, used 239610K [0x0000000080000000, 0x0000000100000000)
  region size 1024K, 14 young (14336K), 14 survivors (14336K)
 Metaspace       used 135308K, capacity 141197K, committed 141392K, reserved 638976K
  class space    used 16933K, capacity 19096K, committed 19200K, reserved 516096K
}
Event: 5188.000 GC heap before
{Heap before GC invocations=92 (full 0):
 garbage-first heap   total 405504K, used 244730K [0x0000000080000000, 0x0000000100000000)
  region size 1024K, 19 young (19456K), 14 survivors (14336K)
 Metaspace       used 135340K, capacity 141198K, committed 141392K, reserved 638976K
  class space    used 16933K, capacity 19096K, committed 19200K, reserved 516096K
}
Event: 5188.050 GC heap after
{Heap after GC invocations=93 (full 0):
 garbage-first heap   total 405504K, used 238994K [0x0000000080000000, 0x0000000100000000)
  region size 1024K, 3 young (3072K), 3 survivors (3072K)
 Metaspace       used 135340K, capacity 141198K, committed 141392K, reserved 638976K
  class space    used 16933K, capacity 19096K, committed 19200K, reserved 516096K
}
Event: 5189.132 GC heap before
{Heap before GC invocations=93 (full 0):
 garbage-first heap   total 405504K, used 329106K [0x0000000080000000, 0x0000000100000000)
  region size 1024K, 91 young (93184K), 3 survivors (3072K)
 Metaspace       used 135512K, capacity 141403K, committed 141648K, reserved 638976K
  class space    used 16934K, capacity 19097K, committed 19200K, reserved 516096K
}
Event: 5189.162 GC heap after
{Heap after GC invocations=94 (full 0):
 garbage-first heap   total 405504K, used 256512K [0x0000000080000000, 0x0000000100000000)
  region size 1024K, 12 young (12288K), 12 survivors (12288K)
 Metaspace       used 135512K, capacity 141403K, committed 141648K, reserved 638976K
  class space    used 16934K, capacity 19097K, committed 19200K, reserved 516096K
}
Event: 5189.985 GC heap before
{Heap before GC invocations=95 (full 0):
 garbage-first heap   total 405504K, used 330240K [0x0000000080000000, 0x0000000100000000)
  region size 1024K, 87 young (89088K), 12 survivors (12288K)
 Metaspace       used 135596K, capacity 141506K, committed 141648K, reserved 638976K
  class space    used 16938K, capacity 19105K, committed 19200K, reserved 516096K
}
Event: 5190.011 GC heap after
{Heap after GC invocations=96 (full 0):
 garbage-first heap   total 405504K, used 262824K [0x0000000080000000, 0x0000000100000000)
  region size 1024K, 8 young (8192K), 8 survivors (8192K)
 Metaspace       used 135596K, capacity 141506K, committed 141648K, reserved 638976K
  class space    used 16938K, capacity 19105K, committed 19200K, reserved 516096K
}
Event: 5190.518 GC heap before
{Heap before GC invocations=96 (full 0):
 garbage-first heap   total 405504K, used 273064K [0x0000000080000000, 0x0000000100000000)
  region size 1024K, 19 young (19456K), 8 survivors (8192K)
 Metaspace       used 135600K, capacity 141506K, committed 141648K, reserved 638976K
  class space    used 16938K, capacity 19105K, committed 19200K, reserved 516096K
}
Event: 5190.542 GC heap after
{Heap after GC invocations=97 (full 0):
 garbage-first heap   total 405504K, used 229035K [0x0000000080000000, 0x0000000100000000)
  region size 1024K, 2 young (2048K), 2 survivors (2048K)
 Metaspace       used 135600K, capacity 141506K, committed 141648K, reserved 638976K
  class space    used 16938K, capacity 19105K, committed 19200K, reserved 516096K
}
Event: 5191.203 GC heap before
{Heap before GC invocations=97 (full 0):
 garbage-first heap   total 405504K, used 246443K [0x0000000080000000, 0x0000000100000000)
  region size 1024K, 19 young (19456K), 2 survivors (2048K)
 Metaspace       used 135600K, capacity 141506K, committed 141648K, reserved 638976K
  class space    used 16938K, capacity 19105K, committed 19200K, reserved 516096K
}
Event: 5191.231 GC heap after
{Heap after GC invocations=98 (full 0):
 garbage-first heap   total 405504K, used 216550K [0x0000000080000000, 0x0000000100000000)
  region size 1024K, 1 young (1024K), 1 survivors (1024K)
 Metaspace       used 135600K, capacity 141506K, committed 141648K, reserved 638976K
  class space    used 16938K, capacity 19105K, committed 19200K, reserved 516096K
}
Event: 5193.211 GC heap before
{Heap before GC invocations=98 (full 0):
 garbage-first heap   total 405504K, used 311782K [0x0000000080000000, 0x0000000100000000)
  region size 1024K, 94 young (96256K), 1 survivors (1024K)
 Metaspace       used 135729K, capacity 141629K, committed 141904K, reserved 638976K
  class space    used 16945K, capacity 19119K, committed 19200K, reserved 516096K
}
Event: 5193.228 GC heap after
{Heap after GC invocations=99 (full 0):
 garbage-first heap   total 405504K, used 220393K [0x0000000080000000, 0x0000000100000000)
  region size 1024K, 5 young (5120K), 5 survivors (5120K)
 Metaspace       used 135729K, capacity 141629K, committed 141904K, reserved 638976K
  class space    used 16945K, capacity 19119K, committed 19200K, reserved 516096K
}
Event: 5224.385 GC heap before
{Heap before GC invocations=100 (full 0):
 garbage-first heap   total 405504K, used 294121K [0x0000000080000000, 0x0000000100000000)
  region size 1024K, 78 young (79872K), 5 survivors (5120K)
 Metaspace       used 135967K, capacity 141854K, committed 141904K, reserved 645120K
  class space    used 16964K, capacity 19152K, committed 19200K, reserved 516096K
}
Event: 5224.397 GC heap after
{Heap after GC invocations=101 (full 0):
 garbage-first heap   total 405504K, used 220404K [0x0000000080000000, 0x0000000100000000)
  region size 1024K, 5 young (5120K), 5 survivors (5120K)
 Metaspace       used 135967K, capacity 141854K, committed 141904K, reserved 645120K
  class space    used 16964K, capacity 19152K, committed 19200K, reserved 516096K
}

Deoptimization events (20 events):
Event: 5224.319 Thread 0x00000285b36b3000 Uncommon trap: trap_request=0xffffffc6 fr.pc=0x000002859e163df8 relative=0x0000000000000c38
Event: 5224.319 Thread 0x00000285b36b3000 Uncommon trap: reason=bimorphic_or_optimized_type_check action=maybe_recompile pc=0x000002859e163df8 method=com.google.common.cache.LocalCache$Segment.get(Ljava/lang/Object;I)Ljava/lang/Object; @ 44 c2
Event: 5224.319 Thread 0x00000285b36b3000 DEOPT PACKING pc=0x000002859e163df8 sp=0x000000d80acfd070
Event: 5224.319 Thread 0x00000285b36b3000 DEOPT UNPACKING pc=0x00000285956d85af sp=0x000000d80acfcfc0 mode 2
Event: 5224.346 Thread 0x00000285b36b3000 Uncommon trap: trap_request=0xffffffd6 fr.pc=0x000002859d1d5df4 relative=0x0000000000000914
Event: 5224.346 Thread 0x00000285b36b3000 Uncommon trap: reason=array_check action=maybe_recompile pc=0x000002859d1d5df4 method=java.util.ComparableTimSort.binarySort([Ljava/lang/Object;III)V @ 183 c2
Event: 5224.346 Thread 0x00000285b36b3000 DEOPT PACKING pc=0x000002859d1d5df4 sp=0x000000d80acfa5d0
Event: 5224.346 Thread 0x00000285b36b3000 DEOPT UNPACKING pc=0x00000285956d85af sp=0x000000d80acfa570 mode 2
Event: 5224.362 Thread 0x00000285b36b3000 Uncommon trap: trap_request=0xffffffde fr.pc=0x000002859d28fb14 relative=0x0000000000000074
Event: 5224.362 Thread 0x00000285b36b3000 Uncommon trap: reason=class_check action=maybe_recompile pc=0x000002859d28fb14 method=java.lang.Integer.equals(Ljava/lang/Object;)Z @ 1 c2
Event: 5224.362 Thread 0x00000285b36b3000 DEOPT PACKING pc=0x000002859d28fb14 sp=0x000000d80acfd220
Event: 5224.362 Thread 0x00000285b36b3000 DEOPT UNPACKING pc=0x00000285956d85af sp=0x000000d80acfd1b0 mode 2
Event: 5224.362 Thread 0x00000285b36b3000 Uncommon trap: trap_request=0xffffff4d fr.pc=0x000002859dcf1ab4 relative=0x00000000000004f4
Event: 5224.362 Thread 0x00000285b36b3000 Uncommon trap: reason=unstable_if action=reinterpret pc=0x000002859dcf1ab4 method=org.gradle.internal.io.StreamByteBuffer.prepareRead()I @ 30 c2
Event: 5224.362 Thread 0x00000285b36b3000 DEOPT PACKING pc=0x000002859dcf1ab4 sp=0x000000d80acfd7f0
Event: 5224.362 Thread 0x00000285b36b3000 DEOPT UNPACKING pc=0x00000285956d85af sp=0x000000d80acfd750 mode 2
Event: 5224.365 Thread 0x00000285b36b3000 Uncommon trap: trap_request=0xffffff4d fr.pc=0x000002859d92448c relative=0x000000000000016c
Event: 5224.365 Thread 0x00000285b36b3000 Uncommon trap: reason=unstable_if action=reinterpret pc=0x000002859d92448c method=org.gradle.internal.io.StreamByteBuffer.prepareRead()I @ 30 c2
Event: 5224.365 Thread 0x00000285b36b3000 DEOPT PACKING pc=0x000002859d92448c sp=0x000000d80acfd650
Event: 5224.365 Thread 0x00000285b36b3000 DEOPT UNPACKING pc=0x00000285956d85af sp=0x000000d80acfd608 mode 2

Classes redefined (0 events):
No events

Internal exceptions (20 events):
Event: 5187.943 Thread 0x00000285b36b3000 Exception <a 'sun/nio/fs/WindowsException'{0x0000000098be4c30}> (0x0000000098be4c30) thrown at [./src/hotspot/share/prims/jni.cpp, line 617]
Event: 5187.944 Thread 0x00000285b36b3000 Exception <a 'sun/nio/fs/WindowsException'{0x0000000098be5e98}> (0x0000000098be5e98) thrown at [./src/hotspot/share/prims/jni.cpp, line 617]
Event: 5187.944 Thread 0x00000285b36b3000 Exception <a 'sun/nio/fs/WindowsException'{0x0000000098be7458}> (0x0000000098be7458) thrown at [./src/hotspot/share/prims/jni.cpp, line 617]
Event: 5187.944 Thread 0x00000285b36b3000 Exception <a 'sun/nio/fs/WindowsException'{0x0000000098be8710}> (0x0000000098be8710) thrown at [./src/hotspot/share/prims/jni.cpp, line 617]
Event: 5188.341 Thread 0x00000285b36b3000 Implicit null exception at 0x000002859e137d4c to 0x000002859e13e3b0
Event: 5188.613 Thread 0x00000285b36b3000 Implicit null exception at 0x000002859e137d4c to 0x000002859e13e3b0
Event: 5188.765 Thread 0x00000285b36b3000 Exception <a 'sun/nio/fs/WindowsException'{0x0000000095af1bd8}> (0x0000000095af1bd8) thrown at [./src/hotspot/share/prims/jni.cpp, line 617]
Event: 5188.765 Thread 0x00000285b36b3000 Exception <a 'sun/nio/fs/WindowsException'{0x0000000095af2e40}> (0x0000000095af2e40) thrown at [./src/hotspot/share/prims/jni.cpp, line 617]
Event: 5188.765 Thread 0x00000285b36b3000 Exception <a 'sun/nio/fs/WindowsException'{0x0000000095af40f8}> (0x0000000095af40f8) thrown at [./src/hotspot/share/prims/jni.cpp, line 617]
Event: 5188.765 Thread 0x00000285b36b3000 Exception <a 'sun/nio/fs/WindowsException'{0x0000000095af53b0}> (0x0000000095af53b0) thrown at [./src/hotspot/share/prims/jni.cpp, line 617]
Event: 5188.813 Thread 0x00000285b36b3000 Implicit null exception at 0x000002859e137d4c to 0x000002859e13e3b0
Event: 5188.843 Thread 0x00000285b36b3000 Implicit null exception at 0x000002859e137d4c to 0x000002859e13e3b0
Event: 5189.780 Thread 0x00000285b36b3000 Exception <a 'sun/nio/fs/WindowsException'{0x0000000095087030}> (0x0000000095087030) thrown at [./src/hotspot/share/prims/jni.cpp, line 617]
Event: 5192.711 Thread 0x00000285b143c800 Implicit null exception at 0x000002859e2ef478 to 0x000002859e2ef584
Event: 5201.326 Thread 0x00000285baf6b800 Exception <a 'sun/nio/fs/WindowsException'{0x000000009519d4a0}> (0x000000009519d4a0) thrown at [./src/hotspot/share/prims/jni.cpp, line 617]
Event: 5224.260 Thread 0x00000285b36b3000 Exception <a 'java/lang/ClassNotFoundException'{0x0000000094716548}: java/lang/ExceptionBeanInfo> (0x0000000094716548) thrown at [./src/hotspot/share/classfile/systemDictionary.cpp, line 230]
Event: 5224.261 Thread 0x00000285b36b3000 Exception <a 'java/lang/ClassNotFoundException'{0x000000009471b3d0}: java/lang/ThrowableBeanInfo> (0x000000009471b3d0) thrown at [./src/hotspot/share/classfile/systemDictionary.cpp, line 230]
Event: 5224.261 Thread 0x00000285b36b3000 Exception <a 'java/lang/ClassNotFoundException'{0x0000000094720228}: java/lang/ThrowableCustomizer> (0x0000000094720228) thrown at [./src/hotspot/share/classfile/systemDictionary.cpp, line 230]
Event: 5224.266 Thread 0x00000285b36b3000 Exception <a 'java/lang/ClassNotFoundException'{0x000000009472ed10}: java/lang/ExceptionCustomizer> (0x000000009472ed10) thrown at [./src/hotspot/share/classfile/systemDictionary.cpp, line 230]
Event: 5224.268 Thread 0x00000285b36b3000 Exception <a 'java/lang/reflect/InvocationTargetException'{0x0000000094737938}> (0x0000000094737938) thrown at [./src/hotspot/share/runtime/reflection.cpp, line 1247]

Events (20 events):
Event: 5224.350 Thread 0x00000285ac82a800 flushing nmethod 0x0000028597b78310
Event: 5224.350 Thread 0x00000285ac82a800 flushing nmethod 0x0000028597c47690
Event: 5224.351 Thread 0x00000285ac82a800 flushing nmethod 0x0000028597d60490
Event: 5224.351 Thread 0x00000285ac82a800 flushing nmethod 0x0000028597d7eb90
Event: 5224.351 Thread 0x00000285ac82a800 flushing nmethod 0x0000028597d7fa10
Event: 5224.352 Thread 0x00000285ac82a800 flushing nmethod 0x0000028597dc0b90
Event: 5224.352 Thread 0x00000285ac82a800 flushing nmethod 0x0000028597dc1d90
Event: 5224.352 Thread 0x00000285ac82a800 flushing nmethod 0x0000028597dc2110
Event: 5224.354 Thread 0x00000285ac82a800 flushing nmethod 0x0000028597dc3590
Event: 5224.354 Thread 0x00000285ac82a800 flushing nmethod 0x0000028597dc3890
Event: 5224.354 Thread 0x00000285ac82a800 flushing nmethod 0x0000028597de2e90
Event: 5224.354 Thread 0x00000285ac82a800 flushing nmethod 0x0000028597de8390
Event: 5224.355 Thread 0x00000285ac82a800 flushing nmethod 0x0000028597ef1290
Event: 5224.357 Executing VM operation: RevokeBias
Event: 5224.357 Executing VM operation: RevokeBias done
Event: 5224.367 Executing VM operation: RevokeBias
Event: 5224.367 Executing VM operation: RevokeBias done
Event: 5224.367 Executing VM operation: RevokeBias
Event: 5224.367 Executing VM operation: RevokeBias done
Event: 5224.385 Executing VM operation: CollectForMetadataAllocation


Dynamic libraries:
0x00007ff7ad9e0000 - 0x00007ff7ad9ed000 	C:\Program Files\OpenJDK\openjdk-11.0.16_8\bin\java.exe
0x00007ffc14b00000 - 0x00007ffc14d09000 	C:\WINDOWS\SYSTEM32\ntdll.dll
0x00007ffc13720000 - 0x00007ffc137dd000 	C:\WINDOWS\System32\KERNEL32.DLL
0x00007ffc12140000 - 0x00007ffc124bb000 	C:\WINDOWS\System32\KERNELBASE.dll
0x00007ffc12680000 - 0x00007ffc12791000 	C:\WINDOWS\System32\ucrtbase.dll
0x00007ffc07150000 - 0x00007ffc07165000 	C:\Program Files\OpenJDK\openjdk-11.0.16_8\bin\VCRUNTIME140.dll
0x00007ffc06d50000 - 0x00007ffc06d67000 	C:\Program Files\OpenJDK\openjdk-11.0.16_8\bin\jli.dll
0x00007ffc13a80000 - 0x00007ffc13c2d000 	C:\WINDOWS\System32\USER32.dll
0x00007ffbf6120000 - 0x00007ffbf63c5000 	C:\WINDOWS\WinSxS\amd64_microsoft.windows.common-controls_6595b64144ccf1df_6.0.22000.120_none_9d947278b86cc467\COMCTL32.dll
0x00007ffc12650000 - 0x00007ffc12676000 	C:\WINDOWS\System32\win32u.dll
0x00007ffc13c30000 - 0x00007ffc13cd3000 	C:\WINDOWS\System32\msvcrt.dll
0x00007ffc14840000 - 0x00007ffc14869000 	C:\WINDOWS\System32\GDI32.dll
0x00007ffc127a0000 - 0x00007ffc128b8000 	C:\WINDOWS\System32\gdi32full.dll
0x00007ffc125b0000 - 0x00007ffc1264d000 	C:\WINDOWS\System32\msvcp_win.dll
0x00007ffc13870000 - 0x00007ffc138a1000 	C:\WINDOWS\System32\IMM32.DLL
0x00007ffbf6a80000 - 0x00007ffbf6b1b000 	C:\Program Files\OpenJDK\openjdk-11.0.16_8\bin\msvcp140.dll
0x00007ffba8da0000 - 0x00007ffba98ae000 	C:\Program Files\OpenJDK\openjdk-11.0.16_8\bin\server\jvm.dll
0x00007ffc13610000 - 0x00007ffc136be000 	C:\WINDOWS\System32\ADVAPI32.dll
0x00007ffc14940000 - 0x00007ffc149de000 	C:\WINDOWS\System32\sechost.dll
0x00007ffc12b40000 - 0x00007ffc12c60000 	C:\WINDOWS\System32\RPCRT4.dll
0x00007ffc12c60000 - 0x00007ffc12c68000 	C:\WINDOWS\System32\PSAPI.DLL
0x00007ffc0d640000 - 0x00007ffc0d649000 	C:\WINDOWS\SYSTEM32\WSOCK32.dll
0x00007ffbfe670000 - 0x00007ffbfe6a3000 	C:\WINDOWS\SYSTEM32\WINMM.dll
0x00007ffbfe160000 - 0x00007ffbfe16a000 	C:\WINDOWS\SYSTEM32\VERSION.dll
0x00007ffc13ce0000 - 0x00007ffc13d4f000 	C:\WINDOWS\System32\WS2_32.dll
0x00007ffc11140000 - 0x00007ffc11158000 	C:\WINDOWS\SYSTEM32\kernel.appcore.dll
0x00007ffc077b0000 - 0x00007ffc077c0000 	C:\Program Files\OpenJDK\openjdk-11.0.16_8\bin\verify.dll
0x00007ffc0fb10000 - 0x00007ffc0fd31000 	C:\WINDOWS\SYSTEM32\DBGHELP.DLL
0x00007ffc0ec30000 - 0x00007ffc0ec61000 	C:\WINDOWS\SYSTEM32\dbgcore.DLL
0x00007ffc12530000 - 0x00007ffc125af000 	C:\WINDOWS\System32\bcryptPrimitives.dll
0x00007ffc06100000 - 0x00007ffc06128000 	C:\Program Files\OpenJDK\openjdk-11.0.16_8\bin\java.dll
0x00007ffc074a0000 - 0x00007ffc074aa000 	C:\Program Files\OpenJDK\openjdk-11.0.16_8\bin\jimage.dll
0x00007ffc006c0000 - 0x00007ffc006d8000 	C:\Program Files\OpenJDK\openjdk-11.0.16_8\bin\zip.dll
0x00007ffc12ca0000 - 0x00007ffc13458000 	C:\WINDOWS\System32\SHELL32.dll
0x00007ffc100d0000 - 0x00007ffc10935000 	C:\WINDOWS\SYSTEM32\windows.storage.dll
0x00007ffc14320000 - 0x00007ffc14697000 	C:\WINDOWS\System32\combase.dll
0x00007ffc0ff60000 - 0x00007ffc100c6000 	C:\WINDOWS\SYSTEM32\wintypes.dll
0x00007ffc13db0000 - 0x00007ffc13e9a000 	C:\WINDOWS\System32\SHCORE.dll
0x00007ffc13d50000 - 0x00007ffc13dad000 	C:\WINDOWS\System32\shlwapi.dll
0x00007ffc11f00000 - 0x00007ffc11f21000 	C:\WINDOWS\SYSTEM32\profapi.dll
0x00007ffc006a0000 - 0x00007ffc006b9000 	C:\Program Files\OpenJDK\openjdk-11.0.16_8\bin\net.dll
0x00007ffc0d520000 - 0x00007ffc0d62c000 	C:\WINDOWS\SYSTEM32\WINHTTP.dll
0x00007ffc115e0000 - 0x00007ffc11647000 	C:\WINDOWS\system32\mswsock.dll
0x00007ffc00230000 - 0x00007ffc00243000 	C:\Program Files\OpenJDK\openjdk-11.0.16_8\bin\nio.dll
0x00007ffc0d680000 - 0x00007ffc0d6a7000 	C:\Users\ASUS\.gradle\native\e1d6ef7f7dcc3fd88c89a11ec53ec762bb8ba0a96d01ffa2cd45eb1d1d8dd5c5\windows-amd64\native-platform.dll
0x00007ffbf95a0000 - 0x00007ffbf96e4000 	C:\Users\ASUS\.gradle\native\0d407fdbe67a94daf76414ababcb853783967236a71b16ec16e742cd7a986fd3\windows-amd64\native-platform-file-events.dll
0x00007ffc00690000 - 0x00007ffc00699000 	C:\Program Files\OpenJDK\openjdk-11.0.16_8\bin\management.dll
0x00007ffbffcd0000 - 0x00007ffbffcdb000 	C:\Program Files\OpenJDK\openjdk-11.0.16_8\bin\management_ext.dll
0x00007ffc11820000 - 0x00007ffc11838000 	C:\WINDOWS\SYSTEM32\CRYPTSP.dll
0x00007ffc110a0000 - 0x00007ffc110d5000 	C:\WINDOWS\system32\rsaenh.dll
0x00007ffc116d0000 - 0x00007ffc116f9000 	C:\WINDOWS\SYSTEM32\USERENV.dll
0x00007ffc119b0000 - 0x00007ffc119d7000 	C:\WINDOWS\SYSTEM32\bcrypt.dll
0x00007ffc11840000 - 0x00007ffc1184c000 	C:\WINDOWS\SYSTEM32\CRYPTBASE.dll
0x00007ffc10c70000 - 0x00007ffc10c9d000 	C:\WINDOWS\SYSTEM32\IPHLPAPI.DLL
0x00007ffc13a70000 - 0x00007ffc13a79000 	C:\WINDOWS\System32\NSI.dll
0x00007ffc0dba0000 - 0x00007ffc0dbb9000 	C:\WINDOWS\SYSTEM32\dhcpcsvc6.DLL
0x00007ffc0e3c0000 - 0x00007ffc0e3de000 	C:\WINDOWS\SYSTEM32\dhcpcsvc.DLL
0x00007ffc10ca0000 - 0x00007ffc10d88000 	C:\WINDOWS\SYSTEM32\DNSAPI.dll
0x00007ffc066d0000 - 0x00007ffc066f5000 	C:\Program Files\OpenJDK\openjdk-11.0.16_8\bin\sunec.dll
0x00007ffbfdec0000 - 0x00007ffbfdeca000 	C:\Windows\System32\rasadhlp.dll
0x00007ffbfe570000 - 0x00007ffbfe5f1000 	C:\WINDOWS\System32\fwpuclnt.dll
0x00007ffc066c0000 - 0x00007ffc066ce000 	C:\Program Files\OpenJDK\openjdk-11.0.16_8\bin\sunmscapi.dll
0x00007ffc11fd0000 - 0x00007ffc12132000 	C:\WINDOWS\System32\CRYPT32.dll
0x00007ffc11980000 - 0x00007ffc119a8000 	C:\WINDOWS\SYSTEM32\ncrypt.dll
0x00007ffc11940000 - 0x00007ffc11977000 	C:\WINDOWS\SYSTEM32\NTASN1.dll

dbghelp: loaded successfully - version: 4.0.5 - missing functions: none
symbol engine: initialized successfully - sym options: 0x614 - pdb path: .;C:\Program Files\OpenJDK\openjdk-11.0.16_8\bin;C:\WINDOWS\SYSTEM32;C:\WINDOWS\WinSxS\amd64_microsoft.windows.common-controls_6595b64144ccf1df_6.0.22000.120_none_9d947278b86cc467;C:\Program Files\OpenJDK\openjdk-11.0.16_8\bin\server;C:\Users\ASUS\.gradle\native\e1d6ef7f7dcc3fd88c89a11ec53ec762bb8ba0a96d01ffa2cd45eb1d1d8dd5c5\windows-amd64;C:\Users\ASUS\.gradle\native\0d407fdbe67a94daf76414ababcb853783967236a71b16ec16e742cd7a986fd3\windows-amd64

VM Arguments:
jvm_args: -XX:MaxMetaspaceSize=512m --add-opens=java.base/java.util=ALL-UNNAMED --add-opens=java.base/java.lang=ALL-UNNAMED --add-opens=java.base/java.lang.invoke=ALL-UNNAMED --add-opens=java.base/java.util=ALL-UNNAMED --add-opens=java.prefs/java.util.prefs=ALL-UNNAMED --add-opens=java.prefs/java.util.prefs=ALL-UNNAMED --add-opens=java.base/java.nio.charset=ALL-UNNAMED --add-opens=java.base/java.net=ALL-UNNAMED --add-opens=java.base/java.util.concurrent.atomic=ALL-UNNAMED -Xmx2048m -Dfile.encoding=windows-1252 -Duser.country=US -Duser.language=en -Duser.variant 
java_command: org.gradle.launcher.daemon.bootstrap.GradleDaemon 7.5.1
java_class_path (initial): C:\Users\ASUS\.gradle\wrapper\dists\gradle-7.5.1-all\1ehga6e77gqps5uk2kc5kf1vc\gradle-7.5.1\lib\gradle-launcher-7.5.1.jar
Launcher Type: SUN_STANDARD

[Global flags]
     intx CICompilerCount                          = 4                                         {product} {ergonomic}
   size_t CompressedClassSpaceSize                 = 528482304                                 {product} {ergonomic}
     uint ConcGCThreads                            = 2                                         {product} {ergonomic}
     uint G1ConcRefinementThreads                  = 8                                         {product} {ergonomic}
   size_t G1HeapRegionSize                         = 1048576                                   {product} {ergonomic}
    uintx GCDrainStackTargetSize                   = 64                                        {product} {ergonomic}
   size_t InitialHeapSize                          = 130023424                                 {product} {ergonomic}
   size_t MarkStackSize                            = 4194304                                   {product} {ergonomic}
   size_t MaxHeapSize                              = 2147483648                                {product} {command line}
   size_t MaxMetaspaceSize                         = 536870912                                 {product} {command line}
   size_t MaxNewSize                               = 1287651328                                {product} {ergonomic}
   size_t MinHeapDeltaBytes                        = 1048576                                   {product} {ergonomic}
    uintx NonNMethodCodeHeapSize                   = 5836300                                {pd product} {ergonomic}
    uintx NonProfiledCodeHeapSize                  = 122910970                              {pd product} {ergonomic}
    uintx ProfiledCodeHeapSize                     = 122910970                              {pd product} {ergonomic}
    uintx ReservedCodeCacheSize                    = 251658240                              {pd product} {ergonomic}
     bool SegmentedCodeCache                       = true                                      {product} {ergonomic}
     bool UseCompressedClassPointers               = true                                 {lp64_product} {ergonomic}
     bool UseCompressedOops                        = true                                 {lp64_product} {ergonomic}
     bool UseG1GC                                  = true                                      {product} {ergonomic}
     bool UseLargePagesIndividualAllocation        = false                                  {pd product} {ergonomic}

Logging:
Log output configuration:
 #0: stdout all=warning uptime,level,tags
 #1: stderr all=off uptime,level,tags

Environment Variables:
JAVA_HOME=C:\Program Files\OpenJDK\openjdk-11.0.16_8
CLASSPATH=C:\Users\ASUS\Documents\React-Native\PBL_6_Mobile\android\\gradle\wrapper\gradle-wrapper.jar
PATH=C:\Users\ASUS\Documents\React-Native\PBL_6_Mobile\android\node_modules\.bin;C:\Users\ASUS\Documents\React-Native\PBL_6_Mobile\node_modules\.bin;C:\Users\ASUS\Documents\React-Native\node_modules\.bin;C:\Users\ASUS\Documents\node_modules\.bin;C:\Users\ASUS\node_modules\.bin;C:\Users\node_modules\.bin;C:\node_modules\.bin;C:\Program Files\nodejs;C:\Users\ASUS\Documents\React-Native\PBL_6_Mobile\node_modules\.bin;C:\Users\ASUS\Documents\React-Native\node_modules\.bin;C:\Users\ASUS\Documents\node_modules\.bin;C:\Users\ASUS\node_modules\.bin;C:\Users\node_modules\.bin;C:\node_modules\.bin;C:\Program Files\nodejs\node_modules\npm\node_modules\@npmcli\run-script\lib\node-gyp-bin;C:\Program Files (x86)\Common Files\Oracle\Java\javapath;C:\Program Files\Common Files\Oracle\Java\javapath;C:\Windows\system32;C:\Windows;C:\Windows\System32\Wbem;C:\Windows\System32\WindowsPowerShell\v1.0\;C:\Windows\System32\OpenSSH\;C:\Program Files (x86)\NVIDIA Corporation\PhysX\Common;C:\Program Files\dotnet\;C:\Program Files\Microsoft SQL Server\130\Tools\Binn\;C:\Program Files\Microsoft SQL Server\Client SDK\ODBC\170\Tools\Binn\;C:\Program Files (x86)\Microsoft SQL Server\150\Tools\Binn\;C:\Program Files\Microsoft SQL Server\150\Tools\Binn\;C:\Program Files\Microsoft SQL Server\150\DTS\Binn\;C:\Program Files (x86)\Microsoft SQL Server\150\DTS\Binn\;C:\Program Files (x86)\dotnet\;D:\Temp\bin;C:\Program Files\OpenJDK\openjdk-11.0.16_8\bin;C:\hadoop\hadoop-2.6.0;C:\hadoop\hadoop-2.6.0\bin;C:\hadoop\hadoop-2.6.0\sbin;C:\WINDOWS\system32;C:\WINDOWS;C:\WINDOWS\System32\Wbem;C:\WINDOWS\System32\WindowsPowerShell\v1.0\;C:\WINDOWS\System32\OpenSSH\;C:\Program Files\Git\cmd;C:\ProgramData\chocolatey\bin;C:\Program Files\nodejs\;C:\xampp\php;C:\composer;C:\Program Files (x86)\STMicroelectronics\STM32 ST-LINK Utility\ST-LINK Utility;C:\Users\ASUS\AppData\Local\Programs\Python\Python310\Scripts\;C:\Users\ASUS\AppData\Local\Programs\Python\Python310\;C:\Program Files\MySQL\MySQL Shell 8.0\bin\;C:\Users\
USERNAME=ASUS
LANG=en_US.UTF-8
OS=Windows_NT
PROCESSOR_IDENTIFIER=Intel64 Family 6 Model 140 Stepping 1, GenuineIntel
TMP=C:\Users\ASUS\AppData\Local\Temp
TEMP=C:\Users\ASUS\AppData\Local\Temp



---------------  S Y S T E M  ---------------

OS: Windows 11 , 64 bit Build 22000 (10.0.22000.708)
OS uptime: 8 days 18:05 hours

CPU:total 8 (initial active 8) (4 cores per cpu, 2 threads per core) family 6 model 140 stepping 1 microcode 0x86, cmov, cx8, fxsr, mmx, sse, sse2, sse3, ssse3, sse4.1, sse4.2, popcnt, avx, avx2, aes, clmul, erms, 3dnowpref, lzcnt, ht, tsc, tscinvbit, bmi1, bmi2, adx, evex, sha, fma

Memory: 4k page, system-wide physical 7873M (334M free)
TotalPageFile size 13519M (AvailPageFile size 1M)
current process WorkingSet (physical memory assigned to process): 657M, peak: 766M
current process commit charge ("private bytes"): 851M, peak: 866M

vm_info: OpenJDK 64-Bit Server VM (11.0.16+8) for windows-amd64 JRE (11.0.16+8), built on Jul 17 2022 01:33:05 by "tester" with MS VC++ 15.9 (VS2017)

END.
