#
# There is insufficient memory for the Java Runtime Environment to continue.
# Native memory allocation (malloc) failed to allocate 1048576 bytes for AllocateHeap
# Possible reasons:
#   The system is out of physical RAM or swap space
#   The process is running with CompressedOops enabled, and the Java Heap may be blocking the growth of the native heap
# Possible solutions:
#   Reduce memory load on the system
#   Increase physical memory or swap space
#   Check if swap backing store is full
#   Decrease Java heap size (-Xmx/-Xms)
#   Decrease number of Java threads
#   Decrease Java thread stack sizes (-Xss)
#   Set larger code cache with -XX:ReservedCodeCacheSize=
#   JVM is running with Unscaled Compressed Oops mode in which the Java heap is
#     placed in the first 4GB address space. The Java Heap base address is the
#     maximum limit for the native heap growth. Please use -XX:HeapBaseMinAddress
#     to set the Java Heap base and to place the Java Heap above 4GB virtual address.
# This output file may be truncated or incomplete.
#
#  Out of Memory Error (./src/hotspot/share/memory/allocation.cpp:46), pid=11968, tid=3092
#
# JRE version: OpenJDK Runtime Environment 18.9 (11.0.16+8) (build 11.0.16+8)
# Java VM: OpenJDK 64-Bit Server VM 18.9 (11.0.16+8, mixed mode, tiered, compressed oops, g1 gc, windows-amd64)
# No core dump will be written. Minidumps are not enabled by default on client versions of Windows
#

---------------  S U M M A R Y ------------

Command Line: -Xmx64m -Xms64m -Dorg.gradle.appname=gradlew org.gradle.wrapper.GradleWrapperMain app:installDebug -PreactNativeDevServerPort=8081

Host: 11th Gen Intel(R) Core(TM) i5-1135G7 @ 2.40GHz, 8 cores, 7G,  Windows 11 , 64 bit Build 22000 (10.0.22000.1219)
Time: Tue Dec  6 19:36:30 2022 SE Asia Standard Time elapsed time: 0.687585 seconds (0d 0h 0m 0s)

---------------  T H R E A D  ---------------

Current thread (0x000001a26815e800):  VMThread "VM Thread" [stack: 0x00000018c1400000,0x00000018c1500000] [id=3092]

Stack: [0x00000018c1400000,0x00000018c1500000]
[error occurred during error reporting (printing stack bounds), id 0xc0000005, EXCEPTION_ACCESS_VIOLATION (0xc0000005) at pc=0x000001a2707e12e7]

Native frames: (J=compiled Java code, j=interpreted, Vv=VM code, C=native code)
V  [jvm.dll+0x61a63a]
V  [jvm.dll+0x757439]
V  [jvm.dll+0x758b28]
V  [jvm.dll+0x759165]
V  [jvm.dll+0x75911b]
V  [jvm.dll+0x6199c7]
V  [jvm.dll+0x61a0d8]
C  [ntdll.dll+0xa8b1f]
C  [ntdll.dll+0x35b9a]
C  [ntdll.dll+0xa7b2e]
C  0x000001a2707e12e7

VM_Operation (0x00000018c0ef77f0): CollectForMetadataAllocation, mode: safepoint, requested by thread 0x000001a265f0e000


---------------  P R O C E S S  ---------------

Threads class SMR info:
_java_thread_list=0x000001a20329efe0, length=10, elements={
0x000001a265f0e000, 0x000001a2027ae800, 0x000001a2027dd000, 0x000001a202833000,
0x000001a202834000, 0x000001a202838800, 0x000001a202839800, 0x000001a20283f000,
0x000001a20285d000, 0x000001a2032b7000
}

Java Threads: ( => current thread )
  0x000001a265f0e000 JavaThread "main" [_thread_blocked, id=14076, stack(0x00000018c0e00000,0x00000018c0f00000)]
  0x000001a2027ae800 JavaThread "Reference Handler" daemon [_thread_blocked, id=9496, stack(0x00000018c1500000,0x00000018c1600000)]
  0x000001a2027dd000 JavaThread "Finalizer" daemon [_thread_blocked, id=13100, stack(0x00000018c1600000,0x00000018c1700000)]
  0x000001a202833000 JavaThread "Signal Dispatcher" daemon [_thread_blocked, id=16364, stack(0x00000018c1700000,0x00000018c1800000)]
  0x000001a202834000 JavaThread "Attach Listener" daemon [_thread_blocked, id=13084, stack(0x00000018c1800000,0x00000018c1900000)]
  0x000001a202838800 JavaThread "Service Thread" daemon [_thread_blocked, id=15208, stack(0x00000018c1900000,0x00000018c1a00000)]
  0x000001a202839800 JavaThread "C2 CompilerThread0" daemon [_thread_blocked, id=1808, stack(0x00000018c1a00000,0x00000018c1b00000)]
  0x000001a20283f000 JavaThread "C1 CompilerThread0" daemon [_thread_blocked, id=9340, stack(0x00000018c1b00000,0x00000018c1c00000)]
  0x000001a20285d000 JavaThread "Sweeper thread" daemon [_thread_blocked, id=16468, stack(0x00000018c1c00000,0x00000018c1d00000)]
  0x000001a2032b7000 JavaThread "Common-Cleaner" daemon [_thread_blocked, id=4136, stack(0x00000018c1e00000,0x00000018c1f00000)]

Other Threads:
=>0x000001a26815e800 VMThread "VM Thread" [stack: 0x00000018c1400000,0x00000018c1500000] [id=3092]
  0x000001a2032ae000 WatcherThread [stack: 0x00000018c1d00000,0x00000018c1e00000] [id=16968]
  0x000001a26809b800 GCTaskThread "GC Thread#0" [stack: 0x00000018c0f00000,0x00000018c1000000] [id=14204]
  0x000001a20375a000 GCTaskThread "GC Thread#1" [stack: 0x00000018c1f00000,0x00000018c2000000] [id=2176]
  0x000001a2680a6800 ConcurrentGCThread "G1 Main Marker" [stack: 0x00000018c1000000,0x00000018c1100000] [id=4816]
  0x000001a2680a9000 ConcurrentGCThread "G1 Conc#0" [stack: 0x00000018c1100000,0x00000018c1200000] [id=916]
  0x000001a20344b800 ConcurrentGCThread "G1 Conc#1" [stack: 0x00000018c2000000,0x00000018c2100000] [id=11708]
  0x000001a268116000 ConcurrentGCThread "G1 Refine#0" [stack: 0x00000018c1200000,0x00000018c1300000] [id=13440]
  0x000001a268119000 ConcurrentGCThread "G1 Young RemSet Sampling" [stack: 0x00000018c1300000,0x00000018c1400000] [id=8904]

Threads with active compile tasks:

VM state:at safepoint (normal execution)

VM Mutex/Monitor currently owned by a thread:  ([mutex/lock_event])
[0x000001a265f0bc10] Threads_lock - owner thread: 0x000001a26815e800
[0x000001a265f0b940] Heap_lock - owner thread: 0x000001a265f0e000

Heap address: 0x00000000fc000000, size: 64 MB, Compressed Oops mode: 32-bit
Narrow klass base: 0x0000000000000000, Narrow klass shift: 3
Compressed class space size: 1073741824 Address: 0x0000000100000000

Heap:
 garbage-first heap   total 65536K, used 8864K [0x00000000fc000000, 0x0000000100000000)
  region size 1024K, 3 young (3072K), 3 survivors (3072K)
 Metaspace       used 8594K, capacity 8759K, committed 8832K, reserved 1064960K
  class space    used 783K, capacity 852K, committed 896K, reserved 1048576K
Heap Regions: E=young(eden), S=young(survivor), O=old, HS=humongous(starts), HC=humongous(continues), CS=collection set, F=free, A=archive, TAMS=top-at-mark-start (previous, next)
|   0|0x00000000fc000000, 0x00000000fc000000, 0x00000000fc100000|  0%| F|  |TAMS 0x00000000fc000000, 0x00000000fc000000| Untracked 
|   1|0x00000000fc100000, 0x00000000fc100000, 0x00000000fc200000|  0%| F|  |TAMS 0x00000000fc100000, 0x00000000fc100000| Untracked 
|   2|0x00000000fc200000, 0x00000000fc200000, 0x00000000fc300000|  0%| F|  |TAMS 0x00000000fc200000, 0x00000000fc200000| Untracked 
|   3|0x00000000fc300000, 0x00000000fc400000, 0x00000000fc400000|100%|HS|  |TAMS 0x00000000fc300000, 0x00000000fc400000| Complete 
|   4|0x00000000fc400000, 0x00000000fc500000, 0x00000000fc500000|100%|HC|  |TAMS 0x00000000fc400000, 0x00000000fc500000| Complete 
|   5|0x00000000fc500000, 0x00000000fc600000, 0x00000000fc600000|100%|HC|  |TAMS 0x00000000fc500000, 0x00000000fc600000| Complete 
|   6|0x00000000fc600000, 0x00000000fc700000, 0x00000000fc700000|100%| O|  |TAMS 0x00000000fc600000, 0x00000000fc700000| Untracked 
|   7|0x00000000fc700000, 0x00000000fc800000, 0x00000000fc800000|100%| O|  |TAMS 0x00000000fc700000, 0x00000000fc800000| Untracked 
|   8|0x00000000fc800000, 0x00000000fc8a8200, 0x00000000fc900000| 65%| O|  |TAMS 0x00000000fc800000, 0x00000000fc8a8200| Untracked 
|   9|0x00000000fc900000, 0x00000000fc900000, 0x00000000fca00000|  0%| F|  |TAMS 0x00000000fc900000, 0x00000000fc900000| Untracked 
|  10|0x00000000fca00000, 0x00000000fca00000, 0x00000000fcb00000|  0%| F|  |TAMS 0x00000000fca00000, 0x00000000fca00000| Untracked 
|  11|0x00000000fcb00000, 0x00000000fcb00000, 0x00000000fcc00000|  0%| F|  |TAMS 0x00000000fcb00000, 0x00000000fcb00000| Untracked 
|  12|0x00000000fcc00000, 0x00000000fcc00000, 0x00000000fcd00000|  0%| F|  |TAMS 0x00000000fcc00000, 0x00000000fcc00000| Untracked 
|  13|0x00000000fcd00000, 0x00000000fcd00000, 0x00000000fce00000|  0%| F|  |TAMS 0x00000000fcd00000, 0x00000000fcd00000| Untracked 
|  14|0x00000000fce00000, 0x00000000fce00000, 0x00000000fcf00000|  0%| F|  |TAMS 0x00000000fce00000, 0x00000000fce00000| Untracked 
|  15|0x00000000fcf00000, 0x00000000fcf00000, 0x00000000fd000000|  0%| F|  |TAMS 0x00000000fcf00000, 0x00000000fcf00000| Untracked 
|  16|0x00000000fd000000, 0x00000000fd000000, 0x00000000fd100000|  0%| F|  |TAMS 0x00000000fd000000, 0x00000000fd000000| Untracked 
|  17|0x00000000fd100000, 0x00000000fd100000, 0x00000000fd200000|  0%| F|  |TAMS 0x00000000fd100000, 0x00000000fd100000| Untracked 
|  18|0x00000000fd200000, 0x00000000fd200000, 0x00000000fd300000|  0%| F|  |TAMS 0x00000000fd200000, 0x00000000fd200000| Untracked 
|  19|0x00000000fd300000, 0x00000000fd300000, 0x00000000fd400000|  0%| F|  |TAMS 0x00000000fd300000, 0x00000000fd300000| Untracked 
|  20|0x00000000fd400000, 0x00000000fd400000, 0x00000000fd500000|  0%| F|  |TAMS 0x00000000fd400000, 0x00000000fd400000| Untracked 
|  21|0x00000000fd500000, 0x00000000fd500000, 0x00000000fd600000|  0%| F|  |TAMS 0x00000000fd500000, 0x00000000fd500000| Untracked 
|  22|0x00000000fd600000, 0x00000000fd600000, 0x00000000fd700000|  0%| F|  |TAMS 0x00000000fd600000, 0x00000000fd600000| Untracked 
|  23|0x00000000fd700000, 0x00000000fd700000, 0x00000000fd800000|  0%| F|  |TAMS 0x00000000fd700000, 0x00000000fd700000| Untracked 
|  24|0x00000000fd800000, 0x00000000fd800000, 0x00000000fd900000|  0%| F|  |TAMS 0x00000000fd800000, 0x00000000fd800000| Untracked 
|  25|0x00000000fd900000, 0x00000000fd900000, 0x00000000fda00000|  0%| F|  |TAMS 0x00000000fd900000, 0x00000000fd900000| Untracked 
|  26|0x00000000fda00000, 0x00000000fda00000, 0x00000000fdb00000|  0%| F|  |TAMS 0x00000000fda00000, 0x00000000fda00000| Untracked 
|  27|0x00000000fdb00000, 0x00000000fdb00000, 0x00000000fdc00000|  0%| F|  |TAMS 0x00000000fdb00000, 0x00000000fdb00000| Untracked 
|  28|0x00000000fdc00000, 0x00000000fdc00000, 0x00000000fdd00000|  0%| F|  |TAMS 0x00000000fdc00000, 0x00000000fdc00000| Untracked 
|  29|0x00000000fdd00000, 0x00000000fdd00000, 0x00000000fde00000|  0%| F|  |TAMS 0x00000000fdd00000, 0x00000000fdd00000| Untracked 
|  30|0x00000000fde00000, 0x00000000fde00000, 0x00000000fdf00000|  0%| F|  |TAMS 0x00000000fde00000, 0x00000000fde00000| Untracked 
|  31|0x00000000fdf00000, 0x00000000fdf00000, 0x00000000fe000000|  0%| F|  |TAMS 0x00000000fdf00000, 0x00000000fdf00000| Untracked 
|  32|0x00000000fe000000, 0x00000000fe000000, 0x00000000fe100000|  0%| F|  |TAMS 0x00000000fe000000, 0x00000000fe000000| Untracked 
|  33|0x00000000fe100000, 0x00000000fe100000, 0x00000000fe200000|  0%| F|  |TAMS 0x00000000fe100000, 0x00000000fe100000| Untracked 
|  34|0x00000000fe200000, 0x00000000fe200000, 0x00000000fe300000|  0%| F|  |TAMS 0x00000000fe200000, 0x00000000fe200000| Untracked 
|  35|0x00000000fe300000, 0x00000000fe300000, 0x00000000fe400000|  0%| F|  |TAMS 0x00000000fe300000, 0x00000000fe300000| Untracked 
|  36|0x00000000fe400000, 0x00000000fe400000, 0x00000000fe500000|  0%| F|  |TAMS 0x00000000fe400000, 0x00000000fe400000| Untracked 
|  37|0x00000000fe500000, 0x00000000fe500000, 0x00000000fe600000|  0%| F|  |TAMS 0x00000000fe500000, 0x00000000fe500000| Untracked 
|  38|0x00000000fe600000, 0x00000000fe600000, 0x00000000fe700000|  0%| F|  |TAMS 0x00000000fe600000, 0x00000000fe600000| Untracked 
|  39|0x00000000fe700000, 0x00000000fe700000, 0x00000000fe800000|  0%| F|  |TAMS 0x00000000fe700000, 0x00000000fe700000| Untracked 
|  40|0x00000000fe800000, 0x00000000fe800000, 0x00000000fe900000|  0%| F|  |TAMS 0x00000000fe800000, 0x00000000fe800000| Untracked 
|  41|0x00000000fe900000, 0x00000000fea00000, 0x00000000fea00000|100%| S|CS|TAMS 0x00000000fe900000, 0x00000000fe900000| Complete 
|  42|0x00000000fea00000, 0x00000000feb00000, 0x00000000feb00000|100%| S|CS|TAMS 0x00000000fea00000, 0x00000000fea00000| Complete 
|  43|0x00000000feb00000, 0x00000000fec00000, 0x00000000fec00000|100%| S|CS|TAMS 0x00000000feb00000, 0x00000000feb00000| Complete 
|  44|0x00000000fec00000, 0x00000000fec00000, 0x00000000fed00000|  0%| F|  |TAMS 0x00000000fec00000, 0x00000000fec00000| Untracked 
|  45|0x00000000fed00000, 0x00000000fed00000, 0x00000000fee00000|  0%| F|  |TAMS 0x00000000fed00000, 0x00000000fed00000| Untracked 
|  46|0x00000000fee00000, 0x00000000fee00000, 0x00000000fef00000|  0%| F|  |TAMS 0x00000000fee00000, 0x00000000fee00000| Untracked 
|  47|0x00000000fef00000, 0x00000000fef00000, 0x00000000ff000000|  0%| F|  |TAMS 0x00000000fef00000, 0x00000000fef00000| Untracked 
|  48|0x00000000ff000000, 0x00000000ff000000, 0x00000000ff100000|  0%| F|  |TAMS 0x00000000ff000000, 0x00000000ff000000| Untracked 
|  49|0x00000000ff100000, 0x00000000ff100000, 0x00000000ff200000|  0%| F|  |TAMS 0x00000000ff100000, 0x00000000ff100000| Untracked 
|  50|0x00000000ff200000, 0x00000000ff200000, 0x00000000ff300000|  0%| F|  |TAMS 0x00000000ff200000, 0x00000000ff200000| Untracked 
|  51|0x00000000ff300000, 0x00000000ff300000, 0x00000000ff400000|  0%| F|  |TAMS 0x00000000ff300000, 0x00000000ff300000| Untracked 
|  52|0x00000000ff400000, 0x00000000ff400000, 0x00000000ff500000|  0%| F|  |TAMS 0x00000000ff400000, 0x00000000ff400000| Untracked 
|  53|0x00000000ff500000, 0x00000000ff500000, 0x00000000ff600000|  0%| F|  |TAMS 0x00000000ff500000, 0x00000000ff500000| Untracked 
|  54|0x00000000ff600000, 0x00000000ff600000, 0x00000000ff700000|  0%| F|  |TAMS 0x00000000ff600000, 0x00000000ff600000| Untracked 
|  55|0x00000000ff700000, 0x00000000ff700000, 0x00000000ff800000|  0%| F|  |TAMS 0x00000000ff700000, 0x00000000ff700000| Untracked 
|  56|0x00000000ff800000, 0x00000000ff800000, 0x00000000ff900000|  0%| F|  |TAMS 0x00000000ff800000, 0x00000000ff800000| Untracked 
|  57|0x00000000ff900000, 0x00000000ff900000, 0x00000000ffa00000|  0%| F|  |TAMS 0x00000000ff900000, 0x00000000ff900000| Untracked 
|  58|0x00000000ffa00000, 0x00000000ffa00000, 0x00000000ffb00000|  0%| F|  |TAMS 0x00000000ffa00000, 0x00000000ffa00000| Untracked 
|  59|0x00000000ffb00000, 0x00000000ffb00000, 0x00000000ffc00000|  0%| F|  |TAMS 0x00000000ffb00000, 0x00000000ffb00000| Untracked 
|  60|0x00000000ffc00000, 0x00000000ffc00000, 0x00000000ffd00000|  0%| F|  |TAMS 0x00000000ffc00000, 0x00000000ffc00000| Untracked 
|  61|0x00000000ffd00000, 0x00000000ffd00000, 0x00000000ffe00000|  0%| F|  |TAMS 0x00000000ffd00000, 0x00000000ffd00000| Untracked 
|  62|0x00000000ffe00000, 0x00000000ffe00000, 0x00000000fff00000|  0%| F|  |TAMS 0x00000000ffe00000, 0x00000000ffe00000| Untracked 
|  63|0x00000000fff00000, 0x00000000fff00000, 0x0000000100000000|  0%| F|  |TAMS 0x00000000fff00000, 0x00000000fff00000| Untracked 

Card table byte_map: [0x000001a267f90000,0x000001a267fb0000] _byte_map_base: 0x000001a2677b0000

Marking Bits (Prev, Next): (CMBitMap*) 0x000001a2680a3ac8, (CMBitMap*) 0x000001a2680a3b00
 Prev Bits: [0x000001a27fb10000, 0x000001a27fc10000)
 Next Bits: [0x000001a27fc10000, 0x000001a27fd10000)

Polling page: 0x000001a266060000

Metaspace:

Usage:
  Non-class:      7.72 MB capacity,     7.63 MB ( 99%) used,    89.26 KB (  1%) free+waste,     6.88 KB ( <1%) overhead. 
      Class:    852.00 KB capacity,   783.79 KB ( 92%) used,    65.09 KB (  8%) free+waste,     3.13 KB ( <1%) overhead. 
       Both:      8.55 MB capacity,     8.39 MB ( 98%) used,   154.34 KB (  2%) free+waste,    10.00 KB ( <1%) overhead. 

Virtual space:
  Non-class space:       16.00 MB reserved,       7.75 MB ( 48%) committed 
      Class space:        1.00 GB reserved,     896.00 KB ( <1%) committed 
             Both:        1.02 GB reserved,       8.63 MB ( <1%) committed 

Chunk freelists:
   Non-Class:  29.00 KB
       Class:  12.00 KB
        Both:  41.00 KB

MaxMetaspaceSize: 17179869184.00 GB
CompressedClassSpaceSize: 1.00 GB
Initial GC threshold: 20.80 MB
Current GC threshold: 21.12 MB
CDS: off

CodeHeap 'non-profiled nmethods': size=120000Kb used=235Kb max_used=235Kb free=119765Kb
 bounds [0x000001a2782b0000, 0x000001a278520000, 0x000001a27f7e0000]
CodeHeap 'profiled nmethods': size=120000Kb used=1303Kb max_used=1303Kb free=118696Kb
 bounds [0x000001a270d80000, 0x000001a270ff0000, 0x000001a2782b0000]
CodeHeap 'non-nmethods': size=5760Kb used=1118Kb max_used=1133Kb free=4642Kb
 bounds [0x000001a2707e0000, 0x000001a270a50000, 0x000001a270d80000]
 total_blobs=1054 nmethods=700 adapters=267
 compilation: enabled
              stopped_count=0, restarted_count=0
 full_count=0

Compilation events (20 events):
Event: 0.653 Thread 0x000001a20283f000  690       3       java.lang.reflect.Modifier::isStatic (13 bytes)
Event: 0.653 Thread 0x000001a20283f000 nmethod 690 0x000001a270ebfd10 code [0x000001a270ebfec0, 0x000001a270ebfff8]
Event: 0.656 Thread 0x000001a20283f000  692       3       java.util.jar.JarFile$1::apply (9 bytes)
Event: 0.657 Thread 0x000001a20283f000 nmethod 692 0x000001a270ec0090 code [0x000001a270ec0280, 0x000001a270ec0708]
Event: 0.657 Thread 0x000001a20283f000  693       3       java.util.jar.JarFile$1::apply (13 bytes)
Event: 0.657 Thread 0x000001a20283f000 nmethod 693 0x000001a270ec0890 code [0x000001a270ec0a60, 0x000001a270ec0d88]
Event: 0.657 Thread 0x000001a20283f000  694       3       java.util.jar.JarFile$JarFileEntry::<init> (16 bytes)
Event: 0.657 Thread 0x000001a20283f000 nmethod 694 0x000001a270ec0f10 code [0x000001a270ec10e0, 0x000001a270ec1348]
Event: 0.657 Thread 0x000001a20283f000  695       3       java.util.jar.JarEntry::<init> (6 bytes)
Event: 0.657 Thread 0x000001a20283f000 nmethod 695 0x000001a270ec1410 code [0x000001a270ec15c0, 0x000001a270ec16e8]
Event: 0.657 Thread 0x000001a20283f000  696       3       java.util.jar.JarFile::getManifest (5 bytes)
Event: 0.658 Thread 0x000001a20283f000 nmethod 696 0x000001a270ec1790 code [0x000001a270ec1940, 0x000001a270ec1a68]
Event: 0.660 Thread 0x000001a20283f000  697   !   3       jdk.internal.loader.URLClassPath$JarLoader::checkResource (78 bytes)
Event: 0.661 Thread 0x000001a20283f000 nmethod 697 0x000001a270ec1b10 code [0x000001a270ec1d60, 0x000001a270ec2708]
Event: 0.662 Thread 0x000001a20283f000  698       3       java.lang.Class::getPackageName (81 bytes)
Event: 0.663 Thread 0x000001a20283f000 nmethod 698 0x000001a270ec2b90 code [0x000001a270ec2e20, 0x000001a270ec3748]
Event: 0.663 Thread 0x000001a20283f000  699       3       java.util.Vector::add (23 bytes)
Event: 0.663 Thread 0x000001a20283f000 nmethod 699 0x000001a270ec3a90 code [0x000001a270ec3ca0, 0x000001a270ec41d8]
Event: 0.663 Thread 0x000001a20283f000  700       3       java.util.HashMap::putVal (300 bytes)
Event: 0.664 Thread 0x000001a20283f000 nmethod 700 0x000001a270ec4410 code [0x000001a270ec46e0, 0x000001a270ec5898]

GC Heap History (2 events):
Event: 0.673 GC heap before
{Heap before GC invocations=0 (full 0):
 garbage-first heap   total 65536K, used 24576K [0x00000000fc000000, 0x0000000100000000)
  region size 1024K, 20 young (20480K), 0 survivors (0K)
 Metaspace       used 8594K, capacity 8759K, committed 8832K, reserved 1062912K
  class space    used 783K, capacity 852K, committed 896K, reserved 1048576K
}
Event: 0.679 GC heap after
{Heap after GC invocations=1 (full 0):
 garbage-first heap   total 65536K, used 8864K [0x00000000fc000000, 0x0000000100000000)
  region size 1024K, 3 young (3072K), 3 survivors (3072K)
 Metaspace       used 8594K, capacity 8759K, committed 8832K, reserved 1062912K
  class space    used 783K, capacity 852K, committed 896K, reserved 1048576K
}

Deoptimization events (20 events):
Event: 0.577 Thread 0x000001a265f0e000 DEOPT PACKING pc=0x000001a2782dc188 sp=0x00000018c0ef9fe0
Event: 0.577 Thread 0x000001a265f0e000 DEOPT UNPACKING pc=0x000001a2707e85af sp=0x00000018c0ef9fa0 mode 2
Event: 0.578 Thread 0x000001a265f0e000 DEOPT PACKING pc=0x000001a270dd47e8 sp=0x00000018c0ef68e0
Event: 0.578 Thread 0x000001a265f0e000 DEOPT UNPACKING pc=0x000001a270829d0e sp=0x00000018c0ef5db0 mode 0
Event: 0.636 Thread 0x000001a265f0e000 Uncommon trap: trap_request=0xffffffc6 fr.pc=0x000001a2782e48e4 relative=0x00000000000011a4
Event: 0.636 Thread 0x000001a265f0e000 Uncommon trap: reason=bimorphic_or_optimized_type_check action=maybe_recompile pc=0x000001a2782e48e4 method=java.util.HashMap.putVal(ILjava/lang/Object;Ljava/lang/Object;ZZ)Ljava/lang/Object; @ 91 c2
Event: 0.636 Thread 0x000001a265f0e000 DEOPT PACKING pc=0x000001a2782e48e4 sp=0x00000018c0efaa30
Event: 0.636 Thread 0x000001a265f0e000 DEOPT UNPACKING pc=0x000001a2707e85af sp=0x00000018c0efa9c0 mode 2
Event: 0.636 Thread 0x000001a265f0e000 Uncommon trap: trap_request=0xffffffc6 fr.pc=0x000001a2782e48e4 relative=0x00000000000011a4
Event: 0.636 Thread 0x000001a265f0e000 Uncommon trap: reason=bimorphic_or_optimized_type_check action=maybe_recompile pc=0x000001a2782e48e4 method=java.util.HashMap.putVal(ILjava/lang/Object;Ljava/lang/Object;ZZ)Ljava/lang/Object; @ 91 c2
Event: 0.636 Thread 0x000001a265f0e000 DEOPT PACKING pc=0x000001a2782e48e4 sp=0x00000018c0efaa90
Event: 0.636 Thread 0x000001a265f0e000 DEOPT UNPACKING pc=0x000001a2707e85af sp=0x00000018c0efaa20 mode 2
Event: 0.636 Thread 0x000001a265f0e000 Uncommon trap: trap_request=0xffffffc6 fr.pc=0x000001a2782e48e4 relative=0x00000000000011a4
Event: 0.636 Thread 0x000001a265f0e000 Uncommon trap: reason=bimorphic_or_optimized_type_check action=maybe_recompile pc=0x000001a2782e48e4 method=java.util.HashMap.putVal(ILjava/lang/Object;Ljava/lang/Object;ZZ)Ljava/lang/Object; @ 91 c2
Event: 0.636 Thread 0x000001a265f0e000 DEOPT PACKING pc=0x000001a2782e48e4 sp=0x00000018c0efaa20
Event: 0.636 Thread 0x000001a265f0e000 DEOPT UNPACKING pc=0x000001a2707e85af sp=0x00000018c0efa9b0 mode 2
Event: 0.636 Thread 0x000001a265f0e000 Uncommon trap: trap_request=0xffffffc6 fr.pc=0x000001a2782e48e4 relative=0x00000000000011a4
Event: 0.636 Thread 0x000001a265f0e000 Uncommon trap: reason=bimorphic_or_optimized_type_check action=maybe_recompile pc=0x000001a2782e48e4 method=java.util.HashMap.putVal(ILjava/lang/Object;Ljava/lang/Object;ZZ)Ljava/lang/Object; @ 91 c2
Event: 0.636 Thread 0x000001a265f0e000 DEOPT PACKING pc=0x000001a2782e48e4 sp=0x00000018c0efaa50
Event: 0.636 Thread 0x000001a265f0e000 DEOPT UNPACKING pc=0x000001a2707e85af sp=0x00000018c0efa9e0 mode 2

Classes redefined (0 events):
No events

Internal exceptions (3 events):
Event: 0.250 Thread 0x000001a265f0e000 Exception <a 'java/lang/NoSuchMethodError'{0x00000000ffc60f88}: 'int java.lang.invoke.DirectMethodHandle$Holder.invokeStaticInit(java.lang.Object, java.lang.Object)'> (0x00000000ffc60f88) thrown at [./src/hotspot/share/interpreter/linkResolver.cpp, line 773]
Event: 0.280 Thread 0x000001a265f0e000 Exception <a 'java/lang/NoSuchMethodError'{0x00000000ffb345a8}: 'int java.lang.invoke.DirectMethodHandle$Holder.invokeSpecial(java.lang.Object, java.lang.Object, java.lang.Object, java.lang.Object)'> (0x00000000ffb345a8) thrown at [./src/hotspot/share/interpreter/linkResolver.cpp, line 773]
Event: 0.294 Thread 0x000001a265f0e000 Exception <a 'java/lang/NoSuchMethodError'{0x00000000ffb6cd40}: 'int java.lang.invoke.DirectMethodHandle$Holder.invokeSpecialIFC(java.lang.Object, java.lang.Object, int)'> (0x00000000ffb6cd40) thrown at [./src/hotspot/share/interpreter/linkResolver.cpp, line 773]

Events (20 events):
Event: 0.669 loading class java/lang/ApplicationShutdownHooks$1
Event: 0.669 loading class java/lang/ApplicationShutdownHooks$1 done
Event: 0.669 loading class java/lang/Shutdown
Event: 0.669 loading class java/lang/Shutdown done
Event: 0.669 loading class java/lang/Shutdown$Lock
Event: 0.669 loading class java/lang/Shutdown$Lock done
Event: 0.669 loading class java/util/logging/LoggingPermission
Event: 0.669 loading class java/util/logging/LoggingPermission done
Event: 0.669 loading class java/util/logging/LogManager$LoggingProviderAccess
Event: 0.669 loading class sun/util/logging/internal/LoggingProviderImpl$LogManagerAccess
Event: 0.669 loading class sun/util/logging/internal/LoggingProviderImpl$LogManagerAccess done
Event: 0.669 loading class java/util/logging/LogManager$LoggingProviderAccess done
Event: 0.670 loading class java/security/AccessController$1
Event: 0.670 loading class java/security/AccessController$1 done
Event: 0.670 loading class java/security/AllPermissionCollection
Event: 0.670 loading class java/security/AllPermissionCollection done
Event: 0.670 loading class sun/util/logging/internal/LoggingProviderImpl
Event: 0.670 loading class jdk/internal/logger/DefaultLoggerFinder
Event: 0.670 loading class java/lang/System$LoggerFinder
Event: 0.671 Executing VM operation: CollectForMetadataAllocation


Dynamic libraries:
0x00007ff711c20000 - 0x00007ff711c2d000 	C:\Program Files\OpenJDK\openjdk-11.0.16_8\bin\java.exe
0x00007ffe66a40000 - 0x00007ffe66c49000 	C:\WINDOWS\SYSTEM32\ntdll.dll
0x00007ffe665e0000 - 0x00007ffe6669e000 	C:\WINDOWS\System32\KERNEL32.DLL
0x00007ffe640a0000 - 0x00007ffe6441b000 	C:\WINDOWS\System32\KERNELBASE.dll
0x00007ffe63f80000 - 0x00007ffe64091000 	C:\WINDOWS\System32\ucrtbase.dll
0x00007ffe4e720000 - 0x00007ffe4e735000 	C:\Program Files\OpenJDK\openjdk-11.0.16_8\bin\VCRUNTIME140.dll
0x00007ffe4d7a0000 - 0x00007ffe4d7b7000 	C:\Program Files\OpenJDK\openjdk-11.0.16_8\bin\jli.dll
0x00007ffe66390000 - 0x00007ffe6653d000 	C:\WINDOWS\System32\USER32.dll
0x00007ffe630e0000 - 0x00007ffe63385000 	C:\WINDOWS\WinSxS\amd64_microsoft.windows.common-controls_6595b64144ccf1df_6.0.22000.120_none_9d947278b86cc467\COMCTL32.dll
0x00007ffe64890000 - 0x00007ffe648b6000 	C:\WINDOWS\System32\win32u.dll
0x00007ffe661d0000 - 0x00007ffe66273000 	C:\WINDOWS\System32\msvcrt.dll
0x00007ffe66540000 - 0x00007ffe66569000 	C:\WINDOWS\System32\GDI32.dll
0x00007ffe644a0000 - 0x00007ffe645b8000 	C:\WINDOWS\System32\gdi32full.dll
0x00007ffe64730000 - 0x00007ffe647cd000 	C:\WINDOWS\System32\msvcp_win.dll
0x00007ffe648c0000 - 0x00007ffe648f2000 	C:\WINDOWS\System32\IMM32.DLL
0x00007ffde8b50000 - 0x00007ffde8beb000 	C:\Program Files\OpenJDK\openjdk-11.0.16_8\bin\msvcp140.dll
0x00007ffde8040000 - 0x00007ffde8b4e000 	C:\Program Files\OpenJDK\openjdk-11.0.16_8\bin\server\jvm.dll
0x00007ffe65e10000 - 0x00007ffe65ebe000 	C:\WINDOWS\System32\ADVAPI32.dll
0x00007ffe667c0000 - 0x00007ffe6685e000 	C:\WINDOWS\System32\sechost.dll
0x00007ffe64a50000 - 0x00007ffe64b70000 	C:\WINDOWS\System32\RPCRT4.dll
0x00007ffe66000000 - 0x00007ffe66008000 	C:\WINDOWS\System32\PSAPI.DLL
0x00007ffe54220000 - 0x00007ffe54229000 	C:\WINDOWS\SYSTEM32\WSOCK32.dll
0x00007ffe66570000 - 0x00007ffe665df000 	C:\WINDOWS\System32\WS2_32.dll
0x00007ffe5b590000 - 0x00007ffe5b59a000 	C:\WINDOWS\SYSTEM32\VERSION.dll
0x00007ffe5b5c0000 - 0x00007ffe5b5f3000 	C:\WINDOWS\SYSTEM32\WINMM.dll
0x00007ffe62990000 - 0x00007ffe629a8000 	C:\WINDOWS\SYSTEM32\kernel.appcore.dll
0x00007ffe535b0000 - 0x00007ffe535c0000 	C:\Program Files\OpenJDK\openjdk-11.0.16_8\bin\verify.dll
0x00007ffe638b0000 - 0x00007ffe63ad1000 	C:\WINDOWS\SYSTEM32\DBGHELP.DLL
0x00007ffe63560000 - 0x00007ffe63591000 	C:\WINDOWS\SYSTEM32\dbgcore.DLL
0x00007ffe64420000 - 0x00007ffe6449f000 	C:\WINDOWS\System32\bcryptPrimitives.dll
0x00007ffe4b2d0000 - 0x00007ffe4b2f8000 	C:\Program Files\OpenJDK\openjdk-11.0.16_8\bin\java.dll
0x00007ffe530c0000 - 0x00007ffe530ca000 	C:\Program Files\OpenJDK\openjdk-11.0.16_8\bin\jimage.dll
0x00007ffe4ab50000 - 0x00007ffe4ab68000 	C:\Program Files\OpenJDK\openjdk-11.0.16_8\bin\zip.dll
0x00007ffe653c0000 - 0x00007ffe65b78000 	C:\WINDOWS\System32\SHELL32.dll
0x00007ffe61990000 - 0x00007ffe621f5000 	C:\WINDOWS\SYSTEM32\windows.storage.dll
0x00007ffe64fe0000 - 0x00007ffe65358000 	C:\WINDOWS\System32\combase.dll
0x00007ffe61820000 - 0x00007ffe61986000 	C:\WINDOWS\SYSTEM32\wintypes.dll
0x00007ffe65cc0000 - 0x00007ffe65daa000 	C:\WINDOWS\System32\SHCORE.dll
0x00007ffe65db0000 - 0x00007ffe65e0d000 	C:\WINDOWS\System32\shlwapi.dll
0x00007ffe63e40000 - 0x00007ffe63e61000 	C:\WINDOWS\SYSTEM32\profapi.dll
0x00007ffe4ab30000 - 0x00007ffe4ab49000 	C:\Program Files\OpenJDK\openjdk-11.0.16_8\bin\net.dll
0x00007ffe5d090000 - 0x00007ffe5d1a4000 	C:\WINDOWS\SYSTEM32\WINHTTP.dll
0x00007ffe62e40000 - 0x00007ffe62ea7000 	C:\WINDOWS\system32\mswsock.dll
0x00007ffe4a670000 - 0x00007ffe4a683000 	C:\Program Files\OpenJDK\openjdk-11.0.16_8\bin\nio.dll

dbghelp: loaded successfully - version: 4.0.5 - missing functions: none
symbol engine: initialized successfully - sym options: 0x614 - pdb path: .;C:\Program Files\OpenJDK\openjdk-11.0.16_8\bin;C:\WINDOWS\SYSTEM32;C:\WINDOWS\WinSxS\amd64_microsoft.windows.common-controls_6595b64144ccf1df_6.0.22000.120_none_9d947278b86cc467;C:\Program Files\OpenJDK\openjdk-11.0.16_8\bin\server

VM Arguments:
jvm_args: -Xmx64m -Xms64m -Dorg.gradle.appname=gradlew 
java_command: org.gradle.wrapper.GradleWrapperMain app:installDebug -PreactNativeDevServerPort=8081
java_class_path (initial): C:\Users\ASUS\Documents\React-Native\PBL_6_Mobile\android\\gradle\wrapper\gradle-wrapper.jar
Launcher Type: SUN_STANDARD

[Global flags]
     intx CICompilerCount                          = 4                                         {product} {ergonomic}
     uint ConcGCThreads                            = 2                                         {product} {ergonomic}
     uint G1ConcRefinementThreads                  = 8                                         {product} {ergonomic}
   size_t G1HeapRegionSize                         = 1048576                                   {product} {ergonomic}
    uintx GCDrainStackTargetSize                   = 64                                        {product} {ergonomic}
   size_t InitialHeapSize                          = 67108864                                  {product} {command line}
   size_t MarkStackSize                            = 4194304                                   {product} {ergonomic}
   size_t MaxHeapSize                              = 67108864                                  {product} {command line}
   size_t MaxNewSize                               = 39845888                                  {product} {ergonomic}
   size_t MinHeapDeltaBytes                        = 1048576                                   {product} {ergonomic}
    uintx NonNMethodCodeHeapSize                   = 5836300                                {pd product} {ergonomic}
    uintx NonProfiledCodeHeapSize                  = 122910970                              {pd product} {ergonomic}
    uintx ProfiledCodeHeapSize                     = 122910970                              {pd product} {ergonomic}
    uintx ReservedCodeCacheSize                    = 251658240                              {pd product} {ergonomic}
     bool SegmentedCodeCache                       = true                                      {product} {ergonomic}
     bool UseCompressedClassPointers               = true                                 {lp64_product} {ergonomic}
     bool UseCompressedOops                        = true                                 {lp64_product} {ergonomic}
     bool UseG1GC                                  = true                                      {product} {ergonomic}
     bool UseLargePagesIndividualAllocation        = false                                  {pd product} {ergonomic}

Logging:
Log output configuration:
 #0: stdout all=warning uptime,level,tags
 #1: stderr all=off uptime,level,tags

Environment Variables:
JAVA_HOME=C:\Program Files\OpenJDK\openjdk-11.0.16_8
CLASSPATH=C:\Users\ASUS\Documents\React-Native\PBL_6_Mobile\android\\gradle\wrapper\gradle-wrapper.jar
PATH=C:\Users\ASUS\Documents\React-Native\PBL_6_Mobile\android\node_modules\.bin;C:\Users\ASUS\Documents\React-Native\PBL_6_Mobile\node_modules\.bin;C:\Users\ASUS\Documents\React-Native\node_modules\.bin;C:\Users\ASUS\Documents\node_modules\.bin;C:\Users\ASUS\node_modules\.bin;C:\Users\node_modules\.bin;C:\node_modules\.bin;C:\Program Files\nodejs;C:\Users\ASUS\Documents\React-Native\PBL_6_Mobile\node_modules\.bin;C:\Users\ASUS\Documents\React-Native\node_modules\.bin;C:\Users\ASUS\Documents\node_modules\.bin;C:\Users\ASUS\node_modules\.bin;C:\Users\node_modules\.bin;C:\node_modules\.bin;C:\Program Files\nodejs\node_modules\npm\node_modules\@npmcli\run-script\lib\node-gyp-bin;C:\Program Files (x86)\Common Files\Oracle\Java\javapath;C:\Program Files\Common Files\Oracle\Java\javapath;C:\Windows\system32;C:\Windows;C:\Windows\System32\Wbem;C:\Windows\System32\WindowsPowerShell\v1.0\;C:\Windows\System32\OpenSSH\;C:\Program Files (x86)\NVIDIA Corporation\PhysX\Common;C:\Program Files\dotnet\;C:\Program Files\Microsoft SQL Server\130\Tools\Binn\;C:\Program Files\Microsoft SQL Server\Client SDK\ODBC\170\Tools\Binn\;C:\Program Files (x86)\Microsoft SQL Server\150\Tools\Binn\;C:\Program Files\Microsoft SQL Server\150\Tools\Binn\;C:\Program Files\Microsoft SQL Server\150\DTS\Binn\;C:\Program Files (x86)\Microsoft SQL Server\150\DTS\Binn\;C:\Program Files (x86)\dotnet\;D:\Temp\bin;C:\Program Files\OpenJDK\openjdk-11.0.16_8\bin;C:\hadoop\hadoop-2.6.0;C:\hadoop\hadoop-2.6.0\bin;C:\hadoop\hadoop-2.6.0\sbin;C:\WINDOWS\system32;C:\WINDOWS;C:\WINDOWS\System32\Wbem;C:\WINDOWS\System32\WindowsPowerShell\v1.0\;C:\WINDOWS\System32\OpenSSH\;C:\Program Files\Git\cmd;C:\ProgramData\chocolatey\bin;C:\Program Files\nodejs\;C:\xampp\php;C:\composer;C:\Program Files (x86)\STMicroelectronics\STM32 ST-LINK Utility\ST-LINK Utility;C:\Users\ASUS\AppData\Local\Programs\Python\Python310\Scripts\;C:\Users\ASUS\AppData\Local\Programs\Python\Python310\;C:\Program Files\MySQL\MySQL Shell 8.0\bin\;C:\Users\
USERNAME=ASUS
LANG=en_US.UTF-8
OS=Windows_NT
PROCESSOR_IDENTIFIER=Intel64 Family 6 Model 140 Stepping 1, GenuineIntel
TMP=C:\Users\ASUS\AppData\Local\Temp
TEMP=C:\Users\ASUS\AppData\Local\Temp



---------------  S Y S T E M  ---------------

OS: Windows 11 , 64 bit Build 22000 (10.0.22000.1219)
OS uptime: 0 days 7:03 hours

CPU:total 8 (initial active 8) (4 cores per cpu, 2 threads per core) family 6 model 140 stepping 1 microcode 0x86, cmov, cx8, fxsr, mmx, sse, sse2, sse3, ssse3, sse4.1, sse4.2, popcnt, avx, avx2, aes, clmul, erms, 3dnowpref, lzcnt, ht, tsc, tscinvbit, bmi1, bmi2, adx, evex, sha, fma

Memory: 4k page, system-wide physical 7873M (362M free)
TotalPageFile size 13519M (AvailPageFile size 5M)
current process WorkingSet (physical memory assigned to process): 75M, peak: 75M
current process commit charge ("private bytes"): 152M, peak: 153M

vm_info: OpenJDK 64-Bit Server VM (11.0.16+8) for windows-amd64 JRE (11.0.16+8), built on Jul 17 2022 01:33:05 by "tester" with MS VC++ 15.9 (VS2017)

END.
