#
# There is insufficient memory for the Java Runtime Environment to continue.
# Native memory allocation (malloc) failed to allocate 1112976 bytes for Chunk::new
# Possible reasons:
#   The system is out of physical RAM or swap space
#   The process is running with CompressedOops enabled, and the Java Heap may be blocking the growth of the native heap
# Possible solutions:
#   Reduce memory load on the system
#   Increase physical memory or swap space
#   Check if swap backing store is full
#   Decrease Java heap size (-Xmx/-Xms)
#   Decrease number of Java threads
#   Decrease Java thread stack sizes (-Xss)
#   Set larger code cache with -XX:ReservedCodeCacheSize=
#   JVM is running with Unscaled Compressed Oops mode in which the Java heap is
#     placed in the first 4GB address space. The Java Heap base address is the
#     maximum limit for the native heap growth. Please use -XX:HeapBaseMinAddress
#     to set the Java Heap base and to place the Java Heap above 4GB virtual address.
# This output file may be truncated or incomplete.
#
#  Out of Memory Error (./src/hotspot/share/memory/arena.cpp:197), pid=14660, tid=17280
#
# JRE version: OpenJDK Runtime Environment 18.9 (11.0.16+8) (build 11.0.16+8)
# Java VM: OpenJDK 64-Bit Server VM 18.9 (11.0.16+8, mixed mode, tiered, compressed oops, g1 gc, windows-amd64)
# No core dump will be written. Minidumps are not enabled by default on client versions of Windows
#

---------------  S U M M A R Y ------------

Command Line: -XX:MaxMetaspaceSize=512m --add-opens=java.base/java.util=ALL-UNNAMED --add-opens=java.base/java.lang=ALL-UNNAMED --add-opens=java.base/java.lang.invoke=ALL-UNNAMED --add-opens=java.base/java.util=ALL-UNNAMED --add-opens=java.prefs/java.util.prefs=ALL-UNNAMED --add-opens=java.prefs/java.util.prefs=ALL-UNNAMED --add-opens=java.base/java.nio.charset=ALL-UNNAMED --add-opens=java.base/java.net=ALL-UNNAMED --add-opens=java.base/java.util.concurrent.atomic=ALL-UNNAMED -Xmx2048m -Dfile.encoding=windows-1252 -Duser.country=US -Duser.language=en -Duser.variant org.gradle.launcher.daemon.bootstrap.GradleDaemon 7.5.1

Host: 11th Gen Intel(R) Core(TM) i5-1135G7 @ 2.40GHz, 8 cores, 7G,  Windows 11 , 64 bit Build 22000 (10.0.22000.1219)
Time: Tue Dec  6 19:36:50 2022 SE Asia Standard Time elapsed time: 5482.249957 seconds (0d 1h 31m 22s)

---------------  T H R E A D  ---------------

Current thread (0x0000018a7f206000):  JavaThread "C2 CompilerThread0" daemon [_thread_in_native, id=17280, stack(0x0000003025300000,0x0000003025400000)]


Current CompileTask:
C2:5482250 21975       4       java.lang.reflect.Method::toGenericString (12 bytes)

Stack: [0x0000003025300000,0x0000003025400000]
Native frames: (J=compiled Java code, j=interpreted, Vv=VM code, C=native code)
V  [jvm.dll+0x61a63a]
V  [jvm.dll+0x757439]
V  [jvm.dll+0x758b28]
V  [jvm.dll+0x759203]
V  [jvm.dll+0x24d9a8]
V  [jvm.dll+0xc148c]
V  [jvm.dll+0xc1a4c]
V  [jvm.dll+0x3570e2]
V  [jvm.dll+0x19d0d1]
V  [jvm.dll+0x206ec2]
V  [jvm.dll+0x205edd]
V  [jvm.dll+0x187ec1]
V  [jvm.dll+0x2156a4]
V  [jvm.dll+0x2138eb]
V  [jvm.dll+0x71a000]
V  [jvm.dll+0x712f34]
V  [jvm.dll+0x6194a5]
C  [ucrtbase.dll+0x26c0c]
C  [KERNEL32.DLL+0x15550]
C  [ntdll.dll+0x485b]


---------------  P R O C E S S  ---------------

Threads class SMR info:
_java_thread_list=0x0000018a02a12460, length=46, elements={
0x0000018a62116800, 0x0000018a7f1dc000, 0x0000018a7f1e7800, 0x0000018a7f1fd000,
0x0000018a7f200000, 0x0000018a7f200800, 0x0000018a7f206000, 0x0000018a7f20c800,
0x0000018a7f211000, 0x0000018a7fcc2800, 0x0000018a03aa7800, 0x0000018a054e6800,
0x0000018a0429d800, 0x0000018a03a80000, 0x0000018a03a7f800, 0x0000018a03a81000,
0x0000018a03a86000, 0x0000018a03a82800, 0x0000018a03a84800, 0x0000018a059c6000,
0x0000018a059c4800, 0x0000018a059c1800, 0x0000018a059c5800, 0x0000018a059c3000,
0x0000018a059c8000, 0x0000018a059c2000, 0x0000018a059cb000, 0x0000018a059ca800,
0x0000018a094f0800, 0x0000018a094ef800, 0x0000018a0479f000, 0x0000018a0479f800,
0x0000018a047a3000, 0x0000018a047a0800, 0x0000018a0bd6b000, 0x0000018a0bd6d800,
0x0000018a0bd6e800, 0x0000018a0bd6f800, 0x0000018a0bd6a800, 0x0000018a0bd6c000,
0x0000018a0bd72800, 0x0000018a0bd70000, 0x0000018a0bd71800, 0x0000018a0bd6d000,
0x0000018a0bd71000, 0x0000018a0bd76800
}

Java Threads: ( => current thread )
  0x0000018a62116800 JavaThread "main" [_thread_blocked, id=13424, stack(0x0000003024700000,0x0000003024800000)]
  0x0000018a7f1dc000 JavaThread "Reference Handler" daemon [_thread_blocked, id=1268, stack(0x0000003024e00000,0x0000003024f00000)]
  0x0000018a7f1e7800 JavaThread "Finalizer" daemon [_thread_blocked, id=1908, stack(0x0000003024f00000,0x0000003025000000)]
  0x0000018a7f1fd000 JavaThread "Signal Dispatcher" daemon [_thread_blocked, id=12216, stack(0x0000003025000000,0x0000003025100000)]
  0x0000018a7f200000 JavaThread "Attach Listener" daemon [_thread_blocked, id=10296, stack(0x0000003025100000,0x0000003025200000)]
  0x0000018a7f200800 JavaThread "Service Thread" daemon [_thread_blocked, id=8308, stack(0x0000003025200000,0x0000003025300000)]
=>0x0000018a7f206000 JavaThread "C2 CompilerThread0" daemon [_thread_in_native, id=17280, stack(0x0000003025300000,0x0000003025400000)]
  0x0000018a7f20c800 JavaThread "C1 CompilerThread0" daemon [_thread_blocked, id=1084, stack(0x0000003025400000,0x0000003025500000)]
  0x0000018a7f211000 JavaThread "Sweeper thread" daemon [_thread_in_vm, id=9964, stack(0x0000003025500000,0x0000003025600000)]
  0x0000018a7fcc2800 JavaThread "Common-Cleaner" daemon [_thread_blocked, id=7244, stack(0x0000003025600000,0x0000003025700000)]
  0x0000018a03aa7800 JavaThread "Daemon health stats" [_thread_blocked, id=14976, stack(0x0000003025a00000,0x0000003025b00000)]
  0x0000018a054e6800 JavaThread "Incoming local TCP Connector on port 55984" [_thread_in_native, id=4376, stack(0x0000003025b00000,0x0000003025c00000)]
  0x0000018a0429d800 JavaThread "Daemon periodic checks" [_thread_blocked, id=8332, stack(0x0000003025c00000,0x0000003025d00000)]
  0x0000018a03a80000 JavaThread "Cache worker for journal cache (C:\Users\ASUS\.gradle\caches\journal-1)" [_thread_blocked, id=14548, stack(0x0000003026a00000,0x0000003026b00000)]
  0x0000018a03a7f800 JavaThread "File lock request listener" [_thread_in_native, id=5084, stack(0x0000003026b00000,0x0000003026c00000)]
  0x0000018a03a81000 JavaThread "Cache worker for file hash cache (C:\Users\ASUS\.gradle\caches\7.5.1\fileHashes)" [_thread_blocked, id=13952, stack(0x0000003026c00000,0x0000003026d00000)]
  0x0000018a03a86000 JavaThread "File watcher server" daemon [_thread_in_native, id=9092, stack(0x0000003026e00000,0x0000003026f00000)]
  0x0000018a03a82800 JavaThread "File watcher consumer" daemon [_thread_blocked, id=1068, stack(0x0000003026f00000,0x0000003027000000)]
  0x0000018a03a84800 JavaThread "Cache worker for file content cache (C:\Users\ASUS\.gradle\caches\7.5.1\fileContent)" [_thread_blocked, id=13176, stack(0x0000003027100000,0x0000003027200000)]
  0x0000018a059c6000 JavaThread "Cache worker for execution history cache (C:\Users\ASUS\.gradle\caches\7.5.1\executionHistory)" [_thread_blocked, id=11332, stack(0x0000003027500000,0x0000003027600000)]
  0x0000018a059c4800 JavaThread "jar transforms" [_thread_blocked, id=15904, stack(0x0000003027600000,0x0000003027700000)]
  0x0000018a059c1800 JavaThread "jar transforms Thread 2" [_thread_blocked, id=11388, stack(0x0000003027700000,0x0000003027800000)]
  0x0000018a059c5800 JavaThread "jar transforms Thread 3" [_thread_blocked, id=12152, stack(0x0000003027800000,0x0000003027900000)]
  0x0000018a059c3000 JavaThread "jar transforms Thread 4" [_thread_blocked, id=9916, stack(0x0000003027900000,0x0000003027a00000)]
  0x0000018a059c8000 JavaThread "Cache worker for kotlin-dsl (C:\Users\ASUS\.gradle\caches\7.5.1\kotlin-dsl)" [_thread_blocked, id=10292, stack(0x0000003027b00000,0x0000003027c00000)]
  0x0000018a059c2000 JavaThread "jar transforms Thread 5" [_thread_blocked, id=4008, stack(0x0000003027c00000,0x0000003027d00000)]
  0x0000018a059cb000 JavaThread "jar transforms Thread 6" [_thread_blocked, id=18044, stack(0x0000003027d00000,0x0000003027e00000)]
  0x0000018a059ca800 JavaThread "jar transforms Thread 7" [_thread_blocked, id=10468, stack(0x0000003028000000,0x0000003028100000)]
  0x0000018a094f0800 JavaThread "jar transforms Thread 8" [_thread_blocked, id=14772, stack(0x000000302a200000,0x000000302a300000)]
  0x0000018a094ef800 JavaThread "Memory manager" [_thread_blocked, id=6472, stack(0x000000302a400000,0x000000302a500000)]
  0x0000018a0479f000 JavaThread "pool-3-thread-1" [_thread_blocked, id=9544, stack(0x000000302df00000,0x000000302e000000)]
  0x0000018a0479f800 JavaThread "Monitor" [_thread_in_native, id=11656, stack(0x000000302e300000,0x000000302e400000)]
  0x0000018a047a3000 JavaThread "JdwpProxyConnection" [_thread_in_native, id=14568, stack(0x000000302e400000,0x000000302e500000)]
  0x0000018a047a0800 JavaThread "Device List Monitor" [_thread_in_native, id=2276, stack(0x000000302e500000,0x000000302e600000)]
  0x0000018a0bd6b000 JavaThread "pool-6-thread-1" [_thread_blocked, id=9988, stack(0x000000302dc00000,0x000000302dd00000)]
  0x0000018a0bd6d800 JavaThread "Daemon Thread 3" [_thread_blocked, id=11520, stack(0x0000003024400000,0x0000003024500000)]
  0x0000018a0bd6e800 JavaThread "Handler for socket connection from /127.0.0.1:55984 to /127.0.0.1:53761" [_thread_in_native, id=18148, stack(0x0000003024500000,0x0000003024600000)]
  0x0000018a0bd6f800 JavaThread "Cancel handler" [_thread_blocked, id=17564, stack(0x0000003024600000,0x0000003024700000)]
  0x0000018a0bd6a800 JavaThread "Daemon worker Thread 3" [_thread_in_native, id=14272, stack(0x0000003025900000,0x0000003025a00000)]
  0x0000018a0bd6c000 JavaThread "Asynchronous log dispatcher for DefaultDaemonConnection: socket connection from /127.0.0.1:55984 to /127.0.0.1:53761" [_thread_blocked, id=13440, stack(0x0000003025d00000,0x0000003025e00000)]
  0x0000018a0bd72800 JavaThread "Stdin handler" [_thread_blocked, id=9496, stack(0x0000003025e00000,0x0000003025f00000)]
  0x0000018a0bd70000 JavaThread "Daemon client event forwarder" [_thread_blocked, id=15208, stack(0x0000003025f00000,0x0000003026000000)]
  0x0000018a0bd71800 JavaThread "Cache worker for checksums cache (C:\Users\ASUS\Documents\React-Native\PBL_6_Mobile\android\.gradle\7.5.1\checksums)" [_thread_blocked, id=11708, stack(0x0000003026000000,0x0000003026100000)]
  0x0000018a0bd6d000 JavaThread "Cache worker for cache directory md-rule (C:\Users\ASUS\.gradle\caches\7.5.1\md-rule)" [_thread_blocked, id=3092, stack(0x0000003026100000,0x0000003026200000)]
  0x0000018a0bd71000 JavaThread "Cache worker for file hash cache (C:\Users\ASUS\Documents\React-Native\PBL_6_Mobile\android\.gradle\7.5.1\fileHashes)" [_thread_blocked, id=11968, stack(0x0000003026200000,0x0000003026300000)]
  0x0000018a0bd76800 JavaThread "Cache worker for cache directory md-supplier (C:\Users\ASUS\.gradle\caches\7.5.1\md-supplier)" [_thread_blocked, id=14572, stack(0x0000003026300000,0x0000003026400000)]

Other Threads:
  0x0000018a7f1d9000 VMThread "VM Thread" [stack: 0x0000003024d00000,0x0000003024e00000] [id=8448]
  0x0000018a7fcde000 WatcherThread [stack: 0x0000003025700000,0x0000003025800000] [id=18312]
  0x0000018a62130000 GCTaskThread "GC Thread#0" [stack: 0x0000003024800000,0x0000003024900000] [id=9984]
  0x0000018a02e2f000 GCTaskThread "GC Thread#1" [stack: 0x0000003025800000,0x0000003025900000] [id=11580]
  0x0000018a03ac6800 GCTaskThread "GC Thread#2" [stack: 0x0000003026400000,0x0000003026500000] [id=11340]
  0x0000018a0332f800 GCTaskThread "GC Thread#3" [stack: 0x0000003026500000,0x0000003026600000] [id=15104]
  0x0000018a04327000 GCTaskThread "GC Thread#4" [stack: 0x0000003026600000,0x0000003026700000] [id=11456]
  0x0000018a042ed800 GCTaskThread "GC Thread#5" [stack: 0x0000003026700000,0x0000003026800000] [id=9292]
  0x0000018a03a97800 GCTaskThread "GC Thread#6" [stack: 0x0000003026800000,0x0000003026900000] [id=1592]
  0x0000018a041c6000 GCTaskThread "GC Thread#7" [stack: 0x0000003026900000,0x0000003026a00000] [id=6692]
  0x0000018a62163000 ConcurrentGCThread "G1 Main Marker" [stack: 0x0000003024900000,0x0000003024a00000] [id=9848]
  0x0000018a62166000 ConcurrentGCThread "G1 Conc#0" [stack: 0x0000003024a00000,0x0000003024b00000] [id=13868]
  0x0000018a04f14000 ConcurrentGCThread "G1 Conc#1" [stack: 0x0000003026d00000,0x0000003026e00000] [id=5324]
  0x0000018a621e6800 ConcurrentGCThread "G1 Refine#0" [stack: 0x0000003024b00000,0x0000003024c00000] [id=17360]
  0x0000018a7f052800 ConcurrentGCThread "G1 Young RemSet Sampling" [stack: 0x0000003024c00000,0x0000003024d00000] [id=1288]

Threads with active compile tasks:
C2 CompilerThread0  5482317 21975       4       java.lang.reflect.Method::toGenericString (12 bytes)

VM state:not at safepoint (normal execution)

VM Mutex/Monitor currently owned by a thread:  ([mutex/lock_event])
[0x0000018a62114540] CompiledIC_lock - owner thread: 0x0000018a7f211000

Heap address: 0x0000000080000000, size: 2048 MB, Compressed Oops mode: 32-bit
Narrow klass base: 0x0000000000000000, Narrow klass shift: 3
Compressed class space size: 528482304 Address: 0x0000000100000000

Heap:
 garbage-first heap   total 380928K, used 268626K [0x0000000080000000, 0x0000000100000000)
  region size 1024K, 35 young (35840K), 4 survivors (4096K)
 Metaspace       used 129487K, capacity 135015K, committed 136660K, reserved 634880K
  class space    used 16121K, capacity 18029K, committed 18636K, reserved 516096K
Heap Regions: E=young(eden), S=young(survivor), O=old, HS=humongous(starts), HC=humongous(continues), CS=collection set, F=free, A=archive, TAMS=top-at-mark-start (previous, next)
|   0|0x0000000080000000, 0x0000000080100000, 0x0000000080100000|100%| O|  |TAMS 0x0000000080100000, 0x0000000080000000| Untracked 
|   1|0x0000000080100000, 0x0000000080200000, 0x0000000080200000|100%| O|  |TAMS 0x0000000080200000, 0x0000000080100000| Untracked 
|   2|0x0000000080200000, 0x0000000080300000, 0x0000000080300000|100%| O|  |TAMS 0x0000000080300000, 0x0000000080200000| Untracked 
|   3|0x0000000080300000, 0x0000000080400000, 0x0000000080400000|100%|HS|  |TAMS 0x0000000080400000, 0x0000000080300000| Complete 
|   4|0x0000000080400000, 0x0000000080500000, 0x0000000080500000|100%|HC|  |TAMS 0x0000000080500000, 0x0000000080400000| Complete 
|   5|0x0000000080500000, 0x0000000080600000, 0x0000000080600000|100%|HC|  |TAMS 0x0000000080600000, 0x0000000080500000| Complete 
|   6|0x0000000080600000, 0x0000000080700000, 0x0000000080700000|100%| O|  |TAMS 0x0000000080700000, 0x0000000080600000| Untracked 
|   7|0x0000000080700000, 0x0000000080800000, 0x0000000080800000|100%| O|  |TAMS 0x0000000080800000, 0x0000000080700000| Untracked 
|   8|0x0000000080800000, 0x0000000080900000, 0x0000000080900000|100%| O|  |TAMS 0x0000000080900000, 0x0000000080800000| Complete 
|   9|0x0000000080900000, 0x0000000080a00000, 0x0000000080a00000|100%| O|  |TAMS 0x0000000080a00000, 0x0000000080900000| Untracked 
|  10|0x0000000080a00000, 0x0000000080b00000, 0x0000000080b00000|100%| O|  |TAMS 0x0000000080b00000, 0x0000000080a00000| Untracked 
|  11|0x0000000080b00000, 0x0000000080c00000, 0x0000000080c00000|100%| O|  |TAMS 0x0000000080c00000, 0x0000000080b00000| Complete 
|  12|0x0000000080c00000, 0x0000000080d00000, 0x0000000080d00000|100%| O|  |TAMS 0x0000000080d00000, 0x0000000080c00000| Untracked 
|  13|0x0000000080d00000, 0x0000000080e00000, 0x0000000080e00000|100%| O|  |TAMS 0x0000000080e00000, 0x0000000080d00000| Untracked 
|  14|0x0000000080e00000, 0x0000000080f00000, 0x0000000080f00000|100%| O|  |TAMS 0x0000000080f00000, 0x0000000080e00000| Untracked 
|  15|0x0000000080f00000, 0x0000000081000000, 0x0000000081000000|100%| O|  |TAMS 0x0000000081000000, 0x0000000080f00000| Complete 
|  16|0x0000000081000000, 0x0000000081100000, 0x0000000081100000|100%| O|  |TAMS 0x0000000081100000, 0x0000000081000000| Complete 
|  17|0x0000000081100000, 0x0000000081200000, 0x0000000081200000|100%| O|  |TAMS 0x0000000081200000, 0x0000000081100000| Complete 
|  18|0x0000000081200000, 0x0000000081300000, 0x0000000081300000|100%| O|  |TAMS 0x0000000081300000, 0x0000000081200000| Complete 
|  19|0x0000000081300000, 0x0000000081400000, 0x0000000081400000|100%| O|  |TAMS 0x0000000081400000, 0x0000000081300000| Complete 
|  20|0x0000000081400000, 0x0000000081500000, 0x0000000081500000|100%| O|  |TAMS 0x0000000081500000, 0x0000000081400000| Complete 
|  21|0x0000000081500000, 0x0000000081600000, 0x0000000081600000|100%| O|  |TAMS 0x0000000081600000, 0x0000000081500000| Complete 
|  22|0x0000000081600000, 0x0000000081700000, 0x0000000081700000|100%| O|  |TAMS 0x0000000081700000, 0x0000000081600000| Complete 
|  23|0x0000000081700000, 0x0000000081800000, 0x0000000081800000|100%| O|  |TAMS 0x0000000081800000, 0x0000000081700000| Complete 
|  24|0x0000000081800000, 0x0000000081900000, 0x0000000081900000|100%| O|  |TAMS 0x0000000081900000, 0x0000000081800000| Untracked 
|  25|0x0000000081900000, 0x0000000081a00000, 0x0000000081a00000|100%| O|  |TAMS 0x0000000081a00000, 0x0000000081900000| Untracked 
|  26|0x0000000081a00000, 0x0000000081b00000, 0x0000000081b00000|100%| O|  |TAMS 0x0000000081b00000, 0x0000000081a00000| Complete 
|  27|0x0000000081b00000, 0x0000000081c00000, 0x0000000081c00000|100%|HS|  |TAMS 0x0000000081c00000, 0x0000000081b00000| Complete 
|  28|0x0000000081c00000, 0x0000000081d00000, 0x0000000081d00000|100%|HS|  |TAMS 0x0000000081d00000, 0x0000000081c00000| Complete 
|  29|0x0000000081d00000, 0x0000000081e00000, 0x0000000081e00000|100%|HC|  |TAMS 0x0000000081e00000, 0x0000000081d00000| Complete 
|  30|0x0000000081e00000, 0x0000000081f00000, 0x0000000081f00000|100%|HC|  |TAMS 0x0000000081f00000, 0x0000000081e00000| Complete 
|  31|0x0000000081f00000, 0x0000000082000000, 0x0000000082000000|100%| O|  |TAMS 0x0000000082000000, 0x0000000081f00000| Complete 
|  32|0x0000000082000000, 0x0000000082100000, 0x0000000082100000|100%| O|  |TAMS 0x0000000082100000, 0x0000000082000000| Complete 
|  33|0x0000000082100000, 0x0000000082200000, 0x0000000082200000|100%| O|  |TAMS 0x0000000082200000, 0x0000000082100000| Complete 
|  34|0x0000000082200000, 0x0000000082300000, 0x0000000082300000|100%| O|  |TAMS 0x0000000082300000, 0x0000000082200000| Complete 
|  35|0x0000000082300000, 0x0000000082400000, 0x0000000082400000|100%| O|  |TAMS 0x0000000082400000, 0x0000000082300000| Complete 
|  36|0x0000000082400000, 0x0000000082500000, 0x0000000082500000|100%| O|  |TAMS 0x0000000082500000, 0x0000000082400000| Untracked 
|  37|0x0000000082500000, 0x0000000082600000, 0x0000000082600000|100%| O|  |TAMS 0x0000000082600000, 0x0000000082500000| Complete 
|  38|0x0000000082600000, 0x0000000082700000, 0x0000000082700000|100%| O|  |TAMS 0x0000000082700000, 0x0000000082600000| Untracked 
|  39|0x0000000082700000, 0x0000000082800000, 0x0000000082800000|100%| O|  |TAMS 0x0000000082800000, 0x0000000082700000| Untracked 
|  40|0x0000000082800000, 0x0000000082900000, 0x0000000082900000|100%| O|  |TAMS 0x0000000082900000, 0x0000000082800000| Complete 
|  41|0x0000000082900000, 0x0000000082a00000, 0x0000000082a00000|100%| O|  |TAMS 0x0000000082a00000, 0x0000000082900000| Complete 
|  42|0x0000000082a00000, 0x0000000082b00000, 0x0000000082b00000|100%| O|  |TAMS 0x0000000082b00000, 0x0000000082a00000| Complete 
|  43|0x0000000082b00000, 0x0000000082c00000, 0x0000000082c00000|100%| O|  |TAMS 0x0000000082c00000, 0x0000000082b00000| Complete 
|  44|0x0000000082c00000, 0x0000000082d00000, 0x0000000082d00000|100%| O|  |TAMS 0x0000000082d00000, 0x0000000082c00000| Complete 
|  45|0x0000000082d00000, 0x0000000082e00000, 0x0000000082e00000|100%| O|  |TAMS 0x0000000082e00000, 0x0000000082d00000| Complete 
|  46|0x0000000082e00000, 0x0000000082f00000, 0x0000000082f00000|100%|HS|  |TAMS 0x0000000082f00000, 0x0000000082e00000| Complete 
|  47|0x0000000082f00000, 0x0000000083000000, 0x0000000083000000|100%|HS|  |TAMS 0x0000000083000000, 0x0000000082f00000| Complete 
|  48|0x0000000083000000, 0x0000000083100000, 0x0000000083100000|100%|HS|  |TAMS 0x0000000083100000, 0x0000000083000000| Complete 
|  49|0x0000000083100000, 0x0000000083200000, 0x0000000083200000|100%|HC|  |TAMS 0x0000000083200000, 0x0000000083100000| Complete 
|  50|0x0000000083200000, 0x0000000083300000, 0x0000000083300000|100%| O|  |TAMS 0x0000000083300000, 0x0000000083200000| Complete 
|  51|0x0000000083300000, 0x0000000083400000, 0x0000000083400000|100%| O|  |TAMS 0x0000000083400000, 0x0000000083300000| Complete 
|  52|0x0000000083400000, 0x0000000083500000, 0x0000000083500000|100%| O|  |TAMS 0x0000000083500000, 0x0000000083400000| Complete 
|  53|0x0000000083500000, 0x0000000083600000, 0x0000000083600000|100%| O|  |TAMS 0x0000000083600000, 0x0000000083500000| Complete 
|  54|0x0000000083600000, 0x0000000083700000, 0x0000000083700000|100%| O|  |TAMS 0x0000000083700000, 0x0000000083600000| Untracked 
|  55|0x0000000083700000, 0x0000000083800000, 0x0000000083800000|100%| O|  |TAMS 0x0000000083800000, 0x0000000083700000| Complete 
|  56|0x0000000083800000, 0x0000000083900000, 0x0000000083900000|100%| O|  |TAMS 0x0000000083900000, 0x0000000083800000| Complete 
|  57|0x0000000083900000, 0x0000000083a00000, 0x0000000083a00000|100%| O|  |TAMS 0x0000000083a00000, 0x0000000083900000| Complete 
|  58|0x0000000083a00000, 0x0000000083b00000, 0x0000000083b00000|100%| O|  |TAMS 0x0000000083b00000, 0x0000000083a00000| Complete 
|  59|0x0000000083b00000, 0x0000000083c00000, 0x0000000083c00000|100%| O|  |TAMS 0x0000000083c00000, 0x0000000083b00000| Complete 
|  60|0x0000000083c00000, 0x0000000083d00000, 0x0000000083d00000|100%| O|  |TAMS 0x0000000083d00000, 0x0000000083c00000| Complete 
|  61|0x0000000083d00000, 0x0000000083e00000, 0x0000000083e00000|100%| O|  |TAMS 0x0000000083e00000, 0x0000000083d00000| Complete 
|  62|0x0000000083e00000, 0x0000000083f00000, 0x0000000083f00000|100%| O|  |TAMS 0x0000000083f00000, 0x0000000083e00000| Untracked 
|  63|0x0000000083f00000, 0x0000000084000000, 0x0000000084000000|100%| O|  |TAMS 0x0000000084000000, 0x0000000083f00000| Untracked 
|  64|0x0000000084000000, 0x0000000084100000, 0x0000000084100000|100%| O|  |TAMS 0x0000000084100000, 0x0000000084000000| Complete 
|  65|0x0000000084100000, 0x0000000084200000, 0x0000000084200000|100%| O|  |TAMS 0x0000000084200000, 0x0000000084100000| Complete 
|  66|0x0000000084200000, 0x0000000084300000, 0x0000000084300000|100%| O|  |TAMS 0x0000000084300000, 0x0000000084200000| Complete 
|  67|0x0000000084300000, 0x0000000084400000, 0x0000000084400000|100%| O|  |TAMS 0x0000000084400000, 0x0000000084300000| Complete 
|  68|0x0000000084400000, 0x0000000084500000, 0x0000000084500000|100%| O|  |TAMS 0x0000000084500000, 0x0000000084400000| Complete 
|  69|0x0000000084500000, 0x0000000084600000, 0x0000000084600000|100%| O|  |TAMS 0x0000000084600000, 0x0000000084500000| Complete 
|  70|0x0000000084600000, 0x0000000084700000, 0x0000000084700000|100%| O|  |TAMS 0x0000000084700000, 0x0000000084600000| Complete 
|  71|0x0000000084700000, 0x0000000084800000, 0x0000000084800000|100%| O|  |TAMS 0x0000000084800000, 0x0000000084700000| Complete 
|  72|0x0000000084800000, 0x0000000084900000, 0x0000000084900000|100%| O|  |TAMS 0x0000000084900000, 0x0000000084800000| Complete 
|  73|0x0000000084900000, 0x0000000084a00000, 0x0000000084a00000|100%| O|  |TAMS 0x0000000084a00000, 0x0000000084900000| Complete 
|  74|0x0000000084a00000, 0x0000000084b00000, 0x0000000084b00000|100%| O|  |TAMS 0x0000000084b00000, 0x0000000084a00000| Complete 
|  75|0x0000000084b00000, 0x0000000084c00000, 0x0000000084c00000|100%| O|  |TAMS 0x0000000084c00000, 0x0000000084b00000| Complete 
|  76|0x0000000084c00000, 0x0000000084d00000, 0x0000000084d00000|100%| O|  |TAMS 0x0000000084d00000, 0x0000000084c00000| Complete 
|  77|0x0000000084d00000, 0x0000000084e00000, 0x0000000084e00000|100%| O|  |TAMS 0x0000000084e00000, 0x0000000084d00000| Complete 
|  78|0x0000000084e00000, 0x0000000084f00000, 0x0000000084f00000|100%| O|  |TAMS 0x0000000084f00000, 0x0000000084e00000| Complete 
|  79|0x0000000084f00000, 0x0000000085000000, 0x0000000085000000|100%| O|  |TAMS 0x0000000085000000, 0x0000000084f00000| Complete 
|  80|0x0000000085000000, 0x0000000085100000, 0x0000000085100000|100%| O|  |TAMS 0x0000000085100000, 0x0000000085000000| Complete 
|  81|0x0000000085100000, 0x0000000085200000, 0x0000000085200000|100%| O|  |TAMS 0x0000000085200000, 0x0000000085100000| Untracked 
|  82|0x0000000085200000, 0x0000000085300000, 0x0000000085300000|100%| O|  |TAMS 0x0000000085300000, 0x0000000085200000| Complete 
|  83|0x0000000085300000, 0x0000000085400000, 0x0000000085400000|100%| O|  |TAMS 0x0000000085400000, 0x0000000085300000| Complete 
|  84|0x0000000085400000, 0x0000000085500000, 0x0000000085500000|100%| O|  |TAMS 0x0000000085500000, 0x0000000085400000| Complete 
|  85|0x0000000085500000, 0x0000000085600000, 0x0000000085600000|100%| O|  |TAMS 0x0000000085600000, 0x0000000085500000| Complete 
|  86|0x0000000085600000, 0x0000000085700000, 0x0000000085700000|100%| O|  |TAMS 0x0000000085700000, 0x0000000085600000| Untracked 
|  87|0x0000000085700000, 0x0000000085800000, 0x0000000085800000|100%| O|  |TAMS 0x0000000085800000, 0x0000000085700000| Complete 
|  88|0x0000000085800000, 0x0000000085900000, 0x0000000085900000|100%| O|  |TAMS 0x0000000085900000, 0x0000000085800000| Untracked 
|  89|0x0000000085900000, 0x0000000085a00000, 0x0000000085a00000|100%| O|  |TAMS 0x0000000085a00000, 0x0000000085900000| Complete 
|  90|0x0000000085a00000, 0x0000000085b00000, 0x0000000085b00000|100%| O|  |TAMS 0x0000000085b00000, 0x0000000085a00000| Untracked 
|  91|0x0000000085b00000, 0x0000000085c00000, 0x0000000085c00000|100%| O|  |TAMS 0x0000000085c00000, 0x0000000085b00000| Untracked 
|  92|0x0000000085c00000, 0x0000000085d00000, 0x0000000085d00000|100%|HS|  |TAMS 0x0000000085d00000, 0x0000000085c00000| Complete 
|  93|0x0000000085d00000, 0x0000000085e00000, 0x0000000085e00000|100%|HS|  |TAMS 0x0000000085e00000, 0x0000000085d00000| Complete 
|  94|0x0000000085e00000, 0x0000000085f00000, 0x0000000085f00000|100%|HC|  |TAMS 0x0000000085f00000, 0x0000000085e00000| Complete 
|  95|0x0000000085f00000, 0x0000000086000000, 0x0000000086000000|100%|HC|  |TAMS 0x0000000086000000, 0x0000000085f00000| Complete 
|  96|0x0000000086000000, 0x0000000086100000, 0x0000000086100000|100%| O|  |TAMS 0x0000000086100000, 0x0000000086000000| Complete 
|  97|0x0000000086100000, 0x0000000086200000, 0x0000000086200000|100%| O|  |TAMS 0x0000000086200000, 0x0000000086100000| Complete 
|  98|0x0000000086200000, 0x0000000086300000, 0x0000000086300000|100%| O|  |TAMS 0x0000000086300000, 0x0000000086200000| Complete 
|  99|0x0000000086300000, 0x0000000086400000, 0x0000000086400000|100%| O|  |TAMS 0x0000000086400000, 0x0000000086300000| Complete 
| 100|0x0000000086400000, 0x0000000086500000, 0x0000000086500000|100%| O|  |TAMS 0x0000000086500000, 0x0000000086400000| Untracked 
| 101|0x0000000086500000, 0x0000000086600000, 0x0000000086600000|100%| O|  |TAMS 0x0000000086600000, 0x0000000086500000| Complete 
| 102|0x0000000086600000, 0x0000000086700000, 0x0000000086700000|100%| O|  |TAMS 0x0000000086700000, 0x0000000086600000| Complete 
| 103|0x0000000086700000, 0x0000000086800000, 0x0000000086800000|100%| O|  |TAMS 0x0000000086800000, 0x0000000086700000| Untracked 
| 104|0x0000000086800000, 0x0000000086900000, 0x0000000086900000|100%| O|  |TAMS 0x0000000086900000, 0x0000000086800000| Untracked 
| 105|0x0000000086900000, 0x0000000086a00000, 0x0000000086a00000|100%| O|  |TAMS 0x0000000086a00000, 0x0000000086900000| Untracked 
| 106|0x0000000086a00000, 0x0000000086b00000, 0x0000000086b00000|100%| O|  |TAMS 0x0000000086b00000, 0x0000000086a00000| Complete 
| 107|0x0000000086b00000, 0x0000000086c00000, 0x0000000086c00000|100%| O|  |TAMS 0x0000000086c00000, 0x0000000086b00000| Untracked 
| 108|0x0000000086c00000, 0x0000000086d00000, 0x0000000086d00000|100%| O|  |TAMS 0x0000000086d00000, 0x0000000086c00000| Untracked 
| 109|0x0000000086d00000, 0x0000000086e00000, 0x0000000086e00000|100%|HS|  |TAMS 0x0000000086e00000, 0x0000000086d00000| Complete 
| 110|0x0000000086e00000, 0x0000000086f00000, 0x0000000086f00000|100%|HS|  |TAMS 0x0000000086f00000, 0x0000000086e00000| Complete 
| 111|0x0000000086f00000, 0x0000000087000000, 0x0000000087000000|100%| O|  |TAMS 0x0000000087000000, 0x0000000086f00000| Untracked 
| 112|0x0000000087000000, 0x0000000087100000, 0x0000000087100000|100%| O|  |TAMS 0x0000000087100000, 0x0000000087000000| Complete 
| 113|0x0000000087100000, 0x0000000087200000, 0x0000000087200000|100%| O|  |TAMS 0x0000000087200000, 0x0000000087100000| Complete 
| 114|0x0000000087200000, 0x0000000087300000, 0x0000000087300000|100%| O|  |TAMS 0x0000000087300000, 0x0000000087200000| Untracked 
| 115|0x0000000087300000, 0x0000000087400000, 0x0000000087400000|100%| O|  |TAMS 0x0000000087400000, 0x0000000087300000| Untracked 
| 116|0x0000000087400000, 0x0000000087500000, 0x0000000087500000|100%| O|  |TAMS 0x0000000087500000, 0x0000000087400000| Complete 
| 117|0x0000000087500000, 0x0000000087600000, 0x0000000087600000|100%| O|  |TAMS 0x0000000087600000, 0x0000000087500000| Complete 
| 118|0x0000000087600000, 0x0000000087700000, 0x0000000087700000|100%| O|  |TAMS 0x0000000087700000, 0x0000000087600000| Complete 
| 119|0x0000000087700000, 0x0000000087800000, 0x0000000087800000|100%| O|  |TAMS 0x0000000087800000, 0x0000000087700000| Complete 
| 120|0x0000000087800000, 0x0000000087900000, 0x0000000087900000|100%|HS|  |TAMS 0x0000000087900000, 0x0000000087800000| Complete 
| 121|0x0000000087900000, 0x0000000087a00000, 0x0000000087a00000|100%| O|  |TAMS 0x0000000087a00000, 0x0000000087900000| Untracked 
| 122|0x0000000087a00000, 0x0000000087b00000, 0x0000000087b00000|100%| O|  |TAMS 0x0000000087b00000, 0x0000000087a00000| Complete 
| 123|0x0000000087b00000, 0x0000000087c00000, 0x0000000087c00000|100%| O|  |TAMS 0x0000000087c00000, 0x0000000087b00000| Untracked 
| 124|0x0000000087c00000, 0x0000000087d00000, 0x0000000087d00000|100%| O|  |TAMS 0x0000000087d00000, 0x0000000087c00000| Untracked 
| 125|0x0000000087d00000, 0x0000000087e00000, 0x0000000087e00000|100%| O|  |TAMS 0x0000000087e00000, 0x0000000087d00000| Complete 
| 126|0x0000000087e00000, 0x0000000087f00000, 0x0000000087f00000|100%| O|  |TAMS 0x0000000087f00000, 0x0000000087e00000| Complete 
| 127|0x0000000087f00000, 0x0000000088000000, 0x0000000088000000|100%|HS|  |TAMS 0x0000000088000000, 0x0000000087f00000| Complete 
| 128|0x0000000088000000, 0x0000000088100000, 0x0000000088100000|100%|HC|  |TAMS 0x0000000088100000, 0x0000000088000000| Complete 
| 129|0x0000000088100000, 0x0000000088200000, 0x0000000088200000|100%|HC|  |TAMS 0x0000000088200000, 0x0000000088100000| Complete 
| 130|0x0000000088200000, 0x0000000088300000, 0x0000000088300000|100%| O|  |TAMS 0x0000000088300000, 0x0000000088200000| Complete 
| 131|0x0000000088300000, 0x0000000088400000, 0x0000000088400000|100%| O|  |TAMS 0x0000000088400000, 0x0000000088300000| Untracked 
| 132|0x0000000088400000, 0x0000000088500000, 0x0000000088500000|100%| O|  |TAMS 0x0000000088500000, 0x0000000088400000| Untracked 
| 133|0x0000000088500000, 0x0000000088600000, 0x0000000088600000|100%| O|  |TAMS 0x0000000088600000, 0x0000000088500000| Complete 
| 134|0x0000000088600000, 0x0000000088700000, 0x0000000088700000|100%| O|  |TAMS 0x0000000088700000, 0x0000000088600000| Untracked 
| 135|0x0000000088700000, 0x0000000088800000, 0x0000000088800000|100%| O|  |TAMS 0x0000000088800000, 0x0000000088700000| Complete 
| 136|0x0000000088800000, 0x0000000088900000, 0x0000000088900000|100%| O|  |TAMS 0x0000000088900000, 0x0000000088800000| Complete 
| 137|0x0000000088900000, 0x0000000088a00000, 0x0000000088a00000|100%| O|  |TAMS 0x0000000088a00000, 0x0000000088900000| Complete 
| 138|0x0000000088a00000, 0x0000000088b00000, 0x0000000088b00000|100%| O|  |TAMS 0x0000000088b00000, 0x0000000088a00000| Complete 
| 139|0x0000000088b00000, 0x0000000088c00000, 0x0000000088c00000|100%| O|  |TAMS 0x0000000088c00000, 0x0000000088b00000| Complete 
| 140|0x0000000088c00000, 0x0000000088d00000, 0x0000000088d00000|100%| O|  |TAMS 0x0000000088d00000, 0x0000000088c00000| Untracked 
| 141|0x0000000088d00000, 0x0000000088e00000, 0x0000000088e00000|100%| O|  |TAMS 0x0000000088e00000, 0x0000000088d00000| Complete 
| 142|0x0000000088e00000, 0x0000000088f00000, 0x0000000088f00000|100%| O|  |TAMS 0x0000000088f00000, 0x0000000088e00000| Untracked 
| 143|0x0000000088f00000, 0x0000000089000000, 0x0000000089000000|100%| O|  |TAMS 0x0000000089000000, 0x0000000088f00000| Complete 
| 144|0x0000000089000000, 0x0000000089100000, 0x0000000089100000|100%| O|  |TAMS 0x0000000089100000, 0x0000000089000000| Complete 
| 145|0x0000000089100000, 0x0000000089200000, 0x0000000089200000|100%| O|  |TAMS 0x0000000089200000, 0x0000000089100000| Complete 
| 146|0x0000000089200000, 0x0000000089300000, 0x0000000089300000|100%| O|  |TAMS 0x0000000089300000, 0x0000000089200000| Complete 
| 147|0x0000000089300000, 0x0000000089400000, 0x0000000089400000|100%| O|  |TAMS 0x0000000089400000, 0x0000000089300000| Untracked 
| 148|0x0000000089400000, 0x0000000089500000, 0x0000000089500000|100%| O|  |TAMS 0x0000000089500000, 0x0000000089400000| Complete 
| 149|0x0000000089500000, 0x0000000089600000, 0x0000000089600000|100%| O|  |TAMS 0x0000000089600000, 0x0000000089500000| Complete 
| 150|0x0000000089600000, 0x0000000089700000, 0x0000000089700000|100%| O|  |TAMS 0x0000000089700000, 0x0000000089600000| Complete 
| 151|0x0000000089700000, 0x0000000089800000, 0x0000000089800000|100%| O|  |TAMS 0x0000000089800000, 0x0000000089700000| Complete 
| 152|0x0000000089800000, 0x0000000089900000, 0x0000000089900000|100%| O|  |TAMS 0x0000000089900000, 0x0000000089800000| Complete 
| 153|0x0000000089900000, 0x0000000089a00000, 0x0000000089a00000|100%| O|  |TAMS 0x0000000089a00000, 0x0000000089900000| Complete 
| 154|0x0000000089a00000, 0x0000000089ae6000, 0x0000000089b00000| 89%| O|  |TAMS 0x0000000089ae6000, 0x0000000089a00000| Untracked 
| 155|0x0000000089b00000, 0x0000000089c00000, 0x0000000089c00000|100%| O|  |TAMS 0x0000000089c00000, 0x0000000089b00000| Complete 
| 156|0x0000000089c00000, 0x0000000089d00000, 0x0000000089d00000|100%| O|  |TAMS 0x0000000089d00000, 0x0000000089c00000| Complete 
| 157|0x0000000089d00000, 0x0000000089e00000, 0x0000000089e00000|100%| O|  |TAMS 0x0000000089e00000, 0x0000000089d00000| Complete 
| 158|0x0000000089e00000, 0x0000000089f00000, 0x0000000089f00000|100%| O|  |TAMS 0x0000000089f00000, 0x0000000089e00000| Complete 
| 159|0x0000000089f00000, 0x000000008a000000, 0x000000008a000000|100%| O|  |TAMS 0x000000008a000000, 0x0000000089f00000| Untracked 
| 160|0x000000008a000000, 0x000000008a100000, 0x000000008a100000|100%| O|  |TAMS 0x000000008a100000, 0x000000008a000000| Complete 
| 161|0x000000008a100000, 0x000000008a200000, 0x000000008a200000|100%| O|  |TAMS 0x000000008a200000, 0x000000008a100000| Untracked 
| 162|0x000000008a200000, 0x000000008a300000, 0x000000008a300000|100%| O|  |TAMS 0x000000008a300000, 0x000000008a200000| Complete 
| 163|0x000000008a300000, 0x000000008a300000, 0x000000008a400000|  0%| F|  |TAMS 0x000000008a300000, 0x000000008a300000| Untracked 
| 164|0x000000008a400000, 0x000000008a500000, 0x000000008a500000|100%| O|  |TAMS 0x000000008a500000, 0x000000008a400000| Untracked 
| 165|0x000000008a500000, 0x000000008a600000, 0x000000008a600000|100%| O|  |TAMS 0x000000008a600000, 0x000000008a500000| Complete 
| 166|0x000000008a600000, 0x000000008a600000, 0x000000008a700000|  0%| F|  |TAMS 0x000000008a600000, 0x000000008a600000| Untracked 
| 167|0x000000008a700000, 0x000000008a700000, 0x000000008a800000|  0%| F|  |TAMS 0x000000008a700000, 0x000000008a700000| Untracked 
| 168|0x000000008a800000, 0x000000008a900000, 0x000000008a900000|100%| O|  |TAMS 0x000000008a900000, 0x000000008a800000| Untracked 
| 169|0x000000008a900000, 0x000000008aa00000, 0x000000008aa00000|100%| O|  |TAMS 0x000000008aa00000, 0x000000008a900000| Complete 
| 170|0x000000008aa00000, 0x000000008ab00000, 0x000000008ab00000|100%| O|  |TAMS 0x000000008ab00000, 0x000000008aa00000| Complete 
| 171|0x000000008ab00000, 0x000000008ac00000, 0x000000008ac00000|100%| O|  |TAMS 0x000000008ac00000, 0x000000008ab00000| Untracked 
| 172|0x000000008ac00000, 0x000000008ac00000, 0x000000008ad00000|  0%| F|  |TAMS 0x000000008ac00000, 0x000000008ac00000| Untracked 
| 173|0x000000008ad00000, 0x000000008ae00000, 0x000000008ae00000|100%| O|  |TAMS 0x000000008ae00000, 0x000000008ad00000| Complete 
| 174|0x000000008ae00000, 0x000000008ae00000, 0x000000008af00000|  0%| F|  |TAMS 0x000000008ae00000, 0x000000008ae00000| Untracked 
| 175|0x000000008af00000, 0x000000008af00000, 0x000000008b000000|  0%| F|  |TAMS 0x000000008af00000, 0x000000008af00000| Untracked 
| 176|0x000000008b000000, 0x000000008b000000, 0x000000008b100000|  0%| F|  |TAMS 0x000000008b000000, 0x000000008b000000| Untracked 
| 177|0x000000008b100000, 0x000000008b200000, 0x000000008b200000|100%| O|  |TAMS 0x000000008b200000, 0x000000008b100000| Complete 
| 178|0x000000008b200000, 0x000000008b300000, 0x000000008b300000|100%| O|  |TAMS 0x000000008b300000, 0x000000008b200000| Complete 
| 179|0x000000008b300000, 0x000000008b400000, 0x000000008b400000|100%| O|  |TAMS 0x000000008b400000, 0x000000008b300000| Complete 
| 180|0x000000008b400000, 0x000000008b500000, 0x000000008b500000|100%| O|  |TAMS 0x000000008b500000, 0x000000008b400000| Untracked 
| 181|0x000000008b500000, 0x000000008b600000, 0x000000008b600000|100%| O|  |TAMS 0x000000008b600000, 0x000000008b500000| Complete 
| 182|0x000000008b600000, 0x000000008b700000, 0x000000008b700000|100%| O|  |TAMS 0x000000008b700000, 0x000000008b600000| Complete 
| 183|0x000000008b700000, 0x000000008b800000, 0x000000008b800000|100%| O|  |TAMS 0x000000008b800000, 0x000000008b700000| Complete 
| 184|0x000000008b800000, 0x000000008b900000, 0x000000008b900000|100%| O|  |TAMS 0x000000008b900000, 0x000000008b800000| Untracked 
| 185|0x000000008b900000, 0x000000008ba00000, 0x000000008ba00000|100%| O|  |TAMS 0x000000008ba00000, 0x000000008b900000| Untracked 
| 186|0x000000008ba00000, 0x000000008bb00000, 0x000000008bb00000|100%| O|  |TAMS 0x000000008bb00000, 0x000000008ba00000| Untracked 
| 187|0x000000008bb00000, 0x000000008bc00000, 0x000000008bc00000|100%| O|  |TAMS 0x000000008bc00000, 0x000000008bb00000| Untracked 
| 188|0x000000008bc00000, 0x000000008bd00000, 0x000000008bd00000|100%| O|  |TAMS 0x000000008bd00000, 0x000000008bc00000| Complete 
| 189|0x000000008bd00000, 0x000000008be00000, 0x000000008be00000|100%| O|  |TAMS 0x000000008be00000, 0x000000008bd00000| Untracked 
| 190|0x000000008be00000, 0x000000008bf00000, 0x000000008bf00000|100%| O|  |TAMS 0x000000008bf00000, 0x000000008be00000| Complete 
| 191|0x000000008bf00000, 0x000000008c000000, 0x000000008c000000|100%| O|  |TAMS 0x000000008c000000, 0x000000008bf00000| Untracked 
| 192|0x000000008c000000, 0x000000008c100000, 0x000000008c100000|100%| O|  |TAMS 0x000000008c100000, 0x000000008c000000| Untracked 
| 193|0x000000008c100000, 0x000000008c200000, 0x000000008c200000|100%| O|  |TAMS 0x000000008c200000, 0x000000008c100000| Complete 
| 194|0x000000008c200000, 0x000000008c300000, 0x000000008c300000|100%| O|  |TAMS 0x000000008c300000, 0x000000008c200000| Complete 
| 195|0x000000008c300000, 0x000000008c400000, 0x000000008c400000|100%| O|  |TAMS 0x000000008c400000, 0x000000008c300000| Complete 
| 196|0x000000008c400000, 0x000000008c500000, 0x000000008c500000|100%| O|  |TAMS 0x000000008c500000, 0x000000008c400000| Complete 
| 197|0x000000008c500000, 0x000000008c600000, 0x000000008c600000|100%| O|  |TAMS 0x000000008c600000, 0x000000008c500000| Complete 
| 198|0x000000008c600000, 0x000000008c700000, 0x000000008c700000|100%| O|  |TAMS 0x000000008c700000, 0x000000008c600000| Untracked 
| 199|0x000000008c700000, 0x000000008c800000, 0x000000008c800000|100%| O|  |TAMS 0x000000008c800000, 0x000000008c700000| Complete 
| 200|0x000000008c800000, 0x000000008c900000, 0x000000008c900000|100%| O|  |TAMS 0x000000008c900000, 0x000000008c800000| Untracked 
| 201|0x000000008c900000, 0x000000008ca00000, 0x000000008ca00000|100%| O|  |TAMS 0x000000008ca00000, 0x000000008c900000| Untracked 
| 202|0x000000008ca00000, 0x000000008cb00000, 0x000000008cb00000|100%| O|  |TAMS 0x000000008cb00000, 0x000000008ca00000| Complete 
| 203|0x000000008cb00000, 0x000000008cc00000, 0x000000008cc00000|100%| O|  |TAMS 0x000000008cc00000, 0x000000008cb00000| Complete 
| 204|0x000000008cc00000, 0x000000008cd00000, 0x000000008cd00000|100%| O|  |TAMS 0x000000008cd00000, 0x000000008cc00000| Untracked 
| 205|0x000000008cd00000, 0x000000008ce00000, 0x000000008ce00000|100%| O|  |TAMS 0x000000008ce00000, 0x000000008cd00000| Complete 
| 206|0x000000008ce00000, 0x000000008cf00000, 0x000000008cf00000|100%| O|  |TAMS 0x000000008cf00000, 0x000000008ce00000| Complete 
| 207|0x000000008cf00000, 0x000000008d000000, 0x000000008d000000|100%| O|  |TAMS 0x000000008d000000, 0x000000008cf00000| Complete 
| 208|0x000000008d000000, 0x000000008d000000, 0x000000008d100000|  0%| F|  |TAMS 0x000000008d000000, 0x000000008d000000| Untracked 
| 209|0x000000008d100000, 0x000000008d200000, 0x000000008d200000|100%| O|  |TAMS 0x000000008d200000, 0x000000008d100000| Complete 
| 210|0x000000008d200000, 0x000000008d300000, 0x000000008d300000|100%| O|  |TAMS 0x000000008d300000, 0x000000008d200000| Complete 
| 211|0x000000008d300000, 0x000000008d400000, 0x000000008d400000|100%| O|  |TAMS 0x000000008d400000, 0x000000008d300000| Complete 
| 212|0x000000008d400000, 0x000000008d500000, 0x000000008d500000|100%| O|  |TAMS 0x000000008d500000, 0x000000008d400000| Complete 
| 213|0x000000008d500000, 0x000000008d500000, 0x000000008d600000|  0%| F|  |TAMS 0x000000008d500000, 0x000000008d500000| Untracked 
| 214|0x000000008d600000, 0x000000008d700000, 0x000000008d700000|100%| O|  |TAMS 0x000000008d700000, 0x000000008d600000| Complete 
| 215|0x000000008d700000, 0x000000008d800000, 0x000000008d800000|100%| O|  |TAMS 0x000000008d800000, 0x000000008d700000| Complete 
| 216|0x000000008d800000, 0x000000008d900000, 0x000000008d900000|100%| O|  |TAMS 0x000000008d900000, 0x000000008d800000| Complete 
| 217|0x000000008d900000, 0x000000008da00000, 0x000000008da00000|100%| O|  |TAMS 0x000000008da00000, 0x000000008d900000| Complete 
| 218|0x000000008da00000, 0x000000008da00000, 0x000000008db00000|  0%| F|  |TAMS 0x000000008da00000, 0x000000008da00000| Untracked 
| 219|0x000000008db00000, 0x000000008dc00000, 0x000000008dc00000|100%| O|  |TAMS 0x000000008dc00000, 0x000000008db00000| Untracked 
| 220|0x000000008dc00000, 0x000000008dd00000, 0x000000008dd00000|100%| O|  |TAMS 0x000000008dd00000, 0x000000008dc00000| Complete 
| 221|0x000000008dd00000, 0x000000008de00000, 0x000000008de00000|100%| O|  |TAMS 0x000000008de00000, 0x000000008dd00000| Complete 
| 222|0x000000008de00000, 0x000000008df00000, 0x000000008df00000|100%| O|  |TAMS 0x000000008df00000, 0x000000008de00000| Complete 
| 223|0x000000008df00000, 0x000000008df00000, 0x000000008e000000|  0%| F|  |TAMS 0x000000008df00000, 0x000000008df00000| Untracked 
| 224|0x000000008e000000, 0x000000008e100000, 0x000000008e100000|100%| O|  |TAMS 0x000000008e100000, 0x000000008e000000| Complete 
| 225|0x000000008e100000, 0x000000008e100000, 0x000000008e200000|  0%| F|  |TAMS 0x000000008e100000, 0x000000008e100000| Untracked 
| 226|0x000000008e200000, 0x000000008e300000, 0x000000008e300000|100%| O|  |TAMS 0x000000008e300000, 0x000000008e200000| Untracked 
| 227|0x000000008e300000, 0x000000008e400000, 0x000000008e400000|100%| O|  |TAMS 0x000000008e400000, 0x000000008e300000| Untracked 
| 228|0x000000008e400000, 0x000000008e400000, 0x000000008e500000|  0%| F|  |TAMS 0x000000008e400000, 0x000000008e400000| Untracked 
| 229|0x000000008e500000, 0x000000008e500000, 0x000000008e600000|  0%| F|  |TAMS 0x000000008e500000, 0x000000008e500000| Untracked 
| 230|0x000000008e600000, 0x000000008e700000, 0x000000008e700000|100%| O|  |TAMS 0x000000008e700000, 0x000000008e600000| Complete 
| 231|0x000000008e700000, 0x000000008e800000, 0x000000008e800000|100%| O|  |TAMS 0x000000008e800000, 0x000000008e700000| Complete 
| 232|0x000000008e800000, 0x000000008e900000, 0x000000008e900000|100%| O|  |TAMS 0x000000008e900000, 0x000000008e800000| Untracked 
| 233|0x000000008e900000, 0x000000008ea00000, 0x000000008ea00000|100%| O|  |TAMS 0x000000008ea00000, 0x000000008e900000| Complete 
| 234|0x000000008ea00000, 0x000000008ea00000, 0x000000008eb00000|  0%| F|  |TAMS 0x000000008ea00000, 0x000000008ea00000| Untracked 
| 235|0x000000008eb00000, 0x000000008eb00000, 0x000000008ec00000|  0%| F|  |TAMS 0x000000008eb00000, 0x000000008eb00000| Untracked 
| 236|0x000000008ec00000, 0x000000008ec00000, 0x000000008ed00000|  0%| F|  |TAMS 0x000000008ec00000, 0x000000008ec00000| Untracked 
| 237|0x000000008ed00000, 0x000000008ed00000, 0x000000008ee00000|  0%| F|  |TAMS 0x000000008ed00000, 0x000000008ed00000| Untracked 
| 238|0x000000008ee00000, 0x000000008ef00000, 0x000000008ef00000|100%| O|  |TAMS 0x000000008ef00000, 0x000000008ee00000| Untracked 
| 239|0x000000008ef00000, 0x000000008f000000, 0x000000008f000000|100%| O|  |TAMS 0x000000008f000000, 0x000000008ef00000| Untracked 
| 240|0x000000008f000000, 0x000000008f000000, 0x000000008f100000|  0%| F|  |TAMS 0x000000008f000000, 0x000000008f000000| Untracked 
| 241|0x000000008f100000, 0x000000008f200000, 0x000000008f200000|100%| O|  |TAMS 0x000000008f200000, 0x000000008f100000| Untracked 
| 242|0x000000008f200000, 0x000000008f300000, 0x000000008f300000|100%| O|  |TAMS 0x000000008f300000, 0x000000008f200000| Untracked 
| 243|0x000000008f300000, 0x000000008f400000, 0x000000008f400000|100%| O|  |TAMS 0x000000008f400000, 0x000000008f300000| Untracked 
| 244|0x000000008f400000, 0x000000008f500000, 0x000000008f500000|100%| O|  |TAMS 0x000000008f500000, 0x000000008f400000| Untracked 
| 245|0x000000008f500000, 0x000000008f600000, 0x000000008f600000|100%| O|  |TAMS 0x000000008f600000, 0x000000008f500000| Complete 
| 246|0x000000008f600000, 0x000000008f700000, 0x000000008f700000|100%| O|  |TAMS 0x000000008f700000, 0x000000008f600000| Complete 
| 247|0x000000008f700000, 0x000000008f800000, 0x000000008f800000|100%| O|  |TAMS 0x000000008f800000, 0x000000008f700000| Complete 
| 248|0x000000008f800000, 0x000000008f800000, 0x000000008f900000|  0%| F|  |TAMS 0x000000008f800000, 0x000000008f800000| Untracked 
| 249|0x000000008f900000, 0x000000008f900000, 0x000000008fa00000|  0%| F|  |TAMS 0x000000008f900000, 0x000000008f900000| Untracked 
| 250|0x000000008fa00000, 0x000000008fa00000, 0x000000008fb00000|  0%| F|  |TAMS 0x000000008fa00000, 0x000000008fa00000| Untracked 
| 251|0x000000008fb00000, 0x000000008fb00000, 0x000000008fc00000|  0%| F|  |TAMS 0x000000008fb00000, 0x000000008fb00000| Untracked 
| 252|0x000000008fc00000, 0x000000008fc00000, 0x000000008fd00000|  0%| F|  |TAMS 0x000000008fc00000, 0x000000008fc00000| Untracked 
| 253|0x000000008fd00000, 0x000000008fd00000, 0x000000008fe00000|  0%| F|  |TAMS 0x000000008fd00000, 0x000000008fd00000| Untracked 
| 254|0x000000008fe00000, 0x000000008fe00000, 0x000000008ff00000|  0%| F|  |TAMS 0x000000008fe00000, 0x000000008fe00000| Untracked 
| 255|0x000000008ff00000, 0x000000008ff00000, 0x0000000090000000|  0%| F|  |TAMS 0x000000008ff00000, 0x000000008ff00000| Untracked 
| 256|0x0000000090000000, 0x0000000090000000, 0x0000000090100000|  0%| F|  |TAMS 0x0000000090000000, 0x0000000090000000| Untracked 
| 257|0x0000000090100000, 0x0000000090100000, 0x0000000090200000|  0%| F|  |TAMS 0x0000000090100000, 0x0000000090100000| Untracked 
| 258|0x0000000090200000, 0x0000000090200000, 0x0000000090300000|  0%| F|  |TAMS 0x0000000090200000, 0x0000000090200000| Untracked 
| 259|0x0000000090300000, 0x0000000090300000, 0x0000000090400000|  0%| F|  |TAMS 0x0000000090300000, 0x0000000090300000| Untracked 
| 260|0x0000000090400000, 0x0000000090400000, 0x0000000090500000|  0%| F|  |TAMS 0x0000000090400000, 0x0000000090400000| Untracked 
| 261|0x0000000090500000, 0x0000000090500000, 0x0000000090600000|  0%| F|  |TAMS 0x0000000090500000, 0x0000000090500000| Untracked 
| 262|0x0000000090600000, 0x0000000090600000, 0x0000000090700000|  0%| F|  |TAMS 0x0000000090600000, 0x0000000090600000| Untracked 
| 263|0x0000000090700000, 0x0000000090700000, 0x0000000090800000|  0%| F|  |TAMS 0x0000000090700000, 0x0000000090700000| Untracked 
| 264|0x0000000090800000, 0x0000000090800000, 0x0000000090900000|  0%| F|  |TAMS 0x0000000090800000, 0x0000000090800000| Untracked 
| 265|0x0000000090900000, 0x0000000090900000, 0x0000000090a00000|  0%| F|  |TAMS 0x0000000090900000, 0x0000000090900000| Untracked 
| 266|0x0000000090a00000, 0x0000000090a00000, 0x0000000090b00000|  0%| F|  |TAMS 0x0000000090a00000, 0x0000000090a00000| Untracked 
| 267|0x0000000090b00000, 0x0000000090b00000, 0x0000000090c00000|  0%| F|  |TAMS 0x0000000090b00000, 0x0000000090b00000| Untracked 
| 268|0x0000000090c00000, 0x0000000090c00000, 0x0000000090d00000|  0%| F|  |TAMS 0x0000000090c00000, 0x0000000090c00000| Untracked 
| 269|0x0000000090d00000, 0x0000000090d00000, 0x0000000090e00000|  0%| F|  |TAMS 0x0000000090d00000, 0x0000000090d00000| Untracked 
| 270|0x0000000090e00000, 0x0000000090e00000, 0x0000000090f00000|  0%| F|  |TAMS 0x0000000090e00000, 0x0000000090e00000| Untracked 
| 271|0x0000000090f00000, 0x0000000090f00000, 0x0000000091000000|  0%| F|  |TAMS 0x0000000090f00000, 0x0000000090f00000| Untracked 
| 272|0x0000000091000000, 0x0000000091000000, 0x0000000091100000|  0%| F|  |TAMS 0x0000000091000000, 0x0000000091000000| Untracked 
| 273|0x0000000091100000, 0x0000000091100000, 0x0000000091200000|  0%| F|  |TAMS 0x0000000091100000, 0x0000000091100000| Untracked 
| 274|0x0000000091200000, 0x0000000091200000, 0x0000000091300000|  0%| F|  |TAMS 0x0000000091200000, 0x0000000091200000| Untracked 
| 275|0x0000000091300000, 0x0000000091300000, 0x0000000091400000|  0%| F|  |TAMS 0x0000000091300000, 0x0000000091300000| Untracked 
| 276|0x0000000091400000, 0x0000000091400000, 0x0000000091500000|  0%| F|  |TAMS 0x0000000091400000, 0x0000000091400000| Untracked 
| 277|0x0000000091500000, 0x0000000091500000, 0x0000000091600000|  0%| F|  |TAMS 0x0000000091500000, 0x0000000091500000| Untracked 
| 278|0x0000000091600000, 0x0000000091600000, 0x0000000091700000|  0%| F|  |TAMS 0x0000000091600000, 0x0000000091600000| Untracked 
| 279|0x0000000091700000, 0x0000000091700000, 0x0000000091800000|  0%| F|  |TAMS 0x0000000091700000, 0x0000000091700000| Untracked 
| 280|0x0000000091800000, 0x0000000091800000, 0x0000000091900000|  0%| F|  |TAMS 0x0000000091800000, 0x0000000091800000| Untracked 
| 281|0x0000000091900000, 0x0000000091900000, 0x0000000091a00000|  0%| F|  |TAMS 0x0000000091900000, 0x0000000091900000| Untracked 
| 282|0x0000000091a00000, 0x0000000091a00000, 0x0000000091b00000|  0%| F|  |TAMS 0x0000000091a00000, 0x0000000091a00000| Untracked 
| 283|0x0000000091b00000, 0x0000000091b00000, 0x0000000091c00000|  0%| F|  |TAMS 0x0000000091b00000, 0x0000000091b00000| Untracked 
| 284|0x0000000091c00000, 0x0000000091c00000, 0x0000000091d00000|  0%| F|  |TAMS 0x0000000091c00000, 0x0000000091c00000| Untracked 
| 285|0x0000000091d00000, 0x0000000091d00000, 0x0000000091e00000|  0%| F|  |TAMS 0x0000000091d00000, 0x0000000091d00000| Untracked 
| 286|0x0000000091e00000, 0x0000000091e00000, 0x0000000091f00000|  0%| F|  |TAMS 0x0000000091e00000, 0x0000000091e00000| Untracked 
| 287|0x0000000091f00000, 0x0000000091f00000, 0x0000000092000000|  0%| F|  |TAMS 0x0000000091f00000, 0x0000000091f00000| Untracked 
| 288|0x0000000092000000, 0x0000000092000000, 0x0000000092100000|  0%| F|  |TAMS 0x0000000092000000, 0x0000000092000000| Untracked 
| 289|0x0000000092100000, 0x0000000092100000, 0x0000000092200000|  0%| F|  |TAMS 0x0000000092100000, 0x0000000092100000| Untracked 
| 290|0x0000000092200000, 0x0000000092200000, 0x0000000092300000|  0%| F|  |TAMS 0x0000000092200000, 0x0000000092200000| Untracked 
| 291|0x0000000092300000, 0x0000000092300000, 0x0000000092400000|  0%| F|  |TAMS 0x0000000092300000, 0x0000000092300000| Untracked 
| 292|0x0000000092400000, 0x0000000092400000, 0x0000000092500000|  0%| F|  |TAMS 0x0000000092400000, 0x0000000092400000| Untracked 
| 293|0x0000000092500000, 0x0000000092500000, 0x0000000092600000|  0%| F|  |TAMS 0x0000000092500000, 0x0000000092500000| Untracked 
| 294|0x0000000092600000, 0x0000000092600000, 0x0000000092700000|  0%| F|  |TAMS 0x0000000092600000, 0x0000000092600000| Untracked 
| 295|0x0000000092700000, 0x0000000092700000, 0x0000000092800000|  0%| F|  |TAMS 0x0000000092700000, 0x0000000092700000| Untracked 
| 296|0x0000000092800000, 0x0000000092800000, 0x0000000092900000|  0%| F|  |TAMS 0x0000000092800000, 0x0000000092800000| Untracked 
| 297|0x0000000092900000, 0x0000000092900000, 0x0000000092a00000|  0%| F|  |TAMS 0x0000000092900000, 0x0000000092900000| Untracked 
| 298|0x0000000092a00000, 0x0000000092a00000, 0x0000000092b00000|  0%| F|  |TAMS 0x0000000092a00000, 0x0000000092a00000| Untracked 
| 299|0x0000000092b00000, 0x0000000092b00000, 0x0000000092c00000|  0%| F|  |TAMS 0x0000000092b00000, 0x0000000092b00000| Untracked 
| 300|0x0000000092c00000, 0x0000000092c00000, 0x0000000092d00000|  0%| F|  |TAMS 0x0000000092c00000, 0x0000000092c00000| Untracked 
| 301|0x0000000092d00000, 0x0000000092d00000, 0x0000000092e00000|  0%| F|  |TAMS 0x0000000092d00000, 0x0000000092d00000| Untracked 
| 302|0x0000000092e00000, 0x0000000092e00000, 0x0000000092f00000|  0%| F|  |TAMS 0x0000000092e00000, 0x0000000092e00000| Untracked 
| 303|0x0000000092f00000, 0x0000000092f00000, 0x0000000093000000|  0%| F|  |TAMS 0x0000000092f00000, 0x0000000092f00000| Untracked 
| 304|0x0000000093000000, 0x0000000093000000, 0x0000000093100000|  0%| F|  |TAMS 0x0000000093000000, 0x0000000093000000| Untracked 
| 305|0x0000000093100000, 0x000000009316e820, 0x0000000093200000| 43%| S|CS|TAMS 0x0000000093100000, 0x0000000093100000| Complete 
| 306|0x0000000093200000, 0x0000000093300000, 0x0000000093300000|100%| S|CS|TAMS 0x0000000093200000, 0x0000000093200000| Complete 
| 307|0x0000000093300000, 0x0000000093400000, 0x0000000093400000|100%| S|CS|TAMS 0x0000000093300000, 0x0000000093300000| Complete 
| 308|0x0000000093400000, 0x0000000093500000, 0x0000000093500000|100%| S|CS|TAMS 0x0000000093400000, 0x0000000093400000| Complete 
| 309|0x0000000093500000, 0x0000000093500000, 0x0000000093600000|  0%| F|  |TAMS 0x0000000093500000, 0x0000000093500000| Untracked 
| 310|0x0000000093600000, 0x0000000093600000, 0x0000000093700000|  0%| F|  |TAMS 0x0000000093600000, 0x0000000093600000| Untracked 
| 311|0x0000000093700000, 0x0000000093700000, 0x0000000093800000|  0%| F|  |TAMS 0x0000000093700000, 0x0000000093700000| Untracked 
| 312|0x0000000093800000, 0x0000000093800000, 0x0000000093900000|  0%| F|  |TAMS 0x0000000093800000, 0x0000000093800000| Untracked 
| 313|0x0000000093900000, 0x0000000093900000, 0x0000000093a00000|  0%| F|  |TAMS 0x0000000093900000, 0x0000000093900000| Untracked 
| 314|0x0000000093a00000, 0x0000000093a00000, 0x0000000093b00000|  0%| F|  |TAMS 0x0000000093a00000, 0x0000000093a00000| Untracked 
| 315|0x0000000093b00000, 0x0000000093b00000, 0x0000000093c00000|  0%| F|  |TAMS 0x0000000093b00000, 0x0000000093b00000| Untracked 
| 316|0x0000000093c00000, 0x0000000093c00000, 0x0000000093d00000|  0%| F|  |TAMS 0x0000000093c00000, 0x0000000093c00000| Untracked 
| 317|0x0000000093d00000, 0x0000000093d00000, 0x0000000093e00000|  0%| F|  |TAMS 0x0000000093d00000, 0x0000000093d00000| Untracked 
| 318|0x0000000093e00000, 0x0000000093e00000, 0x0000000093f00000|  0%| F|  |TAMS 0x0000000093e00000, 0x0000000093e00000| Untracked 
| 319|0x0000000093f00000, 0x0000000093f00000, 0x0000000094000000|  0%| F|  |TAMS 0x0000000093f00000, 0x0000000093f00000| Untracked 
| 320|0x0000000094000000, 0x0000000094000000, 0x0000000094100000|  0%| F|  |TAMS 0x0000000094000000, 0x0000000094000000| Untracked 
| 321|0x0000000094100000, 0x0000000094100000, 0x0000000094200000|  0%| F|  |TAMS 0x0000000094100000, 0x0000000094100000| Untracked 
| 322|0x0000000094200000, 0x0000000094200000, 0x0000000094300000|  0%| F|  |TAMS 0x0000000094200000, 0x0000000094200000| Untracked 
| 323|0x0000000094300000, 0x0000000094300000, 0x0000000094400000|  0%| F|  |TAMS 0x0000000094300000, 0x0000000094300000| Untracked 
| 324|0x0000000094400000, 0x0000000094400000, 0x0000000094500000|  0%| F|  |TAMS 0x0000000094400000, 0x0000000094400000| Untracked 
| 325|0x0000000094500000, 0x0000000094500000, 0x0000000094600000|  0%| F|  |TAMS 0x0000000094500000, 0x0000000094500000| Untracked 
| 326|0x0000000094600000, 0x0000000094600000, 0x0000000094700000|  0%| F|  |TAMS 0x0000000094600000, 0x0000000094600000| Untracked 
| 327|0x0000000094700000, 0x0000000094700000, 0x0000000094800000|  0%| F|  |TAMS 0x0000000094700000, 0x0000000094700000| Untracked 
| 328|0x0000000094800000, 0x0000000094800000, 0x0000000094900000|  0%| F|  |TAMS 0x0000000094800000, 0x0000000094800000| Untracked 
| 329|0x0000000094900000, 0x0000000094900000, 0x0000000094a00000|  0%| F|  |TAMS 0x0000000094900000, 0x0000000094900000| Untracked 
| 330|0x0000000094a00000, 0x0000000094a00000, 0x0000000094b00000|  0%| F|  |TAMS 0x0000000094a00000, 0x0000000094a00000| Untracked 
| 331|0x0000000094b00000, 0x0000000094b00000, 0x0000000094c00000|  0%| F|  |TAMS 0x0000000094b00000, 0x0000000094b00000| Untracked 
| 332|0x0000000094c00000, 0x0000000094c00000, 0x0000000094d00000|  0%| F|  |TAMS 0x0000000094c00000, 0x0000000094c00000| Untracked 
| 333|0x0000000094d00000, 0x0000000094d00000, 0x0000000094e00000|  0%| F|  |TAMS 0x0000000094d00000, 0x0000000094d00000| Untracked 
| 334|0x0000000094e00000, 0x0000000094e00000, 0x0000000094f00000|  0%| F|  |TAMS 0x0000000094e00000, 0x0000000094e00000| Untracked 
| 335|0x0000000094f00000, 0x0000000094f00000, 0x0000000095000000|  0%| F|  |TAMS 0x0000000094f00000, 0x0000000094f00000| Untracked 
| 336|0x0000000095000000, 0x0000000095000000, 0x0000000095100000|  0%| F|  |TAMS 0x0000000095000000, 0x0000000095000000| Untracked 
| 337|0x0000000095100000, 0x0000000095100000, 0x0000000095200000|  0%| F|  |TAMS 0x0000000095100000, 0x0000000095100000| Untracked 
| 338|0x0000000095200000, 0x0000000095200000, 0x0000000095300000|  0%| F|  |TAMS 0x0000000095200000, 0x0000000095200000| Untracked 
| 339|0x0000000095300000, 0x0000000095300000, 0x0000000095400000|  0%| F|  |TAMS 0x0000000095300000, 0x0000000095300000| Untracked 
| 340|0x0000000095400000, 0x0000000095400000, 0x0000000095500000|  0%| F|  |TAMS 0x0000000095400000, 0x0000000095400000| Untracked 
| 341|0x0000000095500000, 0x000000009557f068, 0x0000000095600000| 49%| E|  |TAMS 0x0000000095500000, 0x0000000095500000| Complete 
| 342|0x0000000095600000, 0x0000000095700000, 0x0000000095700000|100%| E|CS|TAMS 0x0000000095600000, 0x0000000095600000| Complete 
| 343|0x0000000095700000, 0x0000000095800000, 0x0000000095800000|100%| E|CS|TAMS 0x0000000095700000, 0x0000000095700000| Complete 
| 344|0x0000000095800000, 0x0000000095900000, 0x0000000095900000|100%| E|CS|TAMS 0x0000000095800000, 0x0000000095800000| Complete 
| 345|0x0000000095900000, 0x0000000095a00000, 0x0000000095a00000|100%| E|CS|TAMS 0x0000000095900000, 0x0000000095900000| Complete 
| 346|0x0000000095a00000, 0x0000000095b00000, 0x0000000095b00000|100%| E|CS|TAMS 0x0000000095a00000, 0x0000000095a00000| Complete 
| 347|0x0000000095b00000, 0x0000000095c00000, 0x0000000095c00000|100%| E|CS|TAMS 0x0000000095b00000, 0x0000000095b00000| Complete 
| 348|0x0000000095c00000, 0x0000000095d00000, 0x0000000095d00000|100%| E|CS|TAMS 0x0000000095c00000, 0x0000000095c00000| Complete 
| 349|0x0000000095d00000, 0x0000000095e00000, 0x0000000095e00000|100%| E|CS|TAMS 0x0000000095d00000, 0x0000000095d00000| Complete 
| 350|0x0000000095e00000, 0x0000000095f00000, 0x0000000095f00000|100%| E|CS|TAMS 0x0000000095e00000, 0x0000000095e00000| Complete 
| 351|0x0000000095f00000, 0x0000000096000000, 0x0000000096000000|100%| E|CS|TAMS 0x0000000095f00000, 0x0000000095f00000| Complete 
| 352|0x0000000096000000, 0x0000000096100000, 0x0000000096100000|100%| E|CS|TAMS 0x0000000096000000, 0x0000000096000000| Complete 
| 353|0x0000000096100000, 0x0000000096200000, 0x0000000096200000|100%| E|CS|TAMS 0x0000000096100000, 0x0000000096100000| Complete 
| 354|0x0000000096200000, 0x0000000096300000, 0x0000000096300000|100%| E|CS|TAMS 0x0000000096200000, 0x0000000096200000| Complete 
| 355|0x0000000096300000, 0x0000000096400000, 0x0000000096400000|100%| E|CS|TAMS 0x0000000096300000, 0x0000000096300000| Complete 
| 356|0x0000000096400000, 0x0000000096500000, 0x0000000096500000|100%| E|CS|TAMS 0x0000000096400000, 0x0000000096400000| Complete 
| 357|0x0000000096500000, 0x0000000096600000, 0x0000000096600000|100%| E|CS|TAMS 0x0000000096500000, 0x0000000096500000| Complete 
| 358|0x0000000096600000, 0x0000000096700000, 0x0000000096700000|100%| E|CS|TAMS 0x0000000096600000, 0x0000000096600000| Complete 
| 359|0x0000000096700000, 0x0000000096800000, 0x0000000096800000|100%| E|CS|TAMS 0x0000000096700000, 0x0000000096700000| Complete 
| 360|0x0000000096800000, 0x0000000096900000, 0x0000000096900000|100%| E|CS|TAMS 0x0000000096800000, 0x0000000096800000| Complete 
| 361|0x0000000096900000, 0x0000000096a00000, 0x0000000096a00000|100%| E|CS|TAMS 0x0000000096900000, 0x0000000096900000| Complete 
| 362|0x0000000096a00000, 0x0000000096b00000, 0x0000000096b00000|100%| E|CS|TAMS 0x0000000096a00000, 0x0000000096a00000| Complete 
| 363|0x0000000096b00000, 0x0000000096c00000, 0x0000000096c00000|100%| E|CS|TAMS 0x0000000096b00000, 0x0000000096b00000| Complete 
| 364|0x0000000096c00000, 0x0000000096d00000, 0x0000000096d00000|100%| E|CS|TAMS 0x0000000096c00000, 0x0000000096c00000| Complete 
| 365|0x0000000096d00000, 0x0000000096e00000, 0x0000000096e00000|100%| E|CS|TAMS 0x0000000096d00000, 0x0000000096d00000| Complete 
| 366|0x0000000096e00000, 0x0000000096f00000, 0x0000000096f00000|100%| E|CS|TAMS 0x0000000096e00000, 0x0000000096e00000| Complete 
| 367|0x0000000096f00000, 0x0000000097000000, 0x0000000097000000|100%| E|CS|TAMS 0x0000000096f00000, 0x0000000096f00000| Complete 
| 368|0x0000000097000000, 0x0000000097100000, 0x0000000097100000|100%| E|CS|TAMS 0x0000000097000000, 0x0000000097000000| Complete 
| 369|0x0000000097100000, 0x0000000097200000, 0x0000000097200000|100%| E|CS|TAMS 0x0000000097100000, 0x0000000097100000| Complete 
| 370|0x0000000097200000, 0x0000000097300000, 0x0000000097300000|100%| E|CS|TAMS 0x0000000097200000, 0x0000000097200000| Complete 
| 371|0x0000000097300000, 0x0000000097400000, 0x0000000097400000|100%| E|CS|TAMS 0x0000000097300000, 0x0000000097300000| Complete 

Card table byte_map: [0x0000018a79fb0000,0x0000018a7a3b0000] _byte_map_base: 0x0000018a79bb0000

Marking Bits (Prev, Next): (CMBitMap*) 0x0000018a6215a1e0, (CMBitMap*) 0x0000018a6215a1a8
 Prev Bits: [0x0000018a7c7b0000, 0x0000018a7e7b0000)
 Next Bits: [0x0000018a7a7b0000, 0x0000018a7c7b0000)

Polling page: 0x0000018a60090000

Metaspace:

Usage:
  Non-class:    114.24 MB capacity,   110.71 MB ( 97%) used,     3.11 MB (  3%) free+waste,   434.13 KB ( <1%) overhead. 
      Class:     17.61 MB capacity,    15.74 MB ( 89%) used,     1.68 MB ( 10%) free+waste,   190.63 KB (  1%) overhead. 
       Both:    131.85 MB capacity,   126.45 MB ( 96%) used,     4.79 MB (  4%) free+waste,   624.75 KB ( <1%) overhead. 

Virtual space:
  Non-class space:      116.00 MB reserved,     115.26 MB (>99%) committed 
      Class space:      504.00 MB reserved,      18.20 MB (  4%) committed 
             Both:      620.00 MB reserved,     133.46 MB ( 22%) committed 

Chunk freelists:
   Non-Class:  974.00 KB
       Class:  536.00 KB
        Both:  1.47 MB

MaxMetaspaceSize: 512.00 MB
CompressedClassSpaceSize: 504.00 MB
Initial GC threshold: 20.80 MB
Current GC threshold: 222.43 MB
CDS: off

CodeHeap 'non-profiled nmethods': size=120000Kb used=15208Kb max_used=15916Kb free=104791Kb
 bounds [0x0000018a72340000, 0x0000018a732e0000, 0x0000018a79870000]
CodeHeap 'profiled nmethods': size=120000Kb used=46227Kb max_used=46294Kb free=73772Kb
 bounds [0x0000018a6ae10000, 0x0000018a6db50000, 0x0000018a72340000]
CodeHeap 'non-nmethods': size=5760Kb used=2431Kb max_used=2514Kb free=3328Kb
 bounds [0x0000018a6a870000, 0x0000018a6aaf0000, 0x0000018a6ae10000]
 total_blobs=21602 nmethods=20655 adapters=858
 compilation: enabled
              stopped_count=0, restarted_count=0
 full_count=0

Compilation events (20 events):
Event: 5481.549 Thread 0x0000018a7f20c800 21985       3       java.lang.Class::getMethodsRecursive (99 bytes)
Event: 5481.551 Thread 0x0000018a7f20c800 nmethod 21985 0x0000018a6db40790 code [0x0000018a6db409c0, 0x0000018a6db40f48]
Event: 5481.551 Thread 0x0000018a7f20c800 21986       3       java.lang.Class::getInterfaces (49 bytes)
Event: 5481.677 Thread 0x0000018a7f20c800 nmethod 21986 0x0000018a6db41290 code [0x0000018a6db414a0, 0x0000018a6db41938]
Event: 5481.677 Thread 0x0000018a7f206000 nmethod 21978 0x0000018a732c5c10 code [0x0000018a732c6080, 0x0000018a732c9268]
Event: 5481.677 Thread 0x0000018a7f206000 21983       4       java.lang.reflect.Method::getGenericInfo (27 bytes)
Event: 5481.729 Thread 0x0000018a7f20c800 21987       3       org.codehaus.groovy.runtime.metaclass.MetaMethodIndex::addMethodToList (131 bytes)
Event: 5481.731 Thread 0x0000018a7f20c800 nmethod 21987 0x0000018a6db41a90 code [0x0000018a6db41d40, 0x0000018a6db42e48]
Event: 5481.742 Thread 0x0000018a7f20c800 21988       3       groovyjarjarasm.asm.MethodWriter::visitLabel (328 bytes)
Event: 5481.744 Thread 0x0000018a7f20c800 nmethod 21988 0x0000018a6db43290 code [0x0000018a6db43520, 0x0000018a6db44688]
Event: 5481.799 Thread 0x0000018a7f206000 nmethod 21983 0x0000018a732cb290 code [0x0000018a732cb680, 0x0000018a732ce2c0]
Event: 5481.800 Thread 0x0000018a7f206000 21976       4       java.lang.reflect.Method::getGenericExceptionTypes (5 bytes)
Event: 5481.807 Thread 0x0000018a7f206000 nmethod 21976 0x0000018a72393810 code [0x0000018a723939e0, 0x0000018a72393ea8]
Event: 5481.807 Thread 0x0000018a7f206000 21977       4       java.lang.reflect.Method::specificToGenericStringHeader (48 bytes)
Event: 5481.840 Thread 0x0000018a7f20c800 21989       3       org.codehaus.groovy.runtime.metaclass.MetaMethodIndex::isMatchingMethod (61 bytes)
Event: 5481.852 Thread 0x0000018a7f20c800 nmethod 21989 0x0000018a6db44a10 code [0x0000018a6db44c00, 0x0000018a6db45178]
Event: 5481.853 Thread 0x0000018a7f20c800 21990       3       org.codehaus.groovy.reflection.CachedMethod::compareToCachedMethod (160 bytes)
Event: 5481.857 Thread 0x0000018a7f20c800 nmethod 21990 0x0000018a6db45390 code [0x0000018a6db456e0, 0x0000018a6db469a8]
Event: 5481.962 Thread 0x0000018a7f206000 nmethod 21977 0x0000018a72695e10 code [0x0000018a726961a0, 0x0000018a72699a60]
Event: 5481.962 Thread 0x0000018a7f206000 21975       4       java.lang.reflect.Method::toGenericString (12 bytes)

GC Heap History (20 events):
Event: 1332.111 GC heap before
{Heap before GC invocations=92 (full 0):
 garbage-first heap   total 317440K, used 265009K [0x0000000080000000, 0x0000000100000000)
  region size 1024K, 38 young (38912K), 5 survivors (5120K)
 Metaspace       used 129647K, capacity 135627K, committed 135764K, reserved 634880K
  class space    used 16320K, capacity 18459K, committed 18508K, reserved 516096K
}
Event: 1332.119 GC heap after
{Heap after GC invocations=93 (full 0):
 garbage-first heap   total 317440K, used 236202K [0x0000000080000000, 0x0000000100000000)
  region size 1024K, 5 young (5120K), 5 survivors (5120K)
 Metaspace       used 129647K, capacity 135627K, committed 135764K, reserved 634880K
  class space    used 16320K, capacity 18459K, committed 18508K, reserved 516096K
}
Event: 1332.248 GC heap before
{Heap before GC invocations=93 (full 0):
 garbage-first heap   total 317440K, used 267946K [0x0000000080000000, 0x0000000100000000)
  region size 1024K, 36 young (36864K), 5 survivors (5120K)
 Metaspace       used 129749K, capacity 135730K, committed 136020K, reserved 634880K
  class space    used 16325K, capacity 18467K, committed 18508K, reserved 516096K
}
Event: 1332.259 GC heap after
{Heap after GC invocations=94 (full 0):
 garbage-first heap   total 317440K, used 238971K [0x0000000080000000, 0x0000000100000000)
  region size 1024K, 3 young (3072K), 3 survivors (3072K)
 Metaspace       used 129749K, capacity 135730K, committed 136020K, reserved 634880K
  class space    used 16325K, capacity 18467K, committed 18508K, reserved 516096K
}
Event: 1332.709 GC heap before
{Heap before GC invocations=95 (full 0):
 garbage-first heap   total 317440K, used 269691K [0x0000000080000000, 0x0000000100000000)
  region size 1024K, 34 young (34816K), 3 survivors (3072K)
 Metaspace       used 129832K, capacity 135819K, committed 136020K, reserved 634880K
  class space    used 16339K, capacity 18491K, committed 18508K, reserved 516096K
}
Event: 1332.716 GC heap after
{Heap after GC invocations=96 (full 0):
 garbage-first heap   total 317440K, used 239607K [0x0000000080000000, 0x0000000100000000)
  region size 1024K, 4 young (4096K), 4 survivors (4096K)
 Metaspace       used 129832K, capacity 135819K, committed 136020K, reserved 634880K
  class space    used 16339K, capacity 18491K, committed 18508K, reserved 516096K
}
Event: 1333.045 GC heap before
{Heap before GC invocations=96 (full 0):
 garbage-first heap   total 317440K, used 250871K [0x0000000080000000, 0x0000000100000000)
  region size 1024K, 15 young (15360K), 4 survivors (4096K)
 Metaspace       used 129832K, capacity 135819K, committed 136020K, reserved 634880K
  class space    used 16339K, capacity 18491K, committed 18508K, reserved 516096K
}
Event: 1333.053 GC heap after
{Heap after GC invocations=97 (full 0):
 garbage-first heap   total 317440K, used 235456K [0x0000000080000000, 0x0000000100000000)
  region size 1024K, 1 young (1024K), 1 survivors (1024K)
 Metaspace       used 129832K, capacity 135819K, committed 136020K, reserved 634880K
  class space    used 16339K, capacity 18491K, committed 18508K, reserved 516096K
}
Event: 1333.792 GC heap before
{Heap before GC invocations=97 (full 0):
 garbage-first heap   total 317440K, used 271296K [0x0000000080000000, 0x0000000100000000)
  region size 1024K, 36 young (36864K), 1 survivors (1024K)
 Metaspace       used 129832K, capacity 135819K, committed 136020K, reserved 634880K
  class space    used 16339K, capacity 18491K, committed 18508K, reserved 516096K
}
Event: 1333.796 GC heap after
{Heap after GC invocations=98 (full 0):
 garbage-first heap   total 317440K, used 235381K [0x0000000080000000, 0x0000000100000000)
  region size 1024K, 1 young (1024K), 1 survivors (1024K)
 Metaspace       used 129832K, capacity 135819K, committed 136020K, reserved 634880K
  class space    used 16339K, capacity 18491K, committed 18508K, reserved 516096K
}
Event: 1334.476 GC heap before
{Heap before GC invocations=99 (full 0):
 garbage-first heap   total 317440K, used 272245K [0x0000000080000000, 0x0000000100000000)
  region size 1024K, 37 young (37888K), 1 survivors (1024K)
 Metaspace       used 129971K, capacity 135995K, committed 136148K, reserved 634880K
  class space    used 16356K, capacity 18523K, committed 18636K, reserved 516096K
}
Event: 1334.481 GC heap after
{Heap after GC invocations=100 (full 0):
 garbage-first heap   total 317440K, used 237020K [0x0000000080000000, 0x0000000100000000)
  region size 1024K, 3 young (3072K), 3 survivors (3072K)
 Metaspace       used 129971K, capacity 135995K, committed 136148K, reserved 634880K
  class space    used 16356K, capacity 18523K, committed 18636K, reserved 516096K
}
Event: 1334.584 GC heap before
{Heap before GC invocations=100 (full 0):
 garbage-first heap   total 317440K, used 249308K [0x0000000080000000, 0x0000000100000000)
  region size 1024K, 15 young (15360K), 3 survivors (3072K)
 Metaspace       used 130026K, capacity 136027K, committed 136148K, reserved 634880K
  class space    used 16362K, capacity 18533K, committed 18636K, reserved 516096K
}
Event: 1334.594 GC heap after
{Heap after GC invocations=101 (full 0):
 garbage-first heap   total 317440K, used 235203K [0x0000000080000000, 0x0000000100000000)
  region size 1024K, 1 young (1024K), 1 survivors (1024K)
 Metaspace       used 130026K, capacity 136027K, committed 136148K, reserved 634880K
  class space    used 16362K, capacity 18533K, committed 18636K, reserved 516096K
}
Event: 1334.910 GC heap before
{Heap before GC invocations=101 (full 0):
 garbage-first heap   total 317440K, used 272067K [0x0000000080000000, 0x0000000100000000)
  region size 1024K, 37 young (37888K), 1 survivors (1024K)
 Metaspace       used 130220K, capacity 136327K, committed 136404K, reserved 634880K
  class space    used 16376K, capacity 18560K, committed 18636K, reserved 516096K
}
Event: 1334.919 GC heap after
{Heap after GC invocations=102 (full 0):
 garbage-first heap   total 380928K, used 236994K [0x0000000080000000, 0x0000000100000000)
  region size 1024K, 3 young (3072K), 3 survivors (3072K)
 Metaspace       used 130220K, capacity 136327K, committed 136404K, reserved 634880K
  class space    used 16376K, capacity 18560K, committed 18636K, reserved 516096K
}
Event: 2126.459 GC heap before
{Heap before GC invocations=103 (full 0):
 garbage-first heap   total 380928K, used 294338K [0x0000000080000000, 0x0000000100000000)
  region size 1024K, 59 young (60416K), 3 survivors (3072K)
 Metaspace       used 130308K, capacity 136410K, committed 136660K, reserved 634880K
  class space    used 16381K, capacity 18565K, committed 18636K, reserved 516096K
}
Event: 2126.482 GC heap after
{Heap after GC invocations=104 (full 0):
 garbage-first heap   total 380928K, used 237884K [0x0000000080000000, 0x0000000100000000)
  region size 1024K, 4 young (4096K), 4 survivors (4096K)
 Metaspace       used 130308K, capacity 136410K, committed 136660K, reserved 634880K
  class space    used 16381K, capacity 18565K, committed 18636K, reserved 516096K
}
Event: 4606.460 GC heap before
{Heap before GC invocations=104 (full 0):
 garbage-first heap   total 380928K, used 298300K [0x0000000080000000, 0x0000000100000000)
  region size 1024K, 63 young (64512K), 4 survivors (4096K)
 Metaspace       used 130326K, capacity 136474K, committed 136660K, reserved 634880K
  class space    used 16381K, capacity 18565K, committed 18636K, reserved 516096K
}
Event: 4606.479 GC heap after
{Heap after GC invocations=105 (full 0):
 garbage-first heap   total 380928K, used 237906K [0x0000000080000000, 0x0000000100000000)
  region size 1024K, 4 young (4096K), 4 survivors (4096K)
 Metaspace       used 130326K, capacity 136474K, committed 136660K, reserved 634880K
  class space    used 16381K, capacity 18565K, committed 18636K, reserved 516096K
}

Deoptimization events (20 events):
Event: 5481.492 Thread 0x0000018a0bd6a800 Uncommon trap: trap_request=0xffffff4d fr.pc=0x0000018a7236dd5c relative=0x000000000000093c
Event: 5481.492 Thread 0x0000018a0bd6a800 Uncommon trap: reason=unstable_if action=reinterpret pc=0x0000018a7236dd5c method=java.lang.ref.SoftReference.get()Ljava/lang/Object; @ 6 c2
Event: 5481.492 Thread 0x0000018a0bd6a800 DEOPT PACKING pc=0x0000018a7236dd5c sp=0x00000030259fa590
Event: 5481.493 Thread 0x0000018a0bd6a800 DEOPT UNPACKING pc=0x0000018a6a8785af sp=0x00000030259fa2d8 mode 2
Event: 5481.533 Thread 0x0000018a0bd6a800 Uncommon trap: trap_request=0xffffff4d fr.pc=0x0000018a7288a414 relative=0x0000000000003654
Event: 5481.533 Thread 0x0000018a0bd6a800 Uncommon trap: reason=unstable_if action=reinterpret pc=0x0000018a7288a414 method=java.lang.ref.SoftReference.get()Ljava/lang/Object; @ 6 c2
Event: 5481.533 Thread 0x0000018a0bd6a800 DEOPT PACKING pc=0x0000018a7288a414 sp=0x00000030259f9ac0
Event: 5481.534 Thread 0x0000018a0bd6a800 DEOPT UNPACKING pc=0x0000018a6a8785af sp=0x00000030259f9950 mode 2
Event: 5481.726 Thread 0x0000018a0bd6a800 Uncommon trap: trap_request=0xffffff4d fr.pc=0x0000018a7252485c relative=0x00000000000059bc
Event: 5481.728 Thread 0x0000018a0bd6a800 Uncommon trap: reason=unstable_if action=reinterpret pc=0x0000018a7252485c method=java.lang.ref.SoftReference.get()Ljava/lang/Object; @ 6 c2
Event: 5481.728 Thread 0x0000018a0bd6a800 DEOPT PACKING pc=0x0000018a7252485c sp=0x00000030259f8700
Event: 5481.728 Thread 0x0000018a0bd6a800 DEOPT UNPACKING pc=0x0000018a6a8785af sp=0x00000030259f8418 mode 2
Event: 5481.791 Thread 0x0000018a0bd6a800 Uncommon trap: trap_request=0xffffff4d fr.pc=0x0000018a72516814 relative=0x0000000000003174
Event: 5481.793 Thread 0x0000018a0bd6a800 Uncommon trap: reason=unstable_if action=reinterpret pc=0x0000018a72516814 method=java.lang.ref.SoftReference.get()Ljava/lang/Object; @ 6 c2
Event: 5481.793 Thread 0x0000018a0bd6a800 DEOPT PACKING pc=0x0000018a72516814 sp=0x00000030259f8320
Event: 5481.793 Thread 0x0000018a0bd6a800 DEOPT UNPACKING pc=0x0000018a6a8785af sp=0x00000030259f8090 mode 2
Event: 5481.812 Thread 0x0000018a0bd6a800 Uncommon trap: trap_request=0xffffff4d fr.pc=0x0000018a724f8710 relative=0x0000000000003230
Event: 5481.816 Thread 0x0000018a0bd6a800 Uncommon trap: reason=unstable_if action=reinterpret pc=0x0000018a724f8710 method=java.lang.ref.SoftReference.get()Ljava/lang/Object; @ 6 c2
Event: 5481.816 Thread 0x0000018a0bd6a800 DEOPT PACKING pc=0x0000018a724f8710 sp=0x00000030259f7f40
Event: 5481.816 Thread 0x0000018a0bd6a800 DEOPT UNPACKING pc=0x0000018a6a8785af sp=0x00000030259f7c78 mode 2

Classes redefined (0 events):
No events

Internal exceptions (20 events):
Event: 5286.299 Thread 0x0000018a047a0800 Exception <a 'java/net/ConnectException'{0x00000000963bb088}: Connection refused: connect> (0x00000000963bb088) thrown at [./src/hotspot/share/prims/jni.cpp, line 638]
Event: 5287.313 Thread 0x0000018a047a0800 Exception <a 'java/net/ConnectException'{0x00000000963be348}: Connection refused: connect> (0x00000000963be348) thrown at [./src/hotspot/share/prims/jni.cpp, line 638]
Event: 5287.313 Thread 0x0000018a047a0800 Exception <a 'java/net/ConnectException'{0x00000000963be8b0}: Connection refused: connect> (0x00000000963be8b0) thrown at [./src/hotspot/share/prims/jni.cpp, line 638]
Event: 5288.323 Thread 0x0000018a047a0800 Exception <a 'java/net/ConnectException'{0x00000000963c1b70}: Connection refused: connect> (0x00000000963c1b70) thrown at [./src/hotspot/share/prims/jni.cpp, line 638]
Event: 5288.323 Thread 0x0000018a047a0800 Exception <a 'java/net/ConnectException'{0x00000000963c20d8}: Connection refused: connect> (0x00000000963c20d8) thrown at [./src/hotspot/share/prims/jni.cpp, line 638]
Event: 5289.325 Thread 0x0000018a047a0800 Exception <a 'java/net/ConnectException'{0x00000000963c5610}: Connection refused: connect> (0x00000000963c5610) thrown at [./src/hotspot/share/prims/jni.cpp, line 638]
Event: 5289.325 Thread 0x0000018a047a0800 Exception <a 'java/net/ConnectException'{0x00000000963c5b78}: Connection refused: connect> (0x00000000963c5b78) thrown at [./src/hotspot/share/prims/jni.cpp, line 638]
Event: 5290.326 Thread 0x0000018a047a0800 Exception <a 'java/net/ConnectException'{0x00000000963c8e38}: Connection refused: connect> (0x00000000963c8e38) thrown at [./src/hotspot/share/prims/jni.cpp, line 638]
Event: 5290.326 Thread 0x0000018a047a0800 Exception <a 'java/net/ConnectException'{0x00000000963c93a0}: Connection refused: connect> (0x00000000963c93a0) thrown at [./src/hotspot/share/prims/jni.cpp, line 638]
Event: 5291.340 Thread 0x0000018a047a0800 Exception <a 'java/net/ConnectException'{0x00000000963cc8a8}: Connection refused: connect> (0x00000000963cc8a8) thrown at [./src/hotspot/share/prims/jni.cpp, line 638]
Event: 5291.341 Thread 0x0000018a047a0800 Exception <a 'java/net/ConnectException'{0x00000000963cce10}: Connection refused: connect> (0x00000000963cce10) thrown at [./src/hotspot/share/prims/jni.cpp, line 638]
Event: 5294.515 Thread 0x0000018a047a0800 Implicit null exception at 0x0000018a72840df6 to 0x0000018a72841700
Event: 5479.875 Thread 0x0000018a0bd6a800 Implicit null exception at 0x0000018a72cf20cf to 0x0000018a72cf2ec4
Event: 5480.217 Thread 0x0000018a0bd6a800 Implicit null exception at 0x0000018a72cd86bb to 0x0000018a72cdb48c
Event: 5480.940 Thread 0x0000018a0bd6a800 Implicit null exception at 0x0000018a7297d833 to 0x0000018a729827c8
Event: 5481.056 Thread 0x0000018a0bd6a800 Implicit null exception at 0x0000018a7257814e to 0x0000018a725786f4
Event: 5481.374 Thread 0x0000018a0bd6a800 Implicit null exception at 0x0000018a728b97d5 to 0x0000018a728b9b48
Event: 5481.382 Thread 0x0000018a0bd6a800 Implicit null exception at 0x0000018a7268c71b to 0x0000018a7268c7e4
Event: 5481.383 Thread 0x0000018a0bd6a800 Implicit null exception at 0x0000018a72948cfc to 0x0000018a7294953c
Event: 5481.533 Thread 0x0000018a0bd6a800 Implicit null exception at 0x0000018a72886e52 to 0x0000018a7288a3e0

Events (20 events):
Event: 5481.926 Thread 0x0000018a7f211000 flushing nmethod 0x0000018a726cc790
Event: 5481.926 Thread 0x0000018a7f211000 flushing nmethod 0x0000018a726cdf10
Event: 5481.926 Thread 0x0000018a7f211000 flushing nmethod 0x0000018a726d0210
Event: 5481.926 Thread 0x0000018a7f211000 flushing nmethod 0x0000018a726e5b90
Event: 5481.931 Thread 0x0000018a7f211000 flushing nmethod 0x0000018a726fc710
Event: 5481.935 Thread 0x0000018a7f211000 flushing nmethod 0x0000018a72715990
Event: 5481.936 Thread 0x0000018a7f211000 flushing nmethod 0x0000018a72719710
Event: 5481.941 Thread 0x0000018a7f211000 flushing nmethod 0x0000018a7273d910
Event: 5481.943 Thread 0x0000018a7f211000 flushing nmethod 0x0000018a72740410
Event: 5481.943 Thread 0x0000018a7f211000 flushing nmethod 0x0000018a72742810
Event: 5481.944 Thread 0x0000018a7f211000 flushing nmethod 0x0000018a72744d90
Event: 5481.945 Thread 0x0000018a7f211000 flushing nmethod 0x0000018a7274ab10
Event: 5481.950 Thread 0x0000018a7f211000 flushing nmethod 0x0000018a7275b710
Event: 5481.950 Thread 0x0000018a7f211000 flushing nmethod 0x0000018a7275c490
Event: 5481.965 Thread 0x0000018a7f211000 flushing nmethod 0x0000018a72770690
Event: 5481.972 Thread 0x0000018a7f211000 flushing nmethod 0x0000018a7279ba90
Event: 5481.976 Thread 0x0000018a7f211000 flushing nmethod 0x0000018a727b2f10
Event: 5481.976 Thread 0x0000018a7f211000 flushing nmethod 0x0000018a727b3510
Event: 5482.010 Thread 0x0000018a7f211000 flushing nmethod 0x0000018a72904e90
Event: 5482.010 Thread 0x0000018a7f211000 flushing nmethod 0x0000018a7290a010


Dynamic libraries:
0x00007ff711c20000 - 0x00007ff711c2d000 	C:\Program Files\OpenJDK\openjdk-11.0.16_8\bin\java.exe
0x00007ffe66a40000 - 0x00007ffe66c49000 	C:\WINDOWS\SYSTEM32\ntdll.dll
0x00007ffe665e0000 - 0x00007ffe6669e000 	C:\WINDOWS\System32\KERNEL32.DLL
0x00007ffe640a0000 - 0x00007ffe6441b000 	C:\WINDOWS\System32\KERNELBASE.dll
0x00007ffe63f80000 - 0x00007ffe64091000 	C:\WINDOWS\System32\ucrtbase.dll
0x00007ffe4e720000 - 0x00007ffe4e735000 	C:\Program Files\OpenJDK\openjdk-11.0.16_8\bin\VCRUNTIME140.dll
0x00007ffe4d7a0000 - 0x00007ffe4d7b7000 	C:\Program Files\OpenJDK\openjdk-11.0.16_8\bin\jli.dll
0x00007ffe66390000 - 0x00007ffe6653d000 	C:\WINDOWS\System32\USER32.dll
0x00007ffe64890000 - 0x00007ffe648b6000 	C:\WINDOWS\System32\win32u.dll
0x00007ffe630e0000 - 0x00007ffe63385000 	C:\WINDOWS\WinSxS\amd64_microsoft.windows.common-controls_6595b64144ccf1df_6.0.22000.120_none_9d947278b86cc467\COMCTL32.dll
0x00007ffe66540000 - 0x00007ffe66569000 	C:\WINDOWS\System32\GDI32.dll
0x00007ffe644a0000 - 0x00007ffe645b8000 	C:\WINDOWS\System32\gdi32full.dll
0x00007ffe64730000 - 0x00007ffe647cd000 	C:\WINDOWS\System32\msvcp_win.dll
0x00007ffe661d0000 - 0x00007ffe66273000 	C:\WINDOWS\System32\msvcrt.dll
0x00007ffe648c0000 - 0x00007ffe648f2000 	C:\WINDOWS\System32\IMM32.DLL
0x00007ffde8b50000 - 0x00007ffde8beb000 	C:\Program Files\OpenJDK\openjdk-11.0.16_8\bin\msvcp140.dll
0x00007ffde8040000 - 0x00007ffde8b4e000 	C:\Program Files\OpenJDK\openjdk-11.0.16_8\bin\server\jvm.dll
0x00007ffe65e10000 - 0x00007ffe65ebe000 	C:\WINDOWS\System32\ADVAPI32.dll
0x00007ffe667c0000 - 0x00007ffe6685e000 	C:\WINDOWS\System32\sechost.dll
0x00007ffe64a50000 - 0x00007ffe64b70000 	C:\WINDOWS\System32\RPCRT4.dll
0x00007ffe66000000 - 0x00007ffe66008000 	C:\WINDOWS\System32\PSAPI.DLL
0x00007ffe54220000 - 0x00007ffe54229000 	C:\WINDOWS\SYSTEM32\WSOCK32.dll
0x00007ffe66570000 - 0x00007ffe665df000 	C:\WINDOWS\System32\WS2_32.dll
0x00007ffe5b5c0000 - 0x00007ffe5b5f3000 	C:\WINDOWS\SYSTEM32\WINMM.dll
0x00007ffe5b590000 - 0x00007ffe5b59a000 	C:\WINDOWS\SYSTEM32\VERSION.dll
0x00007ffe62990000 - 0x00007ffe629a8000 	C:\WINDOWS\SYSTEM32\kernel.appcore.dll
0x00007ffe535b0000 - 0x00007ffe535c0000 	C:\Program Files\OpenJDK\openjdk-11.0.16_8\bin\verify.dll
0x00007ffe638b0000 - 0x00007ffe63ad1000 	C:\WINDOWS\SYSTEM32\DBGHELP.DLL
0x00007ffe63560000 - 0x00007ffe63591000 	C:\WINDOWS\SYSTEM32\dbgcore.DLL
0x00007ffe64420000 - 0x00007ffe6449f000 	C:\WINDOWS\System32\bcryptPrimitives.dll
0x00007ffe4b2d0000 - 0x00007ffe4b2f8000 	C:\Program Files\OpenJDK\openjdk-11.0.16_8\bin\java.dll
0x00007ffe530c0000 - 0x00007ffe530ca000 	C:\Program Files\OpenJDK\openjdk-11.0.16_8\bin\jimage.dll
0x00007ffe4ab50000 - 0x00007ffe4ab68000 	C:\Program Files\OpenJDK\openjdk-11.0.16_8\bin\zip.dll
0x00007ffe653c0000 - 0x00007ffe65b78000 	C:\WINDOWS\System32\SHELL32.dll
0x00007ffe61990000 - 0x00007ffe621f5000 	C:\WINDOWS\SYSTEM32\windows.storage.dll
0x00007ffe64fe0000 - 0x00007ffe65358000 	C:\WINDOWS\System32\combase.dll
0x00007ffe61820000 - 0x00007ffe61986000 	C:\WINDOWS\SYSTEM32\wintypes.dll
0x00007ffe65cc0000 - 0x00007ffe65daa000 	C:\WINDOWS\System32\SHCORE.dll
0x00007ffe65db0000 - 0x00007ffe65e0d000 	C:\WINDOWS\System32\shlwapi.dll
0x00007ffe63e40000 - 0x00007ffe63e61000 	C:\WINDOWS\SYSTEM32\profapi.dll
0x00007ffe4ab30000 - 0x00007ffe4ab49000 	C:\Program Files\OpenJDK\openjdk-11.0.16_8\bin\net.dll
0x00007ffe5d090000 - 0x00007ffe5d1a4000 	C:\WINDOWS\SYSTEM32\WINHTTP.dll
0x00007ffe62e40000 - 0x00007ffe62ea7000 	C:\WINDOWS\system32\mswsock.dll
0x00007ffe4a670000 - 0x00007ffe4a683000 	C:\Program Files\OpenJDK\openjdk-11.0.16_8\bin\nio.dll
0x00007ffe5ce90000 - 0x00007ffe5ceb7000 	C:\Users\ASUS\.gradle\native\e1d6ef7f7dcc3fd88c89a11ec53ec762bb8ba0a96d01ffa2cd45eb1d1d8dd5c5\windows-amd64\native-platform.dll
0x00007ffde4b50000 - 0x00007ffde4c94000 	C:\Users\ASUS\.gradle\native\0d407fdbe67a94daf76414ababcb853783967236a71b16ec16e742cd7a986fd3\windows-amd64\native-platform-file-events.dll
0x00007ffe52e50000 - 0x00007ffe52e59000 	C:\Program Files\OpenJDK\openjdk-11.0.16_8\bin\management.dll
0x00007ffe52a00000 - 0x00007ffe52a0b000 	C:\Program Files\OpenJDK\openjdk-11.0.16_8\bin\management_ext.dll
0x00007ffe63bc0000 - 0x00007ffe63bd8000 	C:\WINDOWS\SYSTEM32\CRYPTSP.dll
0x00007ffe628f0000 - 0x00007ffe62925000 	C:\WINDOWS\system32\rsaenh.dll
0x00007ffe62ee0000 - 0x00007ffe62f09000 	C:\WINDOWS\SYSTEM32\USERENV.dll
0x00007ffe637f0000 - 0x00007ffe63817000 	C:\WINDOWS\SYSTEM32\bcrypt.dll
0x00007ffe63030000 - 0x00007ffe6303c000 	C:\WINDOWS\SYSTEM32\CRYPTBASE.dll
0x00007ffe624c0000 - 0x00007ffe624ed000 	C:\WINDOWS\SYSTEM32\IPHLPAPI.DLL
0x00007ffe65bc0000 - 0x00007ffe65bc9000 	C:\WINDOWS\System32\NSI.dll
0x00007ffe5b5a0000 - 0x00007ffe5b5b9000 	C:\WINDOWS\SYSTEM32\dhcpcsvc6.DLL
0x00007ffe5b940000 - 0x00007ffe5b95e000 	C:\WINDOWS\SYSTEM32\dhcpcsvc.DLL
0x00007ffe624f0000 - 0x00007ffe625d8000 	C:\WINDOWS\SYSTEM32\DNSAPI.dll
0x00007ffe59630000 - 0x00007ffe5963a000 	C:\Windows\System32\rasadhlp.dll
0x00007ffe58dd0000 - 0x00007ffe58e51000 	C:\WINDOWS\System32\fwpuclnt.dll

dbghelp: loaded successfully - version: 4.0.5 - missing functions: none
symbol engine: initialized successfully - sym options: 0x614 - pdb path: .;C:\Program Files\OpenJDK\openjdk-11.0.16_8\bin;C:\WINDOWS\SYSTEM32;C:\WINDOWS\WinSxS\amd64_microsoft.windows.common-controls_6595b64144ccf1df_6.0.22000.120_none_9d947278b86cc467;C:\Program Files\OpenJDK\openjdk-11.0.16_8\bin\server;C:\Users\ASUS\.gradle\native\e1d6ef7f7dcc3fd88c89a11ec53ec762bb8ba0a96d01ffa2cd45eb1d1d8dd5c5\windows-amd64;C:\Users\ASUS\.gradle\native\0d407fdbe67a94daf76414ababcb853783967236a71b16ec16e742cd7a986fd3\windows-amd64

VM Arguments:
jvm_args: -XX:MaxMetaspaceSize=512m --add-opens=java.base/java.util=ALL-UNNAMED --add-opens=java.base/java.lang=ALL-UNNAMED --add-opens=java.base/java.lang.invoke=ALL-UNNAMED --add-opens=java.base/java.util=ALL-UNNAMED --add-opens=java.prefs/java.util.prefs=ALL-UNNAMED --add-opens=java.prefs/java.util.prefs=ALL-UNNAMED --add-opens=java.base/java.nio.charset=ALL-UNNAMED --add-opens=java.base/java.net=ALL-UNNAMED --add-opens=java.base/java.util.concurrent.atomic=ALL-UNNAMED -Xmx2048m -Dfile.encoding=windows-1252 -Duser.country=US -Duser.language=en -Duser.variant 
java_command: org.gradle.launcher.daemon.bootstrap.GradleDaemon 7.5.1
java_class_path (initial): C:\Users\ASUS\.gradle\wrapper\dists\gradle-7.5.1-all\1ehga6e77gqps5uk2kc5kf1vc\gradle-7.5.1\lib\gradle-launcher-7.5.1.jar
Launcher Type: SUN_STANDARD

[Global flags]
     intx CICompilerCount                          = 4                                         {product} {ergonomic}
   size_t CompressedClassSpaceSize                 = 528482304                                 {product} {ergonomic}
     uint ConcGCThreads                            = 2                                         {product} {ergonomic}
     uint G1ConcRefinementThreads                  = 8                                         {product} {ergonomic}
   size_t G1HeapRegionSize                         = 1048576                                   {product} {ergonomic}
    uintx GCDrainStackTargetSize                   = 64                                        {product} {ergonomic}
   size_t InitialHeapSize                          = 130023424                                 {product} {ergonomic}
   size_t MarkStackSize                            = 4194304                                   {product} {ergonomic}
   size_t MaxHeapSize                              = 2147483648                                {product} {command line}
   size_t MaxMetaspaceSize                         = 536870912                                 {product} {command line}
   size_t MaxNewSize                               = 1287651328                                {product} {ergonomic}
   size_t MinHeapDeltaBytes                        = 1048576                                   {product} {ergonomic}
    uintx NonNMethodCodeHeapSize                   = 5836300                                {pd product} {ergonomic}
    uintx NonProfiledCodeHeapSize                  = 122910970                              {pd product} {ergonomic}
    uintx ProfiledCodeHeapSize                     = 122910970                              {pd product} {ergonomic}
    uintx ReservedCodeCacheSize                    = 251658240                              {pd product} {ergonomic}
     bool SegmentedCodeCache                       = true                                      {product} {ergonomic}
     bool UseCompressedClassPointers               = true                                 {lp64_product} {ergonomic}
     bool UseCompressedOops                        = true                                 {lp64_product} {ergonomic}
     bool UseG1GC                                  = true                                      {product} {ergonomic}
     bool UseLargePagesIndividualAllocation        = false                                  {pd product} {ergonomic}

Logging:
Log output configuration:
 #0: stdout all=warning uptime,level,tags
 #1: stderr all=off uptime,level,tags

Environment Variables:
JAVA_HOME=C:\Program Files\OpenJDK\openjdk-11.0.16_8
CLASSPATH=C:\Users\ASUS\Documents\React-Native\PBL_6_Mobile\android\\gradle\wrapper\gradle-wrapper.jar
PATH=C:\Users\ASUS\Documents\React-Native\PBL_6_Mobile\android\node_modules\.bin;C:\Users\ASUS\Documents\React-Native\PBL_6_Mobile\node_modules\.bin;C:\Users\ASUS\Documents\React-Native\node_modules\.bin;C:\Users\ASUS\Documents\node_modules\.bin;C:\Users\ASUS\node_modules\.bin;C:\Users\node_modules\.bin;C:\node_modules\.bin;C:\Program Files\nodejs;C:\Users\ASUS\Documents\React-Native\PBL_6_Mobile\node_modules\.bin;C:\Users\ASUS\Documents\React-Native\node_modules\.bin;C:\Users\ASUS\Documents\node_modules\.bin;C:\Users\ASUS\node_modules\.bin;C:\Users\node_modules\.bin;C:\node_modules\.bin;C:\Program Files\nodejs\node_modules\npm\node_modules\@npmcli\run-script\lib\node-gyp-bin;C:\Program Files (x86)\Common Files\Oracle\Java\javapath;C:\Program Files\Common Files\Oracle\Java\javapath;C:\Windows\system32;C:\Windows;C:\Windows\System32\Wbem;C:\Windows\System32\WindowsPowerShell\v1.0\;C:\Windows\System32\OpenSSH\;C:\Program Files (x86)\NVIDIA Corporation\PhysX\Common;C:\Program Files\dotnet\;C:\Program Files\Microsoft SQL Server\130\Tools\Binn\;C:\Program Files\Microsoft SQL Server\Client SDK\ODBC\170\Tools\Binn\;C:\Program Files (x86)\Microsoft SQL Server\150\Tools\Binn\;C:\Program Files\Microsoft SQL Server\150\Tools\Binn\;C:\Program Files\Microsoft SQL Server\150\DTS\Binn\;C:\Program Files (x86)\Microsoft SQL Server\150\DTS\Binn\;C:\Program Files (x86)\dotnet\;D:\Temp\bin;C:\Program Files\OpenJDK\openjdk-11.0.16_8\bin;C:\hadoop\hadoop-2.6.0;C:\hadoop\hadoop-2.6.0\bin;C:\hadoop\hadoop-2.6.0\sbin;C:\WINDOWS\system32;C:\WINDOWS;C:\WINDOWS\System32\Wbem;C:\WINDOWS\System32\WindowsPowerShell\v1.0\;C:\WINDOWS\System32\OpenSSH\;C:\Program Files\Git\cmd;C:\ProgramData\chocolatey\bin;C:\Program Files\nodejs\;C:\xampp\php;C:\composer;C:\Program Files (x86)\STMicroelectronics\STM32 ST-LINK Utility\ST-LINK Utility;C:\Users\ASUS\AppData\Local\Programs\Python\Python310\Scripts\;C:\Users\ASUS\AppData\Local\Programs\Python\Python310\;C:\Program Files\MySQL\MySQL Shell 8.0\bin\;C:\Users\
USERNAME=ASUS
LANG=en_US.UTF-8
OS=Windows_NT
PROCESSOR_IDENTIFIER=Intel64 Family 6 Model 140 Stepping 1, GenuineIntel
TMP=C:\Users\ASUS\AppData\Local\Temp
TEMP=C:\Users\ASUS\AppData\Local\Temp



---------------  S Y S T E M  ---------------

OS: Windows 11 , 64 bit Build 22000 (10.0.22000.1219)
OS uptime: 0 days 7:04 hours

CPU:total 8 (initial active 8) (4 cores per cpu, 2 threads per core) family 6 model 140 stepping 1 microcode 0x86, cmov, cx8, fxsr, mmx, sse, sse2, sse3, ssse3, sse4.1, sse4.2, popcnt, avx, avx2, aes, clmul, erms, 3dnowpref, lzcnt, ht, tsc, tscinvbit, bmi1, bmi2, adx, evex, sha, fma

Memory: 4k page, system-wide physical 7873M (267M free)
TotalPageFile size 13519M (AvailPageFile size 7M)
current process WorkingSet (physical memory assigned to process): 171M, peak: 721M
current process commit charge ("private bytes"): 808M, peak: 825M

vm_info: OpenJDK 64-Bit Server VM (11.0.16+8) for windows-amd64 JRE (11.0.16+8), built on Jul 17 2022 01:33:05 by "tester" with MS VC++ 15.9 (VS2017)

END.
