#
# There is insufficient memory for the Java Runtime Environment to continue.
# Native memory allocation (mmap) failed to map 66060288 bytes for Failed to commit area from 0x000000008d900000 to 0x0000000091800000 of length 66060288.
# Possible reasons:
#   The system is out of physical RAM or swap space
#   The process is running with CompressedOops enabled, and the Java Heap may be blocking the growth of the native heap
# Possible solutions:
#   Reduce memory load on the system
#   Increase physical memory or swap space
#   Check if swap backing store is full
#   Decrease Java heap size (-Xmx/-Xms)
#   Decrease number of Java threads
#   Decrease Java thread stack sizes (-Xss)
#   Set larger code cache with -XX:ReservedCodeCacheSize=
#   JVM is running with Unscaled Compressed Oops mode in which the Java heap is
#     placed in the first 4GB address space. The Java Heap base address is the
#     maximum limit for the native heap growth. Please use -XX:HeapBaseMinAddress
#     to set the Java Heap base and to place the Java Heap above 4GB virtual address.
# This output file may be truncated or incomplete.
#
#  Out of Memory Error (./src/hotspot/os/windows/os_windows.cpp:3386), pid=19236, tid=19272
#
# JRE version: OpenJDK Runtime Environment 18.9 (11.0.16+8) (build 11.0.16+8)
# Java VM: OpenJDK 64-Bit Server VM 18.9 (11.0.16+8, mixed mode, tiered, compressed oops, g1 gc, windows-amd64)
# No core dump will be written. Minidumps are not enabled by default on client versions of Windows
#

---------------  S U M M A R Y ------------

Command Line: -XX:MaxMetaspaceSize=512m --add-opens=java.base/java.util=ALL-UNNAMED --add-opens=java.base/java.lang=ALL-UNNAMED --add-opens=java.base/java.lang.invoke=ALL-UNNAMED --add-opens=java.base/java.util=ALL-UNNAMED --add-opens=java.prefs/java.util.prefs=ALL-UNNAMED --add-opens=java.prefs/java.util.prefs=ALL-UNNAMED --add-opens=java.base/java.nio.charset=ALL-UNNAMED --add-opens=java.base/java.net=ALL-UNNAMED --add-opens=java.base/java.util.concurrent.atomic=ALL-UNNAMED -Xmx2048m -Dfile.encoding=windows-1252 -Duser.country=US -Duser.language=en -Duser.variant org.gradle.launcher.daemon.bootstrap.GradleDaemon 7.5.1

Host: 11th Gen Intel(R) Core(TM) i5-1135G7 @ 2.40GHz, 8 cores, 7G,  Windows 11 , 64 bit Build 22000 (10.0.22000.1219)
Time: Fri Dec  2 20:21:08 2022 SE Asia Standard Time elapsed time: 33.061577 seconds (0d 0h 0m 33s)

---------------  T H R E A D  ---------------

Current thread (0x000001687fe3e800):  VMThread "VM Thread" [stack: 0x00000014d4000000,0x00000014d4100000] [id=19272]

Stack: [0x00000014d4000000,0x00000014d4100000]
[error occurred during error reporting (printing stack bounds), id 0xc0000005, EXCEPTION_ACCESS_VIOLATION (0xc0000005) at pc=0x000001686cd012e7]

Native frames: (J=compiled Java code, j=interpreted, Vv=VM code, C=native code)
V  [jvm.dll+0x61a63a]
V  [jvm.dll+0x757439]
V  [jvm.dll+0x758b28]
V  [jvm.dll+0x759165]
V  [jvm.dll+0x75911b]
V  [jvm.dll+0x6199c7]
V  [jvm.dll+0x61a0d8]
C  [ntdll.dll+0xa8b1f]
C  [ntdll.dll+0x35b9a]
C  [ntdll.dll+0xa7b2e]
C  0x000001686cd012e7

VM_Operation (0x00000014d52f5c90): G1CollectForAllocation, mode: safepoint, requested by thread 0x00000168066e7800


---------------  P R O C E S S  ---------------

Threads class SMR info:
_java_thread_list=0x000001680daadb30, length=135, elements={
0x0000016862d95000, 0x000001687fe53000, 0x000001687fe4a000, 0x000001687fe6a800,
0x000001687fe6b800, 0x000001687fe6c800, 0x0000016804844000, 0x0000016804852800,
0x000001680485e000, 0x00000168049bb000, 0x0000016806375800, 0x0000016806c54000,
0x0000016805b01000, 0x00000168066c0000, 0x00000168066e5000, 0x00000168066e7000,
0x00000168066e7800, 0x0000016806aa3000, 0x0000016806307800, 0x0000016806308800,
0x0000016806a98800, 0x0000016806a9f000, 0x0000016806a9d000, 0x0000016806a9b800,
0x0000016806a9a800, 0x0000016806a9e000, 0x0000016806a99000, 0x0000016806a9a000,
0x0000016806a9c800, 0x0000016804c89800, 0x0000016804c87000, 0x0000016804c84000,
0x0000016804c85000, 0x0000016804c89000, 0x0000016804c88000, 0x0000016804c8a800,
0x0000016804c85800, 0x0000016805a62800, 0x0000016805a66000, 0x0000016805a67000,
0x0000016805a68800, 0x0000016805a67800, 0x0000016805a69800, 0x0000016805a63800,
0x0000016805a6a000, 0x0000016805a64800, 0x0000016805a6b000, 0x0000016805a65000,
0x0000016805a6e000, 0x0000016805a71800, 0x0000016805a6f000, 0x0000016805a70000,
0x0000016805a6d800, 0x0000016805a70800, 0x0000016805a6b800, 0x0000016805a6c800,
0x000001680749a800, 0x0000016807496800, 0x0000016807495800, 0x0000016807495000,
0x0000016807497000, 0x000001680749d800, 0x000001680749d000, 0x0000016807498000,
0x0000016807499800, 0x000001680749b800, 0x0000016807499000, 0x000001680749f800,
0x000001680749c000, 0x00000168074a0000, 0x00000168074a3800, 0x00000168074a1000,
0x00000168074a2000, 0x000001680749e800, 0x00000168074a2800, 0x000001680b12e000,
0x000001680b131800, 0x000001680b12f800, 0x000001680b12f000, 0x000001680b130800,
0x000001680b132000, 0x000001680b133000, 0x000001680b12d800, 0x000001680b139800,
0x000001680b138000, 0x000001680b134000, 0x000001680b138800, 0x000001680b136800,
0x000001680b13a800, 0x000001680b134800, 0x000001680b135800, 0x000001680b137000,
0x000001680b13b000, 0x000001680b13c000, 0x000001680c15d000, 0x000001680c15f800,
0x000001680c15e000, 0x000001680c15f000, 0x000001680c15c800, 0x000001680c15a000,
0x000001680c160800, 0x000001680c15a800, 0x000001680c161000, 0x000001680c15b800,
0x000001680c167800, 0x000001680c163800, 0x000001680c164800, 0x000001680c162000,
0x000001680c167000, 0x000001680c168800, 0x000001680c165800, 0x000001680c166000,
0x000001680c163000, 0x000001680af21800, 0x000001680af24800, 0x000001680af25800,
0x000001680af26000, 0x000001680af28000, 0x000001680af23800, 0x000001680af22000,
0x000001680af27000, 0x000001680af28800, 0x000001680af23000, 0x000001680af2f000,
0x000001680af2b000, 0x000001680af29800, 0x000001680af30000, 0x000001680af2d800,
0x000001680af2a000, 0x000001680af2e800, 0x000001680af2c800, 0x000001680af2c000,
0x000001680bdbb800, 0x000001680bdbe000, 0x000001680bdba000
}

Java Threads: ( => current thread )
  0x0000016862d95000 JavaThread "main" [_thread_blocked, id=21356, stack(0x00000014d3a00000,0x00000014d3b00000)]
  0x000001687fe53000 JavaThread "Reference Handler" daemon [_thread_blocked, id=21292, stack(0x00000014d4100000,0x00000014d4200000)]
  0x000001687fe4a000 JavaThread "Finalizer" daemon [_thread_blocked, id=20212, stack(0x00000014d4200000,0x00000014d4300000)]
  0x000001687fe6a800 JavaThread "Signal Dispatcher" daemon [_thread_blocked, id=19124, stack(0x00000014d4300000,0x00000014d4400000)]
  0x000001687fe6b800 JavaThread "Attach Listener" daemon [_thread_blocked, id=10988, stack(0x00000014d4400000,0x00000014d4500000)]
  0x000001687fe6c800 JavaThread "Service Thread" daemon [_thread_blocked, id=18364, stack(0x00000014d4500000,0x00000014d4600000)]
  0x0000016804844000 JavaThread "C2 CompilerThread0" daemon [_thread_blocked, id=9692, stack(0x00000014d4600000,0x00000014d4700000)]
  0x0000016804852800 JavaThread "C1 CompilerThread0" daemon [_thread_blocked, id=19452, stack(0x00000014d4700000,0x00000014d4800000)]
  0x000001680485e000 JavaThread "Sweeper thread" daemon [_thread_blocked, id=1268, stack(0x00000014d4800000,0x00000014d4900000)]
  0x00000168049bb000 JavaThread "Common-Cleaner" daemon [_thread_blocked, id=15320, stack(0x00000014d4900000,0x00000014d4a00000)]
  0x0000016806375800 JavaThread "Daemon health stats" [_thread_blocked, id=14476, stack(0x00000014d4c00000,0x00000014d4d00000)]
  0x0000016806c54000 JavaThread "Incoming local TCP Connector on port 56762" [_thread_in_native, id=12724, stack(0x00000014d4d00000,0x00000014d4e00000)]
  0x0000016805b01000 JavaThread "Daemon periodic checks" [_thread_blocked, id=13364, stack(0x00000014d4e00000,0x00000014d4f00000)]
  0x00000168066c0000 JavaThread "Daemon" [_thread_blocked, id=15964, stack(0x00000014d4f00000,0x00000014d5000000)]
  0x00000168066e5000 JavaThread "Handler for socket connection from /127.0.0.1:56762 to /127.0.0.1:56763" [_thread_in_native, id=5284, stack(0x00000014d5000000,0x00000014d5100000)]
  0x00000168066e7000 JavaThread "Cancel handler" [_thread_blocked, id=18228, stack(0x00000014d5100000,0x00000014d5200000)]
  0x00000168066e7800 JavaThread "Daemon worker" [_thread_blocked, id=7180, stack(0x00000014d5200000,0x00000014d5300000)]
  0x0000016806aa3000 JavaThread "Asynchronous log dispatcher for DefaultDaemonConnection: socket connection from /127.0.0.1:56762 to /127.0.0.1:56763" [_thread_blocked, id=20260, stack(0x00000014d5300000,0x00000014d5400000)]
  0x0000016806307800 JavaThread "Stdin handler" [_thread_blocked, id=6108, stack(0x00000014d5400000,0x00000014d5500000)]
  0x0000016806308800 JavaThread "Daemon client event forwarder" [_thread_blocked, id=4476, stack(0x00000014d5500000,0x00000014d5600000)]
  0x0000016806a98800 JavaThread "Cache worker for journal cache (C:\Users\ASUS\.gradle\caches\journal-1)" [_thread_blocked, id=5432, stack(0x00000014d5c00000,0x00000014d5d00000)]
  0x0000016806a9f000 JavaThread "File lock request listener" [_thread_in_native, id=1496, stack(0x00000014d5d00000,0x00000014d5e00000)]
  0x0000016806a9d000 JavaThread "Cache worker for file hash cache (C:\Users\ASUS\.gradle\caches\7.5.1\fileHashes)" [_thread_blocked, id=15644, stack(0x00000014d5e00000,0x00000014d5f00000)]
  0x0000016806a9b800 JavaThread "File watcher server" daemon [_thread_in_native, id=18872, stack(0x00000014d6000000,0x00000014d6100000)]
  0x0000016806a9a800 JavaThread "File watcher consumer" daemon [_thread_blocked, id=15624, stack(0x00000014d6100000,0x00000014d6200000)]
  0x0000016806a9e000 JavaThread "Cache worker for checksums cache (C:\Users\ASUS\Documents\React-Native\PBL_6_Mobile\android\.gradle\7.5.1\checksums)" [_thread_blocked, id=20760, stack(0x00000014d6200000,0x00000014d6300000)]
  0x0000016806a99000 JavaThread "Cache worker for cache directory md-rule (C:\Users\ASUS\.gradle\caches\7.5.1\md-rule)" [_thread_blocked, id=12100, stack(0x00000014d6300000,0x00000014d6400000)]
  0x0000016806a9a000 JavaThread "Cache worker for file content cache (C:\Users\ASUS\.gradle\caches\7.5.1\fileContent)" [_thread_blocked, id=16368, stack(0x00000014d6400000,0x00000014d6500000)]
  0x0000016806a9c800 JavaThread "Cache worker for file hash cache (C:\Users\ASUS\Documents\React-Native\PBL_6_Mobile\android\.gradle\7.5.1\fileHashes)" [_thread_blocked, id=5652, stack(0x00000014d6500000,0x00000014d6600000)]
  0x0000016804c89800 JavaThread "Cache worker for cache directory md-supplier (C:\Users\ASUS\.gradle\caches\7.5.1\md-supplier)" [_thread_blocked, id=19628, stack(0x00000014d6600000,0x00000014d6700000)]
  0x0000016804c87000 JavaThread "Cache worker for execution history cache (C:\Users\ASUS\.gradle\caches\7.5.1\executionHistory)" [_thread_blocked, id=2212, stack(0x00000014d6700000,0x00000014d6800000)]
  0x0000016804c84000 JavaThread "jar transforms" [_thread_blocked, id=4132, stack(0x00000014d6900000,0x00000014d6a00000)]
  0x0000016804c85000 JavaThread "jar transforms Thread 2" [_thread_blocked, id=11580, stack(0x00000014d6a00000,0x00000014d6b00000)]
  0x0000016804c89000 JavaThread "jar transforms Thread 3" [_thread_blocked, id=15396, stack(0x00000014d6b00000,0x00000014d6c00000)]
  0x0000016804c88000 JavaThread "jar transforms Thread 4" [_thread_blocked, id=16400, stack(0x00000014d6c00000,0x00000014d6d00000)]
  0x0000016804c8a800 JavaThread "Cache worker for kotlin-dsl (C:\Users\ASUS\.gradle\caches\7.5.1\kotlin-dsl)" [_thread_blocked, id=18860, stack(0x00000014d6d00000,0x00000014d6e00000)]
  0x0000016804c85800 JavaThread "jar transforms Thread 5" [_thread_blocked, id=16592, stack(0x00000014d6e00000,0x00000014d6f00000)]
  0x0000016805a62800 JavaThread "jar transforms Thread 6" [_thread_blocked, id=18816, stack(0x00000014d6f00000,0x00000014d7000000)]
  0x0000016805a66000 JavaThread "Cache worker for dependencies-accessors (C:\Users\ASUS\Documents\React-Native\PBL_6_Mobile\android\.gradle\7.5.1\dependencies-accessors)" [_thread_blocked, id=14488, stack(0x00000014d7000000,0x00000014d7100000)]
  0x0000016805a67000 JavaThread "Cache worker for Build Output Cleanup Cache (C:\Users\ASUS\Documents\React-Native\PBL_6_Mobile\node_modules\react-native-gradle-plugin\.gradle\buildOutputCleanup)" [_thread_blocked, id=12672, stack(0x00000014d7100000,0x00000014d7200000)]
  0x0000016805a68800 JavaThread "jar transforms Thread 7" [_thread_blocked, id=8668, stack(0x00000014d7200000,0x00000014d7300000)]
  0x0000016805a67800 JavaThread "Unconstrained build operations" [_thread_blocked, id=14356, stack(0x00000014d7300000,0x00000014d7400000)]
  0x0000016805a69800 JavaThread "Unconstrained build operations Thread 2" [_thread_blocked, id=3296, stack(0x00000014d7400000,0x00000014d7500000)]
  0x0000016805a63800 JavaThread "Unconstrained build operations Thread 3" [_thread_blocked, id=1344, stack(0x00000014d7500000,0x00000014d7600000)]
  0x0000016805a6a000 JavaThread "Unconstrained build operations Thread 4" [_thread_blocked, id=16792, stack(0x00000014d7600000,0x00000014d7700000)]
  0x0000016805a64800 JavaThread "Unconstrained build operations Thread 5" [_thread_blocked, id=20764, stack(0x00000014d7700000,0x00000014d7800000)]
  0x0000016805a6b000 JavaThread "Unconstrained build operations Thread 6" [_thread_blocked, id=16860, stack(0x00000014d7800000,0x00000014d7900000)]
  0x0000016805a65000 JavaThread "Unconstrained build operations Thread 7" [_thread_blocked, id=4516, stack(0x00000014d7900000,0x00000014d7a00000)]
  0x0000016805a6e000 JavaThread "Unconstrained build operations Thread 8" [_thread_blocked, id=4248, stack(0x00000014d7a00000,0x00000014d7b00000)]
  0x0000016805a71800 JavaThread "Unconstrained build operations Thread 9" [_thread_blocked, id=20568, stack(0x00000014d7b00000,0x00000014d7c00000)]
  0x0000016805a6f000 JavaThread "Unconstrained build operations Thread 10" [_thread_blocked, id=18396, stack(0x00000014d7c00000,0x00000014d7d00000)]
  0x0000016805a70000 JavaThread "Unconstrained build operations Thread 11" [_thread_blocked, id=10576, stack(0x00000014d7d00000,0x00000014d7e00000)]
  0x0000016805a6d800 JavaThread "Unconstrained build operations Thread 12" [_thread_blocked, id=15756, stack(0x00000014d7e00000,0x00000014d7f00000)]
  0x0000016805a70800 JavaThread "Unconstrained build operations Thread 13" [_thread_blocked, id=6384, stack(0x00000014d7f00000,0x00000014d8000000)]
  0x0000016805a6b800 JavaThread "Unconstrained build operations Thread 14" [_thread_blocked, id=15308, stack(0x00000014d8000000,0x00000014d8100000)]
  0x0000016805a6c800 JavaThread "Unconstrained build operations Thread 15" [_thread_blocked, id=10456, stack(0x00000014d8100000,0x00000014d8200000)]
  0x000001680749a800 JavaThread "Unconstrained build operations Thread 16" [_thread_blocked, id=13124, stack(0x00000014d8200000,0x00000014d8300000)]
  0x0000016807496800 JavaThread "Unconstrained build operations Thread 17" [_thread_blocked, id=17224, stack(0x00000014d8300000,0x00000014d8400000)]
  0x0000016807495800 JavaThread "Unconstrained build operations Thread 18" [_thread_blocked, id=13068, stack(0x00000014d8400000,0x00000014d8500000)]
  0x0000016807495000 JavaThread "Unconstrained build operations Thread 19" [_thread_blocked, id=13896, stack(0x00000014d8500000,0x00000014d8600000)]
  0x0000016807497000 JavaThread "Unconstrained build operations Thread 20" [_thread_blocked, id=5040, stack(0x00000014d8600000,0x00000014d8700000)]
  0x000001680749d800 JavaThread "Unconstrained build operations Thread 21" [_thread_blocked, id=14748, stack(0x00000014d8700000,0x00000014d8800000)]
  0x000001680749d000 JavaThread "Unconstrained build operations Thread 22" [_thread_blocked, id=1736, stack(0x00000014d8800000,0x00000014d8900000)]
  0x0000016807498000 JavaThread "Unconstrained build operations Thread 23" [_thread_blocked, id=592, stack(0x00000014d8900000,0x00000014d8a00000)]
  0x0000016807499800 JavaThread "Unconstrained build operations Thread 24" [_thread_blocked, id=7268, stack(0x00000014d8a00000,0x00000014d8b00000)]
  0x000001680749b800 JavaThread "Unconstrained build operations Thread 25" [_thread_blocked, id=12448, stack(0x00000014d8b00000,0x00000014d8c00000)]
  0x0000016807499000 JavaThread "Unconstrained build operations Thread 26" [_thread_blocked, id=19980, stack(0x00000014d8c00000,0x00000014d8d00000)]
  0x000001680749f800 JavaThread "Unconstrained build operations Thread 27" [_thread_blocked, id=16756, stack(0x00000014d8d00000,0x00000014d8e00000)]
  0x000001680749c000 JavaThread "Unconstrained build operations Thread 28" [_thread_blocked, id=20144, stack(0x00000014d8e00000,0x00000014d8f00000)]
  0x00000168074a0000 JavaThread "Unconstrained build operations Thread 29" [_thread_blocked, id=17904, stack(0x00000014d8f00000,0x00000014d9000000)]
  0x00000168074a3800 JavaThread "Unconstrained build operations Thread 30" [_thread_blocked, id=8012, stack(0x00000014d9000000,0x00000014d9100000)]
  0x00000168074a1000 JavaThread "Unconstrained build operations Thread 31" [_thread_blocked, id=6968, stack(0x00000014d9100000,0x00000014d9200000)]
  0x00000168074a2000 JavaThread "Unconstrained build operations Thread 32" [_thread_blocked, id=12496, stack(0x00000014d9200000,0x00000014d9300000)]
  0x000001680749e800 JavaThread "Unconstrained build operations Thread 33" [_thread_blocked, id=5844, stack(0x00000014d9300000,0x00000014d9400000)]
  0x00000168074a2800 JavaThread "jar transforms Thread 8" [_thread_blocked, id=6112, stack(0x00000014d9400000,0x00000014d9500000)]
  0x000001680b12e000 JavaThread "build event listener" [_thread_blocked, id=13788, stack(0x00000014d9500000,0x00000014d9600000)]
  0x000001680b131800 JavaThread "Memory manager" [_thread_blocked, id=16512, stack(0x00000014d9600000,0x00000014d9700000)]
  0x000001680b12f800 JavaThread "Cache worker for Build Output Cleanup Cache (C:\Users\ASUS\Documents\React-Native\PBL_6_Mobile\android\.gradle\buildOutputCleanup)" [_thread_blocked, id=5404, stack(0x00000014d9700000,0x00000014d9800000)]
  0x000001680b12f000 JavaThread "included builds" [_thread_blocked, id=10572, stack(0x00000014d9800000,0x00000014d9900000)]
  0x000001680b130800 JavaThread "Execution worker" [_thread_blocked, id=13684, stack(0x00000014d9900000,0x00000014d9a00000)]
  0x000001680b132000 JavaThread "Execution worker Thread 2" [_thread_blocked, id=10440, stack(0x00000014d9a00000,0x00000014d9b00000)]
  0x000001680b133000 JavaThread "Execution worker Thread 3" [_thread_blocked, id=15780, stack(0x00000014d9b00000,0x00000014d9c00000)]
  0x000001680b12d800 JavaThread "Execution worker Thread 4" [_thread_blocked, id=14052, stack(0x00000014d9c00000,0x00000014d9d00000)]
  0x000001680b139800 JavaThread "Execution worker Thread 5" [_thread_blocked, id=9744, stack(0x00000014d9d00000,0x00000014d9e00000)]
  0x000001680b138000 JavaThread "Execution worker Thread 6" [_thread_blocked, id=12284, stack(0x00000014d9e00000,0x00000014d9f00000)]
  0x000001680b134000 JavaThread "Execution worker Thread 7" [_thread_blocked, id=3664, stack(0x00000014d9f00000,0x00000014da000000)]
  0x000001680b138800 JavaThread "Cache worker for execution history cache (C:\Users\ASUS\Documents\React-Native\PBL_6_Mobile\node_modules\react-native-gradle-plugin\.gradle\7.5.1\executionHistory)" [_thread_blocked, id=20744, stack(0x00000014da000000,0x00000014da100000)]
  0x000001680b136800 JavaThread "Unconstrained build operations Thread 34" [_thread_blocked, id=10556, stack(0x00000014da100000,0x00000014da200000)]
  0x000001680b13a800 JavaThread "Unconstrained build operations Thread 35" [_thread_blocked, id=21176, stack(0x00000014da200000,0x00000014da300000)]
  0x000001680b134800 JavaThread "Unconstrained build operations Thread 36" [_thread_blocked, id=18560, stack(0x00000014da300000,0x00000014da400000)]
  0x000001680b135800 JavaThread "Unconstrained build operations Thread 37" [_thread_blocked, id=3476, stack(0x00000014da400000,0x00000014da500000)]
  0x000001680b137000 JavaThread "Unconstrained build operations Thread 38" [_thread_blocked, id=6140, stack(0x00000014da500000,0x00000014da600000)]
  0x000001680b13b000 JavaThread "Unconstrained build operations Thread 39" [_thread_blocked, id=14288, stack(0x00000014da600000,0x00000014da700000)]
  0x000001680b13c000 JavaThread "Unconstrained build operations Thread 40" [_thread_blocked, id=13628, stack(0x00000014da700000,0x00000014da800000)]
  0x000001680c15d000 JavaThread "Unconstrained build operations Thread 41" [_thread_blocked, id=21168, stack(0x00000014da800000,0x00000014da900000)]
  0x000001680c15f800 JavaThread "Unconstrained build operations Thread 42" [_thread_blocked, id=16260, stack(0x00000014da900000,0x00000014daa00000)]
  0x000001680c15e000 JavaThread "Unconstrained build operations Thread 43" [_thread_blocked, id=20732, stack(0x00000014daa00000,0x00000014dab00000)]
  0x000001680c15f000 JavaThread "Unconstrained build operations Thread 44" [_thread_blocked, id=11344, stack(0x00000014dab00000,0x00000014dac00000)]
  0x000001680c15c800 JavaThread "Unconstrained build operations Thread 45" [_thread_blocked, id=16032, stack(0x00000014dac00000,0x00000014dad00000)]
  0x000001680c15a000 JavaThread "Unconstrained build operations Thread 46" [_thread_blocked, id=6304, stack(0x00000014dad00000,0x00000014dae00000)]
  0x000001680c160800 JavaThread "Unconstrained build operations Thread 47" [_thread_blocked, id=20152, stack(0x00000014dae00000,0x00000014daf00000)]
  0x000001680c15a800 JavaThread "Unconstrained build operations Thread 48" [_thread_blocked, id=15672, stack(0x00000014daf00000,0x00000014db000000)]
  0x000001680c161000 JavaThread "Unconstrained build operations Thread 49" [_thread_blocked, id=19008, stack(0x00000014db000000,0x00000014db100000)]
  0x000001680c15b800 JavaThread "Unconstrained build operations Thread 50" [_thread_blocked, id=6860, stack(0x00000014db100000,0x00000014db200000)]
  0x000001680c167800 JavaThread "Unconstrained build operations Thread 51" [_thread_blocked, id=14500, stack(0x00000014db200000,0x00000014db300000)]
  0x000001680c163800 JavaThread "Unconstrained build operations Thread 52" [_thread_blocked, id=16668, stack(0x00000014db300000,0x00000014db400000)]
  0x000001680c164800 JavaThread "Unconstrained build operations Thread 53" [_thread_blocked, id=19964, stack(0x00000014db400000,0x00000014db500000)]
  0x000001680c162000 JavaThread "Unconstrained build operations Thread 54" [_thread_blocked, id=4020, stack(0x00000014db500000,0x00000014db600000)]
  0x000001680c167000 JavaThread "Unconstrained build operations Thread 55" [_thread_blocked, id=15836, stack(0x00000014db600000,0x00000014db700000)]
  0x000001680c168800 JavaThread "Unconstrained build operations Thread 56" [_thread_blocked, id=7772, stack(0x00000014db700000,0x00000014db800000)]
  0x000001680c165800 JavaThread "Unconstrained build operations Thread 57" [_thread_blocked, id=3392, stack(0x00000014db800000,0x00000014db900000)]
  0x000001680c166000 JavaThread "Unconstrained build operations Thread 58" [_thread_blocked, id=14896, stack(0x00000014db900000,0x00000014dba00000)]
  0x000001680c163000 JavaThread "Unconstrained build operations Thread 59" [_thread_blocked, id=5744, stack(0x00000014dba00000,0x00000014dbb00000)]
  0x000001680af21800 JavaThread "Unconstrained build operations Thread 60" [_thread_blocked, id=8616, stack(0x00000014dbb00000,0x00000014dbc00000)]
  0x000001680af24800 JavaThread "Unconstrained build operations Thread 61" [_thread_blocked, id=8976, stack(0x00000014dbc00000,0x00000014dbd00000)]
  0x000001680af25800 JavaThread "Unconstrained build operations Thread 62" [_thread_blocked, id=18688, stack(0x00000014dbd00000,0x00000014dbe00000)]
  0x000001680af26000 JavaThread "Unconstrained build operations Thread 63" [_thread_blocked, id=17228, stack(0x00000014dbe00000,0x00000014dbf00000)]
  0x000001680af28000 JavaThread "Unconstrained build operations Thread 64" [_thread_blocked, id=15440, stack(0x00000014dbf00000,0x00000014dc000000)]
  0x000001680af23800 JavaThread "Unconstrained build operations Thread 65" [_thread_blocked, id=15316, stack(0x00000014dc000000,0x00000014dc100000)]
  0x000001680af22000 JavaThread "Unconstrained build operations Thread 66" [_thread_blocked, id=13508, stack(0x00000014dc100000,0x00000014dc200000)]
  0x000001680af27000 JavaThread "Unconstrained build operations Thread 67" [_thread_blocked, id=10916, stack(0x00000014dc200000,0x00000014dc300000)]
  0x000001680af28800 JavaThread "Unconstrained build operations Thread 68" [_thread_blocked, id=20564, stack(0x00000014dc300000,0x00000014dc400000)]
  0x000001680af23000 JavaThread "Unconstrained build operations Thread 69" [_thread_blocked, id=9912, stack(0x00000014dc400000,0x00000014dc500000)]
  0x000001680af2f000 JavaThread "Unconstrained build operations Thread 70" [_thread_blocked, id=10432, stack(0x00000014dc500000,0x00000014dc600000)]
  0x000001680af2b000 JavaThread "Unconstrained build operations Thread 71" [_thread_blocked, id=16496, stack(0x00000014dc600000,0x00000014dc700000)]
  0x000001680af29800 JavaThread "Unconstrained build operations Thread 72" [_thread_blocked, id=13084, stack(0x00000014dc700000,0x00000014dc800000)]
  0x000001680af30000 JavaThread "Unconstrained build operations Thread 73" [_thread_blocked, id=9840, stack(0x00000014dc800000,0x00000014dc900000)]
  0x000001680af2d800 JavaThread "Unconstrained build operations Thread 74" [_thread_blocked, id=16108, stack(0x00000014dc900000,0x00000014dca00000)]
  0x000001680af2a000 JavaThread "Unconstrained build operations Thread 75" [_thread_blocked, id=6100, stack(0x00000014dca00000,0x00000014dcb00000)]
  0x000001680af2e800 JavaThread "Unconstrained build operations Thread 76" [_thread_blocked, id=10116, stack(0x00000014dcb00000,0x00000014dcc00000)]
  0x000001680af2c800 JavaThread "Unconstrained build operations Thread 77" [_thread_blocked, id=4884, stack(0x00000014dcc00000,0x00000014dcd00000)]
  0x000001680af2c000 JavaThread "Unconstrained build operations Thread 78" [_thread_blocked, id=11324, stack(0x00000014dcd00000,0x00000014dce00000)]
  0x000001680bdbb800 JavaThread "Unconstrained build operations Thread 79" [_thread_blocked, id=5116, stack(0x00000014dce00000,0x00000014dcf00000)]
  0x000001680bdbe000 JavaThread "Unconstrained build operations Thread 80" [_thread_blocked, id=12264, stack(0x00000014dcf00000,0x00000014dd000000)]
  0x000001680bdba000 JavaThread "build event listener" [_thread_blocked, id=17592, stack(0x00000014d6800000,0x00000014d6900000)]

Other Threads:
=>0x000001687fe3e800 VMThread "VM Thread" [stack: 0x00000014d4000000,0x00000014d4100000] [id=19272]
  0x00000168049df000 WatcherThread [stack: 0x00000014d4a00000,0x00000014d4b00000] [id=19336]
  0x0000016862dae000 GCTaskThread "GC Thread#0" [stack: 0x00000014d3b00000,0x00000014d3c00000] [id=18632]
  0x0000016805ab1800 GCTaskThread "GC Thread#1" [stack: 0x00000014d4b00000,0x00000014d4c00000] [id=12696]
  0x0000016805b6c000 GCTaskThread "GC Thread#2" [stack: 0x00000014d5600000,0x00000014d5700000] [id=9972]
  0x0000016806320000 GCTaskThread "GC Thread#3" [stack: 0x00000014d5700000,0x00000014d5800000] [id=340]
  0x0000016806321000 GCTaskThread "GC Thread#4" [stack: 0x00000014d5800000,0x00000014d5900000] [id=12840]
  0x0000016806a73800 GCTaskThread "GC Thread#5" [stack: 0x00000014d5900000,0x00000014d5a00000] [id=19732]
  0x0000016806a74800 GCTaskThread "GC Thread#6" [stack: 0x00000014d5a00000,0x00000014d5b00000] [id=8908]
  0x00000168053c5800 GCTaskThread "GC Thread#7" [stack: 0x00000014d5b00000,0x00000014d5c00000] [id=18192]
  0x0000016862de0800 ConcurrentGCThread "G1 Main Marker" [stack: 0x00000014d3c00000,0x00000014d3d00000] [id=13964]
  0x0000016862de2800 ConcurrentGCThread "G1 Conc#0" [stack: 0x00000014d3d00000,0x00000014d3e00000] [id=19148]
  0x00000168067a7000 ConcurrentGCThread "G1 Conc#1" [stack: 0x00000014d5f00000,0x00000014d6000000] [id=21316]
  0x000001687fcae800 ConcurrentGCThread "G1 Refine#0" [stack: 0x00000014d3e00000,0x00000014d3f00000] [id=4828]
  0x000001687fcb4800 ConcurrentGCThread "G1 Young RemSet Sampling" [stack: 0x00000014d3f00000,0x00000014d4000000] [id=176]

Threads with active compile tasks:
C2 CompilerThread0    33079 12282       4       org.gradle.internal.instantiation.generator.AbstractClassGenerator::assertNotAbstract (61 bytes)

VM state:at safepoint (normal execution)

VM Mutex/Monitor currently owned by a thread:  ([mutex/lock_event])
[0x0000016862d924e0] Threads_lock - owner thread: 0x000001687fe3e800
[0x0000016862d910a0] Heap_lock - owner thread: 0x00000168066e7800

Heap address: 0x0000000080000000, size: 2048 MB, Compressed Oops mode: 32-bit
Narrow klass base: 0x0000000000000000, Narrow klass shift: 3
Compressed class space size: 528482304 Address: 0x0000000100000000

Heap:
 garbage-first heap   total 286720K, used 150843K [0x0000000080000000, 0x0000000100000000)
  region size 1024K, 5 young (5120K), 5 survivors (5120K)
 Metaspace       used 110459K, capacity 115443K, committed 115540K, reserved 616448K
  class space    used 14513K, capacity 16396K, committed 16460K, reserved 516096K
Heap Regions: E=young(eden), S=young(survivor), O=old, HS=humongous(starts), HC=humongous(continues), CS=collection set, F=free, A=archive, TAMS=top-at-mark-start (previous, next)
|   0|0x0000000080000000, 0x0000000080100000, 0x0000000080100000|100%| O|  |TAMS 0x0000000080100000, 0x0000000080100000| Untracked 
|   1|0x0000000080100000, 0x0000000080200000, 0x0000000080200000|100%| O|  |TAMS 0x0000000080200000, 0x0000000080200000| Untracked 
|   2|0x0000000080200000, 0x0000000080300000, 0x0000000080300000|100%| O|  |TAMS 0x0000000080300000, 0x0000000080300000| Untracked 
|   3|0x0000000080300000, 0x0000000080400000, 0x0000000080400000|100%|HS|  |TAMS 0x0000000080400000, 0x0000000080400000| Complete 
|   4|0x0000000080400000, 0x0000000080500000, 0x0000000080500000|100%|HC|  |TAMS 0x0000000080500000, 0x0000000080500000| Complete 
|   5|0x0000000080500000, 0x0000000080600000, 0x0000000080600000|100%|HC|  |TAMS 0x0000000080600000, 0x0000000080600000| Complete 
|   6|0x0000000080600000, 0x0000000080700000, 0x0000000080700000|100%| O|  |TAMS 0x0000000080700000, 0x0000000080700000| Untracked 
|   7|0x0000000080700000, 0x0000000080800000, 0x0000000080800000|100%| O|  |TAMS 0x0000000080800000, 0x0000000080800000| Untracked 
|   8|0x0000000080800000, 0x0000000080900000, 0x0000000080900000|100%| O|  |TAMS 0x0000000080900000, 0x0000000080900000| Untracked 
|   9|0x0000000080900000, 0x0000000080a00000, 0x0000000080a00000|100%| O|  |TAMS 0x0000000080a00000, 0x0000000080a00000| Untracked 
|  10|0x0000000080a00000, 0x0000000080b00000, 0x0000000080b00000|100%| O|  |TAMS 0x0000000080b00000, 0x0000000080b00000| Untracked 
|  11|0x0000000080b00000, 0x0000000080c00000, 0x0000000080c00000|100%| O|  |TAMS 0x0000000080c00000, 0x0000000080c00000| Untracked 
|  12|0x0000000080c00000, 0x0000000080d00000, 0x0000000080d00000|100%| O|  |TAMS 0x0000000080d00000, 0x0000000080d00000| Untracked 
|  13|0x0000000080d00000, 0x0000000080e00000, 0x0000000080e00000|100%| O|  |TAMS 0x0000000080e00000, 0x0000000080e00000| Untracked 
|  14|0x0000000080e00000, 0x0000000080f00000, 0x0000000080f00000|100%| O|  |TAMS 0x0000000080f00000, 0x0000000080f00000| Untracked 
|  15|0x0000000080f00000, 0x0000000081000000, 0x0000000081000000|100%| O|  |TAMS 0x0000000081000000, 0x0000000081000000| Untracked 
|  16|0x0000000081000000, 0x0000000081100000, 0x0000000081100000|100%| O|  |TAMS 0x0000000081100000, 0x0000000081100000| Untracked 
|  17|0x0000000081100000, 0x0000000081200000, 0x0000000081200000|100%| O|  |TAMS 0x0000000081200000, 0x0000000081200000| Untracked 
|  18|0x0000000081200000, 0x0000000081300000, 0x0000000081300000|100%| O|  |TAMS 0x0000000081300000, 0x0000000081300000| Untracked 
|  19|0x0000000081300000, 0x0000000081400000, 0x0000000081400000|100%| O|  |TAMS 0x0000000081400000, 0x0000000081400000| Untracked 
|  20|0x0000000081400000, 0x0000000081500000, 0x0000000081500000|100%| O|  |TAMS 0x0000000081500000, 0x0000000081500000| Untracked 
|  21|0x0000000081500000, 0x0000000081600000, 0x0000000081600000|100%| O|  |TAMS 0x0000000081600000, 0x0000000081600000| Untracked 
|  22|0x0000000081600000, 0x0000000081700000, 0x0000000081700000|100%|HS|  |TAMS 0x0000000081700000, 0x0000000081700000| Complete 
|  23|0x0000000081700000, 0x0000000081800000, 0x0000000081800000|100%| O|  |TAMS 0x0000000081800000, 0x0000000081800000| Untracked 
|  24|0x0000000081800000, 0x0000000081900000, 0x0000000081900000|100%| O|  |TAMS 0x0000000081900000, 0x0000000081900000| Untracked 
|  25|0x0000000081900000, 0x0000000081a00000, 0x0000000081a00000|100%| O|  |TAMS 0x0000000081a00000, 0x0000000081a00000| Untracked 
|  26|0x0000000081a00000, 0x0000000081b00000, 0x0000000081b00000|100%| O|  |TAMS 0x0000000081b00000, 0x0000000081b00000| Untracked 
|  27|0x0000000081b00000, 0x0000000081c00000, 0x0000000081c00000|100%|HS|  |TAMS 0x0000000081c00000, 0x0000000081c00000| Complete 
|  28|0x0000000081c00000, 0x0000000081d00000, 0x0000000081d00000|100%|HC|  |TAMS 0x0000000081d00000, 0x0000000081d00000| Complete 
|  29|0x0000000081d00000, 0x0000000081e00000, 0x0000000081e00000|100%|HC|  |TAMS 0x0000000081e00000, 0x0000000081e00000| Complete 
|  30|0x0000000081e00000, 0x0000000081f00000, 0x0000000081f00000|100%| O|  |TAMS 0x0000000081f00000, 0x0000000081f00000| Untracked 
|  31|0x0000000081f00000, 0x0000000082000000, 0x0000000082000000|100%| O|  |TAMS 0x0000000082000000, 0x0000000082000000| Untracked 
|  32|0x0000000082000000, 0x0000000082100000, 0x0000000082100000|100%| O|  |TAMS 0x0000000082100000, 0x0000000082100000| Untracked 
|  33|0x0000000082100000, 0x0000000082200000, 0x0000000082200000|100%| O|  |TAMS 0x0000000082200000, 0x0000000082200000| Untracked 
|  34|0x0000000082200000, 0x0000000082300000, 0x0000000082300000|100%| O|  |TAMS 0x0000000082300000, 0x0000000082300000| Untracked 
|  35|0x0000000082300000, 0x0000000082400000, 0x0000000082400000|100%| O|  |TAMS 0x0000000082400000, 0x0000000082400000| Untracked 
|  36|0x0000000082400000, 0x0000000082500000, 0x0000000082500000|100%| O|  |TAMS 0x0000000082500000, 0x0000000082500000| Untracked 
|  37|0x0000000082500000, 0x0000000082600000, 0x0000000082600000|100%| O|  |TAMS 0x0000000082600000, 0x0000000082600000| Untracked 
|  38|0x0000000082600000, 0x0000000082700000, 0x0000000082700000|100%| O|  |TAMS 0x0000000082700000, 0x0000000082700000| Untracked 
|  39|0x0000000082700000, 0x0000000082800000, 0x0000000082800000|100%| O|  |TAMS 0x0000000082800000, 0x0000000082800000| Untracked 
|  40|0x0000000082800000, 0x0000000082900000, 0x0000000082900000|100%| O|  |TAMS 0x0000000082900000, 0x0000000082900000| Untracked 
|  41|0x0000000082900000, 0x0000000082a00000, 0x0000000082a00000|100%| O|  |TAMS 0x0000000082a00000, 0x0000000082a00000| Untracked 
|  42|0x0000000082a00000, 0x0000000082b00000, 0x0000000082b00000|100%| O|  |TAMS 0x0000000082b00000, 0x0000000082b00000| Untracked 
|  43|0x0000000082b00000, 0x0000000082c00000, 0x0000000082c00000|100%| O|  |TAMS 0x0000000082c00000, 0x0000000082c00000| Untracked 
|  44|0x0000000082c00000, 0x0000000082d00000, 0x0000000082d00000|100%|HS|  |TAMS 0x0000000082d00000, 0x0000000082d00000| Complete 
|  45|0x0000000082d00000, 0x0000000082e00000, 0x0000000082e00000|100%|HS|  |TAMS 0x0000000082e00000, 0x0000000082e00000| Complete 
|  46|0x0000000082e00000, 0x0000000082f00000, 0x0000000082f00000|100%|HS|  |TAMS 0x0000000082f00000, 0x0000000082f00000| Complete 
|  47|0x0000000082f00000, 0x0000000083000000, 0x0000000083000000|100%|HC|  |TAMS 0x0000000083000000, 0x0000000083000000| Complete 
|  48|0x0000000083000000, 0x0000000083100000, 0x0000000083100000|100%| O|  |TAMS 0x0000000083100000, 0x0000000083100000| Untracked 
|  49|0x0000000083100000, 0x0000000083200000, 0x0000000083200000|100%| O|  |TAMS 0x0000000083200000, 0x0000000083200000| Untracked 
|  50|0x0000000083200000, 0x0000000083300000, 0x0000000083300000|100%| O|  |TAMS 0x0000000083300000, 0x0000000083300000| Untracked 
|  51|0x0000000083300000, 0x0000000083400000, 0x0000000083400000|100%| O|  |TAMS 0x0000000083400000, 0x0000000083400000| Untracked 
|  52|0x0000000083400000, 0x0000000083500000, 0x0000000083500000|100%| O|  |TAMS 0x0000000083500000, 0x0000000083500000| Untracked 
|  53|0x0000000083500000, 0x0000000083600000, 0x0000000083600000|100%| O|  |TAMS 0x0000000083600000, 0x0000000083600000| Untracked 
|  54|0x0000000083600000, 0x0000000083700000, 0x0000000083700000|100%| O|  |TAMS 0x0000000083700000, 0x0000000083700000| Untracked 
|  55|0x0000000083700000, 0x0000000083800000, 0x0000000083800000|100%| O|  |TAMS 0x0000000083800000, 0x0000000083800000| Untracked 
|  56|0x0000000083800000, 0x0000000083900000, 0x0000000083900000|100%| O|  |TAMS 0x0000000083900000, 0x0000000083900000| Untracked 
|  57|0x0000000083900000, 0x0000000083a00000, 0x0000000083a00000|100%| O|  |TAMS 0x0000000083a00000, 0x0000000083a00000| Untracked 
|  58|0x0000000083a00000, 0x0000000083b00000, 0x0000000083b00000|100%| O|  |TAMS 0x0000000083b00000, 0x0000000083b00000| Untracked 
|  59|0x0000000083b00000, 0x0000000083c00000, 0x0000000083c00000|100%| O|  |TAMS 0x0000000083c00000, 0x0000000083c00000| Untracked 
|  60|0x0000000083c00000, 0x0000000083d00000, 0x0000000083d00000|100%| O|  |TAMS 0x0000000083d00000, 0x0000000083d00000| Untracked 
|  61|0x0000000083d00000, 0x0000000083e00000, 0x0000000083e00000|100%| O|  |TAMS 0x0000000083e00000, 0x0000000083e00000| Untracked 
|  62|0x0000000083e00000, 0x0000000083f00000, 0x0000000083f00000|100%| O|  |TAMS 0x0000000083f00000, 0x0000000083f00000| Untracked 
|  63|0x0000000083f00000, 0x0000000084000000, 0x0000000084000000|100%| O|  |TAMS 0x0000000084000000, 0x0000000084000000| Untracked 
|  64|0x0000000084000000, 0x0000000084100000, 0x0000000084100000|100%| O|  |TAMS 0x0000000084100000, 0x0000000084100000| Untracked 
|  65|0x0000000084100000, 0x0000000084200000, 0x0000000084200000|100%| O|  |TAMS 0x0000000084200000, 0x0000000084200000| Untracked 
|  66|0x0000000084200000, 0x0000000084300000, 0x0000000084300000|100%| O|  |TAMS 0x0000000084300000, 0x0000000084300000| Untracked 
|  67|0x0000000084300000, 0x0000000084400000, 0x0000000084400000|100%| O|  |TAMS 0x0000000084400000, 0x0000000084400000| Untracked 
|  68|0x0000000084400000, 0x0000000084500000, 0x0000000084500000|100%| O|  |TAMS 0x0000000084500000, 0x0000000084500000| Untracked 
|  69|0x0000000084500000, 0x0000000084600000, 0x0000000084600000|100%| O|  |TAMS 0x0000000084600000, 0x0000000084600000| Untracked 
|  70|0x0000000084600000, 0x0000000084700000, 0x0000000084700000|100%| O|  |TAMS 0x0000000084700000, 0x0000000084700000| Untracked 
|  71|0x0000000084700000, 0x0000000084800000, 0x0000000084800000|100%| O|  |TAMS 0x0000000084800000, 0x0000000084800000| Untracked 
|  72|0x0000000084800000, 0x0000000084900000, 0x0000000084900000|100%| O|  |TAMS 0x0000000084900000, 0x0000000084900000| Untracked 
|  73|0x0000000084900000, 0x0000000084a00000, 0x0000000084a00000|100%| O|  |TAMS 0x0000000084a00000, 0x0000000084a00000| Untracked 
|  74|0x0000000084a00000, 0x0000000084b00000, 0x0000000084b00000|100%| O|  |TAMS 0x0000000084b00000, 0x0000000084b00000| Untracked 
|  75|0x0000000084b00000, 0x0000000084c00000, 0x0000000084c00000|100%| O|  |TAMS 0x0000000084c00000, 0x0000000084c00000| Untracked 
|  76|0x0000000084c00000, 0x0000000084d00000, 0x0000000084d00000|100%| O|  |TAMS 0x0000000084d00000, 0x0000000084d00000| Untracked 
|  77|0x0000000084d00000, 0x0000000084e00000, 0x0000000084e00000|100%| O|  |TAMS 0x0000000084e00000, 0x0000000084e00000| Untracked 
|  78|0x0000000084e00000, 0x0000000084f00000, 0x0000000084f00000|100%| O|  |TAMS 0x0000000084f00000, 0x0000000084f00000| Untracked 
|  79|0x0000000084f00000, 0x0000000085000000, 0x0000000085000000|100%| O|  |TAMS 0x0000000085000000, 0x0000000085000000| Untracked 
|  80|0x0000000085000000, 0x0000000085100000, 0x0000000085100000|100%| O|  |TAMS 0x0000000085100000, 0x0000000085100000| Untracked 
|  81|0x0000000085100000, 0x0000000085200000, 0x0000000085200000|100%| O|  |TAMS 0x0000000085200000, 0x0000000085200000| Untracked 
|  82|0x0000000085200000, 0x0000000085300000, 0x0000000085300000|100%| O|  |TAMS 0x0000000085300000, 0x0000000085300000| Untracked 
|  83|0x0000000085300000, 0x0000000085400000, 0x0000000085400000|100%| O|  |TAMS 0x0000000085400000, 0x0000000085400000| Untracked 
|  84|0x0000000085400000, 0x0000000085500000, 0x0000000085500000|100%| O|  |TAMS 0x0000000085500000, 0x0000000085500000| Untracked 
|  85|0x0000000085500000, 0x0000000085600000, 0x0000000085600000|100%| O|  |TAMS 0x0000000085600000, 0x0000000085600000| Untracked 
|  86|0x0000000085600000, 0x0000000085700000, 0x0000000085700000|100%| O|  |TAMS 0x0000000085700000, 0x0000000085700000| Untracked 
|  87|0x0000000085700000, 0x0000000085800000, 0x0000000085800000|100%| O|  |TAMS 0x0000000085800000, 0x0000000085800000| Untracked 
|  88|0x0000000085800000, 0x0000000085900000, 0x0000000085900000|100%| O|  |TAMS 0x0000000085900000, 0x0000000085900000| Untracked 
|  89|0x0000000085900000, 0x0000000085a00000, 0x0000000085a00000|100%|HS|  |TAMS 0x0000000085a00000, 0x0000000085a00000| Complete 
|  90|0x0000000085a00000, 0x0000000085b00000, 0x0000000085b00000|100%|HS|  |TAMS 0x0000000085b00000, 0x0000000085b00000| Complete 
|  91|0x0000000085b00000, 0x0000000085c00000, 0x0000000085c00000|100%|HC|  |TAMS 0x0000000085c00000, 0x0000000085c00000| Complete 
|  92|0x0000000085c00000, 0x0000000085d00000, 0x0000000085d00000|100%|HC|  |TAMS 0x0000000085d00000, 0x0000000085d00000| Complete 
|  93|0x0000000085d00000, 0x0000000085e00000, 0x0000000085e00000|100%| O|  |TAMS 0x0000000085e00000, 0x0000000085e00000| Untracked 
|  94|0x0000000085e00000, 0x0000000085f00000, 0x0000000085f00000|100%| O|  |TAMS 0x0000000085f00000, 0x0000000085f00000| Untracked 
|  95|0x0000000085f00000, 0x0000000086000000, 0x0000000086000000|100%| O|  |TAMS 0x0000000086000000, 0x0000000086000000| Untracked 
|  96|0x0000000086000000, 0x0000000086100000, 0x0000000086100000|100%| O|  |TAMS 0x0000000086100000, 0x0000000086100000| Untracked 
|  97|0x0000000086100000, 0x0000000086200000, 0x0000000086200000|100%| O|  |TAMS 0x0000000086200000, 0x0000000086200000| Untracked 
|  98|0x0000000086200000, 0x0000000086300000, 0x0000000086300000|100%| O|  |TAMS 0x0000000086300000, 0x0000000086300000| Untracked 
|  99|0x0000000086300000, 0x0000000086400000, 0x0000000086400000|100%| O|  |TAMS 0x0000000086400000, 0x0000000086400000| Untracked 
| 100|0x0000000086400000, 0x0000000086500000, 0x0000000086500000|100%| O|  |TAMS 0x0000000086500000, 0x0000000086500000| Untracked 
| 101|0x0000000086500000, 0x0000000086600000, 0x0000000086600000|100%| O|  |TAMS 0x0000000086600000, 0x0000000086600000| Untracked 
| 102|0x0000000086600000, 0x0000000086700000, 0x0000000086700000|100%| O|  |TAMS 0x0000000086700000, 0x0000000086700000| Untracked 
| 103|0x0000000086700000, 0x0000000086800000, 0x0000000086800000|100%| O|  |TAMS 0x0000000086800000, 0x0000000086800000| Untracked 
| 104|0x0000000086800000, 0x0000000086900000, 0x0000000086900000|100%| O|  |TAMS 0x0000000086900000, 0x0000000086900000| Untracked 
| 105|0x0000000086900000, 0x0000000086a00000, 0x0000000086a00000|100%| O|  |TAMS 0x0000000086a00000, 0x0000000086a00000| Untracked 
| 106|0x0000000086a00000, 0x0000000086b00000, 0x0000000086b00000|100%| O|  |TAMS 0x0000000086b00000, 0x0000000086b00000| Untracked 
| 107|0x0000000086b00000, 0x0000000086c00000, 0x0000000086c00000|100%| O|  |TAMS 0x0000000086c00000, 0x0000000086c00000| Untracked 
| 108|0x0000000086c00000, 0x0000000086d00000, 0x0000000086d00000|100%|HS|  |TAMS 0x0000000086d00000, 0x0000000086d00000| Complete 
| 109|0x0000000086d00000, 0x0000000086e00000, 0x0000000086e00000|100%|HS|  |TAMS 0x0000000086e00000, 0x0000000086e00000| Complete 
| 110|0x0000000086e00000, 0x0000000086f00000, 0x0000000086f00000|100%| O|  |TAMS 0x0000000086f00000, 0x0000000086f00000| Untracked 
| 111|0x0000000086f00000, 0x0000000087000000, 0x0000000087000000|100%| O|  |TAMS 0x0000000087000000, 0x0000000087000000| Untracked 
| 112|0x0000000087000000, 0x0000000087100000, 0x0000000087100000|100%| O|  |TAMS 0x0000000087100000, 0x0000000087100000| Untracked 
| 113|0x0000000087100000, 0x0000000087200000, 0x0000000087200000|100%| O|  |TAMS 0x0000000087200000, 0x0000000087200000| Untracked 
| 114|0x0000000087200000, 0x0000000087300000, 0x0000000087300000|100%| O|  |TAMS 0x0000000087300000, 0x0000000087300000| Untracked 
| 115|0x0000000087300000, 0x0000000087400000, 0x0000000087400000|100%| O|  |TAMS 0x0000000087400000, 0x0000000087400000| Untracked 
| 116|0x0000000087400000, 0x0000000087500000, 0x0000000087500000|100%| O|  |TAMS 0x0000000087500000, 0x0000000087500000| Untracked 
| 117|0x0000000087500000, 0x0000000087600000, 0x0000000087600000|100%| O|  |TAMS 0x0000000087600000, 0x0000000087600000| Untracked 
| 118|0x0000000087600000, 0x0000000087700000, 0x0000000087700000|100%| O|  |TAMS 0x0000000087700000, 0x0000000087700000| Untracked 
| 119|0x0000000087700000, 0x0000000087800000, 0x0000000087800000|100%|HS|  |TAMS 0x0000000087800000, 0x0000000087800000| Complete 
| 120|0x0000000087800000, 0x0000000087900000, 0x0000000087900000|100%| O|  |TAMS 0x0000000087900000, 0x0000000087900000| Untracked 
| 121|0x0000000087900000, 0x0000000087a00000, 0x0000000087a00000|100%| O|  |TAMS 0x0000000087a00000, 0x0000000087a00000| Untracked 
| 122|0x0000000087a00000, 0x0000000087b00000, 0x0000000087b00000|100%| O|  |TAMS 0x0000000087b00000, 0x0000000087b00000| Untracked 
| 123|0x0000000087b00000, 0x0000000087c00000, 0x0000000087c00000|100%| O|  |TAMS 0x0000000087c00000, 0x0000000087c00000| Untracked 
| 124|0x0000000087c00000, 0x0000000087d00000, 0x0000000087d00000|100%| O|  |TAMS 0x0000000087d00000, 0x0000000087d00000| Untracked 
| 125|0x0000000087d00000, 0x0000000087e00000, 0x0000000087e00000|100%| O|  |TAMS 0x0000000087e00000, 0x0000000087e00000| Untracked 
| 126|0x0000000087e00000, 0x0000000087f00000, 0x0000000087f00000|100%| O|  |TAMS 0x0000000087f00000, 0x0000000087f00000| Untracked 
| 127|0x0000000087f00000, 0x0000000088000000, 0x0000000088000000|100%| O|  |TAMS 0x0000000088000000, 0x0000000088000000| Untracked 
| 128|0x0000000088000000, 0x0000000088100000, 0x0000000088100000|100%|HS|  |TAMS 0x0000000088100000, 0x0000000088100000| Complete 
| 129|0x0000000088100000, 0x0000000088200000, 0x0000000088200000|100%|HC|  |TAMS 0x0000000088200000, 0x0000000088200000| Complete 
| 130|0x0000000088200000, 0x0000000088300000, 0x0000000088300000|100%|HC|  |TAMS 0x0000000088300000, 0x0000000088300000| Complete 
| 131|0x0000000088300000, 0x0000000088400000, 0x0000000088400000|100%| O|  |TAMS 0x0000000088400000, 0x0000000088400000| Untracked 
| 132|0x0000000088400000, 0x0000000088500000, 0x0000000088500000|100%| O|  |TAMS 0x0000000088500000, 0x0000000088500000| Untracked 
| 133|0x0000000088500000, 0x0000000088600000, 0x0000000088600000|100%| O|  |TAMS 0x0000000088600000, 0x0000000088600000| Untracked 
| 134|0x0000000088600000, 0x0000000088700000, 0x0000000088700000|100%| O|  |TAMS 0x0000000088700000, 0x0000000088700000| Untracked 
| 135|0x0000000088700000, 0x0000000088800000, 0x0000000088800000|100%| O|  |TAMS 0x00000000887b0a00, 0x0000000088800000| Untracked 
| 136|0x0000000088800000, 0x0000000088900000, 0x0000000088900000|100%| O|  |TAMS 0x0000000088800000, 0x0000000088900000| Untracked 
| 137|0x0000000088900000, 0x0000000088a00000, 0x0000000088a00000|100%| O|  |TAMS 0x0000000088900000, 0x0000000088a00000| Untracked 
| 138|0x0000000088a00000, 0x0000000088b00000, 0x0000000088b00000|100%| O|  |TAMS 0x0000000088a00000, 0x0000000088b00000| Untracked 
| 139|0x0000000088b00000, 0x0000000088c00000, 0x0000000088c00000|100%| O|  |TAMS 0x0000000088b00000, 0x0000000088c00000| Untracked 
| 140|0x0000000088c00000, 0x0000000088d00000, 0x0000000088d00000|100%| O|  |TAMS 0x0000000088c00000, 0x0000000088d00000| Untracked 
| 141|0x0000000088d00000, 0x0000000088e00000, 0x0000000088e00000|100%| O|  |TAMS 0x0000000088d00000, 0x0000000088e00000| Untracked 
| 142|0x0000000088e00000, 0x0000000088e4ee00, 0x0000000088f00000| 30%| O|  |TAMS 0x0000000088e00000, 0x0000000088e4ee00| Untracked 
| 143|0x0000000088f00000, 0x0000000088f00000, 0x0000000089000000|  0%| F|  |TAMS 0x0000000088f00000, 0x0000000088f00000| Untracked 
| 144|0x0000000089000000, 0x0000000089000000, 0x0000000089100000|  0%| F|  |TAMS 0x0000000089000000, 0x0000000089000000| Untracked 
| 145|0x0000000089100000, 0x0000000089100000, 0x0000000089200000|  0%| F|  |TAMS 0x0000000089100000, 0x0000000089100000| Untracked 
| 146|0x0000000089200000, 0x0000000089200000, 0x0000000089300000|  0%| F|  |TAMS 0x0000000089200000, 0x0000000089200000| Untracked 
| 147|0x0000000089300000, 0x0000000089300000, 0x0000000089400000|  0%| F|  |TAMS 0x0000000089300000, 0x0000000089300000| Untracked 
| 148|0x0000000089400000, 0x0000000089400000, 0x0000000089500000|  0%| F|  |TAMS 0x0000000089400000, 0x0000000089400000| Untracked 
| 149|0x0000000089500000, 0x0000000089500000, 0x0000000089600000|  0%| F|  |TAMS 0x0000000089500000, 0x0000000089500000| Untracked 
| 150|0x0000000089600000, 0x0000000089600000, 0x0000000089700000|  0%| F|  |TAMS 0x0000000089600000, 0x0000000089600000| Untracked 
| 151|0x0000000089700000, 0x0000000089700000, 0x0000000089800000|  0%| F|  |TAMS 0x0000000089700000, 0x0000000089700000| Untracked 
| 152|0x0000000089800000, 0x0000000089800000, 0x0000000089900000|  0%| F|  |TAMS 0x0000000089800000, 0x0000000089800000| Untracked 
| 153|0x0000000089900000, 0x0000000089900000, 0x0000000089a00000|  0%| F|  |TAMS 0x0000000089900000, 0x0000000089900000| Untracked 
| 154|0x0000000089a00000, 0x0000000089a00000, 0x0000000089b00000|  0%| F|  |TAMS 0x0000000089a00000, 0x0000000089a00000| Untracked 
| 155|0x0000000089b00000, 0x0000000089b00000, 0x0000000089c00000|  0%| F|  |TAMS 0x0000000089b00000, 0x0000000089b00000| Untracked 
| 156|0x0000000089c00000, 0x0000000089c00000, 0x0000000089d00000|  0%| F|  |TAMS 0x0000000089c00000, 0x0000000089c00000| Untracked 
| 157|0x0000000089d00000, 0x0000000089d00000, 0x0000000089e00000|  0%| F|  |TAMS 0x0000000089d00000, 0x0000000089d00000| Untracked 
| 158|0x0000000089e00000, 0x0000000089e00000, 0x0000000089f00000|  0%| F|  |TAMS 0x0000000089e00000, 0x0000000089e00000| Untracked 
| 159|0x0000000089f00000, 0x0000000089f00000, 0x000000008a000000|  0%| F|  |TAMS 0x0000000089f00000, 0x0000000089f00000| Untracked 
| 160|0x000000008a000000, 0x000000008a000000, 0x000000008a100000|  0%| F|  |TAMS 0x000000008a000000, 0x000000008a000000| Untracked 
| 161|0x000000008a100000, 0x000000008a100000, 0x000000008a200000|  0%| F|  |TAMS 0x000000008a100000, 0x000000008a100000| Untracked 
| 162|0x000000008a200000, 0x000000008a200000, 0x000000008a300000|  0%| F|  |TAMS 0x000000008a200000, 0x000000008a200000| Untracked 
| 163|0x000000008a300000, 0x000000008a300000, 0x000000008a400000|  0%| F|  |TAMS 0x000000008a300000, 0x000000008a300000| Untracked 
| 164|0x000000008a400000, 0x000000008a400000, 0x000000008a500000|  0%| F|  |TAMS 0x000000008a400000, 0x000000008a400000| Untracked 
| 165|0x000000008a500000, 0x000000008a500000, 0x000000008a600000|  0%| F|  |TAMS 0x000000008a500000, 0x000000008a500000| Untracked 
| 166|0x000000008a600000, 0x000000008a600000, 0x000000008a700000|  0%| F|  |TAMS 0x000000008a600000, 0x000000008a600000| Untracked 
| 167|0x000000008a700000, 0x000000008a700000, 0x000000008a800000|  0%| F|  |TAMS 0x000000008a700000, 0x000000008a700000| Untracked 
| 168|0x000000008a800000, 0x000000008a800000, 0x000000008a900000|  0%| F|  |TAMS 0x000000008a800000, 0x000000008a800000| Untracked 
| 169|0x000000008a900000, 0x000000008a900000, 0x000000008aa00000|  0%| F|  |TAMS 0x000000008a900000, 0x000000008a900000| Untracked 
| 170|0x000000008aa00000, 0x000000008aa00000, 0x000000008ab00000|  0%| F|  |TAMS 0x000000008aa00000, 0x000000008aa00000| Untracked 
| 171|0x000000008ab00000, 0x000000008ab00000, 0x000000008ac00000|  0%| F|  |TAMS 0x000000008ab00000, 0x000000008ab00000| Untracked 
| 172|0x000000008ac00000, 0x000000008ac00000, 0x000000008ad00000|  0%| F|  |TAMS 0x000000008ac00000, 0x000000008ac00000| Untracked 
| 173|0x000000008ad00000, 0x000000008ad00000, 0x000000008ae00000|  0%| F|  |TAMS 0x000000008ad00000, 0x000000008ad00000| Untracked 
| 174|0x000000008ae00000, 0x000000008ae00000, 0x000000008af00000|  0%| F|  |TAMS 0x000000008ae00000, 0x000000008ae00000| Untracked 
| 175|0x000000008af00000, 0x000000008af00000, 0x000000008b000000|  0%| F|  |TAMS 0x000000008af00000, 0x000000008af00000| Untracked 
| 176|0x000000008b000000, 0x000000008b000000, 0x000000008b100000|  0%| F|  |TAMS 0x000000008b000000, 0x000000008b000000| Untracked 
| 177|0x000000008b100000, 0x000000008b100000, 0x000000008b200000|  0%| F|  |TAMS 0x000000008b100000, 0x000000008b100000| Untracked 
| 178|0x000000008b200000, 0x000000008b200000, 0x000000008b300000|  0%| F|  |TAMS 0x000000008b200000, 0x000000008b200000| Untracked 
| 179|0x000000008b300000, 0x000000008b400000, 0x000000008b400000|100%| S|CS|TAMS 0x000000008b300000, 0x000000008b300000| Complete 
| 180|0x000000008b400000, 0x000000008b500000, 0x000000008b500000|100%| S|CS|TAMS 0x000000008b400000, 0x000000008b400000| Complete 
| 181|0x000000008b500000, 0x000000008b500000, 0x000000008b600000|  0%| F|  |TAMS 0x000000008b500000, 0x000000008b500000| Untracked 
| 182|0x000000008b600000, 0x000000008b700000, 0x000000008b700000|100%| S|CS|TAMS 0x000000008b600000, 0x000000008b600000| Complete 
| 183|0x000000008b700000, 0x000000008b800000, 0x000000008b800000|100%| S|CS|TAMS 0x000000008b700000, 0x000000008b700000| Complete 
| 184|0x000000008b800000, 0x000000008b900000, 0x000000008b900000|100%| S|CS|TAMS 0x000000008b800000, 0x000000008b800000| Complete 
| 185|0x000000008b900000, 0x000000008b900000, 0x000000008ba00000|  0%| F|  |TAMS 0x000000008b900000, 0x000000008b900000| Untracked 
| 186|0x000000008ba00000, 0x000000008ba00000, 0x000000008bb00000|  0%| F|  |TAMS 0x000000008ba00000, 0x000000008ba00000| Untracked 
| 187|0x000000008bb00000, 0x000000008bb00000, 0x000000008bc00000|  0%| F|  |TAMS 0x000000008bb00000, 0x000000008bb00000| Untracked 
| 188|0x000000008bc00000, 0x000000008bc00000, 0x000000008bd00000|  0%| F|  |TAMS 0x000000008bc00000, 0x000000008bc00000| Untracked 
| 189|0x000000008bd00000, 0x000000008bd00000, 0x000000008be00000|  0%| F|  |TAMS 0x000000008bd00000, 0x000000008bd00000| Untracked 
| 190|0x000000008be00000, 0x000000008be00000, 0x000000008bf00000|  0%| F|  |TAMS 0x000000008be00000, 0x000000008be00000| Untracked 
| 191|0x000000008bf00000, 0x000000008bf00000, 0x000000008c000000|  0%| F|  |TAMS 0x000000008bf00000, 0x000000008bf00000| Untracked 
| 192|0x000000008c000000, 0x000000008c000000, 0x000000008c100000|  0%| F|  |TAMS 0x000000008c000000, 0x000000008c000000| Untracked 
| 193|0x000000008c100000, 0x000000008c100000, 0x000000008c200000|  0%| F|  |TAMS 0x000000008c100000, 0x000000008c100000| Untracked 
| 194|0x000000008c200000, 0x000000008c200000, 0x000000008c300000|  0%| F|  |TAMS 0x000000008c200000, 0x000000008c200000| Untracked 
| 195|0x000000008c300000, 0x000000008c300000, 0x000000008c400000|  0%| F|  |TAMS 0x000000008c300000, 0x000000008c300000| Untracked 
| 196|0x000000008c400000, 0x000000008c400000, 0x000000008c500000|  0%| F|  |TAMS 0x000000008c400000, 0x000000008c400000| Untracked 
| 197|0x000000008c500000, 0x000000008c500000, 0x000000008c600000|  0%| F|  |TAMS 0x000000008c500000, 0x000000008c500000| Untracked 
| 198|0x000000008c600000, 0x000000008c600000, 0x000000008c700000|  0%| F|  |TAMS 0x000000008c600000, 0x000000008c600000| Untracked 
| 199|0x000000008c700000, 0x000000008c700000, 0x000000008c800000|  0%| F|  |TAMS 0x000000008c700000, 0x000000008c700000| Untracked 
| 200|0x000000008c800000, 0x000000008c800000, 0x000000008c900000|  0%| F|  |TAMS 0x000000008c800000, 0x000000008c800000| Untracked 
| 201|0x000000008c900000, 0x000000008c900000, 0x000000008ca00000|  0%| F|  |TAMS 0x000000008c900000, 0x000000008c900000| Untracked 
| 202|0x000000008ca00000, 0x000000008ca00000, 0x000000008cb00000|  0%| F|  |TAMS 0x000000008ca00000, 0x000000008ca00000| Untracked 
| 203|0x000000008cb00000, 0x000000008cb00000, 0x000000008cc00000|  0%| F|  |TAMS 0x000000008cb00000, 0x000000008cb00000| Untracked 
| 204|0x000000008cc00000, 0x000000008cc00000, 0x000000008cd00000|  0%| F|  |TAMS 0x000000008cc00000, 0x000000008cc00000| Untracked 
| 205|0x000000008cd00000, 0x000000008cd00000, 0x000000008ce00000|  0%| F|  |TAMS 0x000000008cd00000, 0x000000008cd00000| Untracked 
| 206|0x000000008ce00000, 0x000000008ce00000, 0x000000008cf00000|  0%| F|  |TAMS 0x000000008ce00000, 0x000000008ce00000| Untracked 
| 207|0x000000008cf00000, 0x000000008cf00000, 0x000000008d000000|  0%| F|  |TAMS 0x000000008cf00000, 0x000000008cf00000| Untracked 
| 208|0x000000008d000000, 0x000000008d000000, 0x000000008d100000|  0%| F|  |TAMS 0x000000008d000000, 0x000000008d000000| Untracked 
| 209|0x000000008d100000, 0x000000008d100000, 0x000000008d200000|  0%| F|  |TAMS 0x000000008d100000, 0x000000008d100000| Untracked 
| 210|0x000000008d200000, 0x000000008d200000, 0x000000008d300000|  0%| F|  |TAMS 0x000000008d200000, 0x000000008d200000| Untracked 
| 211|0x000000008d300000, 0x000000008d300000, 0x000000008d400000|  0%| F|  |TAMS 0x000000008d300000, 0x000000008d300000| Untracked 
| 212|0x000000008d400000, 0x000000008d400000, 0x000000008d500000|  0%| F|  |TAMS 0x000000008d400000, 0x000000008d400000| Untracked 
| 213|0x000000008d500000, 0x000000008d500000, 0x000000008d600000|  0%| F|  |TAMS 0x000000008d500000, 0x000000008d500000| Untracked 
| 214|0x000000008d600000, 0x000000008d600000, 0x000000008d700000|  0%| F|  |TAMS 0x000000008d600000, 0x000000008d600000| Untracked 
| 215|0x000000008d700000, 0x000000008d700000, 0x000000008d800000|  0%| F|  |TAMS 0x000000008d700000, 0x000000008d700000| Untracked 
| 216|0x000000008d800000, 0x000000008d800000, 0x000000008d900000|  0%| F|  |TAMS 0x000000008d800000, 0x000000008d800000| Untracked 

Card table byte_map: [0x000001687cb60000,0x000001687cf60000] _byte_map_base: 0x000001687c760000

Marking Bits (Prev, Next): (CMBitMap*) 0x0000016862dd6fb0, (CMBitMap*) 0x0000016862dd6f78
 Prev Bits: [0x0000016800000000, 0x0000016802000000)
 Next Bits: [0x000001687d360000, 0x000001687f360000)

Polling page: 0x0000016862e70000

Metaspace:

Usage:
  Non-class:     96.73 MB capacity,    93.70 MB ( 97%) used,     2.69 MB (  3%) free+waste,   342.31 KB ( <1%) overhead. 
      Class:     16.01 MB capacity,    14.17 MB ( 89%) used,     1.68 MB ( 10%) free+waste,   163.00 KB ( <1%) overhead. 
       Both:    112.74 MB capacity,   107.87 MB ( 96%) used,     4.37 MB (  4%) free+waste,   505.31 KB ( <1%) overhead. 

Virtual space:
  Non-class space:       98.00 MB reserved,      96.76 MB ( 99%) committed 
      Class space:      504.00 MB reserved,      16.07 MB (  3%) committed 
             Both:      602.00 MB reserved,     112.83 MB ( 19%) committed 

Chunk freelists:
   Non-Class:  33.00 KB
       Class:  0 bytes
        Both:  33.00 KB

MaxMetaspaceSize: 512.00 MB
CompressedClassSpaceSize: 504.00 MB
Initial GC threshold: 20.80 MB
Current GC threshold: 182.43 MB
CDS: off

CodeHeap 'non-profiled nmethods': size=120000Kb used=7060Kb max_used=7060Kb free=112940Kb
 bounds [0x00000168747d0000, 0x0000016874ec0000, 0x000001687bd00000]
CodeHeap 'profiled nmethods': size=120000Kb used=26572Kb max_used=26572Kb free=93427Kb
 bounds [0x000001686d2a0000, 0x000001686eca0000, 0x00000168747d0000]
CodeHeap 'non-nmethods': size=5760Kb used=2408Kb max_used=2454Kb free=3351Kb
 bounds [0x000001686cd00000, 0x000001686cf80000, 0x000001686d2a0000]
 total_blobs=13486 nmethods=12559 adapters=838
 compilation: enabled
              stopped_count=0, restarted_count=0
 full_count=0

Compilation events (20 events):
Event: 33.043 Thread 0x0000016804852800 12742       2       com.google.common.collect.RegularImmutableSet::iterator (5 bytes)
Event: 33.043 Thread 0x0000016804852800 nmethod 12742 0x000001686ec90910 code [0x000001686ec90ac0, 0x000001686ec90be8]
Event: 33.043 Thread 0x0000016804852800 12744       2       org.gradle.api.internal.file.collections.DirectoryFileTree::<init> (9 bytes)
Event: 33.043 Thread 0x0000016804852800 nmethod 12744 0x000001686ec90d10 code [0x000001686ec90ec0, 0x000001686ec910d8]
Event: 33.043 Thread 0x0000016804852800 12743       2       com.google.common.collect.RegularImmutableSet::iterator (8 bytes)
Event: 33.043 Thread 0x0000016804852800 nmethod 12743 0x000001686ec91190 code [0x000001686ec91340, 0x000001686ec91468]
Event: 33.043 Thread 0x0000016804852800 12745       2       org.gradle.api.internal.file.collections.DefaultDirectoryFileTreeFactory::create (14 bytes)
Event: 33.043 Thread 0x0000016804852800 nmethod 12745 0x000001686ec91590 code [0x000001686ec91740, 0x000001686ec919b8]
Event: 33.043 Thread 0x0000016804844000 nmethod 12733 0x0000016874eb4510 code [0x0000016874eb46c0, 0x0000016874eb4858]
Event: 33.043 Thread 0x0000016804844000 12739       4       java.util.TreeMap$KeyIterator::next (8 bytes)
Event: 33.044 Thread 0x0000016804852800 12746       2       com.android.build.gradle.internal.lint.SourceProviderInput_Decorated::getManifestFilePath (36 bytes)
Event: 33.044 Thread 0x0000016804852800 nmethod 12746 0x000001686ec91a90 code [0x000001686ec91c80, 0x000001686ec92098]
Event: 33.044 Thread 0x0000016804852800 12747       2       com.android.build.gradle.internal.lint.SourceProviderInput_Decorated::getJavaDirectoryPaths (36 bytes)
Event: 33.044 Thread 0x0000016804852800 nmethod 12747 0x000001686ec92210 code [0x000001686ec92400, 0x000001686ec92818]
Event: 33.044 Thread 0x0000016804852800 12748       2       org.gradle.api.internal.tasks.DefaultTaskOutputs$$Lambda$872/0x0000000100800840::run (16 bytes)
Event: 33.044 Thread 0x0000016804852800 nmethod 12748 0x000001686ec92990 code [0x000001686ec92b60, 0x000001686ec92da8]
Event: 33.044 Thread 0x0000016804852800 12749       2       org.gradle.api.internal.tasks.DefaultTaskOutputs::lambda$cacheIf$2 (20 bytes)
Event: 33.044 Thread 0x0000016804852800 nmethod 12749 0x000001686ec92e90 code [0x000001686ec93060, 0x000001686ec93288]
Event: 33.047 Thread 0x0000016804844000 nmethod 12739 0x0000016874eb4a10 code [0x0000016874eb4ba0, 0x0000016874eb4e78]
Event: 33.047 Thread 0x0000016804844000 12282       4       org.gradle.internal.instantiation.generator.AbstractClassGenerator::assertNotAbstract (61 bytes)

GC Heap History (20 events):
Event: 31.270 GC heap after
{Heap after GC invocations=42 (full 0):
 garbage-first heap   total 152576K, used 127416K [0x0000000080000000, 0x0000000100000000)
  region size 1024K, 2 young (2048K), 2 survivors (2048K)
 Metaspace       used 100134K, capacity 104475K, committed 104788K, reserved 606208K
  class space    used 13155K, capacity 14818K, committed 14924K, reserved 516096K
}
Event: 31.303 GC heap before
{Heap before GC invocations=43 (full 0):
 garbage-first heap   total 152576K, used 132536K [0x0000000080000000, 0x0000000100000000)
  region size 1024K, 7 young (7168K), 2 survivors (2048K)
 Metaspace       used 100452K, capacity 104819K, committed 105044K, reserved 608256K
  class space    used 13207K, capacity 14890K, committed 14924K, reserved 516096K
}
Event: 31.305 GC heap after
{Heap after GC invocations=44 (full 0):
 garbage-first heap   total 152576K, used 127757K [0x0000000080000000, 0x0000000100000000)
  region size 1024K, 1 young (1024K), 1 survivors (1024K)
 Metaspace       used 100452K, capacity 104819K, committed 105044K, reserved 608256K
  class space    used 13207K, capacity 14890K, committed 14924K, reserved 516096K
}
Event: 31.342 GC heap before
{Heap before GC invocations=44 (full 0):
 garbage-first heap   total 152576K, used 132877K [0x0000000080000000, 0x0000000100000000)
  region size 1024K, 7 young (7168K), 1 survivors (1024K)
 Metaspace       used 100891K, capacity 105243K, committed 105428K, reserved 608256K
  class space    used 13258K, capacity 14923K, committed 15052K, reserved 516096K
}
Event: 31.345 GC heap after
{Heap after GC invocations=45 (full 0):
 garbage-first heap   total 183296K, used 127980K [0x0000000080000000, 0x0000000100000000)
  region size 1024K, 1 young (1024K), 1 survivors (1024K)
 Metaspace       used 100891K, capacity 105243K, committed 105428K, reserved 608256K
  class space    used 13258K, capacity 14923K, committed 15052K, reserved 516096K
}
Event: 31.462 GC heap before
{Heap before GC invocations=45 (full 0):
 garbage-first heap   total 183296K, used 144364K [0x0000000080000000, 0x0000000100000000)
  region size 1024K, 17 young (17408K), 1 survivors (1024K)
 Metaspace       used 101700K, capacity 106095K, committed 106324K, reserved 608256K
  class space    used 13356K, capacity 15058K, committed 15180K, reserved 516096K
}
Event: 31.465 GC heap after
{Heap after GC invocations=46 (full 0):
 garbage-first heap   total 183296K, used 128823K [0x0000000080000000, 0x0000000100000000)
  region size 1024K, 2 young (2048K), 2 survivors (2048K)
 Metaspace       used 101700K, capacity 106095K, committed 106324K, reserved 608256K
  class space    used 13356K, capacity 15058K, committed 15180K, reserved 516096K
}
Event: 31.655 GC heap before
{Heap before GC invocations=47 (full 0):
 garbage-first heap   total 183296K, used 145207K [0x0000000080000000, 0x0000000100000000)
  region size 1024K, 19 young (19456K), 2 survivors (2048K)
 Metaspace       used 102262K, capacity 106870K, committed 107092K, reserved 608256K
  class space    used 13428K, capacity 15165K, committed 15180K, reserved 516096K
}
Event: 31.658 GC heap after
{Heap after GC invocations=48 (full 0):
 garbage-first heap   total 183296K, used 130729K [0x0000000080000000, 0x0000000100000000)
  region size 1024K, 3 young (3072K), 3 survivors (3072K)
 Metaspace       used 102262K, capacity 106870K, committed 107092K, reserved 608256K
  class space    used 13428K, capacity 15165K, committed 15180K, reserved 516096K
}
Event: 31.676 GC heap before
{Heap before GC invocations=48 (full 0):
 garbage-first heap   total 183296K, used 130729K [0x0000000080000000, 0x0000000100000000)
  region size 1024K, 4 young (4096K), 3 survivors (3072K)
 Metaspace       used 102262K, capacity 106870K, committed 107092K, reserved 608256K
  class space    used 13428K, capacity 15165K, committed 15180K, reserved 516096K
}
Event: 31.681 GC heap after
{Heap after GC invocations=49 (full 0):
 garbage-first heap   total 183296K, used 131665K [0x0000000080000000, 0x0000000100000000)
  region size 1024K, 1 young (1024K), 1 survivors (1024K)
 Metaspace       used 102262K, capacity 106870K, committed 107092K, reserved 608256K
  class space    used 13428K, capacity 15165K, committed 15180K, reserved 516096K
}
Event: 31.836 GC heap before
{Heap before GC invocations=49 (full 0):
 garbage-first heap   total 183296K, used 149073K [0x0000000080000000, 0x0000000100000000)
  region size 1024K, 15 young (15360K), 1 survivors (1024K)
 Metaspace       used 103110K, capacity 107790K, committed 108116K, reserved 610304K
  class space    used 13536K, capacity 15301K, committed 15436K, reserved 516096K
}
Event: 31.839 GC heap after
{Heap after GC invocations=50 (full 0):
 garbage-first heap   total 222208K, used 136192K [0x0000000080000000, 0x0000000100000000)
  region size 1024K, 2 young (2048K), 2 survivors (2048K)
 Metaspace       used 103110K, capacity 107790K, committed 108116K, reserved 610304K
  class space    used 13536K, capacity 15301K, committed 15436K, reserved 516096K
}
Event: 32.108 GC heap before
{Heap before GC invocations=51 (full 0):
 garbage-first heap   total 222208K, used 163840K [0x0000000080000000, 0x0000000100000000)
  region size 1024K, 29 young (29696K), 2 survivors (2048K)
 Metaspace       used 104054K, capacity 108915K, committed 109012K, reserved 610304K
  class space    used 13674K, capacity 15514K, committed 15564K, reserved 516096K
}
Event: 32.113 GC heap after
{Heap after GC invocations=52 (full 0):
 garbage-first heap   total 222208K, used 140748K [0x0000000080000000, 0x0000000100000000)
  region size 1024K, 4 young (4096K), 4 survivors (4096K)
 Metaspace       used 104054K, capacity 108915K, committed 109012K, reserved 610304K
  class space    used 13674K, capacity 15514K, committed 15564K, reserved 516096K
}
Event: 32.379 GC heap before
{Heap before GC invocations=52 (full 0):
 garbage-first heap   total 222208K, used 168396K [0x0000000080000000, 0x0000000100000000)
  region size 1024K, 31 young (31744K), 4 survivors (4096K)
 Metaspace       used 106359K, capacity 111227K, committed 111444K, reserved 612352K
  class space    used 14016K, capacity 15853K, committed 15948K, reserved 516096K
}
Event: 32.385 GC heap after
{Heap after GC invocations=53 (full 0):
 garbage-first heap   total 222208K, used 142718K [0x0000000080000000, 0x0000000100000000)
  region size 1024K, 4 young (4096K), 4 survivors (4096K)
 Metaspace       used 106359K, capacity 111227K, committed 111444K, reserved 612352K
  class space    used 14016K, capacity 15853K, committed 15948K, reserved 516096K
}
Event: 32.753 GC heap before
{Heap before GC invocations=54 (full 0):
 garbage-first heap   total 222208K, used 171390K [0x0000000080000000, 0x0000000100000000)
  region size 1024K, 32 young (32768K), 4 survivors (4096K)
 Metaspace       used 109536K, capacity 114418K, committed 114644K, reserved 616448K
  class space    used 14412K, capacity 16264K, committed 16332K, reserved 516096K
}
Event: 32.760 GC heap after
{Heap after GC invocations=55 (full 0):
 garbage-first heap   total 222208K, used 144990K [0x0000000080000000, 0x0000000100000000)
  region size 1024K, 4 young (4096K), 4 survivors (4096K)
 Metaspace       used 109536K, capacity 114418K, committed 114644K, reserved 616448K
  class space    used 14412K, capacity 16264K, committed 16332K, reserved 516096K
}
Event: 33.047 GC heap before
{Heap before GC invocations=55 (full 0):
 garbage-first heap   total 222208K, used 174686K [0x0000000080000000, 0x0000000100000000)
  region size 1024K, 33 young (33792K), 4 survivors (4096K)
 Metaspace       used 110459K, capacity 115443K, committed 115540K, reserved 616448K
  class space    used 14513K, capacity 16396K, committed 16460K, reserved 516096K
}

Deoptimization events (20 events):
Event: 32.623 Thread 0x00000168066e7800 Uncommon trap: trap_request=0xffffff4d fr.pc=0x0000016874da5744 relative=0x00000000000000a4
Event: 32.623 Thread 0x00000168066e7800 Uncommon trap: reason=unstable_if action=reinterpret pc=0x0000016874da5744 method=java.lang.CharacterDataLatin1.digit(II)I @ 12 c2
Event: 32.623 Thread 0x00000168066e7800 DEOPT PACKING pc=0x0000016874da5744 sp=0x00000014d52f9320
Event: 32.623 Thread 0x00000168066e7800 DEOPT UNPACKING pc=0x000001686cd085af sp=0x00000014d52f9298 mode 2
Event: 32.639 Thread 0x00000168066e7800 DEOPT PACKING pc=0x000001686e54a669 sp=0x00000014d52f8e90
Event: 32.639 Thread 0x00000168066e7800 DEOPT UNPACKING pc=0x000001686cd49d0e sp=0x00000014d52f8338 mode 0
Event: 32.687 Thread 0x00000168066e7800 DEOPT PACKING pc=0x000001686e6e84bb sp=0x00000014d52f6850
Event: 32.687 Thread 0x00000168066e7800 DEOPT UNPACKING pc=0x000001686cd49d0e sp=0x00000014d52f5d90 mode 0
Event: 32.733 Thread 0x00000168066e7800 DEOPT PACKING pc=0x000001686e6fb2fe sp=0x00000014d52f6200
Event: 32.733 Thread 0x00000168066e7800 DEOPT UNPACKING pc=0x000001686cd49d0e sp=0x00000014d52f5718 mode 0
Event: 32.760 Thread 0x000001687fe4a000 Uncommon trap: trap_request=0xffffff4d fr.pc=0x0000016874de9a50 relative=0x0000000000000090
Event: 32.761 Thread 0x000001687fe4a000 Uncommon trap: reason=unstable_if action=reinterpret pc=0x0000016874de9a50 method=java.lang.ThreadLocal.remove()V @ 9 c2
Event: 32.761 Thread 0x000001687fe4a000 DEOPT PACKING pc=0x0000016874de9a50 sp=0x00000014d42ff220
Event: 32.761 Thread 0x000001687fe4a000 DEOPT UNPACKING pc=0x000001686cd085af sp=0x00000014d42ff1b8 mode 2
Event: 32.778 Thread 0x00000168066e7800 DEOPT PACKING pc=0x000001686dd7fd27 sp=0x00000014d52f5fa0
Event: 32.778 Thread 0x00000168066e7800 DEOPT UNPACKING pc=0x000001686cd49d0e sp=0x00000014d52f5430 mode 0
Event: 32.986 Thread 0x00000168066e7800 DEOPT PACKING pc=0x000001686eb6cf47 sp=0x00000014d52f6a80
Event: 32.986 Thread 0x00000168066e7800 DEOPT UNPACKING pc=0x000001686cd49d0e sp=0x00000014d52f5f28 mode 0
Event: 32.987 Thread 0x00000168066e7800 DEOPT PACKING pc=0x000001686ec057b2 sp=0x00000014d52f6930
Event: 32.987 Thread 0x00000168066e7800 DEOPT UNPACKING pc=0x000001686cd49d0e sp=0x00000014d52f5de8 mode 0

Classes redefined (0 events):
No events

Internal exceptions (20 events):
Event: 32.027 Thread 0x00000168066e7800 Exception <a 'java/lang/ClassNotFoundException'{0x000000008c5a5070}: build_86djgfj0fwtc82ofrg2486y3g$_run_closure1BeanInfo> (0x000000008c5a5070) thrown at [./src/hotspot/share/classfile/systemDictionary.cpp, line 230]
Event: 32.027 Thread 0x00000168066e7800 Exception <a 'java/lang/ClassNotFoundException'{0x000000008c5b4fa8}: build_86djgfj0fwtc82ofrg2486y3g$_run_closure1Customizer> (0x000000008c5b4fa8) thrown at [./src/hotspot/share/classfile/systemDictionary.cpp, line 230]
Event: 32.050 Thread 0x00000168066e7800 Exception <a 'java/lang/NoClassDefFoundError'{0x000000008c215ee8}: org/jetbrains/kotlin/gradle/plugin/KotlinBasePluginWrapper> (0x000000008c215ee8) thrown at [./src/hotspot/share/oops/constantPool.cpp, line 775]
Event: 32.063 Thread 0x00000168066e7800 Exception <a 'java/lang/ClassNotFoundException'{0x000000008c2f2058}: build_bzkwwlqz8xnrdw4uu13ft0n4hBeanInfo> (0x000000008c2f2058) thrown at [./src/hotspot/share/classfile/systemDictionary.cpp, line 230]
Event: 32.063 Thread 0x00000168066e7800 Exception <a 'java/lang/ClassNotFoundException'{0x000000008c2fe0b8}: build_bzkwwlqz8xnrdw4uu13ft0n4hCustomizer> (0x000000008c2fe0b8) thrown at [./src/hotspot/share/classfile/systemDictionary.cpp, line 230]
Event: 32.075 Thread 0x00000168066e7800 Exception <a 'java/lang/ClassNotFoundException'{0x000000008c1daf50}: build_bzkwwlqz8xnrdw4uu13ft0n4hBeanInfo> (0x000000008c1daf50) thrown at [./src/hotspot/share/classfile/systemDictionary.cpp, line 230]
Event: 32.075 Thread 0x00000168066e7800 Exception <a 'java/lang/ClassNotFoundException'{0x000000008c1e6f50}: build_bzkwwlqz8xnrdw4uu13ft0n4hCustomizer> (0x000000008c1e6f50) thrown at [./src/hotspot/share/classfile/systemDictionary.cpp, line 230]
Event: 32.086 Thread 0x00000168066e7800 Exception <a 'java/lang/ClassNotFoundException'{0x000000008bf06598}: build_bzkwwlqz8xnrdw4uu13ft0n4h$_run_closure1BeanInfo> (0x000000008bf06598) thrown at [./src/hotspot/share/classfile/systemDictionary.cpp, line 230]
Event: 32.086 Thread 0x00000168066e7800 Exception <a 'java/lang/ClassNotFoundException'{0x000000008bf164d0}: build_bzkwwlqz8xnrdw4uu13ft0n4h$_run_closure1Customizer> (0x000000008bf164d0) thrown at [./src/hotspot/share/classfile/systemDictionary.cpp, line 230]
Event: 32.118 Thread 0x00000168066e7800 Exception <a 'java/lang/NoClassDefFoundError'{0x000000008d851130}: org/jetbrains/kotlin/gradle/plugin/KotlinBasePluginWrapper> (0x000000008d851130) thrown at [./src/hotspot/share/oops/constantPool.cpp, line 775]
Event: 32.121 Thread 0x00000168066e7800 Implicit null exception at 0x0000016874de0419 to 0x0000016874de0ae8
Event: 32.121 Thread 0x00000168066e7800 Implicit null exception at 0x0000016874d561db to 0x0000016874d56270
Event: 32.268 Thread 0x00000168066e7800 Exception <a 'sun/nio/fs/WindowsException'{0x000000008ca1e440}> (0x000000008ca1e440) thrown at [./src/hotspot/share/prims/jni.cpp, line 617]
Event: 32.268 Thread 0x00000168066e7800 Exception <a 'sun/nio/fs/WindowsException'{0x000000008ca1e930}> (0x000000008ca1e930) thrown at [./src/hotspot/share/prims/jni.cpp, line 617]
Event: 32.353 Thread 0x00000168066e7800 Exception <a 'java/lang/NullPointerException'{0x000000008c01e2e8}> (0x000000008c01e2e8) thrown at [./src/hotspot/share/interpreter/linkResolver.cpp, line 1440]
Event: 32.567 Thread 0x00000168066e7800 Exception <a 'java/lang/NoSuchMethodError'{0x000000008cb7c390}: 'int java.lang.invoke.DirectMethodHandle$Holder.invokeStatic(java.lang.Object, java.lang.Object, int, java.lang.Object)'> (0x000000008cb7c390) thrown at [./src/hotspot/share/interpreter/linkResolver.cpp, line 773]
Event: 32.629 Thread 0x00000168066e7800 Exception <a 'sun/nio/fs/WindowsException'{0x000000008ca9a1f0}> (0x000000008ca9a1f0) thrown at [./src/hotspot/share/prims/jni.cpp, line 617]
Event: 32.630 Thread 0x00000168066e7800 Exception <a 'sun/nio/fs/WindowsException'{0x000000008ca9b580}> (0x000000008ca9b580) thrown at [./src/hotspot/share/prims/jni.cpp, line 617]
Event: 32.630 Thread 0x00000168066e7800 Exception <a 'sun/nio/fs/WindowsException'{0x000000008ca9c948}> (0x000000008ca9c948) thrown at [./src/hotspot/share/prims/jni.cpp, line 617]
Event: 32.630 Thread 0x00000168066e7800 Exception <a 'sun/nio/fs/WindowsException'{0x000000008ca9dd10}> (0x000000008ca9dd10) thrown at [./src/hotspot/share/prims/jni.cpp, line 617]

Events (20 events):
Event: 32.827 loading class kotlin/jvm/internal/PropertyReference0Impl done
Event: 32.827 loading class com/android/build/gradle/tasks/ProcessLibraryManifest$CreationAction$configure$4
Event: 32.827 loading class com/android/build/gradle/tasks/ProcessLibraryManifest$CreationAction$configure$4 done
Event: 32.827 loading class com/android/build/gradle/tasks/ProcessLibraryManifest$sam$java_util_concurrent_Callable$0
Event: 32.827 loading class com/android/build/gradle/tasks/ProcessLibraryManifest$sam$java_util_concurrent_Callable$0 done
Event: 32.831 loading class com/android/build/gradle/internal/core/VariantSources$renderscriptSourceList$1
Event: 32.831 loading class com/android/build/gradle/internal/core/VariantSources$renderscriptSourceList$1 done
Event: 32.835 loading class com/android/build/gradle/internal/tasks/factory/GlobalTaskCreationConfigImpl$platformAttrs$2$attributes$1
Event: 32.835 loading class com/android/build/gradle/internal/tasks/factory/GlobalTaskCreationConfigImpl$platformAttrs$2$attributes$1 done
Event: 32.836 loading class com/android/build/gradle/internal/tasks/factory/GlobalTaskCreationConfigImpl$platformAttrs$2$1
Event: 32.836 loading class com/android/build/gradle/internal/tasks/factory/GlobalTaskCreationConfigImpl$platformAttrs$2$1 done
Event: 32.840 loading class com/android/build/gradle/internal/tasks/AarMetadataTask$Companion
Event: 32.840 loading class com/android/build/gradle/internal/tasks/AarMetadataTask$Companion done
Event: 32.845 loading class com/android/build/gradle/internal/scope/InternalArtifactType$MICRO_APK_MANIFEST_FILE
Event: 32.845 loading class com/android/build/gradle/internal/scope/InternalArtifactType$MICRO_APK_MANIFEST_FILE done
Event: 32.854 loading class com/android/build/gradle/internal/tasks/ExportConsumerProguardFilesTask$Companion
Event: 32.854 loading class com/android/build/gradle/internal/tasks/ExportConsumerProguardFilesTask$Companion done
Event: 32.859 loading class com/android/build/gradle/internal/tasks/BundleLibraryJavaRes$CreationAction$computeResourcesForTaskInput$1
Event: 32.859 loading class com/android/build/gradle/internal/tasks/BundleLibraryJavaRes$CreationAction$computeResourcesForTaskInput$1 done
Event: 33.047 Executing VM operation: G1CollectForAllocation


Dynamic libraries:
0x00007ff676c60000 - 0x00007ff676c6d000 	C:\Program Files\OpenJDK\openjdk-11.0.16_8\bin\java.exe
0x00007ffb22660000 - 0x00007ffb22869000 	C:\WINDOWS\SYSTEM32\ntdll.dll
0x00007ffb210e0000 - 0x00007ffb2119e000 	C:\WINDOWS\System32\KERNEL32.DLL
0x00007ffb1fb30000 - 0x00007ffb1feab000 	C:\WINDOWS\System32\KERNELBASE.dll
0x00007ffb200c0000 - 0x00007ffb201d1000 	C:\WINDOWS\System32\ucrtbase.dll
0x00007ffb05020000 - 0x00007ffb05035000 	C:\Program Files\OpenJDK\openjdk-11.0.16_8\bin\VCRUNTIME140.dll
0x00007ffb05000000 - 0x00007ffb05017000 	C:\Program Files\OpenJDK\openjdk-11.0.16_8\bin\jli.dll
0x00007ffb209e0000 - 0x00007ffb20b8d000 	C:\WINDOWS\System32\USER32.dll
0x00007ffb07b80000 - 0x00007ffb07e25000 	C:\WINDOWS\WinSxS\amd64_microsoft.windows.common-controls_6595b64144ccf1df_6.0.22000.120_none_9d947278b86cc467\COMCTL32.dll
0x00007ffb20340000 - 0x00007ffb20366000 	C:\WINDOWS\System32\win32u.dll
0x00007ffb22180000 - 0x00007ffb221a9000 	C:\WINDOWS\System32\GDI32.dll
0x00007ffb21b90000 - 0x00007ffb21c33000 	C:\WINDOWS\System32\msvcrt.dll
0x00007ffb1ffa0000 - 0x00007ffb200b8000 	C:\WINDOWS\System32\gdi32full.dll
0x00007ffb202a0000 - 0x00007ffb2033d000 	C:\WINDOWS\System32\msvcp_win.dll
0x00007ffb21d70000 - 0x00007ffb21da2000 	C:\WINDOWS\System32\IMM32.DLL
0x00007ffab7e80000 - 0x00007ffab7f1b000 	C:\Program Files\OpenJDK\openjdk-11.0.16_8\bin\msvcp140.dll
0x00007ffaa8010000 - 0x00007ffaa8b1e000 	C:\Program Files\OpenJDK\openjdk-11.0.16_8\bin\server\jvm.dll
0x00007ffb204e0000 - 0x00007ffb2058e000 	C:\WINDOWS\System32\ADVAPI32.dll
0x00007ffb21040000 - 0x00007ffb210de000 	C:\WINDOWS\System32\sechost.dll
0x00007ffb21db0000 - 0x00007ffb21ed0000 	C:\WINDOWS\System32\RPCRT4.dll
0x00007ffb20750000 - 0x00007ffb20758000 	C:\WINDOWS\System32\PSAPI.DLL
0x00007ffb172e0000 - 0x00007ffb17313000 	C:\WINDOWS\SYSTEM32\WINMM.dll
0x00007ffb17e30000 - 0x00007ffb17e39000 	C:\WINDOWS\SYSTEM32\WSOCK32.dll
0x00007ffb1a410000 - 0x00007ffb1a41a000 	C:\WINDOWS\SYSTEM32\VERSION.dll
0x00007ffb20ba0000 - 0x00007ffb20c0f000 	C:\WINDOWS\System32\WS2_32.dll
0x00007ffb1eca0000 - 0x00007ffb1ecb8000 	C:\WINDOWS\SYSTEM32\kernel.appcore.dll
0x00007ffb174b0000 - 0x00007ffb174c0000 	C:\Program Files\OpenJDK\openjdk-11.0.16_8\bin\verify.dll
0x00007ffb1d040000 - 0x00007ffb1d261000 	C:\WINDOWS\SYSTEM32\DBGHELP.DLL
0x00007ffb112c0000 - 0x00007ffb112f1000 	C:\WINDOWS\SYSTEM32\dbgcore.DLL
0x00007ffb1ff20000 - 0x00007ffb1ff9f000 	C:\WINDOWS\System32\bcryptPrimitives.dll
0x00007ffae6d90000 - 0x00007ffae6db8000 	C:\Program Files\OpenJDK\openjdk-11.0.16_8\bin\java.dll
0x00007ffb0fae0000 - 0x00007ffb0faea000 	C:\Program Files\OpenJDK\openjdk-11.0.16_8\bin\jimage.dll
0x00007ffae2e40000 - 0x00007ffae2e58000 	C:\Program Files\OpenJDK\openjdk-11.0.16_8\bin\zip.dll
0x00007ffb213d0000 - 0x00007ffb21b88000 	C:\WINDOWS\System32\SHELL32.dll
0x00007ffb1dc30000 - 0x00007ffb1e495000 	C:\WINDOWS\SYSTEM32\windows.storage.dll
0x00007ffb20cc0000 - 0x00007ffb21038000 	C:\WINDOWS\System32\combase.dll
0x00007ffb1dac0000 - 0x00007ffb1dc26000 	C:\WINDOWS\SYSTEM32\wintypes.dll
0x00007ffb21ed0000 - 0x00007ffb21fba000 	C:\WINDOWS\System32\SHCORE.dll
0x00007ffb21230000 - 0x00007ffb2128d000 	C:\WINDOWS\System32\shlwapi.dll
0x00007ffb1fa60000 - 0x00007ffb1fa81000 	C:\WINDOWS\SYSTEM32\profapi.dll
0x00007ffaf34c0000 - 0x00007ffaf34d9000 	C:\Program Files\OpenJDK\openjdk-11.0.16_8\bin\net.dll
0x00007ffb18150000 - 0x00007ffb18264000 	C:\WINDOWS\SYSTEM32\WINHTTP.dll
0x00007ffb1f140000 - 0x00007ffb1f1a7000 	C:\WINDOWS\system32\mswsock.dll
0x00007ffae2db0000 - 0x00007ffae2dc3000 	C:\Program Files\OpenJDK\openjdk-11.0.16_8\bin\nio.dll
0x00007ffaabbd0000 - 0x00007ffaabbf7000 	C:\Users\ASUS\.gradle\native\e1d6ef7f7dcc3fd88c89a11ec53ec762bb8ba0a96d01ffa2cd45eb1d1d8dd5c5\windows-amd64\native-platform.dll
0x00007ffad1960000 - 0x00007ffad1aa4000 	C:\Users\ASUS\.gradle\native\0d407fdbe67a94daf76414ababcb853783967236a71b16ec16e742cd7a986fd3\windows-amd64\native-platform-file-events.dll
0x00007ffafc070000 - 0x00007ffafc079000 	C:\Program Files\OpenJDK\openjdk-11.0.16_8\bin\management.dll
0x00007ffafbbc0000 - 0x00007ffafbbcb000 	C:\Program Files\OpenJDK\openjdk-11.0.16_8\bin\management_ext.dll
0x00007ffb1f380000 - 0x00007ffb1f398000 	C:\WINDOWS\SYSTEM32\CRYPTSP.dll
0x00007ffb1ec00000 - 0x00007ffb1ec35000 	C:\WINDOWS\system32\rsaenh.dll
0x00007ffb1f230000 - 0x00007ffb1f259000 	C:\WINDOWS\SYSTEM32\USERENV.dll
0x00007ffb1f510000 - 0x00007ffb1f537000 	C:\WINDOWS\SYSTEM32\bcrypt.dll
0x00007ffb1f3a0000 - 0x00007ffb1f3ac000 	C:\WINDOWS\SYSTEM32\CRYPTBASE.dll
0x00007ffb1e7d0000 - 0x00007ffb1e7fd000 	C:\WINDOWS\SYSTEM32\IPHLPAPI.DLL
0x00007ffb21c40000 - 0x00007ffb21c49000 	C:\WINDOWS\System32\NSI.dll
0x00007ffb17710000 - 0x00007ffb17729000 	C:\WINDOWS\SYSTEM32\dhcpcsvc6.DLL
0x00007ffb17b80000 - 0x00007ffb17b9e000 	C:\WINDOWS\SYSTEM32\dhcpcsvc.DLL
0x00007ffb1e800000 - 0x00007ffb1e8e8000 	C:\WINDOWS\SYSTEM32\DNSAPI.dll

dbghelp: loaded successfully - version: 4.0.5 - missing functions: none
symbol engine: initialized successfully - sym options: 0x614 - pdb path: .;C:\Program Files\OpenJDK\openjdk-11.0.16_8\bin;C:\WINDOWS\SYSTEM32;C:\WINDOWS\WinSxS\amd64_microsoft.windows.common-controls_6595b64144ccf1df_6.0.22000.120_none_9d947278b86cc467;C:\Program Files\OpenJDK\openjdk-11.0.16_8\bin\server;C:\Users\ASUS\.gradle\native\e1d6ef7f7dcc3fd88c89a11ec53ec762bb8ba0a96d01ffa2cd45eb1d1d8dd5c5\windows-amd64;C:\Users\ASUS\.gradle\native\0d407fdbe67a94daf76414ababcb853783967236a71b16ec16e742cd7a986fd3\windows-amd64

VM Arguments:
jvm_args: -XX:MaxMetaspaceSize=512m --add-opens=java.base/java.util=ALL-UNNAMED --add-opens=java.base/java.lang=ALL-UNNAMED --add-opens=java.base/java.lang.invoke=ALL-UNNAMED --add-opens=java.base/java.util=ALL-UNNAMED --add-opens=java.prefs/java.util.prefs=ALL-UNNAMED --add-opens=java.prefs/java.util.prefs=ALL-UNNAMED --add-opens=java.base/java.nio.charset=ALL-UNNAMED --add-opens=java.base/java.net=ALL-UNNAMED --add-opens=java.base/java.util.concurrent.atomic=ALL-UNNAMED -Xmx2048m -Dfile.encoding=windows-1252 -Duser.country=US -Duser.language=en -Duser.variant 
java_command: org.gradle.launcher.daemon.bootstrap.GradleDaemon 7.5.1
java_class_path (initial): C:\Users\ASUS\.gradle\wrapper\dists\gradle-7.5.1-all\1ehga6e77gqps5uk2kc5kf1vc\gradle-7.5.1\lib\gradle-launcher-7.5.1.jar
Launcher Type: SUN_STANDARD

[Global flags]
     intx CICompilerCount                          = 4                                         {product} {ergonomic}
   size_t CompressedClassSpaceSize                 = 528482304                                 {product} {ergonomic}
     uint ConcGCThreads                            = 2                                         {product} {ergonomic}
     uint G1ConcRefinementThreads                  = 8                                         {product} {ergonomic}
   size_t G1HeapRegionSize                         = 1048576                                   {product} {ergonomic}
    uintx GCDrainStackTargetSize                   = 64                                        {product} {ergonomic}
   size_t InitialHeapSize                          = 130023424                                 {product} {ergonomic}
   size_t MarkStackSize                            = 4194304                                   {product} {ergonomic}
   size_t MaxHeapSize                              = 2147483648                                {product} {command line}
   size_t MaxMetaspaceSize                         = 536870912                                 {product} {command line}
   size_t MaxNewSize                               = 1287651328                                {product} {ergonomic}
   size_t MinHeapDeltaBytes                        = 1048576                                   {product} {ergonomic}
    uintx NonNMethodCodeHeapSize                   = 5836300                                {pd product} {ergonomic}
    uintx NonProfiledCodeHeapSize                  = 122910970                              {pd product} {ergonomic}
    uintx ProfiledCodeHeapSize                     = 122910970                              {pd product} {ergonomic}
    uintx ReservedCodeCacheSize                    = 251658240                              {pd product} {ergonomic}
     bool SegmentedCodeCache                       = true                                      {product} {ergonomic}
     bool UseCompressedClassPointers               = true                                 {lp64_product} {ergonomic}
     bool UseCompressedOops                        = true                                 {lp64_product} {ergonomic}
     bool UseG1GC                                  = true                                      {product} {ergonomic}
     bool UseLargePagesIndividualAllocation        = false                                  {pd product} {ergonomic}

Logging:
Log output configuration:
 #0: stdout all=warning uptime,level,tags
 #1: stderr all=off uptime,level,tags

Environment Variables:
JAVA_HOME=C:\Program Files\OpenJDK\openjdk-11.0.16_8
CLASSPATH=C:\Users\ASUS\Documents\React-Native\PBL_6_Mobile\android\\gradle\wrapper\gradle-wrapper.jar
PATH=C:\Users\ASUS\Documents\React-Native\PBL_6_Mobile\android\node_modules\.bin;C:\Users\ASUS\Documents\React-Native\PBL_6_Mobile\node_modules\.bin;C:\Users\ASUS\Documents\React-Native\node_modules\.bin;C:\Users\ASUS\Documents\node_modules\.bin;C:\Users\ASUS\node_modules\.bin;C:\Users\node_modules\.bin;C:\node_modules\.bin;C:\Program Files\nodejs;C:\Users\ASUS\Documents\React-Native\PBL_6_Mobile\node_modules\.bin;C:\Users\ASUS\Documents\React-Native\node_modules\.bin;C:\Users\ASUS\Documents\node_modules\.bin;C:\Users\ASUS\node_modules\.bin;C:\Users\node_modules\.bin;C:\node_modules\.bin;C:\Program Files\nodejs\node_modules\npm\node_modules\@npmcli\run-script\lib\node-gyp-bin;C:\Program Files (x86)\Common Files\Oracle\Java\javapath;C:\Program Files\Common Files\Oracle\Java\javapath;C:\Windows\system32;C:\Windows;C:\Windows\System32\Wbem;C:\Windows\System32\WindowsPowerShell\v1.0\;C:\Windows\System32\OpenSSH\;C:\Program Files (x86)\NVIDIA Corporation\PhysX\Common;C:\Program Files\dotnet\;C:\Program Files\Microsoft SQL Server\130\Tools\Binn\;C:\Program Files\Microsoft SQL Server\Client SDK\ODBC\170\Tools\Binn\;C:\Program Files (x86)\Microsoft SQL Server\150\Tools\Binn\;C:\Program Files\Microsoft SQL Server\150\Tools\Binn\;C:\Program Files\Microsoft SQL Server\150\DTS\Binn\;C:\Program Files (x86)\Microsoft SQL Server\150\DTS\Binn\;C:\Program Files (x86)\dotnet\;D:\Temp\bin;C:\Program Files\OpenJDK\openjdk-11.0.16_8\bin;C:\hadoop\hadoop-2.6.0;C:\hadoop\hadoop-2.6.0\bin;C:\hadoop\hadoop-2.6.0\sbin;C:\WINDOWS\system32;C:\WINDOWS;C:\WINDOWS\System32\Wbem;C:\WINDOWS\System32\WindowsPowerShell\v1.0\;C:\WINDOWS\System32\OpenSSH\;C:\Program Files\Git\cmd;C:\ProgramData\chocolatey\bin;C:\Program Files\nodejs\;C:\xampp\php;C:\composer;C:\Program Files (x86)\STMicroelectronics\STM32 ST-LINK Utility\ST-LINK Utility;C:\Users\ASUS\AppData\Local\Programs\Python\Python310\Scripts\;C:\Users\ASUS\AppData\Local\Programs\Python\Python310\;C:\Program Files\MySQL\MySQL Shell 8.0\bin\;C:\Users\
USERNAME=ASUS
LANG=en_US.UTF-8
OS=Windows_NT
PROCESSOR_IDENTIFIER=Intel64 Family 6 Model 140 Stepping 1, GenuineIntel
TMP=C:\Users\ASUS\AppData\Local\Temp
TEMP=C:\Users\ASUS\AppData\Local\Temp



---------------  S Y S T E M  ---------------

OS: Windows 11 , 64 bit Build 22000 (10.0.22000.1219)
OS uptime: 1 days 3:17 hours

CPU:total 8 (initial active 8) (4 cores per cpu, 2 threads per core) family 6 model 140 stepping 1 microcode 0x86, cmov, cx8, fxsr, mmx, sse, sse2, sse3, ssse3, sse4.1, sse4.2, popcnt, avx, avx2, aes, clmul, erms, 3dnowpref, lzcnt, ht, tsc, tscinvbit, bmi1, bmi2, adx, evex, sha, fma

Memory: 4k page, system-wide physical 7873M (279M free)
TotalPageFile size 13519M (AvailPageFile size 23M)
current process WorkingSet (physical memory assigned to process): 499M, peak: 500M
current process commit charge ("private bytes"): 559M, peak: 622M

vm_info: OpenJDK 64-Bit Server VM (11.0.16+8) for windows-amd64 JRE (11.0.16+8), built on Jul 17 2022 01:33:05 by "tester" with MS VC++ 15.9 (VS2017)

END.
